[0.018s] Invoking command in '/home/cl4y3r/VDS/build/autodriving': /usr/bin/cmake --build /home/cl4y3r/VDS/build/autodriving -- -j8 -l8
[0.066s] [35m[1mScanning dependencies of target main_msg[0m
[0.097s] [ 50%] [32mBuilding CXX object CMakeFiles/main_msg.dir/src/msg_subpub.cpp.o[0m
[1.762s] In file included from [01m[K/usr/include/boost/bind.hpp:22[m[K,
[1.762s]                  from [01m[K/home/cl4y3r/VDS/autodriving/src/msg_subpub.cpp:3[m[K:
[1.763s] /usr/include/boost/bind/bind.hpp: In instantiation of ‘[01m[Kstruct boost::_bi::result_traits<boost::_bi::unspecified, void (msgSubPub::*)(const std::shared_ptr<const sensor_msgs::msg::CompressedImage_<std::allocator<void> > >&, const std::shared_ptr<const sensor_msgs::msg::CompressedImage_<std::allocator<void> > >&, const std::shared_ptr<const lgsvl_msgs::msg::Detection3DArray_<std::allocator<void> > >&, const std::shared_ptr<const lgsvl_msgs::msg::SignalArray_<std::allocator<void> > >&, const std::shared_ptr<const lgsvl_msgs::msg::CanBusData_<std::allocator<void> > >&)>[m[K’:
[1.763s] [01m[K/usr/include/boost/bind/bind.hpp:1284:48:[m[K   required from ‘[01m[Kclass boost::_bi::bind_t<boost::_bi::unspecified, void (msgSubPub::*)(const std::shared_ptr<const sensor_msgs::msg::CompressedImage_<std::allocator<void> > >&, const std::shared_ptr<const sensor_msgs::msg::CompressedImage_<std::allocator<void> > >&, const std::shared_ptr<const lgsvl_msgs::msg::Detection3DArray_<std::allocator<void> > >&, const std::shared_ptr<const lgsvl_msgs::msg::SignalArray_<std::allocator<void> > >&, const std::shared_ptr<const lgsvl_msgs::msg::CanBusData_<std::allocator<void> > >&), boost::_bi::list5<boost::_bi::value<msgSubPub*>, boost::arg<1>, boost::arg<2>, boost::arg<3>, boost::arg<4> > >[m[K’
[1.763s] [01m[K/home/cl4y3r/VDS/autodriving/src/msg_subpub.cpp:75:95:[m[K   required from here
[1.763s] [01m[K/usr/include/boost/bind/bind.hpp:75:37:[m[K [01;31m[Kerror: [m[K‘[01m[Kvoid (msgSubPub::*)(const std::shared_ptr<const sensor_msgs::msg::CompressedImage_<std::allocator<void> > >&, const std::shared_ptr<const sensor_msgs::msg::CompressedImage_<std::allocator<void> > >&, const std::shared_ptr<const lgsvl_msgs::msg::Detection3DArray_<std::allocator<void> > >&, const std::shared_ptr<const lgsvl_msgs::msg::SignalArray_<std::allocator<void> > >&, const std::shared_ptr<const lgsvl_msgs::msg::CanBusData_<std::allocator<void> > >&)[m[K’ is not a class, struct, or union type
[1.763s]    75 |     typedef typename F::result_type [01;31m[Ktype[m[K;
[1.763s]       |                                     [01;31m[K^~~~[m[K
[1.963s] [01m[K/home/cl4y3r/VDS/autodriving/src/msg_subpub.cpp:90:6:[m[K [01;31m[Kerror: [m[Kno declaration matches ‘[01m[Kvoid msgSubPub::subscriber_callback(const ConstSharedPtr&, const ConstSharedPtr&, const ConstSharedPtr&, const ConstSharedPtr&, const ConstSharedPtr&)[m[K’
[1.963s]    90 | void [01;31m[KmsgSubPub[m[K::subscriber_callback(const sensor_msgs::msg::CompressedImage::ConstSharedPtr& image_msg, const sensor_msgs::msg::Imu::ConstSharedPtr& imu_msg,
[1.963s]       |      [01;31m[K^~~~~~~~~[m[K
[1.963s] [01m[K/home/cl4y3r/VDS/autodriving/src/msg_subpub.cpp:38:10:[m[K [01;36m[Knote: [m[Kcandidate is: ‘[01m[Kvoid msgSubPub::subscriber_callback(const ConstSharedPtr&, const ConstSharedPtr&, const ConstSharedPtr&, const ConstSharedPtr&, const ConstSharedPtr&)[m[K’
[1.964s]    38 |     void [01;36m[Ksubscriber_callback[m[K(const sensor_msgs::msg::CompressedImage::ConstSharedPtr& image_msg, const sensor_msgs::msg::CompressedImage::ConstSharedPtr& imu_msg,
[1.964s]       |          [01;36m[K^~~~~~~~~~~~~~~~~~~[m[K
[1.964s] [01m[K/home/cl4y3r/VDS/autodriving/src/msg_subpub.cpp:29:7:[m[K [01;36m[Knote: [m[K‘[01m[Kclass msgSubPub[m[K’ defined here
[1.964s]    29 | class [01;36m[KmsgSubPub[m[K : public rclcpp::Node
[1.964s]       |       [01;36m[K^~~~~~~~~[m[K
[1.964s] [01m[K/home/cl4y3r/VDS/autodriving/src/msg_subpub.cpp:[m[K In member function ‘[01m[Kvoid msgSubPub::publisher_callback()[m[K’:
[1.964s] [01m[K/home/cl4y3r/VDS/autodriving/src/msg_subpub.cpp:124:13:[m[K [01;31m[Kerror: [m[K‘[01m[Kstruct lgsvl_msgs::msg::VehicleControlData_<std::allocator<void> >[m[K’ has no member named ‘[01m[Ktarget_wheel_angle_rate[m[K’; did you mean ‘[01m[Ktarget_wheel_angular_rate[m[K’?
[1.964s]   124 |     control.[01;31m[Ktarget_wheel_angle_rate[m[K = 0.1; //车轮转角角速度
[1.964s]       |             [01;31m[K^~~~~~~~~~~~~~~~~~~~~~~[m[K
[1.964s]       |             [32m[Ktarget_wheel_angular_rate[m[K
[2.266s] In file included from [01m[K/opt/ros/foxy/include/message_filters/synchronizer.h:47[m[K,
[2.267s]                  from [01m[K/home/cl4y3r/VDS/autodriving/src/msg_subpub.cpp:6[m[K:
[2.267s] /opt/ros/foxy/include/message_filters/signal9.h: In instantiation of ‘[01m[Kmessage_filters::Connection message_filters::Signal9<M0, M1, M2, M3, M4, M5, M6, M7, M8>::addCallback(C&) [with C = const boost::_bi::bind_t<boost::_bi::unspecified, void (msgSubPub::*)(const std::shared_ptr<const sensor_msgs::msg::CompressedImage_<std::allocator<void> > >&, const std::shared_ptr<const sensor_msgs::msg::CompressedImage_<std::allocator<void> > >&, const std::shared_ptr<const lgsvl_msgs::msg::Detection3DArray_<std::allocator<void> > >&, const std::shared_ptr<const lgsvl_msgs::msg::SignalArray_<std::allocator<void> > >&, const std::shared_ptr<const lgsvl_msgs::msg::CanBusData_<std::allocator<void> > >&), boost::_bi::list5<boost::_bi::value<msgSubPub*>, boost::arg<1>, boost::arg<2>, boost::arg<3>, boost::arg<4> > >; M0 = sensor_msgs::msg::CompressedImage_<std::allocator<void> >; M1 = sensor_msgs::msg::Imu_<std::allocator<void> >; M2 = lgsvl_msgs::msg::Detection3DArray_<std::allocator<void> >; M3 = lgsvl_msgs::msg::SignalArray_<std::allocator<void> >; M4 = lgsvl_msgs::msg::CanBusData_<std::allocator<void> >; M5 = message_filters::NullType; M6 = message_filters::NullType; M7 = message_filters::NullType; M8 = message_filters::NullType][m[K’:
[2.268s] [01m[K/opt/ros/foxy/include/message_filters/synchronizer.h:298:40:[m[K   required from ‘[01m[Kmessage_filters::Connection message_filters::Synchronizer<Policy>::registerCallback(const C&) [with C = boost::_bi::bind_t<boost::_bi::unspecified, void (msgSubPub::*)(const std::shared_ptr<const sensor_msgs::msg::CompressedImage_<std::allocator<void> > >&, const std::shared_ptr<const sensor_msgs::msg::CompressedImage_<std::allocator<void> > >&, const std::shared_ptr<const lgsvl_msgs::msg::Detection3DArray_<std::allocator<void> > >&, const std::shared_ptr<const lgsvl_msgs::msg::SignalArray_<std::allocator<void> > >&, const std::shared_ptr<const lgsvl_msgs::msg::CanBusData_<std::allocator<void> > >&), boost::_bi::list5<boost::_bi::value<msgSubPub*>, boost::arg<1>, boost::arg<2>, boost::arg<3>, boost::arg<4> > >; Policy = message_filters::sync_policies::ApproximateTime<sensor_msgs::msg::CompressedImage_<std::allocator<void> >, sensor_msgs::msg::Imu_<std::allocator<void> >, lgsvl_msgs::msg::Detection3DArray_<std::allocator<void> >, lgsvl_msgs::msg::SignalArray_<std::allocator<void> >, lgsvl_msgs::msg::CanBusData_<std::allocator<void> > >][m[K’
[2.269s] [01m[K/home/cl4y3r/VDS/autodriving/src/msg_subpub.cpp:75:96:[m[K   required from here
[2.269s] [01m[K/opt/ros/foxy/include/message_filters/signal9.h:280:267:[m[K [01;31m[Kerror: [m[Kno matching function for call to ‘[01m[Kmessage_filters::Signal9<sensor_msgs::msg::CompressedImage_<std::allocator<void> >, sensor_msgs::msg::Imu_<std::allocator<void> >, lgsvl_msgs::msg::Detection3DArray_<std::allocator<void> >, lgsvl_msgs::msg::SignalArray_<std::allocator<void> >, lgsvl_msgs::msg::CanBusData_<std::allocator<void> >, message_filters::NullType, message_filters::NullType, message_filters::NullType, message_filters::NullType>::addCallback<const M0ConstPtr&, const M1ConstPtr&, const M2ConstPtr&, const M3ConstPtr&, const M4ConstPtr&, const M5ConstPtr&, const M6ConstPtr&, const M7ConstPtr&, const M8ConstPtr&>(std::_Bind_helper<false, const boost::_bi::bind_t<boost::_bi::unspecified, void (msgSubPub::*)(const std::shared_ptr<const sensor_msgs::msg::CompressedImage_<std::allocator<void> > >&, const std::shared_ptr<const sensor_msgs::msg::CompressedImage_<std::allocator<void> > >&, const std::shared_ptr<const lgsvl_msgs::msg::Detection3DArray_<std::allocator<void> > >&, const std::shared_ptr<const lgsvl_msgs::msg::SignalArray_<std::allocator<void> > >&, const std::shared_ptr<const lgsvl_msgs::msg::CanBusData_<std::allocator<void> > >&), boost::_bi::list5<boost::_bi::value<msgSubPub*>, boost::arg<1>, boost::arg<2>, boost::arg<3>, boost::arg<4> > >&, const std::_Placeholder<1>&, const std::_Placeholder<2>&, const std::_Placeholder<3>&, const std::_Placeholder<4>&, const std::_Placeholder<5>&, const std::_Placeholder<6>&, const std::_Placeholder<7>&, const std::_Placeholder<8>&, const std::_Placeholder<9>&>::type)[m[K’
[2.269s]   280 | ers::_4, std::placeholders::_5, std::placeholders::_6, std::placeholders::_7, std::placeholders::_8, std::placeholders::_9)[01;31m[K)[m[K;
[2.269s]       |                                                                                                                            [01;31m[K^[m[K
[2.269s] 
[2.269s] In file included from [01m[K/opt/ros/foxy/include/message_filters/synchronizer.h:47[m[K,
[2.270s]                  from [01m[K/home/cl4y3r/VDS/autodriving/src/msg_subpub.cpp:6[m[K:
[2.270s] [01m[K/opt/ros/foxy/include/message_filters/signal9.h:170:14:[m[K [01;36m[Knote: [m[Kcandidate: ‘[01m[Kmessage_filters::Connection message_filters::Signal9<M0, M1, M2, M3, M4, M5, M6, M7, M8>::addCallback(const std::function<void(P0, P1, P2, P3, P4, P5, P6, P7, P8)>&) [with P0 = const std::shared_ptr<const sensor_msgs::msg::CompressedImage_<std::allocator<void> > >&; P1 = const std::shared_ptr<const sensor_msgs::msg::Imu_<std::allocator<void> > >&; P2 = const std::shared_ptr<const lgsvl_msgs::msg::Detection3DArray_<std::allocator<void> > >&; P3 = const std::shared_ptr<const lgsvl_msgs::msg::SignalArray_<std::allocator<void> > >&; P4 = const std::shared_ptr<const lgsvl_msgs::msg::CanBusData_<std::allocator<void> > >&; P5 = const std::shared_ptr<const message_filters::NullType>&; P6 = const std::shared_ptr<const message_filters::NullType>&; P7 = const std::shared_ptr<const message_filters::NullType>&; P8 = const std::shared_ptr<const message_filters::NullType>&; M0 = sensor_msgs::msg::CompressedImage_<std::allocator<void> >; M1 = sensor_msgs::msg::Imu_<std::allocator<void> >; M2 = lgsvl_msgs::msg::Detection3DArray_<std::allocator<void> >; M3 = lgsvl_msgs::msg::SignalArray_<std::allocator<void> >; M4 = lgsvl_msgs::msg::CanBusData_<std::allocator<void> >; M5 = message_filters::NullType; M6 = message_filters::NullType; M7 = message_filters::NullType; M8 = message_filters::NullType][m[K’
[2.270s]   170 |   Connection [01;36m[KaddCallback[m[K(const std::function<void(P0, P1, P2, P3, P4, P5, P6, P7, P8)>& callback)
[2.270s]       |              [01;36m[K^~~~~~~~~~~[m[K
[2.270s] [01m[K/opt/ros/foxy/include/message_filters/signal9.h:170:89:[m[K [01;36m[Knote: [m[K  no known conversion for argument 1 from ‘[01m[Kstd::_Bind_helper<false, const boost::_bi::bind_t<boost::_bi::unspecified, void (msgSubPub::*)(const std::shared_ptr<const sensor_msgs::msg::CompressedImage_<std::allocator<void> > >&, const std::shared_ptr<const sensor_msgs::msg::CompressedImage_<std::allocator<void> > >&, const std::shared_ptr<const lgsvl_msgs::msg::Detection3DArray_<std::allocator<void> > >&, const std::shared_ptr<const lgsvl_msgs::msg::SignalArray_<std::allocator<void> > >&, const std::shared_ptr<const lgsvl_msgs::msg::CanBusData_<std::allocator<void> > >&), boost::_bi::list5<boost::_bi::value<msgSubPub*>, boost::arg<1>, boost::arg<2>, boost::arg<3>, boost::arg<4> > >&, const std::_Placeholder<1>&, const std::_Placeholder<2>&, const std::_Placeholder<3>&, const std::_Placeholder<4>&, const std::_Placeholder<5>&, const std::_Placeholder<6>&, const std::_Placeholder<7>&, const std::_Placeholder<8>&, const std::_Placeholder<9>&>::type[m[K’ {aka ‘[01m[Kstd::_Bind<boost::_bi::bind_t<boost::_bi::unspecified, void (msgSubPub::*)(const std::shared_ptr<const sensor_msgs::msg::CompressedImage_<std::allocator<void> > >&, const std::shared_ptr<const sensor_msgs::msg::CompressedImage_<std::allocator<void> > >&, const std::shared_ptr<const lgsvl_msgs::msg::Detection3DArray_<std::allocator<void> > >&, const std::shared_ptr<const lgsvl_msgs::msg::SignalArray_<std::allocator<void> > >&, const std::shared_ptr<const lgsvl_msgs::msg::CanBusData_<std::allocator<void> > >&), boost::_bi::list5<boost::_bi::value<msgSubPub*>, boost::arg<1>, boost::arg<2>, boost::arg<3>, boost::arg<4> > >(std::_Placeholder<1>, std::_Placeholder<2>, std::_Placeholder<3>, std::_Placeholder<4>, std::_Placeholder<5>, std::_Placeholder<6>, std::_Placeholder<7>, std::_Placeholder<8>, std::_Placeholder<9>)>[m[K’} to ‘[01m[Kconst std::function<void(const std::shared_ptr<const sensor_msgs::msg::CompressedImage_<std::allocator<void> > >&, const std::shared_ptr<const sensor_msgs::msg::Imu_<std::allocator<void> > >&, const std::shared_ptr<const lgsvl_msgs::msg::Detection3DArray_<std::allocator<void> > >&, const std::shared_ptr<const lgsvl_msgs::msg::SignalArray_<std::allocator<void> > >&, const std::shared_ptr<const lgsvl_msgs::msg::CanBusData_<std::allocator<void> > >&, const std::shared_ptr<const message_filters::NullType>&, const std::shared_ptr<const message_filters::NullType>&, const std::shared_ptr<const message_filters::NullType>&, const std::shared_ptr<const message_filters::NullType>&)>&[m[K’
[2.270s]   170 |   Connection addCallback([01;36m[Kconst std::function<void(P0, P1, P2, P3, P4, P5, P6, P7, P8)>& callback[m[K)
[2.270s]       |                          [01;36m[K~~~~~~~~~~~~~~~~~~~~~~~~~~~~~~~~~~~~~~~~~~~~~~~~~~~~~~~~~~~~~~~^~~~~~~~[m[K
[2.270s] [01m[K/opt/ros/foxy/include/message_filters/signal9.h:180:14:[m[K [01;36m[Knote: [m[Kcandidate: ‘[01m[Ktemplate<class P0, class P1> message_filters::Connection message_filters::Signal9<M0, M1, M2, M3, M4, M5, M6, M7, M8>::addCallback(void (*)(P0, P1)) [with P0 = P0; P1 = P1; M0 = sensor_msgs::msg::CompressedImage_<std::allocator<void> >; M1 = sensor_msgs::msg::Imu_<std::allocator<void> >; M2 = lgsvl_msgs::msg::Detection3DArray_<std::allocator<void> >; M3 = lgsvl_msgs::msg::SignalArray_<std::allocator<void> >; M4 = lgsvl_msgs::msg::CanBusData_<std::allocator<void> >; M5 = message_filters::NullType; M6 = message_filters::NullType; M7 = message_filters::NullType; M8 = message_filters::NullType][m[K’
[2.270s]   180 |   Connection [01;36m[KaddCallback[m[K(void(*callback)(P0, P1))
[2.270s]       |              [01;36m[K^~~~~~~~~~~[m[K
[2.270s] [01m[K/opt/ros/foxy/include/message_filters/signal9.h:180:14:[m[K [01;36m[Knote: [m[K  template argument deduction/substitution failed:
[2.271s] In file included from [01m[K/opt/ros/foxy/include/message_filters/synchronizer.h:47[m[K,
[2.271s]                  from [01m[K/home/cl4y3r/VDS/autodriving/src/msg_subpub.cpp:6[m[K:
[2.271s] [01m[K/opt/ros/foxy/include/message_filters/signal9.h:280:267:[m[K [01;31m[Kerror: [m[Kwrong number of template arguments (9, should be 2)
[2.271s]   280 | ers::_4, std::placeholders::_5, std::placeholders::_6, std::placeholders::_7, std::placeholders::_8, std::placeholders::_9)[01;31m[K)[m[K;
[2.271s]       |                                                                                                                            [01;31m[K^[m[K
[2.271s] 
[2.271s] In file included from [01m[K/opt/ros/foxy/include/message_filters/synchronizer.h:47[m[K,
[2.271s]                  from [01m[K/home/cl4y3r/VDS/autodriving/src/msg_subpub.cpp:6[m[K:
[2.271s] [01m[K/opt/ros/foxy/include/message_filters/signal9.h:186:14:[m[K [01;36m[Knote: [m[Kcandidate: ‘[01m[Ktemplate<class P0, class P1, class P2> message_filters::Connection message_filters::Signal9<M0, M1, M2, M3, M4, M5, M6, M7, M8>::addCallback(void (*)(P0, P1, P2)) [with P0 = P0; P1 = P1; P2 = P2; M0 = sensor_msgs::msg::CompressedImage_<std::allocator<void> >; M1 = sensor_msgs::msg::Imu_<std::allocator<void> >; M2 = lgsvl_msgs::msg::Detection3DArray_<std::allocator<void> >; M3 = lgsvl_msgs::msg::SignalArray_<std::allocator<void> >; M4 = lgsvl_msgs::msg::CanBusData_<std::allocator<void> >; M5 = message_filters::NullType; M6 = message_filters::NullType; M7 = message_filters::NullType; M8 = message_filters::NullType][m[K’
[2.271s]   186 |   Connection [01;36m[KaddCallback[m[K(void(*callback)(P0, P1, P2))
[2.271s]       |              [01;36m[K^~~~~~~~~~~[m[K
[2.272s] [01m[K/opt/ros/foxy/include/message_filters/signal9.h:186:14:[m[K [01;36m[Knote: [m[K  template argument deduction/substitution failed:
[2.272s] In file included from [01m[K/opt/ros/foxy/include/message_filters/synchronizer.h:47[m[K,
[2.272s]                  from [01m[K/home/cl4y3r/VDS/autodriving/src/msg_subpub.cpp:6[m[K:
[2.272s] [01m[K/opt/ros/foxy/include/message_filters/signal9.h:280:267:[m[K [01;31m[Kerror: [m[Kwrong number of template arguments (9, should be 3)
[2.272s]   280 | ers::_4, std::placeholders::_5, std::placeholders::_6, std::placeholders::_7, std::placeholders::_8, std::placeholders::_9)[01;31m[K)[m[K;
[2.272s]       |                                                                                                                            [01;31m[K^[m[K
[2.272s] 
[2.272s] In file included from [01m[K/opt/ros/foxy/include/message_filters/synchronizer.h:47[m[K,
[2.272s]                  from [01m[K/home/cl4y3r/VDS/autodriving/src/msg_subpub.cpp:6[m[K:
[2.273s] [01m[K/opt/ros/foxy/include/message_filters/signal9.h:192:14:[m[K [01;36m[Knote: [m[Kcandidate: ‘[01m[Ktemplate<class P0, class P1, class P2, class P3> message_filters::Connection message_filters::Signal9<M0, M1, M2, M3, M4, M5, M6, M7, M8>::addCallback(void (*)(P0, P1, P2, P3)) [with P0 = P0; P1 = P1; P2 = P2; P3 = P3; M0 = sensor_msgs::msg::CompressedImage_<std::allocator<void> >; M1 = sensor_msgs::msg::Imu_<std::allocator<void> >; M2 = lgsvl_msgs::msg::Detection3DArray_<std::allocator<void> >; M3 = lgsvl_msgs::msg::SignalArray_<std::allocator<void> >; M4 = lgsvl_msgs::msg::CanBusData_<std::allocator<void> >; M5 = message_filters::NullType; M6 = message_filters::NullType; M7 = message_filters::NullType; M8 = message_filters::NullType][m[K’
[2.273s]   192 |   Connection [01;36m[KaddCallback[m[K(void(*callback)(P0, P1, P2, P3))
[2.273s]       |              [01;36m[K^~~~~~~~~~~[m[K
[2.273s] [01m[K/opt/ros/foxy/include/message_filters/signal9.h:192:14:[m[K [01;36m[Knote: [m[K  template argument deduction/substitution failed:
[2.273s] In file included from [01m[K/opt/ros/foxy/include/message_filters/synchronizer.h:47[m[K,
[2.273s]                  from [01m[K/home/cl4y3r/VDS/autodriving/src/msg_subpub.cpp:6[m[K:
[2.273s] [01m[K/opt/ros/foxy/include/message_filters/signal9.h:280:267:[m[K [01;31m[Kerror: [m[Kwrong number of template arguments (9, should be 4)
[2.273s]   280 | ers::_4, std::placeholders::_5, std::placeholders::_6, std::placeholders::_7, std::placeholders::_8, std::placeholders::_9)[01;31m[K)[m[K;
[2.273s]       |                                                                                                                            [01;31m[K^[m[K
[2.273s] 
[2.273s] In file included from [01m[K/opt/ros/foxy/include/message_filters/synchronizer.h:47[m[K,
[2.273s]                  from [01m[K/home/cl4y3r/VDS/autodriving/src/msg_subpub.cpp:6[m[K:
[2.274s] [01m[K/opt/ros/foxy/include/message_filters/signal9.h:198:14:[m[K [01;36m[Knote: [m[Kcandidate: ‘[01m[Ktemplate<class P0, class P1, class P2, class P3, class P4> message_filters::Connection message_filters::Signal9<M0, M1, M2, M3, M4, M5, M6, M7, M8>::addCallback(void (*)(P0, P1, P2, P3, P4)) [with P0 = P0; P1 = P1; P2 = P2; P3 = P3; P4 = P4; M0 = sensor_msgs::msg::CompressedImage_<std::allocator<void> >; M1 = sensor_msgs::msg::Imu_<std::allocator<void> >; M2 = lgsvl_msgs::msg::Detection3DArray_<std::allocator<void> >; M3 = lgsvl_msgs::msg::SignalArray_<std::allocator<void> >; M4 = lgsvl_msgs::msg::CanBusData_<std::allocator<void> >; M5 = message_filters::NullType; M6 = message_filters::NullType; M7 = message_filters::NullType; M8 = message_filters::NullType][m[K’
[2.274s]   198 |   Connection [01;36m[KaddCallback[m[K(void(*callback)(P0, P1, P2, P3, P4))
[2.274s]       |              [01;36m[K^~~~~~~~~~~[m[K
[2.274s] [01m[K/opt/ros/foxy/include/message_filters/signal9.h:198:14:[m[K [01;36m[Knote: [m[K  template argument deduction/substitution failed:
[2.274s] In file included from [01m[K/opt/ros/foxy/include/message_filters/synchronizer.h:47[m[K,
[2.274s]                  from [01m[K/home/cl4y3r/VDS/autodriving/src/msg_subpub.cpp:6[m[K:
[2.274s] [01m[K/opt/ros/foxy/include/message_filters/signal9.h:280:267:[m[K [01;31m[Kerror: [m[Kwrong number of template arguments (9, should be 5)
[2.274s]   280 | ers::_4, std::placeholders::_5, std::placeholders::_6, std::placeholders::_7, std::placeholders::_8, std::placeholders::_9)[01;31m[K)[m[K;
[2.274s]       |                                                                                                                            [01;31m[K^[m[K
[2.274s] 
[2.274s] In file included from [01m[K/opt/ros/foxy/include/message_filters/synchronizer.h:47[m[K,
[2.274s]                  from [01m[K/home/cl4y3r/VDS/autodriving/src/msg_subpub.cpp:6[m[K:
[2.275s] [01m[K/opt/ros/foxy/include/message_filters/signal9.h:204:14:[m[K [01;36m[Knote: [m[Kcandidate: ‘[01m[Ktemplate<class P0, class P1, class P2, class P3, class P4, class P5> message_filters::Connection message_filters::Signal9<M0, M1, M2, M3, M4, M5, M6, M7, M8>::addCallback(void (*)(P0, P1, P2, P3, P4, P5)) [with P0 = P0; P1 = P1; P2 = P2; P3 = P3; P4 = P4; P5 = P5; M0 = sensor_msgs::msg::CompressedImage_<std::allocator<void> >; M1 = sensor_msgs::msg::Imu_<std::allocator<void> >; M2 = lgsvl_msgs::msg::Detection3DArray_<std::allocator<void> >; M3 = lgsvl_msgs::msg::SignalArray_<std::allocator<void> >; M4 = lgsvl_msgs::msg::CanBusData_<std::allocator<void> >; M5 = message_filters::NullType; M6 = message_filters::NullType; M7 = message_filters::NullType; M8 = message_filters::NullType][m[K’
[2.275s]   204 |   Connection [01;36m[KaddCallback[m[K(void(*callback)(P0, P1, P2, P3, P4, P5))
[2.275s]       |              [01;36m[K^~~~~~~~~~~[m[K
[2.275s] [01m[K/opt/ros/foxy/include/message_filters/signal9.h:204:14:[m[K [01;36m[Knote: [m[K  template argument deduction/substitution failed:
[2.275s] In file included from [01m[K/opt/ros/foxy/include/message_filters/synchronizer.h:47[m[K,
[2.275s]                  from [01m[K/home/cl4y3r/VDS/autodriving/src/msg_subpub.cpp:6[m[K:
[2.275s] [01m[K/opt/ros/foxy/include/message_filters/signal9.h:280:267:[m[K [01;31m[Kerror: [m[Kwrong number of template arguments (9, should be 6)
[2.275s]   280 | ers::_4, std::placeholders::_5, std::placeholders::_6, std::placeholders::_7, std::placeholders::_8, std::placeholders::_9)[01;31m[K)[m[K;
[2.275s]       |                                                                                                                            [01;31m[K^[m[K
[2.275s] 
[2.276s] In file included from [01m[K/opt/ros/foxy/include/message_filters/synchronizer.h:47[m[K,
[2.276s]                  from [01m[K/home/cl4y3r/VDS/autodriving/src/msg_subpub.cpp:6[m[K:
[2.276s] [01m[K/opt/ros/foxy/include/message_filters/signal9.h:210:14:[m[K [01;36m[Knote: [m[Kcandidate: ‘[01m[Ktemplate<class P0, class P1, class P2, class P3, class P4, class P5, class P6> message_filters::Connection message_filters::Signal9<M0, M1, M2, M3, M4, M5, M6, M7, M8>::addCallback(void (*)(P0, P1, P2, P3, P4, P5, P6)) [with P0 = P0; P1 = P1; P2 = P2; P3 = P3; P4 = P4; P5 = P5; P6 = P6; M0 = sensor_msgs::msg::CompressedImage_<std::allocator<void> >; M1 = sensor_msgs::msg::Imu_<std::allocator<void> >; M2 = lgsvl_msgs::msg::Detection3DArray_<std::allocator<void> >; M3 = lgsvl_msgs::msg::SignalArray_<std::allocator<void> >; M4 = lgsvl_msgs::msg::CanBusData_<std::allocator<void> >; M5 = message_filters::NullType; M6 = message_filters::NullType; M7 = message_filters::NullType; M8 = message_filters::NullType][m[K’
[2.276s]   210 |   Connection [01;36m[KaddCallback[m[K(void(*callback)(P0, P1, P2, P3, P4, P5, P6))
[2.276s]       |              [01;36m[K^~~~~~~~~~~[m[K
[2.276s] [01m[K/opt/ros/foxy/include/message_filters/signal9.h:210:14:[m[K [01;36m[Knote: [m[K  template argument deduction/substitution failed:
[2.276s] In file included from [01m[K/opt/ros/foxy/include/message_filters/synchronizer.h:47[m[K,
[2.276s]                  from [01m[K/home/cl4y3r/VDS/autodriving/src/msg_subpub.cpp:6[m[K:
[2.276s] [01m[K/opt/ros/foxy/include/message_filters/signal9.h:280:267:[m[K [01;31m[Kerror: [m[Kwrong number of template arguments (9, should be 7)
[2.277s]   280 | ers::_4, std::placeholders::_5, std::placeholders::_6, std::placeholders::_7, std::placeholders::_8, std::placeholders::_9)[01;31m[K)[m[K;
[2.277s]       |                                                                                                                            [01;31m[K^[m[K
[2.277s] 
[2.277s] [01m[K/opt/ros/foxy/include/message_filters/signal9.h:216:14:[m[K [01;36m[Knote: [m[Kcandidate: ‘[01m[Ktemplate<class P0, class P1, class P2, class P3, class P4, class P5, class P6, class P7> message_filters::Connection message_filters::Signal9<M0, M1, M2, M3, M4, M5, M6, M7, M8>::addCallback(void (*)(P0, P1, P2, P3, P4, P5, P6, P7)) [with P0 = P0; P1 = P1; P2 = P2; P3 = P3; P4 = P4; P5 = P5; P6 = P6; P7 = P7; M0 = sensor_msgs::msg::CompressedImage_<std::allocator<void> >; M1 = sensor_msgs::msg::Imu_<std::allocator<void> >; M2 = lgsvl_msgs::msg::Detection3DArray_<std::allocator<void> >; M3 = lgsvl_msgs::msg::SignalArray_<std::allocator<void> >; M4 = lgsvl_msgs::msg::CanBusData_<std::allocator<void> >; M5 = message_filters::NullType; M6 = message_filters::NullType; M7 = message_filters::NullType; M8 = message_filters::NullType][m[K’
[2.277s]   216 |   Connection [01;36m[KaddCallback[m[K(void(*callback)(P0, P1, P2, P3, P4, P5, P6, P7))
[2.277s]       |              [01;36m[K^~~~~~~~~~~[m[K
[2.277s] [01m[K/opt/ros/foxy/include/message_filters/signal9.h:216:14:[m[K [01;36m[Knote: [m[K  template argument deduction/substitution failed:
[2.277s] [01m[K/opt/ros/foxy/include/message_filters/signal9.h:280:267:[m[K [01;31m[Kerror: [m[Kwrong number of template arguments (9, should be 8)
[2.277s]   280 | ers::_4, std::placeholders::_5, std::placeholders::_6, std::placeholders::_7, std::placeholders::_8, std::placeholders::_9)[01;31m[K)[m[K;
[2.277s]       |                                                                                                                            [01;31m[K^[m[K
[2.277s] 
[2.278s] [01m[K/opt/ros/foxy/include/message_filters/signal9.h:222:14:[m[K [01;36m[Knote: [m[Kcandidate: ‘[01m[Kmessage_filters::Connection message_filters::Signal9<M0, M1, M2, M3, M4, M5, M6, M7, M8>::addCallback(void (*)(P0, P1, P2, P3, P4, P5, P6, P7, P8)) [with P0 = const std::shared_ptr<const sensor_msgs::msg::CompressedImage_<std::allocator<void> > >&; P1 = const std::shared_ptr<const sensor_msgs::msg::Imu_<std::allocator<void> > >&; P2 = const std::shared_ptr<const lgsvl_msgs::msg::Detection3DArray_<std::allocator<void> > >&; P3 = const std::shared_ptr<const lgsvl_msgs::msg::SignalArray_<std::allocator<void> > >&; P4 = const std::shared_ptr<const lgsvl_msgs::msg::CanBusData_<std::allocator<void> > >&; P5 = const std::shared_ptr<const message_filters::NullType>&; P6 = const std::shared_ptr<const message_filters::NullType>&; P7 = const std::shared_ptr<const message_filters::NullType>&; P8 = const std::shared_ptr<const message_filters::NullType>&; M0 = sensor_msgs::msg::CompressedImage_<std::allocator<void> >; M1 = sensor_msgs::msg::Imu_<std::allocator<void> >; M2 = lgsvl_msgs::msg::Detection3DArray_<std::allocator<void> >; M3 = lgsvl_msgs::msg::SignalArray_<std::allocator<void> >; M4 = lgsvl_msgs::msg::CanBusData_<std::allocator<void> >; M5 = message_filters::NullType; M6 = message_filters::NullType; M7 = message_filters::NullType; M8 = message_filters::NullType][m[K’
[2.278s]   222 |   Connection [01;36m[KaddCallback[m[K(void(*callback)(P0, P1, P2, P3, P4, P5, P6, P7, P8))
[2.278s]       |              [01;36m[K^~~~~~~~~~~[m[K
[2.278s] [01m[K/opt/ros/foxy/include/message_filters/signal9.h:222:32:[m[K [01;36m[Knote: [m[K  no known conversion for argument 1 from ‘[01m[Kstd::_Bind_helper<false, const boost::_bi::bind_t<boost::_bi::unspecified, void (msgSubPub::*)(const std::shared_ptr<const sensor_msgs::msg::CompressedImage_<std::allocator<void> > >&, const std::shared_ptr<const sensor_msgs::msg::CompressedImage_<std::allocator<void> > >&, const std::shared_ptr<const lgsvl_msgs::msg::Detection3DArray_<std::allocator<void> > >&, const std::shared_ptr<const lgsvl_msgs::msg::SignalArray_<std::allocator<void> > >&, const std::shared_ptr<const lgsvl_msgs::msg::CanBusData_<std::allocator<void> > >&), boost::_bi::list5<boost::_bi::value<msgSubPub*>, boost::arg<1>, boost::arg<2>, boost::arg<3>, boost::arg<4> > >&, const std::_Placeholder<1>&, const std::_Placeholder<2>&, const std::_Placeholder<3>&, const std::_Placeholder<4>&, const std::_Placeholder<5>&, const std::_Placeholder<6>&, const std::_Placeholder<7>&, const std::_Placeholder<8>&, const std::_Placeholder<9>&>::type[m[K’ {aka ‘[01m[Kstd::_Bind<boost::_bi::bind_t<boost::_bi::unspecified, void (msgSubPub::*)(const std::shared_ptr<const sensor_msgs::msg::CompressedImage_<std::allocator<void> > >&, const std::shared_ptr<const sensor_msgs::msg::CompressedImage_<std::allocator<void> > >&, const std::shared_ptr<const lgsvl_msgs::msg::Detection3DArray_<std::allocator<void> > >&, const std::shared_ptr<const lgsvl_msgs::msg::SignalArray_<std::allocator<void> > >&, const std::shared_ptr<const lgsvl_msgs::msg::CanBusData_<std::allocator<void> > >&), boost::_bi::list5<boost::_bi::value<msgSubPub*>, boost::arg<1>, boost::arg<2>, boost::arg<3>, boost::arg<4> > >(std::_Placeholder<1>, std::_Placeholder<2>, std::_Placeholder<3>, std::_Placeholder<4>, std::_Placeholder<5>, std::_Placeholder<6>, std::_Placeholder<7>, std::_Placeholder<8>, std::_Placeholder<9>)>[m[K’} to ‘[01m[Kvoid (*)(const std::shared_ptr<const sensor_msgs::msg::CompressedImage_<std::allocator<void> > >&, const std::shared_ptr<const sensor_msgs::msg::Imu_<std::allocator<void> > >&, const std::shared_ptr<const lgsvl_msgs::msg::Detection3DArray_<std::allocator<void> > >&, const std::shared_ptr<const lgsvl_msgs::msg::SignalArray_<std::allocator<void> > >&, const std::shared_ptr<const lgsvl_msgs::msg::CanBusData_<std::allocator<void> > >&, const std::shared_ptr<const message_filters::NullType>&, const std::shared_ptr<const message_filters::NullType>&, const std::shared_ptr<const message_filters::NullType>&, const std::shared_ptr<const message_filters::NullType>&)[m[K’
[2.278s]   222 |   Connection addCallback([01;36m[Kvoid(*callback)(P0, P1, P2, P3, P4, P5, P6, P7, P8)[m[K)
[2.278s]       |                          [01;36m[K~~~~~~^~~~~~~~~~~~~~~~~~~~~~~~~~~~~~~~~~~~~~~~~~~~~[m[K
[2.278s] [01m[K/opt/ros/foxy/include/message_filters/signal9.h:228:14:[m[K [01;36m[Knote: [m[Kcandidate: ‘[01m[Ktemplate<class T, class P0, class P1> message_filters::Connection message_filters::Signal9<M0, M1, M2, M3, M4, M5, M6, M7, M8>::addCallback(void (T::*)(P0, P1), T*) [with T = T; P0 = P0; P1 = P1; M0 = sensor_msgs::msg::CompressedImage_<std::allocator<void> >; M1 = sensor_msgs::msg::Imu_<std::allocator<void> >; M2 = lgsvl_msgs::msg::Detection3DArray_<std::allocator<void> >; M3 = lgsvl_msgs::msg::SignalArray_<std::allocator<void> >; M4 = lgsvl_msgs::msg::CanBusData_<std::allocator<void> >; M5 = message_filters::NullType; M6 = message_filters::NullType; M7 = message_filters::NullType; M8 = message_filters::NullType][m[K’
[2.278s]   228 |   Connection [01;36m[KaddCallback[m[K(void(T::*callback)(P0, P1), T* t)
[2.278s]       |              [01;36m[K^~~~~~~~~~~[m[K
[2.278s] [01m[K/opt/ros/foxy/include/message_filters/signal9.h:228:14:[m[K [01;36m[Knote: [m[K  template argument deduction/substitution failed:
[2.278s] [01m[K/opt/ros/foxy/include/message_filters/signal9.h:280:267:[m[K [01;31m[Kerror: [m[Kwrong number of template arguments (9, should be 3)
[2.278s]   280 | ers::_4, std::placeholders::_5, std::placeholders::_6, std::placeholders::_7, std::placeholders::_8, std::placeholders::_9)[01;31m[K)[m[K;
[2.279s]       |                                                                                                                            [01;31m[K^[m[K
[2.279s] 
[2.279s] [01m[K/opt/ros/foxy/include/message_filters/signal9.h:234:14:[m[K [01;36m[Knote: [m[Kcandidate: ‘[01m[Ktemplate<class T, class P0, class P1, class P2> message_filters::Connection message_filters::Signal9<M0, M1, M2, M3, M4, M5, M6, M7, M8>::addCallback(void (T::*)(P0, P1, P2), T*) [with T = T; P0 = P0; P1 = P1; P2 = P2; M0 = sensor_msgs::msg::CompressedImage_<std::allocator<void> >; M1 = sensor_msgs::msg::Imu_<std::allocator<void> >; M2 = lgsvl_msgs::msg::Detection3DArray_<std::allocator<void> >; M3 = lgsvl_msgs::msg::SignalArray_<std::allocator<void> >; M4 = lgsvl_msgs::msg::CanBusData_<std::allocator<void> >; M5 = message_filters::NullType; M6 = message_filters::NullType; M7 = message_filters::NullType; M8 = message_filters::NullType][m[K’
[2.279s]   234 |   Connection [01;36m[KaddCallback[m[K(void(T::*callback)(P0, P1, P2), T* t)
[2.279s]       |              [01;36m[K^~~~~~~~~~~[m[K
[2.279s] [01m[K/opt/ros/foxy/include/message_filters/signal9.h:234:14:[m[K [01;36m[Knote: [m[K  template argument deduction/substitution failed:
[2.279s] [01m[K/opt/ros/foxy/include/message_filters/signal9.h:280:267:[m[K [01;31m[Kerror: [m[Kwrong number of template arguments (9, should be 4)
[2.279s]   280 | ers::_4, std::placeholders::_5, std::placeholders::_6, std::placeholders::_7, std::placeholders::_8, std::placeholders::_9)[01;31m[K)[m[K;
[2.279s]       |                                                                                                                            [01;31m[K^[m[K
[2.279s] 
[2.279s] [01m[K/opt/ros/foxy/include/message_filters/signal9.h:240:14:[m[K [01;36m[Knote: [m[Kcandidate: ‘[01m[Ktemplate<class T, class P0, class P1, class P2, class P3> message_filters::Connection message_filters::Signal9<M0, M1, M2, M3, M4, M5, M6, M7, M8>::addCallback(void (T::*)(P0, P1, P2, P3), T*) [with T = T; P0 = P0; P1 = P1; P2 = P2; P3 = P3; M0 = sensor_msgs::msg::CompressedImage_<std::allocator<void> >; M1 = sensor_msgs::msg::Imu_<std::allocator<void> >; M2 = lgsvl_msgs::msg::Detection3DArray_<std::allocator<void> >; M3 = lgsvl_msgs::msg::SignalArray_<std::allocator<void> >; M4 = lgsvl_msgs::msg::CanBusData_<std::allocator<void> >; M5 = message_filters::NullType; M6 = message_filters::NullType; M7 = message_filters::NullType; M8 = message_filters::NullType][m[K’
[2.279s]   240 |   Connection [01;36m[KaddCallback[m[K(void(T::*callback)(P0, P1, P2, P3), T* t)
[2.280s]       |              [01;36m[K^~~~~~~~~~~[m[K
[2.280s] [01m[K/opt/ros/foxy/include/message_filters/signal9.h:240:14:[m[K [01;36m[Knote: [m[K  template argument deduction/substitution failed:
[2.280s] [01m[K/opt/ros/foxy/include/message_filters/signal9.h:280:267:[m[K [01;31m[Kerror: [m[Kwrong number of template arguments (9, should be 5)
[2.280s]   280 | ers::_4, std::placeholders::_5, std::placeholders::_6, std::placeholders::_7, std::placeholders::_8, std::placeholders::_9)[01;31m[K)[m[K;
[2.280s]       |                                                                                                                            [01;31m[K^[m[K
[2.280s] 
[2.280s] [01m[K/opt/ros/foxy/include/message_filters/signal9.h:246:14:[m[K [01;36m[Knote: [m[Kcandidate: ‘[01m[Ktemplate<class T, class P0, class P1, class P2, class P3, class P4> message_filters::Connection message_filters::Signal9<M0, M1, M2, M3, M4, M5, M6, M7, M8>::addCallback(void (T::*)(P0, P1, P2, P3, P4), T*) [with T = T; P0 = P0; P1 = P1; P2 = P2; P3 = P3; P4 = P4; M0 = sensor_msgs::msg::CompressedImage_<std::allocator<void> >; M1 = sensor_msgs::msg::Imu_<std::allocator<void> >; M2 = lgsvl_msgs::msg::Detection3DArray_<std::allocator<void> >; M3 = lgsvl_msgs::msg::SignalArray_<std::allocator<void> >; M4 = lgsvl_msgs::msg::CanBusData_<std::allocator<void> >; M5 = message_filters::NullType; M6 = message_filters::NullType; M7 = message_filters::NullType; M8 = message_filters::NullType][m[K’
[2.280s]   246 |   Connection [01;36m[KaddCallback[m[K(void(T::*callback)(P0, P1, P2, P3, P4), T* t)
[2.280s]       |              [01;36m[K^~~~~~~~~~~[m[K
[2.280s] [01m[K/opt/ros/foxy/include/message_filters/signal9.h:246:14:[m[K [01;36m[Knote: [m[K  template argument deduction/substitution failed:
[2.280s] [01m[K/opt/ros/foxy/include/message_filters/signal9.h:280:267:[m[K [01;31m[Kerror: [m[Kwrong number of template arguments (9, should be 6)
[2.280s]   280 | ers::_4, std::placeholders::_5, std::placeholders::_6, std::placeholders::_7, std::placeholders::_8, std::placeholders::_9)[01;31m[K)[m[K;
[2.281s]       |                                                                                                                            [01;31m[K^[m[K
[2.281s] 
[2.281s] [01m[K/opt/ros/foxy/include/message_filters/signal9.h:252:14:[m[K [01;36m[Knote: [m[Kcandidate: ‘[01m[Ktemplate<class T, class P0, class P1, class P2, class P3, class P4, class P5> message_filters::Connection message_filters::Signal9<M0, M1, M2, M3, M4, M5, M6, M7, M8>::addCallback(void (T::*)(P0, P1, P2, P3, P4, P5), T*) [with T = T; P0 = P0; P1 = P1; P2 = P2; P3 = P3; P4 = P4; P5 = P5; M0 = sensor_msgs::msg::CompressedImage_<std::allocator<void> >; M1 = sensor_msgs::msg::Imu_<std::allocator<void> >; M2 = lgsvl_msgs::msg::Detection3DArray_<std::allocator<void> >; M3 = lgsvl_msgs::msg::SignalArray_<std::allocator<void> >; M4 = lgsvl_msgs::msg::CanBusData_<std::allocator<void> >; M5 = message_filters::NullType; M6 = message_filters::NullType; M7 = message_filters::NullType; M8 = message_filters::NullType][m[K’
[2.281s]   252 |   Connection [01;36m[KaddCallback[m[K(void(T::*callback)(P0, P1, P2, P3, P4, P5), T* t)
[2.281s]       |              [01;36m[K^~~~~~~~~~~[m[K
[2.281s] [01m[K/opt/ros/foxy/include/message_filters/signal9.h:252:14:[m[K [01;36m[Knote: [m[K  template argument deduction/substitution failed:
[2.281s] [01m[K/opt/ros/foxy/include/message_filters/signal9.h:280:267:[m[K [01;31m[Kerror: [m[Kwrong number of template arguments (9, should be 7)
[2.281s]   280 | ers::_4, std::placeholders::_5, std::placeholders::_6, std::placeholders::_7, std::placeholders::_8, std::placeholders::_9)[01;31m[K)[m[K;
[2.281s]       |                                                                                                                            [01;31m[K^[m[K
[2.281s] 
[2.281s] [01m[K/opt/ros/foxy/include/message_filters/signal9.h:258:14:[m[K [01;36m[Knote: [m[Kcandidate: ‘[01m[Ktemplate<class T, class P0, class P1, class P2, class P3, class P4, class P5, class P6> message_filters::Connection message_filters::Signal9<M0, M1, M2, M3, M4, M5, M6, M7, M8>::addCallback(void (T::*)(P0, P1, P2, P3, P4, P5, P6), T*) [with T = T; P0 = P0; P1 = P1; P2 = P2; P3 = P3; P4 = P4; P5 = P5; P6 = P6; M0 = sensor_msgs::msg::CompressedImage_<std::allocator<void> >; M1 = sensor_msgs::msg::Imu_<std::allocator<void> >; M2 = lgsvl_msgs::msg::Detection3DArray_<std::allocator<void> >; M3 = lgsvl_msgs::msg::SignalArray_<std::allocator<void> >; M4 = lgsvl_msgs::msg::CanBusData_<std::allocator<void> >; M5 = message_filters::NullType; M6 = message_filters::NullType; M7 = message_filters::NullType; M8 = message_filters::NullType][m[K’
[2.281s]   258 |   Connection [01;36m[KaddCallback[m[K(void(T::*callback)(P0, P1, P2, P3, P4, P5, P6), T* t)
[2.281s]       |              [01;36m[K^~~~~~~~~~~[m[K
[2.282s] [01m[K/opt/ros/foxy/include/message_filters/signal9.h:258:14:[m[K [01;36m[Knote: [m[K  template argument deduction/substitution failed:
[2.282s] [01m[K/opt/ros/foxy/include/message_filters/signal9.h:280:267:[m[K [01;31m[Kerror: [m[Kwrong number of template arguments (9, should be 8)
[2.282s]   280 | ers::_4, std::placeholders::_5, std::placeholders::_6, std::placeholders::_7, std::placeholders::_8, std::placeholders::_9)[01;31m[K)[m[K;
[2.282s]       |                                                                                                                            [01;31m[K^[m[K
[2.282s] 
[2.282s] [01m[K/opt/ros/foxy/include/message_filters/signal9.h:264:14:[m[K [01;36m[Knote: [m[Kcandidate: ‘[01m[Ktemplate<class T, class P0, class P1, class P2, class P3, class P4, class P5, class P6, class P7> message_filters::Connection message_filters::Signal9<M0, M1, M2, M3, M4, M5, M6, M7, M8>::addCallback(void (T::*)(P0, P1, P2, P3, P4, P5, P6, P7), T*) [with T = T; P0 = P0; P1 = P1; P2 = P2; P3 = P3; P4 = P4; P5 = P5; P6 = P6; P7 = P7; M0 = sensor_msgs::msg::CompressedImage_<std::allocator<void> >; M1 = sensor_msgs::msg::Imu_<std::allocator<void> >; M2 = lgsvl_msgs::msg::Detection3DArray_<std::allocator<void> >; M3 = lgsvl_msgs::msg::SignalArray_<std::allocator<void> >; M4 = lgsvl_msgs::msg::CanBusData_<std::allocator<void> >; M5 = message_filters::NullType; M6 = message_filters::NullType; M7 = message_filters::NullType; M8 = message_filters::NullType][m[K’
[2.282s]   264 |   Connection [01;36m[KaddCallback[m[K(void(T::*callback)(P0, P1, P2, P3, P4, P5, P6, P7), T* t)
[2.282s]       |              [01;36m[K^~~~~~~~~~~[m[K
[2.282s] [01m[K/opt/ros/foxy/include/message_filters/signal9.h:264:14:[m[K [01;36m[Knote: [m[K  template argument deduction/substitution failed:
[2.282s] /opt/ros/foxy/include/message_filters/signal9.h: In substitution of ‘[01m[Ktemplate<class T, class P0, class P1, class P2, class P3, class P4, class P5, class P6, class P7> message_filters::Connection message_filters::Signal9<sensor_msgs::msg::CompressedImage_<std::allocator<void> >, sensor_msgs::msg::Imu_<std::allocator<void> >, lgsvl_msgs::msg::Detection3DArray_<std::allocator<void> >, lgsvl_msgs::msg::SignalArray_<std::allocator<void> >, lgsvl_msgs::msg::CanBusData_<std::allocator<void> >, message_filters::NullType, message_filters::NullType, message_filters::NullType, message_filters::NullType>::addCallback<T, P0, P1, P2, P3, P4, P5, P6, P7>(void (T::*)(P0, P1, P2, P3, P4, P5, P6, P7), T*) [with T = const std::shared_ptr<const sensor_msgs::msg::CompressedImage_<std::allocator<void> > >&; P0 = const std::shared_ptr<const sensor_msgs::msg::Imu_<std::allocator<void> > >&; P1 = const std::shared_ptr<const lgsvl_msgs::msg::Detection3DArray_<std::allocator<void> > >&; P2 = const std::shared_ptr<const lgsvl_msgs::msg::SignalArray_<std::allocator<void> > >&; P3 = const std::shared_ptr<const lgsvl_msgs::msg::CanBusData_<std::allocator<void> > >&; P4 = const std::shared_ptr<const message_filters::NullType>&; P5 = const std::shared_ptr<const message_filters::NullType>&; P6 = const std::shared_ptr<const message_filters::NullType>&; P7 = const std::shared_ptr<const message_filters::NullType>&][m[K’:
[2.282s] [01m[K/opt/ros/foxy/include/message_filters/signal9.h:280:267:[m[K   required from ‘[01m[Kmessage_filters::Connection message_filters::Signal9<M0, M1, M2, M3, M4, M5, M6, M7, M8>::addCallback(C&) [with C = const boost::_bi::bind_t<boost::_bi::unspecified, void (msgSubPub::*)(const std::shared_ptr<const sensor_msgs::msg::CompressedImage_<std::allocator<void> > >&, const std::shared_ptr<const sensor_msgs::msg::CompressedImage_<std::allocator<void> > >&, const std::shared_ptr<const lgsvl_msgs::msg::Detection3DArray_<std::allocator<void> > >&, const std::shared_ptr<const lgsvl_msgs::msg::SignalArray_<std::allocator<void> > >&, const std::shared_ptr<const lgsvl_msgs::msg::CanBusData_<std::allocator<void> > >&), boost::_bi::list5<boost::_bi::value<msgSubPub*>, boost::arg<1>, boost::arg<2>, boost::arg<3>, boost::arg<4> > >; M0 = sensor_msgs::msg::CompressedImage_<std::allocator<void> >; M1 = sensor_msgs::msg::Imu_<std::allocator<void> >; M2 = lgsvl_msgs::msg::Detection3DArray_<std::allocator<void> >; M3 = lgsvl_msgs::msg::SignalArray_<std::allocator<void> >; M4 = lgsvl_msgs::msg::CanBusData_<std::allocator<void> >; M5 = message_filters::NullType; M6 = message_filters::NullType; M7 = message_filters::NullType; M8 = message_filters::NullType][m[K’
[2.282s] [01m[K/opt/ros/foxy/include/message_filters/synchronizer.h:298:40:[m[K   required from ‘[01m[Kmessage_filters::Connection message_filters::Synchronizer<Policy>::registerCallback(const C&) [with C = boost::_bi::bind_t<boost::_bi::unspecified, void (msgSubPub::*)(const std::shared_ptr<const sensor_msgs::msg::CompressedImage_<std::allocator<void> > >&, const std::shared_ptr<const sensor_msgs::msg::CompressedImage_<std::allocator<void> > >&, const std::shared_ptr<const lgsvl_msgs::msg::Detection3DArray_<std::allocator<void> > >&, const std::shared_ptr<const lgsvl_msgs::msg::SignalArray_<std::allocator<void> > >&, const std::shared_ptr<const lgsvl_msgs::msg::CanBusData_<std::allocator<void> > >&), boost::_bi::list5<boost::_bi::value<msgSubPub*>, boost::arg<1>, boost::arg<2>, boost::arg<3>, boost::arg<4> > >; Policy = message_filters::sync_policies::ApproximateTime<sensor_msgs::msg::CompressedImage_<std::allocator<void> >, sensor_msgs::msg::Imu_<std::allocator<void> >, lgsvl_msgs::msg::Detection3DArray_<std::allocator<void> >, lgsvl_msgs::msg::SignalArray_<std::allocator<void> >, lgsvl_msgs::msg::CanBusData_<std::allocator<void> > >][m[K’
[2.282s] [01m[K/home/cl4y3r/VDS/autodriving/src/msg_subpub.cpp:75:96:[m[K   required from here
[2.283s] [01m[K/opt/ros/foxy/include/message_filters/signal9.h:264:14:[m[K [01;31m[Kerror: [m[Kforming pointer to reference type ‘[01m[Kconst std::shared_ptr<const sensor_msgs::msg::CompressedImage_<std::allocator<void> > >&[m[K’
[2.283s] /opt/ros/foxy/include/message_filters/signal9.h: In instantiation of ‘[01m[Kmessage_filters::Connection message_filters::Signal9<M0, M1, M2, M3, M4, M5, M6, M7, M8>::addCallback(C&) [with C = const boost::_bi::bind_t<boost::_bi::unspecified, void (msgSubPub::*)(const std::shared_ptr<const sensor_msgs::msg::CompressedImage_<std::allocator<void> > >&, const std::shared_ptr<const sensor_msgs::msg::CompressedImage_<std::allocator<void> > >&, const std::shared_ptr<const lgsvl_msgs::msg::Detection3DArray_<std::allocator<void> > >&, const std::shared_ptr<const lgsvl_msgs::msg::SignalArray_<std::allocator<void> > >&, const std::shared_ptr<const lgsvl_msgs::msg::CanBusData_<std::allocator<void> > >&), boost::_bi::list5<boost::_bi::value<msgSubPub*>, boost::arg<1>, boost::arg<2>, boost::arg<3>, boost::arg<4> > >; M0 = sensor_msgs::msg::CompressedImage_<std::allocator<void> >; M1 = sensor_msgs::msg::Imu_<std::allocator<void> >; M2 = lgsvl_msgs::msg::Detection3DArray_<std::allocator<void> >; M3 = lgsvl_msgs::msg::SignalArray_<std::allocator<void> >; M4 = lgsvl_msgs::msg::CanBusData_<std::allocator<void> >; M5 = message_filters::NullType; M6 = message_filters::NullType; M7 = message_filters::NullType; M8 = message_filters::NullType][m[K’:
[2.283s] [01m[K/opt/ros/foxy/include/message_filters/synchronizer.h:298:40:[m[K   required from ‘[01m[Kmessage_filters::Connection message_filters::Synchronizer<Policy>::registerCallback(const C&) [with C = boost::_bi::bind_t<boost::_bi::unspecified, void (msgSubPub::*)(const std::shared_ptr<const sensor_msgs::msg::CompressedImage_<std::allocator<void> > >&, const std::shared_ptr<const sensor_msgs::msg::CompressedImage_<std::allocator<void> > >&, const std::shared_ptr<const lgsvl_msgs::msg::Detection3DArray_<std::allocator<void> > >&, const std::shared_ptr<const lgsvl_msgs::msg::SignalArray_<std::allocator<void> > >&, const std::shared_ptr<const lgsvl_msgs::msg::CanBusData_<std::allocator<void> > >&), boost::_bi::list5<boost::_bi::value<msgSubPub*>, boost::arg<1>, boost::arg<2>, boost::arg<3>, boost::arg<4> > >; Policy = message_filters::sync_policies::ApproximateTime<sensor_msgs::msg::CompressedImage_<std::allocator<void> >, sensor_msgs::msg::Imu_<std::allocator<void> >, lgsvl_msgs::msg::Detection3DArray_<std::allocator<void> >, lgsvl_msgs::msg::SignalArray_<std::allocator<void> >, lgsvl_msgs::msg::CanBusData_<std::allocator<void> > >][m[K’
[2.283s] [01m[K/home/cl4y3r/VDS/autodriving/src/msg_subpub.cpp:75:96:[m[K   required from here
[2.283s] [01m[K/opt/ros/foxy/include/message_filters/signal9.h:270:14:[m[K [01;36m[Knote: [m[Kcandidate: ‘[01m[Ktemplate<class C> message_filters::Connection message_filters::Signal9<M0, M1, M2, M3, M4, M5, M6, M7, M8>::addCallback(C&) [with C = C; M0 = sensor_msgs::msg::CompressedImage_<std::allocator<void> >; M1 = sensor_msgs::msg::Imu_<std::allocator<void> >; M2 = lgsvl_msgs::msg::Detection3DArray_<std::allocator<void> >; M3 = lgsvl_msgs::msg::SignalArray_<std::allocator<void> >; M4 = lgsvl_msgs::msg::CanBusData_<std::allocator<void> >; M5 = message_filters::NullType; M6 = message_filters::NullType; M7 = message_filters::NullType; M8 = message_filters::NullType][m[K’
[2.283s]   270 |   Connection [01;36m[KaddCallback[m[K( C& callback)
[2.283s]       |              [01;36m[K^~~~~~~~~~~[m[K
[2.283s] [01m[K/opt/ros/foxy/include/message_filters/signal9.h:270:14:[m[K [01;36m[Knote: [m[K  template argument deduction/substitution failed:
[2.283s] [01m[K/opt/ros/foxy/include/message_filters/signal9.h:280:267:[m[K [01;31m[Kerror: [m[Kwrong number of template arguments (9, should be 1)
[2.283s]   280 | ers::_4, std::placeholders::_5, std::placeholders::_6, std::placeholders::_7, std::placeholders::_8, std::placeholders::_9)[01;31m[K)[m[K;
[2.283s]       |                                                                                                                            [01;31m[K^[m[K
[2.283s] 
[5.707s] In file included from [01m[K/opt/ros/foxy/include/message_filters/simple_filter.h:43[m[K,
[5.707s]                  from [01m[K/opt/ros/foxy/include/message_filters/subscriber.h:41[m[K,
[5.708s]                  from [01m[K/home/cl4y3r/VDS/autodriving/src/msg_subpub.cpp:5[m[K:
[5.709s] /opt/ros/foxy/include/message_filters/signal1.h: In instantiation of ‘[01m[Kvoid message_filters::CallbackHelper1T<P, M>::call(const message_filters::MessageEvent<const M>&, bool) [with P = const message_filters::MessageEvent<const lgsvl_msgs::msg::SignalArray_<std::allocator<void> > >&; M = lgsvl_msgs::msg::CanBusData_<std::allocator<void> >][m[K’:
[5.709s] [01m[K/opt/ros/foxy/include/message_filters/signal1.h:71:16:[m[K   required from here
[5.709s] [01m[K/opt/ros/foxy/include/message_filters/signal1.h:73:11:[m[K [01;31m[Kerror: [m[Kno matching function for call to ‘[01m[Kmessage_filters::MessageEvent<const lgsvl_msgs::msg::SignalArray_<std::allocator<void> > >::MessageEvent(const message_filters::MessageEvent<const lgsvl_msgs::msg::CanBusData_<std::allocator<void> > >&, bool)[m[K’
[5.709s]    73 |     Event [01;31m[Kmy_event[m[K(event, nonconst_force_copy || event.nonConstWillCopy());
[5.709s]       |           [01;31m[K^~~~~~~~[m[K
[5.709s] In file included from [01m[K/opt/ros/foxy/include/message_filters/signal1.h:42[m[K,
[5.710s]                  from [01m[K/opt/ros/foxy/include/message_filters/simple_filter.h:43[m[K,
[5.710s]                  from [01m[K/opt/ros/foxy/include/message_filters/subscriber.h:41[m[K,
[5.710s]                  from [01m[K/home/cl4y3r/VDS/autodriving/src/msg_subpub.cpp:5[m[K:
[5.710s] [01m[K/opt/ros/foxy/include/message_filters/message_event.h:128:3:[m[K [01;36m[Knote: [m[Kcandidate: ‘[01m[Kmessage_filters::MessageEvent<M>::MessageEvent(const ConstMessagePtr&, rclcpp::Time, bool, const CreateFunction&) [with M = const lgsvl_msgs::msg::SignalArray_<std::allocator<void> >; message_filters::MessageEvent<M>::ConstMessagePtr = std::shared_ptr<const lgsvl_msgs::msg::SignalArray_<std::allocator<void> > >; typename std::add_const<M>::type = const lgsvl_msgs::msg::SignalArray_<std::allocator<void> >; message_filters::MessageEvent<M>::CreateFunction = std::function<std::shared_ptr<lgsvl_msgs::msg::SignalArray_<std::allocator<void> > >()>; typename std::remove_const<_Tp>::type = lgsvl_msgs::msg::SignalArray_<std::allocator<void> >][m[K’
[5.710s]   128 |   [01;36m[KMessageEvent[m[K(const ConstMessagePtr& message, rclcpp::Time receipt_time, bool nonconst_need_copy, const CreateFunction& create)
[5.710s]       |   [01;36m[K^~~~~~~~~~~~[m[K
[5.710s] [01m[K/opt/ros/foxy/include/message_filters/message_event.h:128:3:[m[K [01;36m[Knote: [m[K  candidate expects 4 arguments, 2 provided
[5.710s] [01m[K/opt/ros/foxy/include/message_filters/message_event.h:123:3:[m[K [01;36m[Knote: [m[Kcandidate: ‘[01m[Kmessage_filters::MessageEvent<M>::MessageEvent(const ConstMessagePtr&, rclcpp::Time) [with M = const lgsvl_msgs::msg::SignalArray_<std::allocator<void> >; message_filters::MessageEvent<M>::ConstMessagePtr = std::shared_ptr<const lgsvl_msgs::msg::SignalArray_<std::allocator<void> > >; typename std::add_const<M>::type = const lgsvl_msgs::msg::SignalArray_<std::allocator<void> >][m[K’
[5.710s]   123 |   [01;36m[KMessageEvent[m[K(const ConstMessagePtr& message, rclcpp::Time receipt_time)
[5.710s]       |   [01;36m[K^~~~~~~~~~~~[m[K
[5.711s] [01m[K/opt/ros/foxy/include/message_filters/message_event.h:123:39:[m[K [01;36m[Knote: [m[K  no known conversion for argument 1 from ‘[01m[Kconst message_filters::MessageEvent<const lgsvl_msgs::msg::CanBusData_<std::allocator<void> > >[m[K’ to ‘[01m[Kconst ConstMessagePtr&[m[K’ {aka ‘[01m[Kconst std::shared_ptr<const lgsvl_msgs::msg::SignalArray_<std::allocator<void> > >&[m[K’}
[5.711s]   123 |   MessageEvent([01;36m[Kconst ConstMessagePtr& message[m[K, rclcpp::Time receipt_time)
[5.711s]       |                [01;36m[K~~~~~~~~~~~~~~~~~~~~~~~^~~~~~~[m[K
[5.711s] [01m[K/opt/ros/foxy/include/message_filters/message_event.h:118:3:[m[K [01;36m[Knote: [m[Kcandidate: ‘[01m[Kmessage_filters::MessageEvent<M>::MessageEvent(const ConstMessagePtr&) [with M = const lgsvl_msgs::msg::SignalArray_<std::allocator<void> >; message_filters::MessageEvent<M>::ConstMessagePtr = std::shared_ptr<const lgsvl_msgs::msg::SignalArray_<std::allocator<void> > >; typename std::add_const<M>::type = const lgsvl_msgs::msg::SignalArray_<std::allocator<void> >][m[K’
[5.711s]   118 |   [01;36m[KMessageEvent[m[K(const ConstMessagePtr& message)
[5.711s]       |   [01;36m[K^~~~~~~~~~~~[m[K
[5.711s] [01m[K/opt/ros/foxy/include/message_filters/message_event.h:118:3:[m[K [01;36m[Knote: [m[K  candidate expects 1 argument, 2 provided
[5.711s] [01m[K/opt/ros/foxy/include/message_filters/message_event.h:110:3:[m[K [01;36m[Knote: [m[Kcandidate: ‘[01m[Kmessage_filters::MessageEvent<M>::MessageEvent(const message_filters::MessageEvent<const void>&, const CreateFunction&) [with M = const lgsvl_msgs::msg::SignalArray_<std::allocator<void> >; message_filters::MessageEvent<M>::CreateFunction = std::function<std::shared_ptr<lgsvl_msgs::msg::SignalArray_<std::allocator<void> > >()>; typename std::remove_const<_Tp>::type = lgsvl_msgs::msg::SignalArray_<std::allocator<void> >][m[K’
[5.711s]   110 |   [01;36m[KMessageEvent[m[K(const MessageEvent<void const>& rhs, const CreateFunction& create)
[5.711s]       |   [01;36m[K^~~~~~~~~~~~[m[K
[5.712s] [01m[K/opt/ros/foxy/include/message_filters/message_event.h:110:48:[m[K [01;36m[Knote: [m[K  no known conversion for argument 1 from ‘[01m[Kconst message_filters::MessageEvent<const lgsvl_msgs::msg::CanBusData_<std::allocator<void> > >[m[K’ to ‘[01m[Kconst message_filters::MessageEvent<const void>&[m[K’
[5.712s]   110 |   MessageEvent([01;36m[Kconst MessageEvent<void const>& rhs[m[K, const CreateFunction& create)
[5.712s]       |                [01;36m[K~~~~~~~~~~~~~~~~~~~~~~~~~~~~~~~~^~~[m[K
[5.712s] [01m[K/opt/ros/foxy/include/message_filters/message_event.h:104:3:[m[K [01;36m[Knote: [m[Kcandidate: ‘[01m[Kmessage_filters::MessageEvent<M>::MessageEvent(const message_filters::MessageEvent<typename std::add_const<M>::type>&, bool) [with M = const lgsvl_msgs::msg::SignalArray_<std::allocator<void> >; typename std::add_const<M>::type = const lgsvl_msgs::msg::SignalArray_<std::allocator<void> >][m[K’
[5.712s]   104 |   [01;36m[KMessageEvent[m[K(const MessageEvent<ConstMessage>& rhs, bool nonconst_need_copy)
[5.712s]       |   [01;36m[K^~~~~~~~~~~~[m[K
[5.712s] [01m[K/opt/ros/foxy/include/message_filters/message_event.h:104:50:[m[K [01;36m[Knote: [m[K  no known conversion for argument 1 from ‘[01m[Kconst message_filters::MessageEvent<const lgsvl_msgs::msg::CanBusData_<std::allocator<void> > >[m[K’ to ‘[01m[Kconst message_filters::MessageEvent<const lgsvl_msgs::msg::SignalArray_<std::allocator<void> > >&[m[K’
[5.712s]   104 |   MessageEvent([01;36m[Kconst MessageEvent<ConstMessage>& rhs[m[K, bool nonconst_need_copy)
[5.712s]       |                [01;36m[K~~~~~~~~~~~~~~~~~~~~~~~~~~~~~~~~~~^~~[m[K
[5.712s] [01m[K/opt/ros/foxy/include/message_filters/message_event.h:98:3:[m[K [01;36m[Knote: [m[Kcandidate: ‘[01m[Kmessage_filters::MessageEvent<M>::MessageEvent(const message_filters::MessageEvent<typename std::remove_const<_Tp>::type>&, bool) [with M = const lgsvl_msgs::msg::SignalArray_<std::allocator<void> >; typename std::remove_const<_Tp>::type = lgsvl_msgs::msg::SignalArray_<std::allocator<void> >][m[K’
[5.713s]    98 |   [01;36m[KMessageEvent[m[K(const MessageEvent<Message>& rhs, bool nonconst_need_copy)
[5.713s]       |   [01;36m[K^~~~~~~~~~~~[m[K
[5.713s] [01m[K/opt/ros/foxy/include/message_filters/message_event.h:98:45:[m[K [01;36m[Knote: [m[K  no known conversion for argument 1 from ‘[01m[Kconst message_filters::MessageEvent<const lgsvl_msgs::msg::CanBusData_<std::allocator<void> > >[m[K’ to ‘[01m[Kconst message_filters::MessageEvent<lgsvl_msgs::msg::SignalArray_<std::allocator<void> > >&[m[K’
[5.713s]    98 |   MessageEvent([01;36m[Kconst MessageEvent<Message>& rhs[m[K, bool nonconst_need_copy)
[5.713s]       |                [01;36m[K~~~~~~~~~~~~~~~~~~~~~~~~~~~~~^~~[m[K
[5.713s] [01m[K/opt/ros/foxy/include/message_filters/message_event.h:93:3:[m[K [01;36m[Knote: [m[Kcandidate: ‘[01m[Kmessage_filters::MessageEvent<M>::MessageEvent(const message_filters::MessageEvent<typename std::add_const<M>::type>&) [with M = const lgsvl_msgs::msg::SignalArray_<std::allocator<void> >; typename std::add_const<M>::type = const lgsvl_msgs::msg::SignalArray_<std::allocator<void> >][m[K’
[5.713s]    93 |   [01;36m[KMessageEvent[m[K(const MessageEvent<ConstMessage>& rhs)
[5.713s]       |   [01;36m[K^~~~~~~~~~~~[m[K
[5.713s] [01m[K/opt/ros/foxy/include/message_filters/message_event.h:93:3:[m[K [01;36m[Knote: [m[K  candidate expects 1 argument, 2 provided
[5.713s] [01m[K/opt/ros/foxy/include/message_filters/message_event.h:88:3:[m[K [01;36m[Knote: [m[Kcandidate: ‘[01m[Kmessage_filters::MessageEvent<M>::MessageEvent(const message_filters::MessageEvent<typename std::remove_const<_Tp>::type>&) [with M = const lgsvl_msgs::msg::SignalArray_<std::allocator<void> >; typename std::remove_const<_Tp>::type = lgsvl_msgs::msg::SignalArray_<std::allocator<void> >][m[K’
[5.714s]    88 |   [01;36m[KMessageEvent[m[K(const MessageEvent<Message>& rhs)
[5.714s]       |   [01;36m[K^~~~~~~~~~~~[m[K
[5.714s] [01m[K/opt/ros/foxy/include/message_filters/message_event.h:88:3:[m[K [01;36m[Knote: [m[K  candidate expects 1 argument, 2 provided
[5.714s] [01m[K/opt/ros/foxy/include/message_filters/message_event.h:84:3:[m[K [01;36m[Knote: [m[Kcandidate: ‘[01m[Kmessage_filters::MessageEvent<M>::MessageEvent() [with M = const lgsvl_msgs::msg::SignalArray_<std::allocator<void> >][m[K’
[5.714s]    84 |   [01;36m[KMessageEvent[m[K()
[5.714s]       |   [01;36m[K^~~~~~~~~~~~[m[K
[5.714s] [01m[K/opt/ros/foxy/include/message_filters/message_event.h:84:3:[m[K [01;36m[Knote: [m[K  candidate expects 0 arguments, 2 provided
[5.714s] In file included from [01m[K/opt/ros/foxy/include/message_filters/simple_filter.h:43[m[K,
[5.714s]                  from [01m[K/opt/ros/foxy/include/message_filters/subscriber.h:41[m[K,
[5.714s]                  from [01m[K/home/cl4y3r/VDS/autodriving/src/msg_subpub.cpp:5[m[K:
[5.714s] /opt/ros/foxy/include/message_filters/signal1.h: In instantiation of ‘[01m[Kvoid message_filters::CallbackHelper1T<P, M>::call(const message_filters::MessageEvent<const M>&, bool) [with P = const message_filters::MessageEvent<const lgsvl_msgs::msg::Detection3DArray_<std::allocator<void> > >&; M = lgsvl_msgs::msg::SignalArray_<std::allocator<void> >][m[K’:
[5.715s] [01m[K/opt/ros/foxy/include/message_filters/signal1.h:71:16:[m[K   required from here
[5.715s] [01m[K/opt/ros/foxy/include/message_filters/signal1.h:73:11:[m[K [01;31m[Kerror: [m[Kno matching function for call to ‘[01m[Kmessage_filters::MessageEvent<const lgsvl_msgs::msg::Detection3DArray_<std::allocator<void> > >::MessageEvent(const message_filters::MessageEvent<const lgsvl_msgs::msg::SignalArray_<std::allocator<void> > >&, bool)[m[K’
[5.715s]    73 |     Event [01;31m[Kmy_event[m[K(event, nonconst_force_copy || event.nonConstWillCopy());
[5.715s]       |           [01;31m[K^~~~~~~~[m[K
[5.715s] In file included from [01m[K/opt/ros/foxy/include/message_filters/signal1.h:42[m[K,
[5.715s]                  from [01m[K/opt/ros/foxy/include/message_filters/simple_filter.h:43[m[K,
[5.715s]                  from [01m[K/opt/ros/foxy/include/message_filters/subscriber.h:41[m[K,
[5.715s]                  from [01m[K/home/cl4y3r/VDS/autodriving/src/msg_subpub.cpp:5[m[K:
[5.715s] [01m[K/opt/ros/foxy/include/message_filters/message_event.h:128:3:[m[K [01;36m[Knote: [m[Kcandidate: ‘[01m[Kmessage_filters::MessageEvent<M>::MessageEvent(const ConstMessagePtr&, rclcpp::Time, bool, const CreateFunction&) [with M = const lgsvl_msgs::msg::Detection3DArray_<std::allocator<void> >; message_filters::MessageEvent<M>::ConstMessagePtr = std::shared_ptr<const lgsvl_msgs::msg::Detection3DArray_<std::allocator<void> > >; typename std::add_const<M>::type = const lgsvl_msgs::msg::Detection3DArray_<std::allocator<void> >; message_filters::MessageEvent<M>::CreateFunction = std::function<std::shared_ptr<lgsvl_msgs::msg::Detection3DArray_<std::allocator<void> > >()>; typename std::remove_const<_Tp>::type = lgsvl_msgs::msg::Detection3DArray_<std::allocator<void> >][m[K’
[5.716s]   128 |   [01;36m[KMessageEvent[m[K(const ConstMessagePtr& message, rclcpp::Time receipt_time, bool nonconst_need_copy, const CreateFunction& create)
[5.716s]       |   [01;36m[K^~~~~~~~~~~~[m[K
[5.716s] [01m[K/opt/ros/foxy/include/message_filters/message_event.h:128:3:[m[K [01;36m[Knote: [m[K  candidate expects 4 arguments, 2 provided
[5.716s] [01m[K/opt/ros/foxy/include/message_filters/message_event.h:123:3:[m[K [01;36m[Knote: [m[Kcandidate: ‘[01m[Kmessage_filters::MessageEvent<M>::MessageEvent(const ConstMessagePtr&, rclcpp::Time) [with M = const lgsvl_msgs::msg::Detection3DArray_<std::allocator<void> >; message_filters::MessageEvent<M>::ConstMessagePtr = std::shared_ptr<const lgsvl_msgs::msg::Detection3DArray_<std::allocator<void> > >; typename std::add_const<M>::type = const lgsvl_msgs::msg::Detection3DArray_<std::allocator<void> >][m[K’
[5.716s]   123 |   [01;36m[KMessageEvent[m[K(const ConstMessagePtr& message, rclcpp::Time receipt_time)
[5.716s]       |   [01;36m[K^~~~~~~~~~~~[m[K
[5.716s] [01m[K/opt/ros/foxy/include/message_filters/message_event.h:123:39:[m[K [01;36m[Knote: [m[K  no known conversion for argument 1 from ‘[01m[Kconst message_filters::MessageEvent<const lgsvl_msgs::msg::SignalArray_<std::allocator<void> > >[m[K’ to ‘[01m[Kconst ConstMessagePtr&[m[K’ {aka ‘[01m[Kconst std::shared_ptr<const lgsvl_msgs::msg::Detection3DArray_<std::allocator<void> > >&[m[K’}
[5.716s]   123 |   MessageEvent([01;36m[Kconst ConstMessagePtr& message[m[K, rclcpp::Time receipt_time)
[5.716s]       |                [01;36m[K~~~~~~~~~~~~~~~~~~~~~~~^~~~~~~[m[K
[5.717s] [01m[K/opt/ros/foxy/include/message_filters/message_event.h:118:3:[m[K [01;36m[Knote: [m[Kcandidate: ‘[01m[Kmessage_filters::MessageEvent<M>::MessageEvent(const ConstMessagePtr&) [with M = const lgsvl_msgs::msg::Detection3DArray_<std::allocator<void> >; message_filters::MessageEvent<M>::ConstMessagePtr = std::shared_ptr<const lgsvl_msgs::msg::Detection3DArray_<std::allocator<void> > >; typename std::add_const<M>::type = const lgsvl_msgs::msg::Detection3DArray_<std::allocator<void> >][m[K’
[5.717s]   118 |   [01;36m[KMessageEvent[m[K(const ConstMessagePtr& message)
[5.717s]       |   [01;36m[K^~~~~~~~~~~~[m[K
[5.717s] [01m[K/opt/ros/foxy/include/message_filters/message_event.h:118:3:[m[K [01;36m[Knote: [m[K  candidate expects 1 argument, 2 provided
[5.717s] [01m[K/opt/ros/foxy/include/message_filters/message_event.h:110:3:[m[K [01;36m[Knote: [m[Kcandidate: ‘[01m[Kmessage_filters::MessageEvent<M>::MessageEvent(const message_filters::MessageEvent<const void>&, const CreateFunction&) [with M = const lgsvl_msgs::msg::Detection3DArray_<std::allocator<void> >; message_filters::MessageEvent<M>::CreateFunction = std::function<std::shared_ptr<lgsvl_msgs::msg::Detection3DArray_<std::allocator<void> > >()>; typename std::remove_const<_Tp>::type = lgsvl_msgs::msg::Detection3DArray_<std::allocator<void> >][m[K’
[5.717s]   110 |   [01;36m[KMessageEvent[m[K(const MessageEvent<void const>& rhs, const CreateFunction& create)
[5.717s]       |   [01;36m[K^~~~~~~~~~~~[m[K
[5.717s] [01m[K/opt/ros/foxy/include/message_filters/message_event.h:110:48:[m[K [01;36m[Knote: [m[K  no known conversion for argument 1 from ‘[01m[Kconst message_filters::MessageEvent<const lgsvl_msgs::msg::SignalArray_<std::allocator<void> > >[m[K’ to ‘[01m[Kconst message_filters::MessageEvent<const void>&[m[K’
[5.717s]   110 |   MessageEvent([01;36m[Kconst MessageEvent<void const>& rhs[m[K, const CreateFunction& create)
[5.717s]       |                [01;36m[K~~~~~~~~~~~~~~~~~~~~~~~~~~~~~~~~^~~[m[K
[5.718s] [01m[K/opt/ros/foxy/include/message_filters/message_event.h:104:3:[m[K [01;36m[Knote: [m[Kcandidate: ‘[01m[Kmessage_filters::MessageEvent<M>::MessageEvent(const message_filters::MessageEvent<typename std::add_const<M>::type>&, bool) [with M = const lgsvl_msgs::msg::Detection3DArray_<std::allocator<void> >; typename std::add_const<M>::type = const lgsvl_msgs::msg::Detection3DArray_<std::allocator<void> >][m[K’
[5.718s]   104 |   [01;36m[KMessageEvent[m[K(const MessageEvent<ConstMessage>& rhs, bool nonconst_need_copy)
[5.718s]       |   [01;36m[K^~~~~~~~~~~~[m[K
[5.718s] [01m[K/opt/ros/foxy/include/message_filters/message_event.h:104:50:[m[K [01;36m[Knote: [m[K  no known conversion for argument 1 from ‘[01m[Kconst message_filters::MessageEvent<const lgsvl_msgs::msg::SignalArray_<std::allocator<void> > >[m[K’ to ‘[01m[Kconst message_filters::MessageEvent<const lgsvl_msgs::msg::Detection3DArray_<std::allocator<void> > >&[m[K’
[5.718s]   104 |   MessageEvent([01;36m[Kconst MessageEvent<ConstMessage>& rhs[m[K, bool nonconst_need_copy)
[5.718s]       |                [01;36m[K~~~~~~~~~~~~~~~~~~~~~~~~~~~~~~~~~~^~~[m[K
[5.718s] [01m[K/opt/ros/foxy/include/message_filters/message_event.h:98:3:[m[K [01;36m[Knote: [m[Kcandidate: ‘[01m[Kmessage_filters::MessageEvent<M>::MessageEvent(const message_filters::MessageEvent<typename std::remove_const<_Tp>::type>&, bool) [with M = const lgsvl_msgs::msg::Detection3DArray_<std::allocator<void> >; typename std::remove_const<_Tp>::type = lgsvl_msgs::msg::Detection3DArray_<std::allocator<void> >][m[K’
[5.718s]    98 |   [01;36m[KMessageEvent[m[K(const MessageEvent<Message>& rhs, bool nonconst_need_copy)
[5.718s]       |   [01;36m[K^~~~~~~~~~~~[m[K
[5.719s] [01m[K/opt/ros/foxy/include/message_filters/message_event.h:98:45:[m[K [01;36m[Knote: [m[K  no known conversion for argument 1 from ‘[01m[Kconst message_filters::MessageEvent<const lgsvl_msgs::msg::SignalArray_<std::allocator<void> > >[m[K’ to ‘[01m[Kconst message_filters::MessageEvent<lgsvl_msgs::msg::Detection3DArray_<std::allocator<void> > >&[m[K’
[5.719s]    98 |   MessageEvent([01;36m[Kconst MessageEvent<Message>& rhs[m[K, bool nonconst_need_copy)
[5.719s]       |                [01;36m[K~~~~~~~~~~~~~~~~~~~~~~~~~~~~~^~~[m[K
[5.719s] [01m[K/opt/ros/foxy/include/message_filters/message_event.h:93:3:[m[K [01;36m[Knote: [m[Kcandidate: ‘[01m[Kmessage_filters::MessageEvent<M>::MessageEvent(const message_filters::MessageEvent<typename std::add_const<M>::type>&) [with M = const lgsvl_msgs::msg::Detection3DArray_<std::allocator<void> >; typename std::add_const<M>::type = const lgsvl_msgs::msg::Detection3DArray_<std::allocator<void> >][m[K’
[5.719s]    93 |   [01;36m[KMessageEvent[m[K(const MessageEvent<ConstMessage>& rhs)
[5.719s]       |   [01;36m[K^~~~~~~~~~~~[m[K
[5.719s] [01m[K/opt/ros/foxy/include/message_filters/message_event.h:93:3:[m[K [01;36m[Knote: [m[K  candidate expects 1 argument, 2 provided
[5.719s] [01m[K/opt/ros/foxy/include/message_filters/message_event.h:88:3:[m[K [01;36m[Knote: [m[Kcandidate: ‘[01m[Kmessage_filters::MessageEvent<M>::MessageEvent(const message_filters::MessageEvent<typename std::remove_const<_Tp>::type>&) [with M = const lgsvl_msgs::msg::Detection3DArray_<std::allocator<void> >; typename std::remove_const<_Tp>::type = lgsvl_msgs::msg::Detection3DArray_<std::allocator<void> >][m[K’
[5.720s]    88 |   [01;36m[KMessageEvent[m[K(const MessageEvent<Message>& rhs)
[5.720s]       |   [01;36m[K^~~~~~~~~~~~[m[K
[5.720s] [01m[K/opt/ros/foxy/include/message_filters/message_event.h:88:3:[m[K [01;36m[Knote: [m[K  candidate expects 1 argument, 2 provided
[5.720s] [01m[K/opt/ros/foxy/include/message_filters/message_event.h:84:3:[m[K [01;36m[Knote: [m[Kcandidate: ‘[01m[Kmessage_filters::MessageEvent<M>::MessageEvent() [with M = const lgsvl_msgs::msg::Detection3DArray_<std::allocator<void> >][m[K’
[5.720s]    84 |   [01;36m[KMessageEvent[m[K()
[5.720s]       |   [01;36m[K^~~~~~~~~~~~[m[K
[5.720s] [01m[K/opt/ros/foxy/include/message_filters/message_event.h:84:3:[m[K [01;36m[Knote: [m[K  candidate expects 0 arguments, 2 provided
[5.720s] In file included from [01m[K/opt/ros/foxy/include/message_filters/simple_filter.h:43[m[K,
[5.720s]                  from [01m[K/opt/ros/foxy/include/message_filters/subscriber.h:41[m[K,
[5.720s]                  from [01m[K/home/cl4y3r/VDS/autodriving/src/msg_subpub.cpp:5[m[K:
[5.720s] /opt/ros/foxy/include/message_filters/signal1.h: In instantiation of ‘[01m[Kvoid message_filters::CallbackHelper1T<P, M>::call(const message_filters::MessageEvent<const M>&, bool) [with P = const message_filters::MessageEvent<const sensor_msgs::msg::Imu_<std::allocator<void> > >&; M = lgsvl_msgs::msg::Detection3DArray_<std::allocator<void> >][m[K’:
[5.721s] [01m[K/opt/ros/foxy/include/message_filters/signal1.h:71:16:[m[K   required from here
[5.721s] [01m[K/opt/ros/foxy/include/message_filters/signal1.h:73:11:[m[K [01;31m[Kerror: [m[Kno matching function for call to ‘[01m[Kmessage_filters::MessageEvent<const sensor_msgs::msg::Imu_<std::allocator<void> > >::MessageEvent(const message_filters::MessageEvent<const lgsvl_msgs::msg::Detection3DArray_<std::allocator<void> > >&, bool)[m[K’
[5.721s]    73 |     Event [01;31m[Kmy_event[m[K(event, nonconst_force_copy || event.nonConstWillCopy());
[5.721s]       |           [01;31m[K^~~~~~~~[m[K
[5.721s] In file included from [01m[K/opt/ros/foxy/include/message_filters/signal1.h:42[m[K,
[5.721s]                  from [01m[K/opt/ros/foxy/include/message_filters/simple_filter.h:43[m[K,
[5.721s]                  from [01m[K/opt/ros/foxy/include/message_filters/subscriber.h:41[m[K,
[5.721s]                  from [01m[K/home/cl4y3r/VDS/autodriving/src/msg_subpub.cpp:5[m[K:
[5.721s] [01m[K/opt/ros/foxy/include/message_filters/message_event.h:128:3:[m[K [01;36m[Knote: [m[Kcandidate: ‘[01m[Kmessage_filters::MessageEvent<M>::MessageEvent(const ConstMessagePtr&, rclcpp::Time, bool, const CreateFunction&) [with M = const sensor_msgs::msg::Imu_<std::allocator<void> >; message_filters::MessageEvent<M>::ConstMessagePtr = std::shared_ptr<const sensor_msgs::msg::Imu_<std::allocator<void> > >; typename std::add_const<M>::type = const sensor_msgs::msg::Imu_<std::allocator<void> >; message_filters::MessageEvent<M>::CreateFunction = std::function<std::shared_ptr<sensor_msgs::msg::Imu_<std::allocator<void> > >()>; typename std::remove_const<_Tp>::type = sensor_msgs::msg::Imu_<std::allocator<void> >][m[K’
[5.721s]   128 |   [01;36m[KMessageEvent[m[K(const ConstMessagePtr& message, rclcpp::Time receipt_time, bool nonconst_need_copy, const CreateFunction& create)
[5.721s]       |   [01;36m[K^~~~~~~~~~~~[m[K
[5.721s] [01m[K/opt/ros/foxy/include/message_filters/message_event.h:128:3:[m[K [01;36m[Knote: [m[K  candidate expects 4 arguments, 2 provided
[5.722s] [01m[K/opt/ros/foxy/include/message_filters/message_event.h:123:3:[m[K [01;36m[Knote: [m[Kcandidate: ‘[01m[Kmessage_filters::MessageEvent<M>::MessageEvent(const ConstMessagePtr&, rclcpp::Time) [with M = const sensor_msgs::msg::Imu_<std::allocator<void> >; message_filters::MessageEvent<M>::ConstMessagePtr = std::shared_ptr<const sensor_msgs::msg::Imu_<std::allocator<void> > >; typename std::add_const<M>::type = const sensor_msgs::msg::Imu_<std::allocator<void> >][m[K’
[5.722s]   123 |   [01;36m[KMessageEvent[m[K(const ConstMessagePtr& message, rclcpp::Time receipt_time)
[5.722s]       |   [01;36m[K^~~~~~~~~~~~[m[K
[5.722s] [01m[K/opt/ros/foxy/include/message_filters/message_event.h:123:39:[m[K [01;36m[Knote: [m[K  no known conversion for argument 1 from ‘[01m[Kconst message_filters::MessageEvent<const lgsvl_msgs::msg::Detection3DArray_<std::allocator<void> > >[m[K’ to ‘[01m[Kconst ConstMessagePtr&[m[K’ {aka ‘[01m[Kconst std::shared_ptr<const sensor_msgs::msg::Imu_<std::allocator<void> > >&[m[K’}
[5.722s]   123 |   MessageEvent([01;36m[Kconst ConstMessagePtr& message[m[K, rclcpp::Time receipt_time)
[5.722s]       |                [01;36m[K~~~~~~~~~~~~~~~~~~~~~~~^~~~~~~[m[K
[5.722s] [01m[K/opt/ros/foxy/include/message_filters/message_event.h:118:3:[m[K [01;36m[Knote: [m[Kcandidate: ‘[01m[Kmessage_filters::MessageEvent<M>::MessageEvent(const ConstMessagePtr&) [with M = const sensor_msgs::msg::Imu_<std::allocator<void> >; message_filters::MessageEvent<M>::ConstMessagePtr = std::shared_ptr<const sensor_msgs::msg::Imu_<std::allocator<void> > >; typename std::add_const<M>::type = const sensor_msgs::msg::Imu_<std::allocator<void> >][m[K’
[5.722s]   118 |   [01;36m[KMessageEvent[m[K(const ConstMessagePtr& message)
[5.722s]       |   [01;36m[K^~~~~~~~~~~~[m[K
[5.722s] [01m[K/opt/ros/foxy/include/message_filters/message_event.h:118:3:[m[K [01;36m[Knote: [m[K  candidate expects 1 argument, 2 provided
[5.722s] [01m[K/opt/ros/foxy/include/message_filters/message_event.h:110:3:[m[K [01;36m[Knote: [m[Kcandidate: ‘[01m[Kmessage_filters::MessageEvent<M>::MessageEvent(const message_filters::MessageEvent<const void>&, const CreateFunction&) [with M = const sensor_msgs::msg::Imu_<std::allocator<void> >; message_filters::MessageEvent<M>::CreateFunction = std::function<std::shared_ptr<sensor_msgs::msg::Imu_<std::allocator<void> > >()>; typename std::remove_const<_Tp>::type = sensor_msgs::msg::Imu_<std::allocator<void> >][m[K’
[5.722s]   110 |   [01;36m[KMessageEvent[m[K(const MessageEvent<void const>& rhs, const CreateFunction& create)
[5.723s]       |   [01;36m[K^~~~~~~~~~~~[m[K
[5.723s] [01m[K/opt/ros/foxy/include/message_filters/message_event.h:110:48:[m[K [01;36m[Knote: [m[K  no known conversion for argument 1 from ‘[01m[Kconst message_filters::MessageEvent<const lgsvl_msgs::msg::Detection3DArray_<std::allocator<void> > >[m[K’ to ‘[01m[Kconst message_filters::MessageEvent<const void>&[m[K’
[5.723s]   110 |   MessageEvent([01;36m[Kconst MessageEvent<void const>& rhs[m[K, const CreateFunction& create)
[5.723s]       |                [01;36m[K~~~~~~~~~~~~~~~~~~~~~~~~~~~~~~~~^~~[m[K
[5.723s] [01m[K/opt/ros/foxy/include/message_filters/message_event.h:104:3:[m[K [01;36m[Knote: [m[Kcandidate: ‘[01m[Kmessage_filters::MessageEvent<M>::MessageEvent(const message_filters::MessageEvent<typename std::add_const<M>::type>&, bool) [with M = const sensor_msgs::msg::Imu_<std::allocator<void> >; typename std::add_const<M>::type = const sensor_msgs::msg::Imu_<std::allocator<void> >][m[K’
[5.723s]   104 |   [01;36m[KMessageEvent[m[K(const MessageEvent<ConstMessage>& rhs, bool nonconst_need_copy)
[5.723s]       |   [01;36m[K^~~~~~~~~~~~[m[K
[5.723s] [01m[K/opt/ros/foxy/include/message_filters/message_event.h:104:50:[m[K [01;36m[Knote: [m[K  no known conversion for argument 1 from ‘[01m[Kconst message_filters::MessageEvent<const lgsvl_msgs::msg::Detection3DArray_<std::allocator<void> > >[m[K’ to ‘[01m[Kconst message_filters::MessageEvent<const sensor_msgs::msg::Imu_<std::allocator<void> > >&[m[K’
[5.723s]   104 |   MessageEvent([01;36m[Kconst MessageEvent<ConstMessage>& rhs[m[K, bool nonconst_need_copy)
[5.723s]       |                [01;36m[K~~~~~~~~~~~~~~~~~~~~~~~~~~~~~~~~~~^~~[m[K
[5.723s] [01m[K/opt/ros/foxy/include/message_filters/message_event.h:98:3:[m[K [01;36m[Knote: [m[Kcandidate: ‘[01m[Kmessage_filters::MessageEvent<M>::MessageEvent(const message_filters::MessageEvent<typename std::remove_const<_Tp>::type>&, bool) [with M = const sensor_msgs::msg::Imu_<std::allocator<void> >; typename std::remove_const<_Tp>::type = sensor_msgs::msg::Imu_<std::allocator<void> >][m[K’
[5.724s]    98 |   [01;36m[KMessageEvent[m[K(const MessageEvent<Message>& rhs, bool nonconst_need_copy)
[5.724s]       |   [01;36m[K^~~~~~~~~~~~[m[K
[5.724s] [01m[K/opt/ros/foxy/include/message_filters/message_event.h:98:45:[m[K [01;36m[Knote: [m[K  no known conversion for argument 1 from ‘[01m[Kconst message_filters::MessageEvent<const lgsvl_msgs::msg::Detection3DArray_<std::allocator<void> > >[m[K’ to ‘[01m[Kconst message_filters::MessageEvent<sensor_msgs::msg::Imu_<std::allocator<void> > >&[m[K’
[5.724s]    98 |   MessageEvent([01;36m[Kconst MessageEvent<Message>& rhs[m[K, bool nonconst_need_copy)
[5.724s]       |                [01;36m[K~~~~~~~~~~~~~~~~~~~~~~~~~~~~~^~~[m[K
[5.724s] [01m[K/opt/ros/foxy/include/message_filters/message_event.h:93:3:[m[K [01;36m[Knote: [m[Kcandidate: ‘[01m[Kmessage_filters::MessageEvent<M>::MessageEvent(const message_filters::MessageEvent<typename std::add_const<M>::type>&) [with M = const sensor_msgs::msg::Imu_<std::allocator<void> >; typename std::add_const<M>::type = const sensor_msgs::msg::Imu_<std::allocator<void> >][m[K’
[5.724s]    93 |   [01;36m[KMessageEvent[m[K(const MessageEvent<ConstMessage>& rhs)
[5.724s]       |   [01;36m[K^~~~~~~~~~~~[m[K
[5.724s] [01m[K/opt/ros/foxy/include/message_filters/message_event.h:93:3:[m[K [01;36m[Knote: [m[K  candidate expects 1 argument, 2 provided
[5.724s] [01m[K/opt/ros/foxy/include/message_filters/message_event.h:88:3:[m[K [01;36m[Knote: [m[Kcandidate: ‘[01m[Kmessage_filters::MessageEvent<M>::MessageEvent(const message_filters::MessageEvent<typename std::remove_const<_Tp>::type>&) [with M = const sensor_msgs::msg::Imu_<std::allocator<void> >; typename std::remove_const<_Tp>::type = sensor_msgs::msg::Imu_<std::allocator<void> >][m[K’
[5.724s]    88 |   [01;36m[KMessageEvent[m[K(const MessageEvent<Message>& rhs)
[5.725s]       |   [01;36m[K^~~~~~~~~~~~[m[K
[5.725s] [01m[K/opt/ros/foxy/include/message_filters/message_event.h:88:3:[m[K [01;36m[Knote: [m[K  candidate expects 1 argument, 2 provided
[5.725s] [01m[K/opt/ros/foxy/include/message_filters/message_event.h:84:3:[m[K [01;36m[Knote: [m[Kcandidate: ‘[01m[Kmessage_filters::MessageEvent<M>::MessageEvent() [with M = const sensor_msgs::msg::Imu_<std::allocator<void> >][m[K’
[5.725s]    84 |   [01;36m[KMessageEvent[m[K()
[5.725s]       |   [01;36m[K^~~~~~~~~~~~[m[K
[5.725s] [01m[K/opt/ros/foxy/include/message_filters/message_event.h:84:3:[m[K [01;36m[Knote: [m[K  candidate expects 0 arguments, 2 provided
[6.638s] make[2]: *** [CMakeFiles/main_msg.dir/build.make:63: CMakeFiles/main_msg.dir/src/msg_subpub.cpp.o] Error 1
[6.639s] make[1]: *** [CMakeFiles/Makefile2:78: CMakeFiles/main_msg.dir/all] Error 2
[6.639s] make: *** [Makefile:141: all] Error 2
[6.644s] Invoked command in '/home/cl4y3r/VDS/build/autodriving' returned '2': /usr/bin/cmake --build /home/cl4y3r/VDS/build/autodriving -- -j8 -l8
