[0.013s] Invoking command in '/home/cl4y3r/VDS/build/chassis_controller': CMAKE_PREFIX_PATH=/opt/ros/foxy /usr/bin/cmake --build /home/cl4y3r/VDS/build/chassis_controller -- -j8 -l8
[0.049s] [35m[1mScanning dependencies of target chassis_controller[0m
[0.073s] [ 50%] [32mBuilding CXX object CMakeFiles/chassis_controller.dir/src/chassis_controller.cpp.o[0m
[7.806s] [100%] [32m[1mLinking CXX executable chassis_controller[0m
[8.198s] [100%] Built target chassis_controller
[8.208s] Invoked command in '/home/cl4y3r/VDS/build/chassis_controller' returned '0': CMAKE_PREFIX_PATH=/opt/ros/foxy /usr/bin/cmake --build /home/cl4y3r/VDS/build/chassis_controller -- -j8 -l8
[8.239s] Invoking command in '/home/cl4y3r/VDS/build/chassis_controller': CMAKE_PREFIX_PATH=/opt/ros/foxy /usr/bin/cmake --install /home/cl4y3r/VDS/build/chassis_controller
[8.246s] -- Install configuration: ""
[8.246s] -- Installing: /home/cl4y3r/VDS/install/chassis_controller/lib/chassis_controller/chassis_controller
[8.249s] -- Set runtime path of "/home/cl4y3r/VDS/install/chassis_controller/lib/chassis_controller/chassis_controller" to ""
[8.249s] -- Installing: /home/cl4y3r/VDS/install/chassis_controller/share/ament_index/resource_index/package_run_dependencies/chassis_controller
[8.249s] -- Installing: /home/cl4y3r/VDS/install/chassis_controller/share/ament_index/resource_index/parent_prefix_path/chassis_controller
[8.250s] -- Installing: /home/cl4y3r/VDS/install/chassis_controller/share/chassis_controller/environment/ament_prefix_path.sh
[8.250s] -- Installing: /home/cl4y3r/VDS/install/chassis_controller/share/chassis_controller/environment/ament_prefix_path.dsv
[8.250s] -- Installing: /home/cl4y3r/VDS/install/chassis_controller/share/chassis_controller/environment/path.sh
[8.250s] -- Installing: /home/cl4y3r/VDS/install/chassis_controller/share/chassis_controller/environment/path.dsv
[8.250s] -- Installing: /home/cl4y3r/VDS/install/chassis_controller/share/chassis_controller/local_setup.bash
[8.250s] -- Installing: /home/cl4y3r/VDS/install/chassis_controller/share/chassis_controller/local_setup.sh
[8.250s] -- Installing: /home/cl4y3r/VDS/install/chassis_controller/share/chassis_controller/local_setup.zsh
[8.250s] -- Installing: /home/cl4y3r/VDS/install/chassis_controller/share/chassis_controller/local_setup.dsv
[8.250s] -- Installing: /home/cl4y3r/VDS/install/chassis_controller/share/chassis_controller/package.dsv
[8.250s] -- Installing: /home/cl4y3r/VDS/install/chassis_controller/share/ament_index/resource_index/packages/chassis_controller
[8.250s] -- Installing: /home/cl4y3r/VDS/install/chassis_controller/share/chassis_controller/cmake/chassis_controllerConfig.cmake
[8.250s] -- Installing: /home/cl4y3r/VDS/install/chassis_controller/share/chassis_controller/cmake/chassis_controllerConfig-version.cmake
[8.251s] -- Installing: /home/cl4y3r/VDS/install/chassis_controller/share/chassis_controller/package.xml
[8.253s] Invoked command in '/home/cl4y3r/VDS/build/chassis_controller' returned '0': CMAKE_PREFIX_PATH=/opt/ros/foxy /usr/bin/cmake --install /home/cl4y3r/VDS/build/chassis_controller
