[0.013s] Invoking command in '/home/cl4y3r/VDS/build/chassis_controller': CMAKE_PREFIX_PATH=${CMAKE_PREFIX_PATH}:/opt/ros/foxy /usr/bin/cmake --build /home/cl4y3r/VDS/build/chassis_controller -- -j8 -l8
[0.052s] [35m[1mScanning dependencies of target chassis_controller[0m
[0.077s] [ 50%] [32mBuilding CXX object CMakeFiles/chassis_controller.dir/src/chassis_controller.cpp.o[0m
[1.681s] [01m[K/home/cl4y3r/VDS/chassis_controller/src/chassis_controller.cpp:53:1:[m[K [01;31m[Kerror: [m[Kexpected declaration before ‘[01m[K}[m[K’ token
[1.681s]    53 | [01;31m[K}[m[K
[1.681s]       | [01;31m[K^[m[K
[1.696s] [01m[K/home/cl4y3r/VDS/chassis_controller/src/chassis_controller.cpp:[m[K In member function ‘[01m[Kdouble ChassisController::longitudinal_controller(double, double)[m[K’:
[1.696s] [01m[K/home/cl4y3r/VDS/chassis_controller/src/chassis_controller.cpp:71:58:[m[K [01;35m[Kwarning: [m[Kunused parameter ‘[01m[Kvelocity_x[m[K’ [[01;35m[K-Wunused-parameter[m[K]
[1.696s]    71 | double ChassisController::longitudinal_controller([01;35m[Kdouble velocity_x[m[K, double acc_x){
[1.696s]       |                                                   [01;35m[K~~~~~~~^~~~~~~~~~[m[K
[1.696s] [01m[K/home/cl4y3r/VDS/chassis_controller/src/chassis_controller.cpp:71:77:[m[K [01;35m[Kwarning: [m[Kunused parameter ‘[01m[Kacc_x[m[K’ [[01;35m[K-Wunused-parameter[m[K]
[1.696s]    71 | ontroller::longitudinal_controller(double velocity_x, [01;35m[Kdouble acc_x[m[K){
[1.696s]       |                                                       [01;35m[K~~~~~~~^~~~~[m[K
[1.696s] 
[1.696s] [01m[K/home/cl4y3r/VDS/chassis_controller/src/chassis_controller.cpp:[m[K In member function ‘[01m[Kdouble ChassisController::lateral_controller(double, double, double, double, double)[m[K’:
[1.696s] [01m[K/home/cl4y3r/VDS/chassis_controller/src/chassis_controller.cpp:75:53:[m[K [01;35m[Kwarning: [m[Kunused parameter ‘[01m[Kyaw[m[K’ [[01;35m[K-Wunused-parameter[m[K]
[1.696s]    75 | double ChassisController::lateral_controller([01;35m[Kdouble yaw[m[K, double yaw_rate, double pos_x, double pos_y, double velocity_x){
[1.696s]       |                                              [01;35m[K~~~~~~~^~~[m[K
[1.696s] [01m[K/home/cl4y3r/VDS/chassis_controller/src/chassis_controller.cpp:75:65:[m[K [01;35m[Kwarning: [m[Kunused parameter ‘[01m[Kyaw_rate[m[K’ [[01;35m[K-Wunused-parameter[m[K]
[1.697s]    75 | ble ChassisController::lateral_controller(double yaw, [01;35m[Kdouble yaw_rate[m[K, double pos_x, double pos_y, double velocity_x){
[1.697s]       |                                                       [01;35m[K~~~~~~~^~~~~~~~[m[K
[1.697s] 
[1.697s] [01m[K/home/cl4y3r/VDS/chassis_controller/src/chassis_controller.cpp:75:82:[m[K [01;35m[Kwarning: [m[Kunused parameter ‘[01m[Kpos_x[m[K’ [[01;35m[K-Wunused-parameter[m[K]
[1.697s]    75 | ller::lateral_controller(double yaw, double yaw_rate, [01;35m[Kdouble pos_x[m[K, double pos_y, double velocity_x){
[1.697s]       |                                                       [01;35m[K~~~~~~~^~~~~[m[K
[1.697s] 
[1.697s] [01m[K/home/cl4y3r/VDS/chassis_controller/src/chassis_controller.cpp:75:96:[m[K [01;35m[Kwarning: [m[Kunused parameter ‘[01m[Kpos_y[m[K’ [[01;35m[K-Wunused-parameter[m[K]
[1.697s]    75 | controller(double yaw, double yaw_rate, double pos_x, [01;35m[Kdouble pos_y[m[K, double velocity_x){
[1.697s]       |                                                       [01;35m[K~~~~~~~^~~~~[m[K
[1.697s] 
[1.697s] [01m[K/home/cl4y3r/VDS/chassis_controller/src/chassis_controller.cpp:75:110:[m[K [01;35m[Kwarning: [m[Kunused parameter ‘[01m[Kvelocity_x[m[K’ [[01;35m[K-Wunused-parameter[m[K]
[1.697s]    75 | er(double yaw, double yaw_rate, double pos_x, double pos_y, [01;35m[Kdouble velocity_x[m[K){
[1.697s]       |                                                             [01;35m[K~~~~~~~^~~~~~~~~~[m[K
[1.697s] 
[6.685s] make[2]: *** [CMakeFiles/chassis_controller.dir/build.make:63: CMakeFiles/chassis_controller.dir/src/chassis_controller.cpp.o] Error 1
[6.685s] make[1]: *** [CMakeFiles/Makefile2:78: CMakeFiles/chassis_controller.dir/all] Error 2
[6.686s] make: *** [Makefile:141: all] Error 2
[6.687s] Invoked command in '/home/cl4y3r/VDS/build/chassis_controller' returned '2': CMAKE_PREFIX_PATH=${CMAKE_PREFIX_PATH}:/opt/ros/foxy /usr/bin/cmake --build /home/cl4y3r/VDS/build/chassis_controller -- -j8 -l8
