[0.012s] Invoking command in '/home/cl4y3r/VDS/build/chassis_controller': CMAKE_PREFIX_PATH=${CMAKE_PREFIX_PATH}:/opt/ros/foxy /usr/bin/cmake --build /home/cl4y3r/VDS/build/chassis_controller -- -j8 -l8
[0.051s] [35m[1mScanning dependencies of target chassis_controller[0m
[0.075s] [ 50%] [32mBuilding CXX object CMakeFiles/chassis_controller.dir/src/chassis_controller.cpp.o[0m
[2.215s] [01m[K/home/cl4y3r/VDS/chassis_controller/src/chassis_controller.cpp:[m[K In member function ‘[01m[Kdouble ChassisController::longitudinal_controller(double, double)[m[K’:
[2.215s] [01m[K/home/cl4y3r/VDS/chassis_controller/src/chassis_controller.cpp:122:58:[m[K [01;35m[Kwarning: [m[Kunused parameter ‘[01m[Kvelocity_x[m[K’ [[01;35m[K-Wunused-parameter[m[K]
[2.215s]   122 | double ChassisController::longitudinal_controller([01;35m[Kdouble velocity_x[m[K, double acc_x)
[2.215s]       |                                                   [01;35m[K~~~~~~~^~~~~~~~~~[m[K
[2.216s] [01m[K/home/cl4y3r/VDS/chassis_controller/src/chassis_controller.cpp:122:77:[m[K [01;35m[Kwarning: [m[Kunused parameter ‘[01m[Kacc_x[m[K’ [[01;35m[K-Wunused-parameter[m[K]
[2.216s]   122 | ontroller::longitudinal_controller(double velocity_x, [01;35m[Kdouble acc_x[m[K)
[2.216s]       |                                                       [01;35m[K~~~~~~~^~~~~[m[K
[2.216s] 
[2.247s] [01m[K/home/cl4y3r/VDS/chassis_controller/src/chassis_controller.cpp:[m[K In member function ‘[01m[Kdouble ChassisController::lateral_controller(double, double, double, double, double, double, double, double, double, double)[m[K’:
[2.247s] [01m[K/home/cl4y3r/VDS/chassis_controller/src/chassis_controller.cpp:148:95:[m[K [01;31m[Kerror: [m[Kno match for ‘[01m[Koperator-[m[K’ (operand types are ‘[01m[Kint[m[K’ and ‘[01m[KEigen::internal::enable_if<true, const Eigen::CwiseBinaryOp<Eigen::internal::scalar_product_op<double, double>, const Eigen::CwiseNullaryOp<Eigen::internal::scalar_constant_op<double>, const Eigen::Matrix<double, -1, -1> >, const Eigen::CwiseBinaryOp<Eigen::internal::scalar_product_op<double, double>, const Eigen::Matrix<double, -1, -1>, const Eigen::Matrix<double, -1, -1> > > >::type[m[K’ {aka ‘[01m[Kconst Eigen::CwiseBinaryOp<Eigen::internal::scalar_product_op<double, double>, const Eigen::CwiseNullaryOp<Eigen::internal::scalar_constant_op<double>, const Eigen::Matrix<double, -1, -1> >, const Eigen::CwiseBinaryOp<Eigen::internal::scalar_product_op<double, double>, const Eigen::Matrix<double, -1, -1>, const Eigen::Matrix<double, -1, -1> > >[m[K’})
[2.247s]   148 | s(yaw - theta_ref) - velocity_y * sin(yaw - theta_ref)) / ([32m[K1[m[K [01;31m[K-[m[K [34m[Kkappa_ref * err_d[m[K);
[2.247s]       |                                                            [32m[K~[m[K [01;31m[K^[m[K [34m[K~~~~~~~~~~~~~~~~~[m[K
[2.247s]       |                                                            [32m[K|[m[K             [34m[K|[m[K
[2.247s]       |                                                            [32m[Kint[m[K           [34m[KEigen::internal::enable_if<true, const Eigen::CwiseBinaryOp<Eigen::internal::scalar_product_op<double, double>, const Eigen::CwiseNullaryOp<Eigen::internal::scalar_constant_op<double>, const Eigen::Matrix<double, -1, -1> >, const Eigen::CwiseBinaryOp<Eigen::internal::scalar_product_op<double, double>, const Eigen::Matrix<double, -1, -1>, const Eigen::Matrix<double, -1, -1> > > >::type {aka const Eigen::CwiseBinaryOp<Eigen::internal::scalar_product_op<double, double>, const Eigen::CwiseNullaryOp<Eigen::internal::scalar_constant_op<double>, const Eigen::Matrix<double, -1, -1> >, const Eigen::CwiseBinaryOp<Eigen::internal::scalar_product_op<double, double>, const Eigen::Matrix<double, -1, -1>, const Eigen::Matrix<double, -1, -1> > >}[m[K
[2.247s] 
[2.248s] [01m[K/home/cl4y3r/VDS/chassis_controller/src/chassis_controller.cpp:158:22:[m[K [01;31m[Kerror: [m[Kcannot convert ‘[01m[KEigen::CwiseBinaryOp<Eigen::internal::scalar_product_op<double, double>, const Eigen::Matrix<double, -1, -1>, const Eigen::Matrix<double, -1, -1> >[m[K’ to ‘[01m[KEigen::DenseCoeffsBase<Eigen::Matrix<double, -1, -1>, 1>::Scalar[m[K’ {aka ‘[01m[Kdouble[m[K’} in assignment
[2.248s]   158 |     err_state(0,0) = [01;31m[Kerr_d[m[K;
[2.248s]       |                      [01;31m[K^~~~~[m[K
[2.248s]       |                      [01;31m[K|[m[K
[2.248s]       |                      [01;31m[KEigen::CwiseBinaryOp<Eigen::internal::scalar_product_op<double, double>, const Eigen::Matrix<double, -1, -1>, const Eigen::Matrix<double, -1, -1> >[m[K
[6.216s] make[2]: *** [CMakeFiles/chassis_controller.dir/build.make:63: CMakeFiles/chassis_controller.dir/src/chassis_controller.cpp.o] Error 1
[6.217s] make[1]: *** [CMakeFiles/Makefile2:78: CMakeFiles/chassis_controller.dir/all] Error 2
[6.217s] make: *** [Makefile:141: all] Error 2
[6.219s] Invoked command in '/home/cl4y3r/VDS/build/chassis_controller' returned '2': CMAKE_PREFIX_PATH=${CMAKE_PREFIX_PATH}:/opt/ros/foxy /usr/bin/cmake --build /home/cl4y3r/VDS/build/chassis_controller -- -j8 -l8
