[0.019s] Invoking command in '/home/cl4y3r/VDS/build/chassis_controller': CMAKE_PREFIX_PATH=${CMAKE_PREFIX_PATH}:/opt/ros/foxy /usr/bin/cmake --build /home/cl4y3r/VDS/build/chassis_controller -- -j8 -l8
[0.068s] [35m[1mScanning dependencies of target chassis_controller[0m
[0.096s] [ 50%] [32mBuilding CXX object CMakeFiles/chassis_controller.dir/src/chassis_controller.cpp.o[0m
[1.784s] [01m[K/home/cl4y3r/VDS/chassis_controller/src/chassis_controller.cpp:[m[K In member function ‘[01m[Kvoid ChassisController::msg_subscriber(const ConstSharedPtr&, const ConstSharedPtr&, const ConstSharedPtr&)[m[K’:
[1.784s] [01m[K/home/cl4y3r/VDS/chassis_controller/src/chassis_controller.cpp:26:86:[m[K [01;35m[Kwarning: [m[Kunused parameter ‘[01m[Kgroundturth_msg[m[K’ [[01;35m[K-Wunused-parameter[m[K]
[1.784s]    26 |       [01;35m[Kconst lgsvl_msgs::msg::Detection3DArray::ConstSharedPtr& groundturth_msg[m[K,
[1.784s]       |       [01;35m[K~~~~~~~~~~~~~~~~~~~~~~~~~~~~~~~~~~~~~~~~~~~~~~~~~~~~~~~~~^~~~~~~~~~~~~~~[m[K
[1.784s] 
[1.784s] [01m[K/home/cl4y3r/VDS/chassis_controller/src/chassis_controller.cpp:27:80:[m[K [01;35m[Kwarning: [m[Kunused parameter ‘[01m[Kcanbus_msg[m[K’ [[01;35m[K-Wunused-parameter[m[K]
[1.784s]    27 |                  [01;35m[Kconst lgsvl_msgs::msg::CanBusData::ConstSharedPtr& canbus_msg[m[K)
[1.784s]       |                  [01;35m[K~~~~~~~~~~~~~~~~~~~~~~~~~~~~~~~~~~~~~~~~~~~~~~~~~~~^~~~~~~~~~[m[K
[1.784s] 
[3.312s] In file included from [01m[K/usr/include/boost/bind.hpp:22[m[K,
[3.312s]                  from [01m[K/home/cl4y3r/VDS/chassis_controller/include/chassis_controller/chassis_controller.hpp:3[m[K,
[3.312s]                  from [01m[K/home/cl4y3r/VDS/chassis_controller/src/chassis_controller.cpp:1[m[K:
[3.313s] /usr/include/boost/bind/bind.hpp: In instantiation of ‘[01m[Kvoid boost::_bi::list4<A1, A2, A3, A4>::operator()(boost::_bi::type<void>, F&, A&, int) [with F = boost::_mfi::mf3<void, ChassisController, const std::shared_ptr<const sensor_msgs::msg::Imu_<std::allocator<void> > >&, const std::shared_ptr<const lgsvl_msgs::msg::Detection3DArray_<std::allocator<void> > >&, const std::shared_ptr<const lgsvl_msgs::msg::CanBusData_<std::allocator<void> > >&>; A = boost::_bi::rrlist9<const std::shared_ptr<const sensor_msgs::msg::CompressedImage_<std::allocator<void> > >&, const std::shared_ptr<const sensor_msgs::msg::Imu_<std::allocator<void> > >&, const std::shared_ptr<const lgsvl_msgs::msg::Detection3DArray_<std::allocator<void> > >&, const std::shared_ptr<const lgsvl_msgs::msg::SignalArray_<std::allocator<void> > >&, const std::shared_ptr<const lgsvl_msgs::msg::CanBusData_<std::allocator<void> > >&, const std::shared_ptr<const message_filters::NullType>&, const std::shared_ptr<const message_filters::NullType>&, const std::shared_ptr<const message_filters::NullType>&, const std::shared_ptr<const message_filters::NullType>&>; A1 = boost::_bi::value<ChassisController*>; A2 = boost::arg<1>; A3 = boost::arg<2>; A4 = boost::arg<3>][m[K’:
[3.313s] [01m[K/usr/include/boost/bind/bind.hpp:1402:50:[m[K   required from ‘[01m[Kboost::_bi::bind_t<R, F, L>::result_type boost::_bi::bind_t<R, F, L>::operator()(A1&&, A2&&, A3&&, A4&&, A5&&, A6&&, A7&&, A8&&, A9&&) [with A1 = const std::shared_ptr<const sensor_msgs::msg::CompressedImage_<std::allocator<void> > >&; A2 = const std::shared_ptr<const sensor_msgs::msg::Imu_<std::allocator<void> > >&; A3 = const std::shared_ptr<const lgsvl_msgs::msg::Detection3DArray_<std::allocator<void> > >&; A4 = const std::shared_ptr<const lgsvl_msgs::msg::SignalArray_<std::allocator<void> > >&; A5 = const std::shared_ptr<const lgsvl_msgs::msg::CanBusData_<std::allocator<void> > >&; A6 = const std::shared_ptr<const message_filters::NullType>&; A7 = const std::shared_ptr<const message_filters::NullType>&; A8 = const std::shared_ptr<const message_filters::NullType>&; A9 = const std::shared_ptr<const message_filters::NullType>&; R = void; F = boost::_mfi::mf3<void, ChassisController, const std::shared_ptr<const sensor_msgs::msg::Imu_<std::allocator<void> > >&, const std::shared_ptr<const lgsvl_msgs::msg::Detection3DArray_<std::allocator<void> > >&, const std::shared_ptr<const lgsvl_msgs::msg::CanBusData_<std::allocator<void> > >&>; L = boost::_bi::list4<boost::_bi::value<ChassisController*>, boost::arg<1>, boost::arg<2>, boost::arg<3> >; boost::_bi::bind_t<R, F, L>::result_type = void][m[K’
[3.313s] [01m[K/usr/include/c++/9/bits/invoke.h:60:36:[m[K   required from ‘[01m[Kconstexpr _Res std::__invoke_impl(std::__invoke_other, _Fn&&, _Args&& ...) [with _Res = void; _Fn = boost::_bi::bind_t<void, boost::_mfi::mf3<void, ChassisController, const std::shared_ptr<const sensor_msgs::msg::Imu_<std::allocator<void> > >&, const std::shared_ptr<const lgsvl_msgs::msg::Detection3DArray_<std::allocator<void> > >&, const std::shared_ptr<const lgsvl_msgs::msg::CanBusData_<std::allocator<void> > >&>, boost::_bi::list4<boost::_bi::value<ChassisController*>, boost::arg<1>, boost::arg<2>, boost::arg<3> > >&; _Args = {const std::shared_ptr<const sensor_msgs::msg::CompressedImage_<std::allocator<void> > >&, const std::shared_ptr<const sensor_msgs::msg::Imu_<std::allocator<void> > >&, const std::shared_ptr<const lgsvl_msgs::msg::Detection3DArray_<std::allocator<void> > >&, const std::shared_ptr<const lgsvl_msgs::msg::SignalArray_<std::allocator<void> > >&, const std::shared_ptr<const lgsvl_msgs::msg::CanBusData_<std::allocator<void> > >&, const std::shared_ptr<const message_filters::NullType>&, const std::shared_ptr<const message_filters::NullType>&, const std::shared_ptr<const message_filters::NullType>&, const std::shared_ptr<const message_filters::NullType>&}][m[K’
[3.313s] [01m[K/usr/include/c++/9/bits/invoke.h:95:40:[m[K   required from ‘[01m[Kconstexpr typename std::__invoke_result<_Functor, _ArgTypes>::type std::__invoke(_Callable&&, _Args&& ...) [with _Callable = boost::_bi::bind_t<void, boost::_mfi::mf3<void, ChassisController, const std::shared_ptr<const sensor_msgs::msg::Imu_<std::allocator<void> > >&, const std::shared_ptr<const lgsvl_msgs::msg::Detection3DArray_<std::allocator<void> > >&, const std::shared_ptr<const lgsvl_msgs::msg::CanBusData_<std::allocator<void> > >&>, boost::_bi::list4<boost::_bi::value<ChassisController*>, boost::arg<1>, boost::arg<2>, boost::arg<3> > >&; _Args = {const std::shared_ptr<const sensor_msgs::msg::CompressedImage_<std::allocator<void> > >&, const std::shared_ptr<const sensor_msgs::msg::Imu_<std::allocator<void> > >&, const std::shared_ptr<const lgsvl_msgs::msg::Detection3DArray_<std::allocator<void> > >&, const std::shared_ptr<const lgsvl_msgs::msg::SignalArray_<std::allocator<void> > >&, const std::shared_ptr<const lgsvl_msgs::msg::CanBusData_<std::allocator<void> > >&, const std::shared_ptr<const message_filters::NullType>&, const std::shared_ptr<const message_filters::NullType>&, const std::shared_ptr<const message_filters::NullType>&, const std::shared_ptr<const message_filters::NullType>&}; typename std::__invoke_result<_Functor, _ArgTypes>::type = void][m[K’
[3.313s] [01m[K/usr/include/c++/9/functional:400:24:[m[K   required from ‘[01m[K_Result std::_Bind<_Functor(_Bound_args ...)>::__call(std::tuple<_Args2 ...>&&, std::_Index_tuple<_Indexes ...>) [with _Result = void; _Args = {const std::shared_ptr<const sensor_msgs::msg::CompressedImage_<std::allocator<void> > >&, const std::shared_ptr<const sensor_msgs::msg::Imu_<std::allocator<void> > >&, const std::shared_ptr<const lgsvl_msgs::msg::Detection3DArray_<std::allocator<void> > >&, const std::shared_ptr<const lgsvl_msgs::msg::SignalArray_<std::allocator<void> > >&, const std::shared_ptr<const lgsvl_msgs::msg::CanBusData_<std::allocator<void> > >&, const std::shared_ptr<const message_filters::NullType>&, const std::shared_ptr<const message_filters::NullType>&, const std::shared_ptr<const message_filters::NullType>&, const std::shared_ptr<const message_filters::NullType>&}; long unsigned int ..._Indexes = {0, 1, 2, 3, 4, 5, 6, 7, 8}; _Functor = boost::_bi::bind_t<void, boost::_mfi::mf3<void, ChassisController, const std::shared_ptr<const sensor_msgs::msg::Imu_<std::allocator<void> > >&, const std::shared_ptr<const lgsvl_msgs::msg::Detection3DArray_<std::allocator<void> > >&, const std::shared_ptr<const lgsvl_msgs::msg::CanBusData_<std::allocator<void> > >&>, boost::_bi::list4<boost::_bi::value<ChassisController*>, boost::arg<1>, boost::arg<2>, boost::arg<3> > >; _Bound_args = {std::_Placeholder<1>, std::_Placeholder<2>, std::_Placeholder<3>, std::_Placeholder<4>, std::_Placeholder<5>, std::_Placeholder<6>, std::_Placeholder<7>, std::_Placeholder<8>, std::_Placeholder<9>}][m[K’
[3.313s] [01m[K/usr/include/c++/9/functional:484:24:[m[K   required from ‘[01m[K_Result std::_Bind<_Functor(_Bound_args ...)>::operator()(_Args&& ...) [with _Args = {const std::shared_ptr<const sensor_msgs::msg::CompressedImage_<std::allocator<void> > >&, const std::shared_ptr<const sensor_msgs::msg::Imu_<std::allocator<void> > >&, const std::shared_ptr<const lgsvl_msgs::msg::Detection3DArray_<std::allocator<void> > >&, const std::shared_ptr<const lgsvl_msgs::msg::SignalArray_<std::allocator<void> > >&, const std::shared_ptr<const lgsvl_msgs::msg::CanBusData_<std::allocator<void> > >&, const std::shared_ptr<const message_filters::NullType>&, const std::shared_ptr<const message_filters::NullType>&, const std::shared_ptr<const message_filters::NullType>&, const std::shared_ptr<const message_filters::NullType>&}; _Result = void; _Functor = boost::_bi::bind_t<void, boost::_mfi::mf3<void, ChassisController, const std::shared_ptr<const sensor_msgs::msg::Imu_<std::allocator<void> > >&, const std::shared_ptr<const lgsvl_msgs::msg::Detection3DArray_<std::allocator<void> > >&, const std::shared_ptr<const lgsvl_msgs::msg::CanBusData_<std::allocator<void> > >&>, boost::_bi::list4<boost::_bi::value<ChassisController*>, boost::arg<1>, boost::arg<2>, boost::arg<3> > >; _Bound_args = {std::_Placeholder<1>, std::_Placeholder<2>, std::_Placeholder<3>, std::_Placeholder<4>, std::_Placeholder<5>, std::_Placeholder<6>, std::_Placeholder<7>, std::_Placeholder<8>, std::_Placeholder<9>}][m[K’
[3.313s] [01m[K/usr/include/c++/9/bits/std_function.h:300:37:[m[K   required from ‘[01m[Kstatic void std::_Function_handler<void(_ArgTypes ...), _Functor>::_M_invoke(const std::_Any_data&, _ArgTypes&& ...) [with _Functor = std::_Bind<boost::_bi::bind_t<void, boost::_mfi::mf3<void, ChassisController, const std::shared_ptr<const sensor_msgs::msg::Imu_<std::allocator<void> > >&, const std::shared_ptr<const lgsvl_msgs::msg::Detection3DArray_<std::allocator<void> > >&, const std::shared_ptr<const lgsvl_msgs::msg::CanBusData_<std::allocator<void> > >&>, boost::_bi::list4<boost::_bi::value<ChassisController*>, boost::arg<1>, boost::arg<2>, boost::arg<3> > >(std::_Placeholder<1>, std::_Placeholder<2>, std::_Placeholder<3>, std::_Placeholder<4>, std::_Placeholder<5>, std::_Placeholder<6>, std::_Placeholder<7>, std::_Placeholder<8>, std::_Placeholder<9>)>; _ArgTypes = {const std::shared_ptr<const sensor_msgs::msg::CompressedImage_<std::allocator<void> > >&, const std::shared_ptr<const sensor_msgs::msg::Imu_<std::allocator<void> > >&, const std::shared_ptr<const lgsvl_msgs::msg::Detection3DArray_<std::allocator<void> > >&, const std::shared_ptr<const lgsvl_msgs::msg::SignalArray_<std::allocator<void> > >&, const std::shared_ptr<const lgsvl_msgs::msg::CanBusData_<std::allocator<void> > >&, const std::shared_ptr<const message_filters::NullType>&, const std::shared_ptr<const message_filters::NullType>&, const std::shared_ptr<const message_filters::NullType>&, const std::shared_ptr<const message_filters::NullType>&}][m[K’
[3.314s] [01m[K/usr/include/c++/9/bits/std_function.h:676:19:[m[K   required from ‘[01m[Kstd::function<_Res(_ArgTypes ...)>::function(_Functor) [with _Functor = std::_Bind<boost::_bi::bind_t<void, boost::_mfi::mf3<void, ChassisController, const std::shared_ptr<const sensor_msgs::msg::Imu_<std::allocator<void> > >&, const std::shared_ptr<const lgsvl_msgs::msg::Detection3DArray_<std::allocator<void> > >&, const std::shared_ptr<const lgsvl_msgs::msg::CanBusData_<std::allocator<void> > >&>, boost::_bi::list4<boost::_bi::value<ChassisController*>, boost::arg<1>, boost::arg<2>, boost::arg<3> > >(std::_Placeholder<1>, std::_Placeholder<2>, std::_Placeholder<3>, std::_Placeholder<4>, std::_Placeholder<5>, std::_Placeholder<6>, std::_Placeholder<7>, std::_Placeholder<8>, std::_Placeholder<9>)>; <template-parameter-2-2> = void; <template-parameter-2-3> = void; _Res = void; _ArgTypes = {const std::shared_ptr<const sensor_msgs::msg::CompressedImage_<std::allocator<void> > >&, const std::shared_ptr<const sensor_msgs::msg::Imu_<std::allocator<void> > >&, const std::shared_ptr<const lgsvl_msgs::msg::Detection3DArray_<std::allocator<void> > >&, const std::shared_ptr<const lgsvl_msgs::msg::SignalArray_<std::allocator<void> > >&, const std::shared_ptr<const lgsvl_msgs::msg::CanBusData_<std::allocator<void> > >&, const std::shared_ptr<const message_filters::NullType>&, const std::shared_ptr<const message_filters::NullType>&, const std::shared_ptr<const message_filters::NullType>&, const std::shared_ptr<const message_filters::NullType>&}][m[K’
[3.314s] [01m[K/opt/ros/foxy/include/message_filters/signal9.h:280:267:[m[K   required from ‘[01m[Kmessage_filters::Connection message_filters::Signal9<M0, M1, M2, M3, M4, M5, M6, M7, M8>::addCallback(C&) [with C = const boost::_bi::bind_t<void, boost::_mfi::mf3<void, ChassisController, const std::shared_ptr<const sensor_msgs::msg::Imu_<std::allocator<void> > >&, const std::shared_ptr<const lgsvl_msgs::msg::Detection3DArray_<std::allocator<void> > >&, const std::shared_ptr<const lgsvl_msgs::msg::CanBusData_<std::allocator<void> > >&>, boost::_bi::list4<boost::_bi::value<ChassisController*>, boost::arg<1>, boost::arg<2>, boost::arg<3> > >; M0 = sensor_msgs::msg::CompressedImage_<std::allocator<void> >; M1 = sensor_msgs::msg::Imu_<std::allocator<void> >; M2 = lgsvl_msgs::msg::Detection3DArray_<std::allocator<void> >; M3 = lgsvl_msgs::msg::SignalArray_<std::allocator<void> >; M4 = lgsvl_msgs::msg::CanBusData_<std::allocator<void> >; M5 = message_filters::NullType; M6 = message_filters::NullType; M7 = message_filters::NullType; M8 = message_filters::NullType][m[K’
[3.314s] [01m[K/opt/ros/foxy/include/message_filters/synchronizer.h:298:40:[m[K   required from ‘[01m[Kmessage_filters::Connection message_filters::Synchronizer<Policy>::registerCallback(const C&) [with C = boost::_bi::bind_t<void, boost::_mfi::mf3<void, ChassisController, const std::shared_ptr<const sensor_msgs::msg::Imu_<std::allocator<void> > >&, const std::shared_ptr<const lgsvl_msgs::msg::Detection3DArray_<std::allocator<void> > >&, const std::shared_ptr<const lgsvl_msgs::msg::CanBusData_<std::allocator<void> > >&>, boost::_bi::list4<boost::_bi::value<ChassisController*>, boost::arg<1>, boost::arg<2>, boost::arg<3> > >; Policy = message_filters::sync_policies::ApproximateTime<sensor_msgs::msg::CompressedImage_<std::allocator<void> >, sensor_msgs::msg::Imu_<std::allocator<void> >, lgsvl_msgs::msg::Detection3DArray_<std::allocator<void> >, lgsvl_msgs::msg::SignalArray_<std::allocator<void> >, lgsvl_msgs::msg::CanBusData_<std::allocator<void> > >][m[K’
[3.314s] [01m[K/home/cl4y3r/VDS/chassis_controller/src/chassis_controller.cpp:10:95:[m[K   required from here
[3.314s] [01m[K/usr/include/boost/bind/bind.hpp:463:35:[m[K [01;31m[Kerror: [m[Kno match for call to ‘[01m[K(boost::_mfi::mf3<void, ChassisController, const std::shared_ptr<const sensor_msgs::msg::Imu_<std::allocator<void> > >&, const std::shared_ptr<const lgsvl_msgs::msg::Detection3DArray_<std::allocator<void> > >&, const std::shared_ptr<const lgsvl_msgs::msg::CanBusData_<std::allocator<void> > >&>) (ChassisController*&, const std::shared_ptr<const sensor_msgs::msg::CompressedImage_<std::allocator<void> > >&, const std::shared_ptr<const sensor_msgs::msg::Imu_<std::allocator<void> > >&, const std::shared_ptr<const lgsvl_msgs::msg::Detection3DArray_<std::allocator<void> > >&)[m[K’
[3.314s]   463 |         [01;31m[Kunwrapper<F>::unwrap(f, 0)(a[base_type::a1_], a[base_type::a2_], a[base_type::a3_], a[base_type::a4_])[m[K;
[3.314s]       |         [01;31m[K~~~~~~~~~~~~~~~~~~~~~~~~~~^~~~~~~~~~~~~~~~~~~~~~~~~~~~~~~~~~~~~~~~~~~~~~~~~~~~~~~~~~~~~~~~~~~~~~~~~~~~[m[K
[3.314s] In file included from [01m[K/usr/include/boost/bind/mem_fn.hpp:215[m[K,
[3.314s]                  from [01m[K/usr/include/boost/mem_fn.hpp:22[m[K,
[3.314s]                  from [01m[K/usr/include/boost/bind/bind.hpp:26[m[K,
[3.314s]                  from [01m[K/usr/include/boost/bind.hpp:22[m[K,
[3.315s]                  from [01m[K/home/cl4y3r/VDS/chassis_controller/include/chassis_controller/chassis_controller.hpp:3[m[K,
[3.315s]                  from [01m[K/home/cl4y3r/VDS/chassis_controller/src/chassis_controller.cpp:1[m[K:
[3.315s] [01m[K/usr/include/boost/bind/mem_fn_template.hpp:391:7:[m[K [01;36m[Knote: [m[Kcandidate: ‘[01m[KR boost::_mfi::mf3<R, T, A1, A2, A3>::operator()(T*, A1, A2, A3) const [with R = void; T = ChassisController; A1 = const std::shared_ptr<const sensor_msgs::msg::Imu_<std::allocator<void> > >&; A2 = const std::shared_ptr<const lgsvl_msgs::msg::Detection3DArray_<std::allocator<void> > >&; A3 = const std::shared_ptr<const lgsvl_msgs::msg::CanBusData_<std::allocator<void> > >&][m[K’
[3.315s]   391 |     R [01;36m[Koperator[m[K()(T * p, A1 a1, A2 a2, A3 a3) const
[3.315s]       |       [01;36m[K^~~~~~~~[m[K
[3.315s] [01m[K/usr/include/boost/bind/mem_fn_template.hpp:391:28:[m[K [01;36m[Knote: [m[K  no known conversion for argument 2 from ‘[01m[Kconst std::shared_ptr<const sensor_msgs::msg::CompressedImage_<std::allocator<void> > >[m[K’ to ‘[01m[Kconst std::shared_ptr<const sensor_msgs::msg::Imu_<std::allocator<void> > >&[m[K’
[3.315s]   391 |     R operator()(T * p, [01;36m[KA1 a1[m[K, A2 a2, A3 a3) const
[3.315s]       |                         [01;36m[K~~~^~[m[K
[3.315s] [01m[K/usr/include/boost/bind/mem_fn_template.hpp:396:25:[m[K [01;36m[Knote: [m[Kcandidate: ‘[01m[Ktemplate<class U> R boost::_mfi::mf3<R, T, A1, A2, A3>::operator()(U&, A1, A2, A3) const [with U = U; R = void; T = ChassisController; A1 = const std::shared_ptr<const sensor_msgs::msg::Imu_<std::allocator<void> > >&; A2 = const std::shared_ptr<const lgsvl_msgs::msg::Detection3DArray_<std::allocator<void> > >&; A3 = const std::shared_ptr<const lgsvl_msgs::msg::CanBusData_<std::allocator<void> > >&][m[K’
[3.315s]   396 |     template<class U> R [01;36m[Koperator[m[K()(U & u, A1 a1, A2 a2, A3 a3) const
[3.315s]       |                         [01;36m[K^~~~~~~~[m[K
[3.316s] [01m[K/usr/include/boost/bind/mem_fn_template.hpp:396:25:[m[K [01;36m[Knote: [m[K  template argument deduction/substitution failed:
[3.316s] In file included from [01m[K/usr/include/boost/bind.hpp:22[m[K,
[3.316s]                  from [01m[K/home/cl4y3r/VDS/chassis_controller/include/chassis_controller/chassis_controller.hpp:3[m[K,
[3.316s]                  from [01m[K/home/cl4y3r/VDS/chassis_controller/src/chassis_controller.cpp:1[m[K:
[3.316s] [01m[K/usr/include/boost/bind/bind.hpp:463:35:[m[K [01;36m[Knote: [m[K  cannot convert ‘[01m[K(& a)->boost::_bi::rrlist9<const std::shared_ptr<const sensor_msgs::msg::CompressedImage_<std::allocator<void> > >&, const std::shared_ptr<const sensor_msgs::msg::Imu_<std::allocator<void> > >&, const std::shared_ptr<const lgsvl_msgs::msg::Detection3DArray_<std::allocator<void> > >&, const std::shared_ptr<const lgsvl_msgs::msg::SignalArray_<std::allocator<void> > >&, const std::shared_ptr<const lgsvl_msgs::msg::CanBusData_<std::allocator<void> > >&, const std::shared_ptr<const message_filters::NullType>&, const std::shared_ptr<const message_filters::NullType>&, const std::shared_ptr<const message_filters::NullType>&, const std::shared_ptr<const message_filters::NullType>&>::operator[](boost::_bi::storage2<boost::_bi::value<ChassisController*>, boost::arg<1> >::a2_)[m[K’ (type ‘[01m[Kconst std::shared_ptr<const sensor_msgs::msg::CompressedImage_<std::allocator<void> > >[m[K’) to type ‘[01m[Kconst std::shared_ptr<const sensor_msgs::msg::Imu_<std::allocator<void> > >&[m[K’
[3.316s]   463 |         [01;36m[Kunwrapper<F>::unwrap(f, 0)(a[base_type::a1_], a[base_type::a2_], a[base_type::a3_], a[base_type::a4_])[m[K;
[3.316s]       |         [01;36m[K~~~~~~~~~~~~~~~~~~~~~~~~~~^~~~~~~~~~~~~~~~~~~~~~~~~~~~~~~~~~~~~~~~~~~~~~~~~~~~~~~~~~~~~~~~~~~~~~~~~~~~[m[K
[3.316s] In file included from [01m[K/usr/include/boost/bind/mem_fn.hpp:215[m[K,
[3.316s]                  from [01m[K/usr/include/boost/mem_fn.hpp:22[m[K,
[3.316s]                  from [01m[K/usr/include/boost/bind/bind.hpp:26[m[K,
[3.316s]                  from [01m[K/usr/include/boost/bind.hpp:22[m[K,
[3.317s]                  from [01m[K/home/cl4y3r/VDS/chassis_controller/include/chassis_controller/chassis_controller.hpp:3[m[K,
[3.317s]                  from [01m[K/home/cl4y3r/VDS/chassis_controller/src/chassis_controller.cpp:1[m[K:
[3.317s] [01m[K/usr/include/boost/bind/mem_fn_template.hpp:404:25:[m[K [01;36m[Knote: [m[Kcandidate: ‘[01m[Ktemplate<class U> R boost::_mfi::mf3<R, T, A1, A2, A3>::operator()(const U&, A1, A2, A3) const [with U = U; R = void; T = ChassisController; A1 = const std::shared_ptr<const sensor_msgs::msg::Imu_<std::allocator<void> > >&; A2 = const std::shared_ptr<const lgsvl_msgs::msg::Detection3DArray_<std::allocator<void> > >&; A3 = const std::shared_ptr<const lgsvl_msgs::msg::CanBusData_<std::allocator<void> > >&][m[K’
[3.317s]   404 |     template<class U> R [01;36m[Koperator[m[K()(U const & u, A1 a1, A2 a2, A3 a3) const
[3.317s]       |                         [01;36m[K^~~~~~~~[m[K
[3.317s] [01m[K/usr/include/boost/bind/mem_fn_template.hpp:404:25:[m[K [01;36m[Knote: [m[K  template argument deduction/substitution failed:
[3.317s] In file included from [01m[K/usr/include/boost/bind.hpp:22[m[K,
[3.317s]                  from [01m[K/home/cl4y3r/VDS/chassis_controller/include/chassis_controller/chassis_controller.hpp:3[m[K,
[3.317s]                  from [01m[K/home/cl4y3r/VDS/chassis_controller/src/chassis_controller.cpp:1[m[K:
[3.317s] [01m[K/usr/include/boost/bind/bind.hpp:463:35:[m[K [01;36m[Knote: [m[K  cannot convert ‘[01m[K(& a)->boost::_bi::rrlist9<const std::shared_ptr<const sensor_msgs::msg::CompressedImage_<std::allocator<void> > >&, const std::shared_ptr<const sensor_msgs::msg::Imu_<std::allocator<void> > >&, const std::shared_ptr<const lgsvl_msgs::msg::Detection3DArray_<std::allocator<void> > >&, const std::shared_ptr<const lgsvl_msgs::msg::SignalArray_<std::allocator<void> > >&, const std::shared_ptr<const lgsvl_msgs::msg::CanBusData_<std::allocator<void> > >&, const std::shared_ptr<const message_filters::NullType>&, const std::shared_ptr<const message_filters::NullType>&, const std::shared_ptr<const message_filters::NullType>&, const std::shared_ptr<const message_filters::NullType>&>::operator[](boost::_bi::storage2<boost::_bi::value<ChassisController*>, boost::arg<1> >::a2_)[m[K’ (type ‘[01m[Kconst std::shared_ptr<const sensor_msgs::msg::CompressedImage_<std::allocator<void> > >[m[K’) to type ‘[01m[Kconst std::shared_ptr<const sensor_msgs::msg::Imu_<std::allocator<void> > >&[m[K’
[3.318s]   463 |         [01;36m[Kunwrapper<F>::unwrap(f, 0)(a[base_type::a1_], a[base_type::a2_], a[base_type::a3_], a[base_type::a4_])[m[K;
[3.318s]       |         [01;36m[K~~~~~~~~~~~~~~~~~~~~~~~~~~^~~~~~~~~~~~~~~~~~~~~~~~~~~~~~~~~~~~~~~~~~~~~~~~~~~~~~~~~~~~~~~~~~~~~~~~~~~~[m[K
[3.318s] In file included from [01m[K/usr/include/boost/bind/mem_fn.hpp:215[m[K,
[3.318s]                  from [01m[K/usr/include/boost/mem_fn.hpp:22[m[K,
[3.318s]                  from [01m[K/usr/include/boost/bind/bind.hpp:26[m[K,
[3.318s]                  from [01m[K/usr/include/boost/bind.hpp:22[m[K,
[3.318s]                  from [01m[K/home/cl4y3r/VDS/chassis_controller/include/chassis_controller/chassis_controller.hpp:3[m[K,
[3.318s]                  from [01m[K/home/cl4y3r/VDS/chassis_controller/src/chassis_controller.cpp:1[m[K:
[3.318s] [01m[K/usr/include/boost/bind/mem_fn_template.hpp:412:7:[m[K [01;36m[Knote: [m[Kcandidate: ‘[01m[KR boost::_mfi::mf3<R, T, A1, A2, A3>::operator()(T&, A1, A2, A3) const [with R = void; T = ChassisController; A1 = const std::shared_ptr<const sensor_msgs::msg::Imu_<std::allocator<void> > >&; A2 = const std::shared_ptr<const lgsvl_msgs::msg::Detection3DArray_<std::allocator<void> > >&; A3 = const std::shared_ptr<const lgsvl_msgs::msg::CanBusData_<std::allocator<void> > >&][m[K’
[3.318s]   412 |     R [01;36m[Koperator[m[K()(T & t, A1 a1, A2 a2, A3 a3) const
[3.319s]       |       [01;36m[K^~~~~~~~[m[K
[3.319s] [01m[K/usr/include/boost/bind/mem_fn_template.hpp:412:22:[m[K [01;36m[Knote: [m[K  no known conversion for argument 1 from ‘[01m[KChassisController*[m[K’ to ‘[01m[KChassisController&[m[K’
[3.319s]   412 |     R operator()([01;36m[KT & t[m[K, A1 a1, A2 a2, A3 a3) const
[3.319s]       |                  [01;36m[K~~~~^[m[K
[5.204s] In file included from [01m[K/opt/ros/foxy/include/message_filters/simple_filter.h:43[m[K,
[5.205s]                  from [01m[K/opt/ros/foxy/include/message_filters/subscriber.h:41[m[K,
[5.208s]                  from [01m[K/home/cl4y3r/VDS/chassis_controller/include/chassis_controller/chassis_controller.hpp:5[m[K,
[5.208s]                  from [01m[K/home/cl4y3r/VDS/chassis_controller/src/chassis_controller.cpp:1[m[K:
[5.208s] /opt/ros/foxy/include/message_filters/signal1.h: In instantiation of ‘[01m[Kvoid message_filters::CallbackHelper1T<P, M>::call(const message_filters::MessageEvent<const M>&, bool) [with P = const message_filters::MessageEvent<const lgsvl_msgs::msg::Detection3DArray_<std::allocator<void> > >&; M = lgsvl_msgs::msg::CanBusData_<std::allocator<void> >][m[K’:
[5.208s] [01m[K/opt/ros/foxy/include/message_filters/signal1.h:71:16:[m[K   required from here
[5.208s] [01m[K/opt/ros/foxy/include/message_filters/signal1.h:73:11:[m[K [01;31m[Kerror: [m[Kno matching function for call to ‘[01m[Kmessage_filters::MessageEvent<const lgsvl_msgs::msg::Detection3DArray_<std::allocator<void> > >::MessageEvent(const message_filters::MessageEvent<const lgsvl_msgs::msg::CanBusData_<std::allocator<void> > >&, bool)[m[K’
[5.208s]    73 |     Event [01;31m[Kmy_event[m[K(event, nonconst_force_copy || event.nonConstWillCopy());
[5.208s]       |           [01;31m[K^~~~~~~~[m[K
[5.208s] In file included from [01m[K/opt/ros/foxy/include/message_filters/signal1.h:42[m[K,
[5.209s]                  from [01m[K/opt/ros/foxy/include/message_filters/simple_filter.h:43[m[K,
[5.209s]                  from [01m[K/opt/ros/foxy/include/message_filters/subscriber.h:41[m[K,
[5.209s]                  from [01m[K/home/cl4y3r/VDS/chassis_controller/include/chassis_controller/chassis_controller.hpp:5[m[K,
[5.209s]                  from [01m[K/home/cl4y3r/VDS/chassis_controller/src/chassis_controller.cpp:1[m[K:
[5.209s] [01m[K/opt/ros/foxy/include/message_filters/message_event.h:128:3:[m[K [01;36m[Knote: [m[Kcandidate: ‘[01m[Kmessage_filters::MessageEvent<M>::MessageEvent(const ConstMessagePtr&, rclcpp::Time, bool, const CreateFunction&) [with M = const lgsvl_msgs::msg::Detection3DArray_<std::allocator<void> >; message_filters::MessageEvent<M>::ConstMessagePtr = std::shared_ptr<const lgsvl_msgs::msg::Detection3DArray_<std::allocator<void> > >; typename std::add_const<M>::type = const lgsvl_msgs::msg::Detection3DArray_<std::allocator<void> >; message_filters::MessageEvent<M>::CreateFunction = std::function<std::shared_ptr<lgsvl_msgs::msg::Detection3DArray_<std::allocator<void> > >()>; typename std::remove_const<_Tp>::type = lgsvl_msgs::msg::Detection3DArray_<std::allocator<void> >][m[K’
[5.209s]   128 |   [01;36m[KMessageEvent[m[K(const ConstMessagePtr& message, rclcpp::Time receipt_time, bool nonconst_need_copy, const CreateFunction& create)
[5.209s]       |   [01;36m[K^~~~~~~~~~~~[m[K
[5.209s] [01m[K/opt/ros/foxy/include/message_filters/message_event.h:128:3:[m[K [01;36m[Knote: [m[K  candidate expects 4 arguments, 2 provided
[5.209s] [01m[K/opt/ros/foxy/include/message_filters/message_event.h:123:3:[m[K [01;36m[Knote: [m[Kcandidate: ‘[01m[Kmessage_filters::MessageEvent<M>::MessageEvent(const ConstMessagePtr&, rclcpp::Time) [with M = const lgsvl_msgs::msg::Detection3DArray_<std::allocator<void> >; message_filters::MessageEvent<M>::ConstMessagePtr = std::shared_ptr<const lgsvl_msgs::msg::Detection3DArray_<std::allocator<void> > >; typename std::add_const<M>::type = const lgsvl_msgs::msg::Detection3DArray_<std::allocator<void> >][m[K’
[5.209s]   123 |   [01;36m[KMessageEvent[m[K(const ConstMessagePtr& message, rclcpp::Time receipt_time)
[5.210s]       |   [01;36m[K^~~~~~~~~~~~[m[K
[5.210s] [01m[K/opt/ros/foxy/include/message_filters/message_event.h:123:39:[m[K [01;36m[Knote: [m[K  no known conversion for argument 1 from ‘[01m[Kconst message_filters::MessageEvent<const lgsvl_msgs::msg::CanBusData_<std::allocator<void> > >[m[K’ to ‘[01m[Kconst ConstMessagePtr&[m[K’ {aka ‘[01m[Kconst std::shared_ptr<const lgsvl_msgs::msg::Detection3DArray_<std::allocator<void> > >&[m[K’}
[5.210s]   123 |   MessageEvent([01;36m[Kconst ConstMessagePtr& message[m[K, rclcpp::Time receipt_time)
[5.210s]       |                [01;36m[K~~~~~~~~~~~~~~~~~~~~~~~^~~~~~~[m[K
[5.210s] [01m[K/opt/ros/foxy/include/message_filters/message_event.h:118:3:[m[K [01;36m[Knote: [m[Kcandidate: ‘[01m[Kmessage_filters::MessageEvent<M>::MessageEvent(const ConstMessagePtr&) [with M = const lgsvl_msgs::msg::Detection3DArray_<std::allocator<void> >; message_filters::MessageEvent<M>::ConstMessagePtr = std::shared_ptr<const lgsvl_msgs::msg::Detection3DArray_<std::allocator<void> > >; typename std::add_const<M>::type = const lgsvl_msgs::msg::Detection3DArray_<std::allocator<void> >][m[K’
[5.210s]   118 |   [01;36m[KMessageEvent[m[K(const ConstMessagePtr& message)
[5.210s]       |   [01;36m[K^~~~~~~~~~~~[m[K
[5.210s] [01m[K/opt/ros/foxy/include/message_filters/message_event.h:118:3:[m[K [01;36m[Knote: [m[K  candidate expects 1 argument, 2 provided
[5.210s] [01m[K/opt/ros/foxy/include/message_filters/message_event.h:110:3:[m[K [01;36m[Knote: [m[Kcandidate: ‘[01m[Kmessage_filters::MessageEvent<M>::MessageEvent(const message_filters::MessageEvent<const void>&, const CreateFunction&) [with M = const lgsvl_msgs::msg::Detection3DArray_<std::allocator<void> >; message_filters::MessageEvent<M>::CreateFunction = std::function<std::shared_ptr<lgsvl_msgs::msg::Detection3DArray_<std::allocator<void> > >()>; typename std::remove_const<_Tp>::type = lgsvl_msgs::msg::Detection3DArray_<std::allocator<void> >][m[K’
[5.210s]   110 |   [01;36m[KMessageEvent[m[K(const MessageEvent<void const>& rhs, const CreateFunction& create)
[5.211s]       |   [01;36m[K^~~~~~~~~~~~[m[K
[5.211s] [01m[K/opt/ros/foxy/include/message_filters/message_event.h:110:48:[m[K [01;36m[Knote: [m[K  no known conversion for argument 1 from ‘[01m[Kconst message_filters::MessageEvent<const lgsvl_msgs::msg::CanBusData_<std::allocator<void> > >[m[K’ to ‘[01m[Kconst message_filters::MessageEvent<const void>&[m[K’
[5.211s]   110 |   MessageEvent([01;36m[Kconst MessageEvent<void const>& rhs[m[K, const CreateFunction& create)
[5.211s]       |                [01;36m[K~~~~~~~~~~~~~~~~~~~~~~~~~~~~~~~~^~~[m[K
[5.211s] [01m[K/opt/ros/foxy/include/message_filters/message_event.h:104:3:[m[K [01;36m[Knote: [m[Kcandidate: ‘[01m[Kmessage_filters::MessageEvent<M>::MessageEvent(const message_filters::MessageEvent<typename std::add_const<M>::type>&, bool) [with M = const lgsvl_msgs::msg::Detection3DArray_<std::allocator<void> >; typename std::add_const<M>::type = const lgsvl_msgs::msg::Detection3DArray_<std::allocator<void> >][m[K’
[5.211s]   104 |   [01;36m[KMessageEvent[m[K(const MessageEvent<ConstMessage>& rhs, bool nonconst_need_copy)
[5.211s]       |   [01;36m[K^~~~~~~~~~~~[m[K
[5.211s] [01m[K/opt/ros/foxy/include/message_filters/message_event.h:104:50:[m[K [01;36m[Knote: [m[K  no known conversion for argument 1 from ‘[01m[Kconst message_filters::MessageEvent<const lgsvl_msgs::msg::CanBusData_<std::allocator<void> > >[m[K’ to ‘[01m[Kconst message_filters::MessageEvent<const lgsvl_msgs::msg::Detection3DArray_<std::allocator<void> > >&[m[K’
[5.211s]   104 |   MessageEvent([01;36m[Kconst MessageEvent<ConstMessage>& rhs[m[K, bool nonconst_need_copy)
[5.211s]       |                [01;36m[K~~~~~~~~~~~~~~~~~~~~~~~~~~~~~~~~~~^~~[m[K
[5.212s] [01m[K/opt/ros/foxy/include/message_filters/message_event.h:98:3:[m[K [01;36m[Knote: [m[Kcandidate: ‘[01m[Kmessage_filters::MessageEvent<M>::MessageEvent(const message_filters::MessageEvent<typename std::remove_const<_Tp>::type>&, bool) [with M = const lgsvl_msgs::msg::Detection3DArray_<std::allocator<void> >; typename std::remove_const<_Tp>::type = lgsvl_msgs::msg::Detection3DArray_<std::allocator<void> >][m[K’
[5.212s]    98 |   [01;36m[KMessageEvent[m[K(const MessageEvent<Message>& rhs, bool nonconst_need_copy)
[5.212s]       |   [01;36m[K^~~~~~~~~~~~[m[K
[5.212s] [01m[K/opt/ros/foxy/include/message_filters/message_event.h:98:45:[m[K [01;36m[Knote: [m[K  no known conversion for argument 1 from ‘[01m[Kconst message_filters::MessageEvent<const lgsvl_msgs::msg::CanBusData_<std::allocator<void> > >[m[K’ to ‘[01m[Kconst message_filters::MessageEvent<lgsvl_msgs::msg::Detection3DArray_<std::allocator<void> > >&[m[K’
[5.212s]    98 |   MessageEvent([01;36m[Kconst MessageEvent<Message>& rhs[m[K, bool nonconst_need_copy)
[5.212s]       |                [01;36m[K~~~~~~~~~~~~~~~~~~~~~~~~~~~~~^~~[m[K
[5.212s] [01m[K/opt/ros/foxy/include/message_filters/message_event.h:93:3:[m[K [01;36m[Knote: [m[Kcandidate: ‘[01m[Kmessage_filters::MessageEvent<M>::MessageEvent(const message_filters::MessageEvent<typename std::add_const<M>::type>&) [with M = const lgsvl_msgs::msg::Detection3DArray_<std::allocator<void> >; typename std::add_const<M>::type = const lgsvl_msgs::msg::Detection3DArray_<std::allocator<void> >][m[K’
[5.212s]    93 |   [01;36m[KMessageEvent[m[K(const MessageEvent<ConstMessage>& rhs)
[5.212s]       |   [01;36m[K^~~~~~~~~~~~[m[K
[5.212s] [01m[K/opt/ros/foxy/include/message_filters/message_event.h:93:3:[m[K [01;36m[Knote: [m[K  candidate expects 1 argument, 2 provided
[5.212s] [01m[K/opt/ros/foxy/include/message_filters/message_event.h:88:3:[m[K [01;36m[Knote: [m[Kcandidate: ‘[01m[Kmessage_filters::MessageEvent<M>::MessageEvent(const message_filters::MessageEvent<typename std::remove_const<_Tp>::type>&) [with M = const lgsvl_msgs::msg::Detection3DArray_<std::allocator<void> >; typename std::remove_const<_Tp>::type = lgsvl_msgs::msg::Detection3DArray_<std::allocator<void> >][m[K’
[5.213s]    88 |   [01;36m[KMessageEvent[m[K(const MessageEvent<Message>& rhs)
[5.213s]       |   [01;36m[K^~~~~~~~~~~~[m[K
[5.213s] [01m[K/opt/ros/foxy/include/message_filters/message_event.h:88:3:[m[K [01;36m[Knote: [m[K  candidate expects 1 argument, 2 provided
[5.213s] [01m[K/opt/ros/foxy/include/message_filters/message_event.h:84:3:[m[K [01;36m[Knote: [m[Kcandidate: ‘[01m[Kmessage_filters::MessageEvent<M>::MessageEvent() [with M = const lgsvl_msgs::msg::Detection3DArray_<std::allocator<void> >][m[K’
[5.213s]    84 |   [01;36m[KMessageEvent[m[K()
[5.213s]       |   [01;36m[K^~~~~~~~~~~~[m[K
[5.213s] [01m[K/opt/ros/foxy/include/message_filters/message_event.h:84:3:[m[K [01;36m[Knote: [m[K  candidate expects 0 arguments, 2 provided
[5.213s] In file included from [01m[K/opt/ros/foxy/include/message_filters/simple_filter.h:43[m[K,
[5.213s]                  from [01m[K/opt/ros/foxy/include/message_filters/subscriber.h:41[m[K,
[5.213s]                  from [01m[K/home/cl4y3r/VDS/chassis_controller/include/chassis_controller/chassis_controller.hpp:5[m[K,
[5.214s]                  from [01m[K/home/cl4y3r/VDS/chassis_controller/src/chassis_controller.cpp:1[m[K:
[5.214s] /opt/ros/foxy/include/message_filters/signal1.h: In instantiation of ‘[01m[Kvoid message_filters::CallbackHelper1T<P, M>::call(const message_filters::MessageEvent<const M>&, bool) [with P = const message_filters::MessageEvent<const sensor_msgs::msg::Imu_<std::allocator<void> > >&; M = lgsvl_msgs::msg::Detection3DArray_<std::allocator<void> >][m[K’:
[5.214s] [01m[K/opt/ros/foxy/include/message_filters/signal1.h:71:16:[m[K   required from here
[5.214s] [01m[K/opt/ros/foxy/include/message_filters/signal1.h:73:11:[m[K [01;31m[Kerror: [m[Kno matching function for call to ‘[01m[Kmessage_filters::MessageEvent<const sensor_msgs::msg::Imu_<std::allocator<void> > >::MessageEvent(const message_filters::MessageEvent<const lgsvl_msgs::msg::Detection3DArray_<std::allocator<void> > >&, bool)[m[K’
[5.214s]    73 |     Event [01;31m[Kmy_event[m[K(event, nonconst_force_copy || event.nonConstWillCopy());
[5.214s]       |           [01;31m[K^~~~~~~~[m[K
[5.214s] In file included from [01m[K/opt/ros/foxy/include/message_filters/signal1.h:42[m[K,
[5.214s]                  from [01m[K/opt/ros/foxy/include/message_filters/simple_filter.h:43[m[K,
[5.214s]                  from [01m[K/opt/ros/foxy/include/message_filters/subscriber.h:41[m[K,
[5.215s]                  from [01m[K/home/cl4y3r/VDS/chassis_controller/include/chassis_controller/chassis_controller.hpp:5[m[K,
[5.215s]                  from [01m[K/home/cl4y3r/VDS/chassis_controller/src/chassis_controller.cpp:1[m[K:
[5.215s] [01m[K/opt/ros/foxy/include/message_filters/message_event.h:128:3:[m[K [01;36m[Knote: [m[Kcandidate: ‘[01m[Kmessage_filters::MessageEvent<M>::MessageEvent(const ConstMessagePtr&, rclcpp::Time, bool, const CreateFunction&) [with M = const sensor_msgs::msg::Imu_<std::allocator<void> >; message_filters::MessageEvent<M>::ConstMessagePtr = std::shared_ptr<const sensor_msgs::msg::Imu_<std::allocator<void> > >; typename std::add_const<M>::type = const sensor_msgs::msg::Imu_<std::allocator<void> >; message_filters::MessageEvent<M>::CreateFunction = std::function<std::shared_ptr<sensor_msgs::msg::Imu_<std::allocator<void> > >()>; typename std::remove_const<_Tp>::type = sensor_msgs::msg::Imu_<std::allocator<void> >][m[K’
[5.215s]   128 |   [01;36m[KMessageEvent[m[K(const ConstMessagePtr& message, rclcpp::Time receipt_time, bool nonconst_need_copy, const CreateFunction& create)
[5.215s]       |   [01;36m[K^~~~~~~~~~~~[m[K
[5.215s] [01m[K/opt/ros/foxy/include/message_filters/message_event.h:128:3:[m[K [01;36m[Knote: [m[K  candidate expects 4 arguments, 2 provided
[5.215s] [01m[K/opt/ros/foxy/include/message_filters/message_event.h:123:3:[m[K [01;36m[Knote: [m[Kcandidate: ‘[01m[Kmessage_filters::MessageEvent<M>::MessageEvent(const ConstMessagePtr&, rclcpp::Time) [with M = const sensor_msgs::msg::Imu_<std::allocator<void> >; message_filters::MessageEvent<M>::ConstMessagePtr = std::shared_ptr<const sensor_msgs::msg::Imu_<std::allocator<void> > >; typename std::add_const<M>::type = const sensor_msgs::msg::Imu_<std::allocator<void> >][m[K’
[5.215s]   123 |   [01;36m[KMessageEvent[m[K(const ConstMessagePtr& message, rclcpp::Time receipt_time)
[5.215s]       |   [01;36m[K^~~~~~~~~~~~[m[K
[5.215s] [01m[K/opt/ros/foxy/include/message_filters/message_event.h:123:39:[m[K [01;36m[Knote: [m[K  no known conversion for argument 1 from ‘[01m[Kconst message_filters::MessageEvent<const lgsvl_msgs::msg::Detection3DArray_<std::allocator<void> > >[m[K’ to ‘[01m[Kconst ConstMessagePtr&[m[K’ {aka ‘[01m[Kconst std::shared_ptr<const sensor_msgs::msg::Imu_<std::allocator<void> > >&[m[K’}
[5.216s]   123 |   MessageEvent([01;36m[Kconst ConstMessagePtr& message[m[K, rclcpp::Time receipt_time)
[5.216s]       |                [01;36m[K~~~~~~~~~~~~~~~~~~~~~~~^~~~~~~[m[K
[5.216s] [01m[K/opt/ros/foxy/include/message_filters/message_event.h:118:3:[m[K [01;36m[Knote: [m[Kcandidate: ‘[01m[Kmessage_filters::MessageEvent<M>::MessageEvent(const ConstMessagePtr&) [with M = const sensor_msgs::msg::Imu_<std::allocator<void> >; message_filters::MessageEvent<M>::ConstMessagePtr = std::shared_ptr<const sensor_msgs::msg::Imu_<std::allocator<void> > >; typename std::add_const<M>::type = const sensor_msgs::msg::Imu_<std::allocator<void> >][m[K’
[5.216s]   118 |   [01;36m[KMessageEvent[m[K(const ConstMessagePtr& message)
[5.216s]       |   [01;36m[K^~~~~~~~~~~~[m[K
[5.216s] [01m[K/opt/ros/foxy/include/message_filters/message_event.h:118:3:[m[K [01;36m[Knote: [m[K  candidate expects 1 argument, 2 provided
[5.216s] [01m[K/opt/ros/foxy/include/message_filters/message_event.h:110:3:[m[K [01;36m[Knote: [m[Kcandidate: ‘[01m[Kmessage_filters::MessageEvent<M>::MessageEvent(const message_filters::MessageEvent<const void>&, const CreateFunction&) [with M = const sensor_msgs::msg::Imu_<std::allocator<void> >; message_filters::MessageEvent<M>::CreateFunction = std::function<std::shared_ptr<sensor_msgs::msg::Imu_<std::allocator<void> > >()>; typename std::remove_const<_Tp>::type = sensor_msgs::msg::Imu_<std::allocator<void> >][m[K’
[5.216s]   110 |   [01;36m[KMessageEvent[m[K(const MessageEvent<void const>& rhs, const CreateFunction& create)
[5.216s]       |   [01;36m[K^~~~~~~~~~~~[m[K
[5.217s] [01m[K/opt/ros/foxy/include/message_filters/message_event.h:110:48:[m[K [01;36m[Knote: [m[K  no known conversion for argument 1 from ‘[01m[Kconst message_filters::MessageEvent<const lgsvl_msgs::msg::Detection3DArray_<std::allocator<void> > >[m[K’ to ‘[01m[Kconst message_filters::MessageEvent<const void>&[m[K’
[5.217s]   110 |   MessageEvent([01;36m[Kconst MessageEvent<void const>& rhs[m[K, const CreateFunction& create)
[5.217s]       |                [01;36m[K~~~~~~~~~~~~~~~~~~~~~~~~~~~~~~~~^~~[m[K
[5.217s] [01m[K/opt/ros/foxy/include/message_filters/message_event.h:104:3:[m[K [01;36m[Knote: [m[Kcandidate: ‘[01m[Kmessage_filters::MessageEvent<M>::MessageEvent(const message_filters::MessageEvent<typename std::add_const<M>::type>&, bool) [with M = const sensor_msgs::msg::Imu_<std::allocator<void> >; typename std::add_const<M>::type = const sensor_msgs::msg::Imu_<std::allocator<void> >][m[K’
[5.217s]   104 |   [01;36m[KMessageEvent[m[K(const MessageEvent<ConstMessage>& rhs, bool nonconst_need_copy)
[5.217s]       |   [01;36m[K^~~~~~~~~~~~[m[K
[5.217s] [01m[K/opt/ros/foxy/include/message_filters/message_event.h:104:50:[m[K [01;36m[Knote: [m[K  no known conversion for argument 1 from ‘[01m[Kconst message_filters::MessageEvent<const lgsvl_msgs::msg::Detection3DArray_<std::allocator<void> > >[m[K’ to ‘[01m[Kconst message_filters::MessageEvent<const sensor_msgs::msg::Imu_<std::allocator<void> > >&[m[K’
[5.218s]   104 |   MessageEvent([01;36m[Kconst MessageEvent<ConstMessage>& rhs[m[K, bool nonconst_need_copy)
[5.218s]       |                [01;36m[K~~~~~~~~~~~~~~~~~~~~~~~~~~~~~~~~~~^~~[m[K
[5.218s] [01m[K/opt/ros/foxy/include/message_filters/message_event.h:98:3:[m[K [01;36m[Knote: [m[Kcandidate: ‘[01m[Kmessage_filters::MessageEvent<M>::MessageEvent(const message_filters::MessageEvent<typename std::remove_const<_Tp>::type>&, bool) [with M = const sensor_msgs::msg::Imu_<std::allocator<void> >; typename std::remove_const<_Tp>::type = sensor_msgs::msg::Imu_<std::allocator<void> >][m[K’
[5.218s]    98 |   [01;36m[KMessageEvent[m[K(const MessageEvent<Message>& rhs, bool nonconst_need_copy)
[5.218s]       |   [01;36m[K^~~~~~~~~~~~[m[K
[5.218s] [01m[K/opt/ros/foxy/include/message_filters/message_event.h:98:45:[m[K [01;36m[Knote: [m[K  no known conversion for argument 1 from ‘[01m[Kconst message_filters::MessageEvent<const lgsvl_msgs::msg::Detection3DArray_<std::allocator<void> > >[m[K’ to ‘[01m[Kconst message_filters::MessageEvent<sensor_msgs::msg::Imu_<std::allocator<void> > >&[m[K’
[5.218s]    98 |   MessageEvent([01;36m[Kconst MessageEvent<Message>& rhs[m[K, bool nonconst_need_copy)
[5.218s]       |                [01;36m[K~~~~~~~~~~~~~~~~~~~~~~~~~~~~~^~~[m[K
[5.219s] [01m[K/opt/ros/foxy/include/message_filters/message_event.h:93:3:[m[K [01;36m[Knote: [m[Kcandidate: ‘[01m[Kmessage_filters::MessageEvent<M>::MessageEvent(const message_filters::MessageEvent<typename std::add_const<M>::type>&) [with M = const sensor_msgs::msg::Imu_<std::allocator<void> >; typename std::add_const<M>::type = const sensor_msgs::msg::Imu_<std::allocator<void> >][m[K’
[5.219s]    93 |   [01;36m[KMessageEvent[m[K(const MessageEvent<ConstMessage>& rhs)
[5.219s]       |   [01;36m[K^~~~~~~~~~~~[m[K
[5.219s] [01m[K/opt/ros/foxy/include/message_filters/message_event.h:93:3:[m[K [01;36m[Knote: [m[K  candidate expects 1 argument, 2 provided
[5.219s] [01m[K/opt/ros/foxy/include/message_filters/message_event.h:88:3:[m[K [01;36m[Knote: [m[Kcandidate: ‘[01m[Kmessage_filters::MessageEvent<M>::MessageEvent(const message_filters::MessageEvent<typename std::remove_const<_Tp>::type>&) [with M = const sensor_msgs::msg::Imu_<std::allocator<void> >; typename std::remove_const<_Tp>::type = sensor_msgs::msg::Imu_<std::allocator<void> >][m[K’
[5.219s]    88 |   [01;36m[KMessageEvent[m[K(const MessageEvent<Message>& rhs)
[5.219s]       |   [01;36m[K^~~~~~~~~~~~[m[K
[5.219s] [01m[K/opt/ros/foxy/include/message_filters/message_event.h:88:3:[m[K [01;36m[Knote: [m[K  candidate expects 1 argument, 2 provided
[5.219s] [01m[K/opt/ros/foxy/include/message_filters/message_event.h:84:3:[m[K [01;36m[Knote: [m[Kcandidate: ‘[01m[Kmessage_filters::MessageEvent<M>::MessageEvent() [with M = const sensor_msgs::msg::Imu_<std::allocator<void> >][m[K’
[5.219s]    84 |   [01;36m[KMessageEvent[m[K()
[5.219s]       |   [01;36m[K^~~~~~~~~~~~[m[K
[5.219s] [01m[K/opt/ros/foxy/include/message_filters/message_event.h:84:3:[m[K [01;36m[Knote: [m[K  candidate expects 0 arguments, 2 provided
[5.219s] In file included from [01m[K/opt/ros/foxy/include/message_filters/simple_filter.h:43[m[K,
[5.220s]                  from [01m[K/opt/ros/foxy/include/message_filters/subscriber.h:41[m[K,
[5.220s]                  from [01m[K/home/cl4y3r/VDS/chassis_controller/include/chassis_controller/chassis_controller.hpp:5[m[K,
[5.220s]                  from [01m[K/home/cl4y3r/VDS/chassis_controller/src/chassis_controller.cpp:1[m[K:
[5.220s] /opt/ros/foxy/include/message_filters/signal1.h: In instantiation of ‘[01m[Kvoid message_filters::CallbackHelper1T<P, M>::call(const message_filters::MessageEvent<const M>&, bool) [with P = const message_filters::MessageEvent<const sensor_msgs::msg::CompressedImage_<std::allocator<void> > >&; M = sensor_msgs::msg::Imu_<std::allocator<void> >][m[K’:
[5.220s] [01m[K/opt/ros/foxy/include/message_filters/signal1.h:71:16:[m[K   required from here
[5.220s] [01m[K/opt/ros/foxy/include/message_filters/signal1.h:73:11:[m[K [01;31m[Kerror: [m[Kno matching function for call to ‘[01m[Kmessage_filters::MessageEvent<const sensor_msgs::msg::CompressedImage_<std::allocator<void> > >::MessageEvent(const message_filters::MessageEvent<const sensor_msgs::msg::Imu_<std::allocator<void> > >&, bool)[m[K’
[5.220s]    73 |     Event [01;31m[Kmy_event[m[K(event, nonconst_force_copy || event.nonConstWillCopy());
[5.220s]       |           [01;31m[K^~~~~~~~[m[K
[5.220s] In file included from [01m[K/opt/ros/foxy/include/message_filters/signal1.h:42[m[K,
[5.220s]                  from [01m[K/opt/ros/foxy/include/message_filters/simple_filter.h:43[m[K,
[5.220s]                  from [01m[K/opt/ros/foxy/include/message_filters/subscriber.h:41[m[K,
[5.221s]                  from [01m[K/home/cl4y3r/VDS/chassis_controller/include/chassis_controller/chassis_controller.hpp:5[m[K,
[5.221s]                  from [01m[K/home/cl4y3r/VDS/chassis_controller/src/chassis_controller.cpp:1[m[K:
[5.221s] [01m[K/opt/ros/foxy/include/message_filters/message_event.h:128:3:[m[K [01;36m[Knote: [m[Kcandidate: ‘[01m[Kmessage_filters::MessageEvent<M>::MessageEvent(const ConstMessagePtr&, rclcpp::Time, bool, const CreateFunction&) [with M = const sensor_msgs::msg::CompressedImage_<std::allocator<void> >; message_filters::MessageEvent<M>::ConstMessagePtr = std::shared_ptr<const sensor_msgs::msg::CompressedImage_<std::allocator<void> > >; typename std::add_const<M>::type = const sensor_msgs::msg::CompressedImage_<std::allocator<void> >; message_filters::MessageEvent<M>::CreateFunction = std::function<std::shared_ptr<sensor_msgs::msg::CompressedImage_<std::allocator<void> > >()>; typename std::remove_const<_Tp>::type = sensor_msgs::msg::CompressedImage_<std::allocator<void> >][m[K’
[5.221s]   128 |   [01;36m[KMessageEvent[m[K(const ConstMessagePtr& message, rclcpp::Time receipt_time, bool nonconst_need_copy, const CreateFunction& create)
[5.221s]       |   [01;36m[K^~~~~~~~~~~~[m[K
[5.221s] [01m[K/opt/ros/foxy/include/message_filters/message_event.h:128:3:[m[K [01;36m[Knote: [m[K  candidate expects 4 arguments, 2 provided
[5.221s] [01m[K/opt/ros/foxy/include/message_filters/message_event.h:123:3:[m[K [01;36m[Knote: [m[Kcandidate: ‘[01m[Kmessage_filters::MessageEvent<M>::MessageEvent(const ConstMessagePtr&, rclcpp::Time) [with M = const sensor_msgs::msg::CompressedImage_<std::allocator<void> >; message_filters::MessageEvent<M>::ConstMessagePtr = std::shared_ptr<const sensor_msgs::msg::CompressedImage_<std::allocator<void> > >; typename std::add_const<M>::type = const sensor_msgs::msg::CompressedImage_<std::allocator<void> >][m[K’
[5.221s]   123 |   [01;36m[KMessageEvent[m[K(const ConstMessagePtr& message, rclcpp::Time receipt_time)
[5.221s]       |   [01;36m[K^~~~~~~~~~~~[m[K
[5.221s] [01m[K/opt/ros/foxy/include/message_filters/message_event.h:123:39:[m[K [01;36m[Knote: [m[K  no known conversion for argument 1 from ‘[01m[Kconst message_filters::MessageEvent<const sensor_msgs::msg::Imu_<std::allocator<void> > >[m[K’ to ‘[01m[Kconst ConstMessagePtr&[m[K’ {aka ‘[01m[Kconst std::shared_ptr<const sensor_msgs::msg::CompressedImage_<std::allocator<void> > >&[m[K’}
[5.221s]   123 |   MessageEvent([01;36m[Kconst ConstMessagePtr& message[m[K, rclcpp::Time receipt_time)
[5.222s]       |                [01;36m[K~~~~~~~~~~~~~~~~~~~~~~~^~~~~~~[m[K
[5.222s] [01m[K/opt/ros/foxy/include/message_filters/message_event.h:118:3:[m[K [01;36m[Knote: [m[Kcandidate: ‘[01m[Kmessage_filters::MessageEvent<M>::MessageEvent(const ConstMessagePtr&) [with M = const sensor_msgs::msg::CompressedImage_<std::allocator<void> >; message_filters::MessageEvent<M>::ConstMessagePtr = std::shared_ptr<const sensor_msgs::msg::CompressedImage_<std::allocator<void> > >; typename std::add_const<M>::type = const sensor_msgs::msg::CompressedImage_<std::allocator<void> >][m[K’
[5.222s]   118 |   [01;36m[KMessageEvent[m[K(const ConstMessagePtr& message)
[5.222s]       |   [01;36m[K^~~~~~~~~~~~[m[K
[5.222s] [01m[K/opt/ros/foxy/include/message_filters/message_event.h:118:3:[m[K [01;36m[Knote: [m[K  candidate expects 1 argument, 2 provided
[5.222s] [01m[K/opt/ros/foxy/include/message_filters/message_event.h:110:3:[m[K [01;36m[Knote: [m[Kcandidate: ‘[01m[Kmessage_filters::MessageEvent<M>::MessageEvent(const message_filters::MessageEvent<const void>&, const CreateFunction&) [with M = const sensor_msgs::msg::CompressedImage_<std::allocator<void> >; message_filters::MessageEvent<M>::CreateFunction = std::function<std::shared_ptr<sensor_msgs::msg::CompressedImage_<std::allocator<void> > >()>; typename std::remove_const<_Tp>::type = sensor_msgs::msg::CompressedImage_<std::allocator<void> >][m[K’
[5.222s]   110 |   [01;36m[KMessageEvent[m[K(const MessageEvent<void const>& rhs, const CreateFunction& create)
[5.222s]       |   [01;36m[K^~~~~~~~~~~~[m[K
[5.222s] [01m[K/opt/ros/foxy/include/message_filters/message_event.h:110:48:[m[K [01;36m[Knote: [m[K  no known conversion for argument 1 from ‘[01m[Kconst message_filters::MessageEvent<const sensor_msgs::msg::Imu_<std::allocator<void> > >[m[K’ to ‘[01m[Kconst message_filters::MessageEvent<const void>&[m[K’
[5.222s]   110 |   MessageEvent([01;36m[Kconst MessageEvent<void const>& rhs[m[K, const CreateFunction& create)
[5.222s]       |                [01;36m[K~~~~~~~~~~~~~~~~~~~~~~~~~~~~~~~~^~~[m[K
[5.222s] [01m[K/opt/ros/foxy/include/message_filters/message_event.h:104:3:[m[K [01;36m[Knote: [m[Kcandidate: ‘[01m[Kmessage_filters::MessageEvent<M>::MessageEvent(const message_filters::MessageEvent<typename std::add_const<M>::type>&, bool) [with M = const sensor_msgs::msg::CompressedImage_<std::allocator<void> >; typename std::add_const<M>::type = const sensor_msgs::msg::CompressedImage_<std::allocator<void> >][m[K’
[5.223s]   104 |   [01;36m[KMessageEvent[m[K(const MessageEvent<ConstMessage>& rhs, bool nonconst_need_copy)
[5.223s]       |   [01;36m[K^~~~~~~~~~~~[m[K
[5.223s] [01m[K/opt/ros/foxy/include/message_filters/message_event.h:104:50:[m[K [01;36m[Knote: [m[K  no known conversion for argument 1 from ‘[01m[Kconst message_filters::MessageEvent<const sensor_msgs::msg::Imu_<std::allocator<void> > >[m[K’ to ‘[01m[Kconst message_filters::MessageEvent<const sensor_msgs::msg::CompressedImage_<std::allocator<void> > >&[m[K’
[5.223s]   104 |   MessageEvent([01;36m[Kconst MessageEvent<ConstMessage>& rhs[m[K, bool nonconst_need_copy)
[5.223s]       |                [01;36m[K~~~~~~~~~~~~~~~~~~~~~~~~~~~~~~~~~~^~~[m[K
[5.223s] [01m[K/opt/ros/foxy/include/message_filters/message_event.h:98:3:[m[K [01;36m[Knote: [m[Kcandidate: ‘[01m[Kmessage_filters::MessageEvent<M>::MessageEvent(const message_filters::MessageEvent<typename std::remove_const<_Tp>::type>&, bool) [with M = const sensor_msgs::msg::CompressedImage_<std::allocator<void> >; typename std::remove_const<_Tp>::type = sensor_msgs::msg::CompressedImage_<std::allocator<void> >][m[K’
[5.223s]    98 |   [01;36m[KMessageEvent[m[K(const MessageEvent<Message>& rhs, bool nonconst_need_copy)
[5.223s]       |   [01;36m[K^~~~~~~~~~~~[m[K
[5.223s] [01m[K/opt/ros/foxy/include/message_filters/message_event.h:98:45:[m[K [01;36m[Knote: [m[K  no known conversion for argument 1 from ‘[01m[Kconst message_filters::MessageEvent<const sensor_msgs::msg::Imu_<std::allocator<void> > >[m[K’ to ‘[01m[Kconst message_filters::MessageEvent<sensor_msgs::msg::CompressedImage_<std::allocator<void> > >&[m[K’
[5.223s]    98 |   MessageEvent([01;36m[Kconst MessageEvent<Message>& rhs[m[K, bool nonconst_need_copy)
[5.223s]       |                [01;36m[K~~~~~~~~~~~~~~~~~~~~~~~~~~~~~^~~[m[K
[5.223s] [01m[K/opt/ros/foxy/include/message_filters/message_event.h:93:3:[m[K [01;36m[Knote: [m[Kcandidate: ‘[01m[Kmessage_filters::MessageEvent<M>::MessageEvent(const message_filters::MessageEvent<typename std::add_const<M>::type>&) [with M = const sensor_msgs::msg::CompressedImage_<std::allocator<void> >; typename std::add_const<M>::type = const sensor_msgs::msg::CompressedImage_<std::allocator<void> >][m[K’
[5.223s]    93 |   [01;36m[KMessageEvent[m[K(const MessageEvent<ConstMessage>& rhs)
[5.224s]       |   [01;36m[K^~~~~~~~~~~~[m[K
[5.224s] [01m[K/opt/ros/foxy/include/message_filters/message_event.h:93:3:[m[K [01;36m[Knote: [m[K  candidate expects 1 argument, 2 provided
[5.224s] [01m[K/opt/ros/foxy/include/message_filters/message_event.h:88:3:[m[K [01;36m[Knote: [m[Kcandidate: ‘[01m[Kmessage_filters::MessageEvent<M>::MessageEvent(const message_filters::MessageEvent<typename std::remove_const<_Tp>::type>&) [with M = const sensor_msgs::msg::CompressedImage_<std::allocator<void> >; typename std::remove_const<_Tp>::type = sensor_msgs::msg::CompressedImage_<std::allocator<void> >][m[K’
[5.224s]    88 |   [01;36m[KMessageEvent[m[K(const MessageEvent<Message>& rhs)
[5.224s]       |   [01;36m[K^~~~~~~~~~~~[m[K
[5.224s] [01m[K/opt/ros/foxy/include/message_filters/message_event.h:88:3:[m[K [01;36m[Knote: [m[K  candidate expects 1 argument, 2 provided
[5.224s] [01m[K/opt/ros/foxy/include/message_filters/message_event.h:84:3:[m[K [01;36m[Knote: [m[Kcandidate: ‘[01m[Kmessage_filters::MessageEvent<M>::MessageEvent() [with M = const sensor_msgs::msg::CompressedImage_<std::allocator<void> >][m[K’
[5.224s]    84 |   [01;36m[KMessageEvent[m[K()
[5.224s]       |   [01;36m[K^~~~~~~~~~~~[m[K
[5.224s] [01m[K/opt/ros/foxy/include/message_filters/message_event.h:84:3:[m[K [01;36m[Knote: [m[K  candidate expects 0 arguments, 2 provided
[5.940s] make[2]: *** [CMakeFiles/chassis_controller.dir/build.make:63: CMakeFiles/chassis_controller.dir/src/chassis_controller.cpp.o] Error 1
[5.940s] make[1]: *** [CMakeFiles/Makefile2:78: CMakeFiles/chassis_controller.dir/all] Error 2
[5.941s] make: *** [Makefile:141: all] Error 2
[5.943s] Invoked command in '/home/cl4y3r/VDS/build/chassis_controller' returned '2': CMAKE_PREFIX_PATH=${CMAKE_PREFIX_PATH}:/opt/ros/foxy /usr/bin/cmake --build /home/cl4y3r/VDS/build/chassis_controller -- -j8 -l8
