[01m[K/home/cl4y3r/VDS/chassis_controller/src/chassis_controller.cpp:122:6:[m[K [01;31m[Kerror: [m[Kdefault argument given for parameter 6 of ‘[01m[Kbool ChassisController::riccati_solver(Eigen::MatrixXd, Eigen::MatrixXd, Eigen::MatrixXd, Eigen::MatrixXd, Eigen::MatrixXd&, double, uint)[m[K’ [[01;31m[K-fpermissive[m[K]
  122 | bool [01;31m[KChassisController[m[K::riccati_solver(Eigen::MatrixXd A,Eigen::MatrixXd B,Eigen::MatrixXd Q,
      |      [01;31m[K^~~~~~~~~~~~~~~~~[m[K
In file included from [01m[K/home/cl4y3r/VDS/chassis_controller/src/chassis_controller.cpp:1[m[K:
[01m[K/home/cl4y3r/VDS/chassis_controller/include/chassis_controller/chassis_controller.hpp:106:14:[m[K [01;36m[Knote: [m[Kprevious specification in ‘[01m[Kbool ChassisController::riccati_solver(Eigen::MatrixXd, Eigen::MatrixXd, Eigen::MatrixXd, Eigen::MatrixXd, Eigen::MatrixXd&, double, uint)[m[K’ here
  106 |         bool [01;36m[Kriccati_solver[m[K(Eigen::MatrixXd A,Eigen::MatrixXd B,Eigen::MatrixXd Q,
      |              [01;36m[K^~~~~~~~~~~~~~[m[K
[01m[K/home/cl4y3r/VDS/chassis_controller/src/chassis_controller.cpp:122:6:[m[K [01;31m[Kerror: [m[Kdefault argument given for parameter 7 of ‘[01m[Kbool ChassisController::riccati_solver(Eigen::MatrixXd, Eigen::MatrixXd, Eigen::MatrixXd, Eigen::MatrixXd, Eigen::MatrixXd&, double, uint)[m[K’ [[01;31m[K-fpermissive[m[K]
  122 | bool [01;31m[KChassisController[m[K::riccati_solver(Eigen::MatrixXd A,Eigen::MatrixXd B,Eigen::MatrixXd Q,
      |      [01;31m[K^~~~~~~~~~~~~~~~~[m[K
In file included from [01m[K/home/cl4y3r/VDS/chassis_controller/src/chassis_controller.cpp:1[m[K:
[01m[K/home/cl4y3r/VDS/chassis_controller/include/chassis_controller/chassis_controller.hpp:106:14:[m[K [01;36m[Knote: [m[Kprevious specification in ‘[01m[Kbool ChassisController::riccati_solver(Eigen::MatrixXd, Eigen::MatrixXd, Eigen::MatrixXd, Eigen::MatrixXd, Eigen::MatrixXd&, double, uint)[m[K’ here
  106 |         bool [01;36m[Kriccati_solver[m[K(Eigen::MatrixXd A,Eigen::MatrixXd B,Eigen::MatrixXd Q,
      |              [01;36m[K^~~~~~~~~~~~~~[m[K
[01m[K/home/cl4y3r/VDS/chassis_controller/src/chassis_controller.cpp:[m[K In member function ‘[01m[Kdouble ChassisController::longitudinal_controller(double, double)[m[K’:
[01m[K/home/cl4y3r/VDS/chassis_controller/src/chassis_controller.cpp:143:58:[m[K [01;35m[Kwarning: [m[Kunused parameter ‘[01m[Kvelocity_x[m[K’ [[01;35m[K-Wunused-parameter[m[K]
  143 | double ChassisController::longitudinal_controller([01;35m[Kdouble velocity_x[m[K, double acc_x)
      |                                                   [01;35m[K~~~~~~~^~~~~~~~~~[m[K
[01m[K/home/cl4y3r/VDS/chassis_controller/src/chassis_controller.cpp:143:77:[m[K [01;35m[Kwarning: [m[Kunused parameter ‘[01m[Kacc_x[m[K’ [[01;35m[K-Wunused-parameter[m[K]
  143 | ontroller::longitudinal_controller(double velocity_x, [01;35m[Kdouble acc_x[m[K)
      |                                                       [01;35m[K~~~~~~~^~~~~[m[K

[01m[K/home/cl4y3r/VDS/chassis_controller/src/chassis_controller.cpp:[m[K In member function ‘[01m[Kdouble ChassisController::lateral_controller(double, double, double, double, double, double, double, double, double, double)[m[K’:
[01m[K/home/cl4y3r/VDS/chassis_controller/src/chassis_controller.cpp:190:14:[m[K [01;31m[Kerror: [m[Klvalue required as left operand of assignment
  190 |     A(0,1) = [01;31m[K1[m[K;
      |              [01;31m[K^[m[K
[01m[K/home/cl4y3r/VDS/chassis_controller/src/chassis_controller.cpp:191:33:[m[K [01;31m[Kerror: [m[Klvalue required as left operand of assignment
  191 |     A(1,1) = (cf + cr) / (m * vx[01;31m[K)[m[K;
      |                                 [01;31m[K^[m[K
[01m[K/home/cl4y3r/VDS/chassis_controller/src/chassis_controller.cpp:192:28:[m[K [01;31m[Kerror: [m[Klvalue required as left operand of assignment
  192 |     A(1,2) = - (cf + cr) / [01;31m[Km[m[K;
      |                            [01;31m[K^[m[K
[01m[K/home/cl4y3r/VDS/chassis_controller/src/chassis_controller.cpp:193:44:[m[K [01;31m[Kerror: [m[Klvalue required as left operand of assignment
  193 |     A(1,3) =  (cf * lf - cr * lr) / (m * vx[01;31m[K)[m[K;
      |                                            [01;31m[K^[m[K
[01m[K/home/cl4y3r/VDS/chassis_controller/src/chassis_controller.cpp:194:14:[m[K [01;31m[Kerror: [m[Klvalue required as left operand of assignment
  194 |     A(2,3) = [01;31m[K1[m[K;
      |              [01;31m[K^[m[K
[01m[K/home/cl4y3r/VDS/chassis_controller/src/chassis_controller.cpp:195:44:[m[K [01;31m[Kerror: [m[Klvalue required as left operand of assignment
  195 |     A(3,1) = (cf * lf - cr * lr) / (iz * vx[01;31m[K)[m[K;
      |                                            [01;31m[K^[m[K
[01m[K/home/cl4y3r/VDS/chassis_controller/src/chassis_controller.cpp:196:38:[m[K [01;31m[Kerror: [m[Klvalue required as left operand of assignment
  196 |     A(3,2) = - (cf * lf - cr * lr) / [01;31m[Kiz[m[K;
      |                                      [01;31m[K^~[m[K
[01m[K/home/cl4y3r/VDS/chassis_controller/src/chassis_controller.cpp:197:54:[m[K [01;31m[Kerror: [m[Klvalue required as left operand of assignment
  197 |     A(3,3) = (cf * lf * lf + cr * lr * lr) / (iz * vx[01;31m[K)[m[K;
      |                                                      [01;31m[K^[m[K
[01m[K/home/cl4y3r/VDS/chassis_controller/src/chassis_controller.cpp:198:20:[m[K [01;31m[Kerror: [m[Klvalue required as left operand of assignment
  198 |     B(2,0) = -cf / [01;31m[Km[m[K;
      |                    [01;31m[K^[m[K
[01m[K/home/cl4y3r/VDS/chassis_controller/src/chassis_controller.cpp:199:25:[m[K [01;31m[Kerror: [m[Klvalue required as left operand of assignment
  199 |     B(4,0) = -cf * lf / [01;31m[Kiz[m[K;
      |                         [01;31m[K^~[m[K
[01m[K/home/cl4y3r/VDS/chassis_controller/src/chassis_controller.cpp:204:12:[m[K [01;31m[Kerror: [m[K‘[01m[Ktarget_steer_angle[m[K’ was not declared in this scope
  204 |     return [01;31m[Ktarget_steer_angle[m[K;
      |            [01;31m[K^~~~~~~~~~~~~~~~~~[m[K
[01m[K/home/cl4y3r/VDS/chassis_controller/src/chassis_controller.cpp:205:28:[m[K [01;31m[Kerror: [m[Kcannot bind non-const lvalue reference of type ‘[01m[KEigen::MatrixXd&[m[K’ {aka ‘[01m[KEigen::Matrix<double, -1, -1>&[m[K’} to an rvalue of type ‘[01m[KEigen::MatrixXd[m[K’ {aka ‘[01m[KEigen::Matrix<double, -1, -1>[m[K’}
  205 |     riccati_solver(A,B,Q,R,[01;31m[KK[m[K);
      |                            [01;31m[K^[m[K
In file included from [01m[K/usr/include/eigen3/Eigen/Core:458[m[K,
                 from [01m[K/usr/include/eigen3/Eigen/Dense:1[m[K,
                 from [01m[K/home/cl4y3r/VDS/chassis_controller/include/chassis_controller/chassis_controller.hpp:10[m[K,
                 from [01m[K/home/cl4y3r/VDS/chassis_controller/src/chassis_controller.cpp:1[m[K:
[01m[K/usr/include/eigen3/Eigen/src/Core/Matrix.h:376:25:[m[K [01;36m[Knote: [m[K  after user-defined conversion: ‘[01m[KEigen::Matrix<_Scalar, _Rows, _Cols, _Options, _MaxRows, _MaxCols>::Matrix(const Eigen::EigenBase<OtherDerived>&) [with OtherDerived = Eigen::CwiseNullaryOp<Eigen::internal::scalar_constant_op<double>, Eigen::Matrix<double, -1, -1> >; _Scalar = double; int _Rows = -1; int _Cols = -1; int _Options = 0; int _MaxRows = -1; int _MaxCols = -1][m[K’
  376 |     EIGEN_STRONG_INLINE [01;36m[KMatrix[m[K(const EigenBase<OtherDerived> &other)
      |                         [01;36m[K^~~~~~[m[K
[01m[K/home/cl4y3r/VDS/chassis_controller/src/chassis_controller.cpp:123:64:[m[K [01;36m[Knote: [m[K  initializing argument 5 of ‘[01m[Kbool ChassisController::riccati_solver(Eigen::MatrixXd, Eigen::MatrixXd, Eigen::MatrixXd, Eigen::MatrixXd, Eigen::MatrixXd&, double, uint)[m[K’
  123 |                           Eigen::MatrixXd R,[01;36m[KEigen::MatrixXd &P[m[K,const double tolerance = 1.E-5,
      |                                             [01;36m[K~~~~~~~~~~~~~~~~~^[m[K

[01m[K/home/cl4y3r/VDS/chassis_controller/src/chassis_controller.cpp:160:12:[m[K [01;35m[Kwarning: [m[Kunused variable ‘[01m[Kerr_s[m[K’ [[01;35m[K-Wunused-variable[m[K]
  160 |     double [01;35m[Kerr_s[m[K = tor.cwiseProduct(distance)(0,0);
      |            [01;35m[K^~~~~[m[K
make[2]: *** [CMakeFiles/chassis_controller.dir/build.make:63: CMakeFiles/chassis_controller.dir/src/chassis_controller.cpp.o] Error 1
make[1]: *** [CMakeFiles/Makefile2:78: CMakeFiles/chassis_controller.dir/all] Error 2
make: *** [Makefile:141: all] Error 2
