[0.286s] DEBUG:colcon:Command line arguments: ['/usr/bin/colcon', 'build', '--packages-select', 'autodriving']
[0.286s] DEBUG:colcon:Parsed command line arguments: Namespace(ament_cmake_args=None, base_paths=['.'], build_base='build', catkin_cmake_args=None, catkin_skip_building_tests=False, cmake_args=None, cmake_clean_cache=False, cmake_clean_first=False, cmake_force_configure=False, cmake_target=None, cmake_target_skip_unavailable=False, continue_on_error=False, event_handlers=None, executor='parallel', ignore_user_meta=False, install_base='install', log_base=None, log_level=None, main=<bound method BuildVerb.main of <colcon_core.verb.build.BuildVerb object at 0x7f1d1eb55580>>, merge_install=False, metas=['./colcon.meta'], packages_above=None, packages_above_and_dependencies=None, packages_above_depth=None, packages_end=None, packages_ignore=None, packages_ignore_regex=None, packages_select=['autodriving'], packages_select_build_failed=False, packages_select_by_dep=None, packages_select_regex=None, packages_select_test_failures=False, packages_skip=None, packages_skip_build_finished=False, packages_skip_by_dep=None, packages_skip_regex=None, packages_skip_test_passed=False, packages_skip_up_to=None, packages_start=None, packages_up_to=None, packages_up_to_regex=None, parallel_workers=8, paths=None, symlink_install=False, test_result_base=None, verb_extension=<colcon_core.verb.build.BuildVerb object at 0x7f1d1eb55580>, verb_name='build', verb_parser=<colcon_defaults.argument_parser.defaults.DefaultArgumentsDecorator object at 0x7f1d1eb55ac0>)
[0.291s] Level 1:colcon.colcon_core.package_discovery:discover_packages(colcon_meta) check parameters
[0.291s] Level 1:colcon.colcon_core.package_discovery:discover_packages(recursive) check parameters
[0.291s] Level 1:colcon.colcon_core.package_discovery:discover_packages(ignore) check parameters
[0.291s] Level 1:colcon.colcon_core.package_discovery:discover_packages(path) check parameters
[0.291s] Level 1:colcon.colcon_core.package_discovery:discover_packages(colcon_meta) discover
[0.291s] Level 1:colcon.colcon_core.package_discovery:discover_packages(recursive) discover
[0.291s] INFO:colcon.colcon_core.package_discovery:Crawling recursively for packages in '/home/cl4y3r/VDS'
[0.291s] Level 1:colcon.colcon_core.package_identification:_identify(.) by extensions ['ignore', 'ignore_ament_install']
[0.292s] Level 1:colcon.colcon_core.package_identification:_identify(.) by extension 'ignore'
[0.292s] Level 1:colcon.colcon_core.package_identification:_identify(.) by extension 'ignore_ament_install'
[0.292s] Level 1:colcon.colcon_core.package_identification:_identify(.) by extensions ['colcon_pkg']
[0.292s] Level 1:colcon.colcon_core.package_identification:_identify(.) by extension 'colcon_pkg'
[0.292s] Level 1:colcon.colcon_core.package_identification:_identify(.) by extensions ['colcon_meta']
[0.292s] Level 1:colcon.colcon_core.package_identification:_identify(.) by extension 'colcon_meta'
[0.292s] Level 1:colcon.colcon_core.package_identification:_identify(.) by extensions ['ros']
[0.292s] Level 1:colcon.colcon_core.package_identification:_identify(.) by extension 'ros'
[0.303s] Level 1:colcon.colcon_core.package_identification:_identify(.) by extensions ['cmake', 'python']
[0.304s] Level 1:colcon.colcon_core.package_identification:_identify(.) by extension 'cmake'
[0.304s] Level 1:colcon.colcon_core.package_identification:_identify(.) by extension 'python'
[0.304s] Level 1:colcon.colcon_core.package_identification:_identify(.) by extensions ['python_setup_py']
[0.304s] Level 1:colcon.colcon_core.package_identification:_identify(.) by extension 'python_setup_py'
[0.304s] Level 1:colcon.colcon_core.package_identification:_identify(Docs) by extensions ['ignore', 'ignore_ament_install']
[0.304s] Level 1:colcon.colcon_core.package_identification:_identify(Docs) by extension 'ignore'
[0.304s] Level 1:colcon.colcon_core.package_identification:_identify(Docs) by extension 'ignore_ament_install'
[0.304s] Level 1:colcon.colcon_core.package_identification:_identify(Docs) by extensions ['colcon_pkg']
[0.304s] Level 1:colcon.colcon_core.package_identification:_identify(Docs) by extension 'colcon_pkg'
[0.304s] Level 1:colcon.colcon_core.package_identification:_identify(Docs) by extensions ['colcon_meta']
[0.304s] Level 1:colcon.colcon_core.package_identification:_identify(Docs) by extension 'colcon_meta'
[0.304s] Level 1:colcon.colcon_core.package_identification:_identify(Docs) by extensions ['ros']
[0.304s] Level 1:colcon.colcon_core.package_identification:_identify(Docs) by extension 'ros'
[0.304s] Level 1:colcon.colcon_core.package_identification:_identify(Docs) by extensions ['cmake', 'python']
[0.304s] Level 1:colcon.colcon_core.package_identification:_identify(Docs) by extension 'cmake'
[0.304s] Level 1:colcon.colcon_core.package_identification:_identify(Docs) by extension 'python'
[0.305s] Level 1:colcon.colcon_core.package_identification:_identify(Docs) by extensions ['python_setup_py']
[0.305s] Level 1:colcon.colcon_core.package_identification:_identify(Docs) by extension 'python_setup_py'
[0.305s] Level 1:colcon.colcon_core.package_identification:_identify(autodriving) by extensions ['ignore', 'ignore_ament_install']
[0.305s] Level 1:colcon.colcon_core.package_identification:_identify(autodriving) by extension 'ignore'
[0.305s] Level 1:colcon.colcon_core.package_identification:_identify(autodriving) by extension 'ignore_ament_install'
[0.305s] Level 1:colcon.colcon_core.package_identification:_identify(autodriving) by extensions ['colcon_pkg']
[0.305s] Level 1:colcon.colcon_core.package_identification:_identify(autodriving) by extension 'colcon_pkg'
[0.305s] Level 1:colcon.colcon_core.package_identification:_identify(autodriving) by extensions ['colcon_meta']
[0.305s] Level 1:colcon.colcon_core.package_identification:_identify(autodriving) by extension 'colcon_meta'
[0.305s] Level 1:colcon.colcon_core.package_identification:_identify(autodriving) by extensions ['ros']
[0.305s] Level 1:colcon.colcon_core.package_identification:_identify(autodriving) by extension 'ros'
[0.307s] DEBUG:colcon.colcon_core.package_identification:Package 'autodriving' with type 'ros.ament_cmake' and name 'autodriving'
[0.307s] Level 1:colcon.colcon_core.package_identification:_identify(bag) by extensions ['ignore', 'ignore_ament_install']
[0.308s] Level 1:colcon.colcon_core.package_identification:_identify(bag) by extension 'ignore'
[0.308s] Level 1:colcon.colcon_core.package_identification:_identify(bag) by extension 'ignore_ament_install'
[0.308s] Level 1:colcon.colcon_core.package_identification:_identify(bag) by extensions ['colcon_pkg']
[0.308s] Level 1:colcon.colcon_core.package_identification:_identify(bag) by extension 'colcon_pkg'
[0.308s] Level 1:colcon.colcon_core.package_identification:_identify(bag) by extensions ['colcon_meta']
[0.308s] Level 1:colcon.colcon_core.package_identification:_identify(bag) by extension 'colcon_meta'
[0.308s] Level 1:colcon.colcon_core.package_identification:_identify(bag) by extensions ['ros']
[0.308s] Level 1:colcon.colcon_core.package_identification:_identify(bag) by extension 'ros'
[0.308s] Level 1:colcon.colcon_core.package_identification:_identify(bag) by extensions ['cmake', 'python']
[0.308s] Level 1:colcon.colcon_core.package_identification:_identify(bag) by extension 'cmake'
[0.308s] Level 1:colcon.colcon_core.package_identification:_identify(bag) by extension 'python'
[0.308s] Level 1:colcon.colcon_core.package_identification:_identify(bag) by extensions ['python_setup_py']
[0.308s] Level 1:colcon.colcon_core.package_identification:_identify(bag) by extension 'python_setup_py'
[0.308s] Level 1:colcon.colcon_core.package_identification:_identify(bag/rosbag2_2021_10_27-22_21_44) by extensions ['ignore', 'ignore_ament_install']
[0.308s] Level 1:colcon.colcon_core.package_identification:_identify(bag/rosbag2_2021_10_27-22_21_44) by extension 'ignore'
[0.308s] Level 1:colcon.colcon_core.package_identification:_identify(bag/rosbag2_2021_10_27-22_21_44) by extension 'ignore_ament_install'
[0.308s] Level 1:colcon.colcon_core.package_identification:_identify(bag/rosbag2_2021_10_27-22_21_44) by extensions ['colcon_pkg']
[0.309s] Level 1:colcon.colcon_core.package_identification:_identify(bag/rosbag2_2021_10_27-22_21_44) by extension 'colcon_pkg'
[0.309s] Level 1:colcon.colcon_core.package_identification:_identify(bag/rosbag2_2021_10_27-22_21_44) by extensions ['colcon_meta']
[0.309s] Level 1:colcon.colcon_core.package_identification:_identify(bag/rosbag2_2021_10_27-22_21_44) by extension 'colcon_meta'
[0.309s] Level 1:colcon.colcon_core.package_identification:_identify(bag/rosbag2_2021_10_27-22_21_44) by extensions ['ros']
[0.309s] Level 1:colcon.colcon_core.package_identification:_identify(bag/rosbag2_2021_10_27-22_21_44) by extension 'ros'
[0.309s] Level 1:colcon.colcon_core.package_identification:_identify(bag/rosbag2_2021_10_27-22_21_44) by extensions ['cmake', 'python']
[0.309s] Level 1:colcon.colcon_core.package_identification:_identify(bag/rosbag2_2021_10_27-22_21_44) by extension 'cmake'
[0.309s] Level 1:colcon.colcon_core.package_identification:_identify(bag/rosbag2_2021_10_27-22_21_44) by extension 'python'
[0.309s] Level 1:colcon.colcon_core.package_identification:_identify(bag/rosbag2_2021_10_27-22_21_44) by extensions ['python_setup_py']
[0.309s] Level 1:colcon.colcon_core.package_identification:_identify(bag/rosbag2_2021_10_27-22_21_44) by extension 'python_setup_py'
[0.309s] Level 1:colcon.colcon_core.package_identification:_identify(build) by extensions ['ignore', 'ignore_ament_install']
[0.309s] Level 1:colcon.colcon_core.package_identification:_identify(build) by extension 'ignore'
[0.309s] Level 1:colcon.colcon_core.package_identification:_identify(build) ignored
[0.309s] Level 1:colcon.colcon_core.package_identification:_identify(icc) by extensions ['ignore', 'ignore_ament_install']
[0.309s] Level 1:colcon.colcon_core.package_identification:_identify(icc) by extension 'ignore'
[0.309s] Level 1:colcon.colcon_core.package_identification:_identify(icc) by extension 'ignore_ament_install'
[0.309s] Level 1:colcon.colcon_core.package_identification:_identify(icc) by extensions ['colcon_pkg']
[0.309s] Level 1:colcon.colcon_core.package_identification:_identify(icc) by extension 'colcon_pkg'
[0.310s] Level 1:colcon.colcon_core.package_identification:_identify(icc) by extensions ['colcon_meta']
[0.310s] Level 1:colcon.colcon_core.package_identification:_identify(icc) by extension 'colcon_meta'
[0.310s] Level 1:colcon.colcon_core.package_identification:_identify(icc) by extensions ['ros']
[0.310s] Level 1:colcon.colcon_core.package_identification:_identify(icc) by extension 'ros'
[0.310s] DEBUG:colcon.colcon_core.package_identification:Package 'icc' with type 'ros.ament_cmake' and name 'icc'
[0.310s] Level 1:colcon.colcon_core.package_identification:_identify(install) by extensions ['ignore', 'ignore_ament_install']
[0.310s] Level 1:colcon.colcon_core.package_identification:_identify(install) by extension 'ignore'
[0.310s] Level 1:colcon.colcon_core.package_identification:_identify(install) ignored
[0.311s] Level 1:colcon.colcon_core.package_identification:_identify(log) by extensions ['ignore', 'ignore_ament_install']
[0.311s] Level 1:colcon.colcon_core.package_identification:_identify(log) by extension 'ignore'
[0.311s] Level 1:colcon.colcon_core.package_identification:_identify(log) ignored
[0.311s] Level 1:colcon.colcon_core.package_identification:_identify(maps) by extensions ['ignore', 'ignore_ament_install']
[0.311s] Level 1:colcon.colcon_core.package_identification:_identify(maps) by extension 'ignore'
[0.311s] Level 1:colcon.colcon_core.package_identification:_identify(maps) by extension 'ignore_ament_install'
[0.311s] Level 1:colcon.colcon_core.package_identification:_identify(maps) by extensions ['colcon_pkg']
[0.311s] Level 1:colcon.colcon_core.package_identification:_identify(maps) by extension 'colcon_pkg'
[0.311s] Level 1:colcon.colcon_core.package_identification:_identify(maps) by extensions ['colcon_meta']
[0.311s] Level 1:colcon.colcon_core.package_identification:_identify(maps) by extension 'colcon_meta'
[0.311s] Level 1:colcon.colcon_core.package_identification:_identify(maps) by extensions ['ros']
[0.311s] Level 1:colcon.colcon_core.package_identification:_identify(maps) by extension 'ros'
[0.311s] Level 1:colcon.colcon_core.package_identification:_identify(maps) by extensions ['cmake', 'python']
[0.311s] Level 1:colcon.colcon_core.package_identification:_identify(maps) by extension 'cmake'
[0.311s] Level 1:colcon.colcon_core.package_identification:_identify(maps) by extension 'python'
[0.312s] Level 1:colcon.colcon_core.package_identification:_identify(maps) by extensions ['python_setup_py']
[0.312s] Level 1:colcon.colcon_core.package_identification:_identify(maps) by extension 'python_setup_py'
[0.312s] Level 1:colcon.colcon_core.package_discovery:discover_packages(recursive) using defaults
[0.312s] Level 1:colcon.colcon_core.package_discovery:discover_packages(ignore) discover
[0.312s] Level 1:colcon.colcon_core.package_discovery:discover_packages(ignore) using defaults
[0.312s] Level 1:colcon.colcon_core.package_discovery:discover_packages(path) discover
[0.312s] Level 1:colcon.colcon_core.package_discovery:discover_packages(path) using defaults
[0.330s] INFO:colcon.colcon_core.package_selection:Skipping not selected package 'icc' in 'icc'
[0.333s] Level 5:colcon.colcon_core.verb:set package 'autodriving' build argument 'cmake_args' from command line to 'None'
[0.333s] Level 5:colcon.colcon_core.verb:set package 'autodriving' build argument 'cmake_target' from command line to 'None'
[0.333s] Level 5:colcon.colcon_core.verb:set package 'autodriving' build argument 'cmake_target_skip_unavailable' from command line to 'False'
[0.333s] Level 5:colcon.colcon_core.verb:set package 'autodriving' build argument 'cmake_clean_cache' from command line to 'False'
[0.333s] Level 5:colcon.colcon_core.verb:set package 'autodriving' build argument 'cmake_clean_first' from command line to 'False'
[0.333s] Level 5:colcon.colcon_core.verb:set package 'autodriving' build argument 'cmake_force_configure' from command line to 'False'
[0.333s] Level 5:colcon.colcon_core.verb:set package 'autodriving' build argument 'ament_cmake_args' from command line to 'None'
[0.333s] Level 5:colcon.colcon_core.verb:set package 'autodriving' build argument 'catkin_cmake_args' from command line to 'None'
[0.333s] Level 5:colcon.colcon_core.verb:set package 'autodriving' build argument 'catkin_skip_building_tests' from command line to 'False'
[0.333s] DEBUG:colcon.colcon_core.verb:Building package 'autodriving' with the following arguments: {'ament_cmake_args': None, 'build_base': '/home/cl4y3r/VDS/build/autodriving', 'catkin_cmake_args': None, 'catkin_skip_building_tests': False, 'cmake_args': None, 'cmake_clean_cache': False, 'cmake_clean_first': False, 'cmake_force_configure': False, 'cmake_target': None, 'cmake_target_skip_unavailable': False, 'install_base': '/home/cl4y3r/VDS/install/autodriving', 'merge_install': False, 'path': '/home/cl4y3r/VDS/autodriving', 'symlink_install': False, 'test_result_base': None}
[0.333s] INFO:colcon.colcon_core.executor:Executing jobs using 'parallel' executor
[0.336s] DEBUG:colcon.colcon_parallel_executor.executor.parallel:run_until_complete
[0.336s] INFO:colcon.colcon_ros.task.ament_cmake.build:Building ROS package in '/home/cl4y3r/VDS/autodriving' with build type 'ament_cmake'
[0.336s] INFO:colcon.colcon_cmake.task.cmake.build:Building CMake package in '/home/cl4y3r/VDS/autodriving'
[0.340s] INFO:colcon.colcon_core.plugin_system:Skipping extension 'colcon_core.shell.bat': Not used on non-Windows systems
[0.340s] INFO:colcon.colcon_core.shell:Skip shell extension 'powershell' for command environment: Not usable outside of PowerShell
[0.341s] DEBUG:colcon.colcon_core.shell:Skip shell extension 'dsv' for command environment
[0.354s] DEBUG:colcon.colcon_core.event_handler.log_command:Invoking command in '/home/cl4y3r/VDS/build/autodriving': /usr/bin/cmake --build /home/cl4y3r/VDS/build/autodriving -- -j8 -l8
[20.881s] DEBUG:colcon.colcon_core.event_handler.log_command:Invoked command in '/home/cl4y3r/VDS/build/autodriving' returned '0': /usr/bin/cmake --build /home/cl4y3r/VDS/build/autodriving -- -j8 -l8
[20.922s] DEBUG:colcon.colcon_core.event_handler.log_command:Invoking command in '/home/cl4y3r/VDS/build/autodriving': /usr/bin/cmake --install /home/cl4y3r/VDS/build/autodriving
[20.946s] Level 1:colcon.colcon_core.environment:create_environment_scripts_only(autodriving)
[20.947s] DEBUG:colcon.colcon_core.event_handler.log_command:Invoked command in '/home/cl4y3r/VDS/build/autodriving' returned '0': /usr/bin/cmake --install /home/cl4y3r/VDS/build/autodriving
[20.951s] Level 1:colcon.colcon_core.environment:checking '/home/cl4y3r/VDS/install/autodriving' for CMake module files
[20.952s] Level 1:colcon.colcon_core.environment:checking '/home/cl4y3r/VDS/install/autodriving' for CMake config files
[20.952s] Level 1:colcon.colcon_core.shell:create_environment_hook('autodriving', 'cmake_prefix_path')
[20.953s] INFO:colcon.colcon_core.shell:Creating environment hook '/home/cl4y3r/VDS/install/autodriving/share/autodriving/hook/cmake_prefix_path.ps1'
[20.954s] INFO:colcon.colcon_core.shell:Creating environment descriptor '/home/cl4y3r/VDS/install/autodriving/share/autodriving/hook/cmake_prefix_path.dsv'
[20.954s] INFO:colcon.colcon_core.shell:Creating environment hook '/home/cl4y3r/VDS/install/autodriving/share/autodriving/hook/cmake_prefix_path.sh'
[20.956s] Level 1:colcon.colcon_core.environment:checking '/home/cl4y3r/VDS/install/autodriving/lib'
[20.956s] Level 1:colcon.colcon_core.environment:checking '/home/cl4y3r/VDS/install/autodriving/bin'
[20.956s] Level 1:colcon.colcon_core.environment:checking '/home/cl4y3r/VDS/install/autodriving/lib/pkgconfig/autodriving.pc'
[20.956s] Level 1:colcon.colcon_core.environment:checking '/home/cl4y3r/VDS/install/autodriving/lib/python3.8/site-packages'
[20.957s] INFO:colcon.colcon_core.shell:Creating package script '/home/cl4y3r/VDS/install/autodriving/share/autodriving/package.ps1'
[20.958s] INFO:colcon.colcon_core.shell:Creating package descriptor '/home/cl4y3r/VDS/install/autodriving/share/autodriving/package.dsv'
[20.959s] INFO:colcon.colcon_core.shell:Creating package script '/home/cl4y3r/VDS/install/autodriving/share/autodriving/package.sh'
[20.960s] INFO:colcon.colcon_core.shell:Creating package script '/home/cl4y3r/VDS/install/autodriving/share/autodriving/package.bash'
[20.961s] INFO:colcon.colcon_core.shell:Creating package script '/home/cl4y3r/VDS/install/autodriving/share/autodriving/package.zsh'
[20.962s] Level 1:colcon.colcon_core.environment:create_file_with_runtime_dependencies(/home/cl4y3r/VDS/install/autodriving/share/colcon-core/packages/autodriving)
[20.990s] Level 1:colcon.colcon_core.environment:create_environment_scripts_only(autodriving)
[20.992s] Level 1:colcon.colcon_core.environment:checking '/home/cl4y3r/VDS/install/autodriving' for CMake module files
[20.993s] Level 1:colcon.colcon_core.environment:checking '/home/cl4y3r/VDS/install/autodriving' for CMake config files
[20.994s] Level 1:colcon.colcon_core.shell:create_environment_hook('autodriving', 'cmake_prefix_path')
[20.995s] INFO:colcon.colcon_core.shell:Creating environment hook '/home/cl4y3r/VDS/install/autodriving/share/autodriving/hook/cmake_prefix_path.ps1'
[20.996s] INFO:colcon.colcon_core.shell:Creating environment descriptor '/home/cl4y3r/VDS/install/autodriving/share/autodriving/hook/cmake_prefix_path.dsv'
[20.996s] INFO:colcon.colcon_core.shell:Creating environment hook '/home/cl4y3r/VDS/install/autodriving/share/autodriving/hook/cmake_prefix_path.sh'
[20.997s] Level 1:colcon.colcon_core.environment:checking '/home/cl4y3r/VDS/install/autodriving/lib'
[20.997s] Level 1:colcon.colcon_core.environment:checking '/home/cl4y3r/VDS/install/autodriving/bin'
[20.998s] Level 1:colcon.colcon_core.environment:checking '/home/cl4y3r/VDS/install/autodriving/lib/pkgconfig/autodriving.pc'
[20.998s] Level 1:colcon.colcon_core.environment:checking '/home/cl4y3r/VDS/install/autodriving/lib/python3.8/site-packages'
[20.998s] INFO:colcon.colcon_core.shell:Creating package script '/home/cl4y3r/VDS/install/autodriving/share/autodriving/package.ps1'
[20.999s] INFO:colcon.colcon_core.shell:Creating package descriptor '/home/cl4y3r/VDS/install/autodriving/share/autodriving/package.dsv'
[21.000s] INFO:colcon.colcon_core.shell:Creating package script '/home/cl4y3r/VDS/install/autodriving/share/autodriving/package.sh'
[21.001s] INFO:colcon.colcon_core.shell:Creating package script '/home/cl4y3r/VDS/install/autodriving/share/autodriving/package.bash'
[21.001s] INFO:colcon.colcon_core.shell:Creating package script '/home/cl4y3r/VDS/install/autodriving/share/autodriving/package.zsh'
[21.002s] Level 1:colcon.colcon_core.environment:create_file_with_runtime_dependencies(/home/cl4y3r/VDS/install/autodriving/share/colcon-core/packages/autodriving)
[21.002s] DEBUG:colcon.colcon_parallel_executor.executor.parallel:closing loop
[21.003s] DEBUG:colcon.colcon_parallel_executor.executor.parallel:loop closed
[21.003s] DEBUG:colcon.colcon_parallel_executor.executor.parallel:run_until_complete finished with '0'
[21.003s] DEBUG:colcon.colcon_core.event_reactor:joining thread
[21.011s] INFO:colcon.colcon_core.plugin_system:Skipping extension 'colcon_notification.desktop_notification.terminal_notifier': Not used on non-Darwin systems
[21.011s] INFO:colcon.colcon_core.plugin_system:Skipping extension 'colcon_notification.desktop_notification.win32': Not used on non-Windows systems
[21.011s] INFO:colcon.colcon_notification.desktop_notification:Sending desktop notification using 'notify2'
[21.032s] DEBUG:colcon.colcon_core.event_reactor:joined thread
[21.033s] INFO:colcon.colcon_core.shell:Creating prefix script '/home/cl4y3r/VDS/install/local_setup.ps1'
[21.034s] INFO:colcon.colcon_core.shell:Creating prefix util module '/home/cl4y3r/VDS/install/_local_setup_util_ps1.py'
[21.036s] INFO:colcon.colcon_core.shell:Creating prefix chain script '/home/cl4y3r/VDS/install/setup.ps1'
[21.039s] INFO:colcon.colcon_core.shell:Creating prefix script '/home/cl4y3r/VDS/install/local_setup.sh'
[21.040s] INFO:colcon.colcon_core.shell:Creating prefix util module '/home/cl4y3r/VDS/install/_local_setup_util_sh.py'
[21.040s] INFO:colcon.colcon_core.shell:Creating prefix chain script '/home/cl4y3r/VDS/install/setup.sh'
[21.043s] INFO:colcon.colcon_core.shell:Creating prefix script '/home/cl4y3r/VDS/install/local_setup.bash'
[21.043s] INFO:colcon.colcon_core.shell:Creating prefix chain script '/home/cl4y3r/VDS/install/setup.bash'
[21.047s] INFO:colcon.colcon_core.shell:Creating prefix script '/home/cl4y3r/VDS/install/local_setup.zsh'
[21.047s] INFO:colcon.colcon_core.shell:Creating prefix chain script '/home/cl4y3r/VDS/install/setup.zsh'
