[0.013s] Invoking command in '/home/cl4y3r/VDS/build/chassis_controller': CMAKE_PREFIX_PATH=${CMAKE_PREFIX_PATH}:/opt/ros/foxy /usr/bin/cmake --build /home/cl4y3r/VDS/build/chassis_controller -- -j8 -l8
[0.050s] [35m[1mScanning dependencies of target chassis_controller[0m
[0.074s] [ 50%] [32mBuilding CXX object CMakeFiles/chassis_controller.dir/src/chassis_controller.cpp.o[0m
[1.661s] [01m[K/home/cl4y3r/VDS/chassis_controller/src/chassis_controller.cpp:[m[K In member function ‘[01m[Kdouble ChassisController::longitudinal_controller(double, double)[m[K’:
[1.662s] [01m[K/home/cl4y3r/VDS/chassis_controller/src/chassis_controller.cpp:104:58:[m[K [01;35m[Kwarning: [m[Kunused parameter ‘[01m[Kvelocity_x[m[K’ [[01;35m[K-Wunused-parameter[m[K]
[1.662s]   104 | double ChassisController::longitudinal_controller([01;35m[Kdouble velocity_x[m[K, double acc_x){
[1.662s]       |                                                   [01;35m[K~~~~~~~^~~~~~~~~~[m[K
[1.662s] [01m[K/home/cl4y3r/VDS/chassis_controller/src/chassis_controller.cpp:104:77:[m[K [01;35m[Kwarning: [m[Kunused parameter ‘[01m[Kacc_x[m[K’ [[01;35m[K-Wunused-parameter[m[K]
[1.662s]   104 | ontroller::longitudinal_controller(double velocity_x, [01;35m[Kdouble acc_x[m[K){
[1.662s]       |                                                       [01;35m[K~~~~~~~^~~~~[m[K
[1.662s] 
[1.662s] [01m[K/home/cl4y3r/VDS/chassis_controller/src/chassis_controller.cpp:[m[K In member function ‘[01m[Kdouble ChassisController::lateral_controller(double, double, double, double, double, double, double, double, double)[m[K’:
[1.662s] [01m[K/home/cl4y3r/VDS/chassis_controller/src/chassis_controller.cpp:108:53:[m[K [01;35m[Kwarning: [m[Kunused parameter ‘[01m[Kyaw[m[K’ [[01;35m[K-Wunused-parameter[m[K]
[1.662s]   108 | double ChassisController::lateral_controller([01;35m[Kdouble yaw[m[K, double yaw_rate, double pos_x, double pos_y,
[1.662s]       |                                              [01;35m[K~~~~~~~^~~[m[K
[1.662s] [01m[K/home/cl4y3r/VDS/chassis_controller/src/chassis_controller.cpp:108:65:[m[K [01;35m[Kwarning: [m[Kunused parameter ‘[01m[Kyaw_rate[m[K’ [[01;35m[K-Wunused-parameter[m[K]
[1.662s]   108 | ble ChassisController::lateral_controller(double yaw, [01;35m[Kdouble yaw_rate[m[K, double pos_x, double pos_y,
[1.662s]       |                                                       [01;35m[K~~~~~~~^~~~~~~~[m[K
[1.662s] 
[1.663s] [01m[K/home/cl4y3r/VDS/chassis_controller/src/chassis_controller.cpp:108:82:[m[K [01;35m[Kwarning: [m[Kunused parameter ‘[01m[Kpos_x[m[K’ [[01;35m[K-Wunused-parameter[m[K]
[1.663s]   108 | ller::lateral_controller(double yaw, double yaw_rate, [01;35m[Kdouble pos_x[m[K, double pos_y,
[1.663s]       |                                                       [01;35m[K~~~~~~~^~~~~[m[K
[1.663s] 
[1.663s] [01m[K/home/cl4y3r/VDS/chassis_controller/src/chassis_controller.cpp:108:96:[m[K [01;35m[Kwarning: [m[Kunused parameter ‘[01m[Kpos_y[m[K’ [[01;35m[K-Wunused-parameter[m[K]
[1.663s]   108 | controller(double yaw, double yaw_rate, double pos_x, [01;35m[Kdouble pos_y[m[K,
[1.663s]       |                                                       [01;35m[K~~~~~~~^~~~~[m[K
[1.663s] 
[1.663s] [01m[K/home/cl4y3r/VDS/chassis_controller/src/chassis_controller.cpp:109:52:[m[K [01;35m[Kwarning: [m[Kunused parameter ‘[01m[Kvelocity_x[m[K’ [[01;35m[K-Wunused-parameter[m[K]
[1.663s]   109 |                                             [01;35m[Kdouble velocity_x[m[K, double x_ref, double y_ref, double theta_ref, double kappa_ref)
[1.663s]       |                                             [01;35m[K~~~~~~~^~~~~~~~~~[m[K
[1.663s] [01m[K/home/cl4y3r/VDS/chassis_controller/src/chassis_controller.cpp:109:71:[m[K [01;35m[Kwarning: [m[Kunused parameter ‘[01m[Kx_ref[m[K’ [[01;35m[K-Wunused-parameter[m[K]
[1.663s]   109 |                                    double velocity_x, [01;35m[Kdouble x_ref[m[K, double y_ref, double theta_ref, double kappa_ref)
[1.663s]       |                                                       [01;35m[K~~~~~~~^~~~~[m[K
[1.663s] 
[1.663s] [01m[K/home/cl4y3r/VDS/chassis_controller/src/chassis_controller.cpp:109:85:[m[K [01;35m[Kwarning: [m[Kunused parameter ‘[01m[Ky_ref[m[K’ [[01;35m[K-Wunused-parameter[m[K]
[1.664s]   109 |                      double velocity_x, double x_ref, [01;35m[Kdouble y_ref[m[K, double theta_ref, double kappa_ref)
[1.664s]       |                                                       [01;35m[K~~~~~~~^~~~~[m[K
[1.664s] 
[1.664s] [01m[K/home/cl4y3r/VDS/chassis_controller/src/chassis_controller.cpp:109:99:[m[K [01;35m[Kwarning: [m[Kunused parameter ‘[01m[Ktheta_ref[m[K’ [[01;35m[K-Wunused-parameter[m[K]
[1.664s]   109 |        double velocity_x, double x_ref, double y_ref, [01;35m[Kdouble theta_ref[m[K, double kappa_ref)
[1.664s]       |                                                       [01;35m[K~~~~~~~^~~~~~~~~[m[K
[1.664s] 
[1.664s] [01m[K/home/cl4y3r/VDS/chassis_controller/src/chassis_controller.cpp:109:117:[m[K [01;35m[Kwarning: [m[Kunused parameter ‘[01m[Kkappa_ref[m[K’ [[01;35m[K-Wunused-parameter[m[K]
[1.664s]   109 | ble velocity_x, double x_ref, double y_ref, double theta_ref, [01;35m[Kdouble kappa_ref[m[K)
[1.664s]       |                                                               [01;35m[K~~~~~~~^~~~~~~~~[m[K
[1.664s] 
[12.256s] [100%] [32m[1mLinking CXX executable chassis_controller[0m
[12.871s] [100%] Built target chassis_controller
[12.882s] Invoked command in '/home/cl4y3r/VDS/build/chassis_controller' returned '0': CMAKE_PREFIX_PATH=${CMAKE_PREFIX_PATH}:/opt/ros/foxy /usr/bin/cmake --build /home/cl4y3r/VDS/build/chassis_controller -- -j8 -l8
[12.911s] Invoking command in '/home/cl4y3r/VDS/build/chassis_controller': CMAKE_PREFIX_PATH=${CMAKE_PREFIX_PATH}:/opt/ros/foxy /usr/bin/cmake --install /home/cl4y3r/VDS/build/chassis_controller
[12.919s] -- Install configuration: ""
[12.919s] -- Installing: /home/cl4y3r/VDS/install/chassis_controller/lib/chassis_controller/chassis_controller
[12.924s] -- Set runtime path of "/home/cl4y3r/VDS/install/chassis_controller/lib/chassis_controller/chassis_controller" to ""
[12.924s] -- Up-to-date: /home/cl4y3r/VDS/install/chassis_controller/share/ament_index/resource_index/package_run_dependencies/chassis_controller
[12.925s] -- Up-to-date: /home/cl4y3r/VDS/install/chassis_controller/share/ament_index/resource_index/parent_prefix_path/chassis_controller
[12.925s] -- Up-to-date: /home/cl4y3r/VDS/install/chassis_controller/share/chassis_controller/environment/ament_prefix_path.sh
[12.925s] -- Up-to-date: /home/cl4y3r/VDS/install/chassis_controller/share/chassis_controller/environment/ament_prefix_path.dsv
[12.925s] -- Up-to-date: /home/cl4y3r/VDS/install/chassis_controller/share/chassis_controller/environment/path.sh
[12.925s] -- Up-to-date: /home/cl4y3r/VDS/install/chassis_controller/share/chassis_controller/environment/path.dsv
[12.925s] -- Up-to-date: /home/cl4y3r/VDS/install/chassis_controller/share/chassis_controller/local_setup.bash
[12.925s] -- Up-to-date: /home/cl4y3r/VDS/install/chassis_controller/share/chassis_controller/local_setup.sh
[12.925s] -- Up-to-date: /home/cl4y3r/VDS/install/chassis_controller/share/chassis_controller/local_setup.zsh
[12.925s] -- Up-to-date: /home/cl4y3r/VDS/install/chassis_controller/share/chassis_controller/local_setup.dsv
[12.925s] -- Installing: /home/cl4y3r/VDS/install/chassis_controller/share/chassis_controller/package.dsv
[12.925s] -- Up-to-date: /home/cl4y3r/VDS/install/chassis_controller/share/ament_index/resource_index/packages/chassis_controller
[12.925s] -- Up-to-date: /home/cl4y3r/VDS/install/chassis_controller/share/chassis_controller/cmake/chassis_controllerConfig.cmake
[12.925s] -- Up-to-date: /home/cl4y3r/VDS/install/chassis_controller/share/chassis_controller/cmake/chassis_controllerConfig-version.cmake
[12.925s] -- Up-to-date: /home/cl4y3r/VDS/install/chassis_controller/share/chassis_controller/package.xml
[12.927s] Invoked command in '/home/cl4y3r/VDS/build/chassis_controller' returned '0': CMAKE_PREFIX_PATH=${CMAKE_PREFIX_PATH}:/opt/ros/foxy /usr/bin/cmake --install /home/cl4y3r/VDS/build/chassis_controller
