[01m[K/home/cl4y3r/VDS/chassis_controller/src/chassis_controller.cpp:[m[K In constructor ‘[01m[KChassisController::ChassisController()[m[K’:
[01m[K/home/cl4y3r/VDS/chassis_controller/src/chassis_controller.cpp:17:42:[m[K [01;31m[Kerror: [m[Kno match for ‘[01m[Koperator=[m[K’ (operand types are ‘[01m[Kstd::vector<double, std::allocator<double> >[m[K’ and ‘[01m[Kdouble[m[K’)
   17 |     wp_x,wp_y=waypoint_loader("point.csv"[01;31m[K)[m[K;
      |                                          [01;31m[K^[m[K
In file included from [01m[K/usr/include/c++/9/vector:72[m[K,
                 from [01m[K/home/cl4y3r/VDS/chassis_controller/include/chassis_controller/chassis_controller.hpp:7[m[K,
                 from [01m[K/home/cl4y3r/VDS/chassis_controller/src/chassis_controller.cpp:1[m[K:
[01m[K/usr/include/c++/9/bits/vector.tcc:198:5:[m[K [01;36m[Knote: [m[Kcandidate: ‘[01m[Kstd::vector<_Tp, _Alloc>& std::vector<_Tp, _Alloc>::operator=(const std::vector<_Tp, _Alloc>&) [with _Tp = double; _Alloc = std::allocator<double>][m[K’
  198 |     [01;36m[Kvector<_Tp, _Alloc>[m[K::
      |     [01;36m[K^~~~~~~~~~~~~~~~~~~[m[K
[01m[K/usr/include/c++/9/bits/vector.tcc:199:42:[m[K [01;36m[Knote: [m[K  no known conversion for argument 1 from ‘[01m[Kdouble[m[K’ to ‘[01m[Kconst std::vector<double, std::allocator<double> >&[m[K’
  199 |     operator=([01;36m[Kconst vector<_Tp, _Alloc>& __x[m[K)
      |               [01;36m[K~~~~~~~~~~~~~~~~~~~~~~~~~~~^~~[m[K
In file included from [01m[K/usr/include/c++/9/vector:67[m[K,
                 from [01m[K/home/cl4y3r/VDS/chassis_controller/include/chassis_controller/chassis_controller.hpp:7[m[K,
                 from [01m[K/home/cl4y3r/VDS/chassis_controller/src/chassis_controller.cpp:1[m[K:
[01m[K/usr/include/c++/9/bits/stl_vector.h:706:7:[m[K [01;36m[Knote: [m[Kcandidate: ‘[01m[Kstd::vector<_Tp, _Alloc>& std::vector<_Tp, _Alloc>::operator=(std::vector<_Tp, _Alloc>&&) [with _Tp = double; _Alloc = std::allocator<double>][m[K’
  706 |       [01;36m[Koperator[m[K=(vector&& __x) noexcept(_Alloc_traits::_S_nothrow_move())
      |       [01;36m[K^~~~~~~~[m[K
[01m[K/usr/include/c++/9/bits/stl_vector.h:706:26:[m[K [01;36m[Knote: [m[K  no known conversion for argument 1 from ‘[01m[Kdouble[m[K’ to ‘[01m[Kstd::vector<double, std::allocator<double> >&&[m[K’
  706 |       operator=([01;36m[Kvector&& __x[m[K) noexcept(_Alloc_traits::_S_nothrow_move())
      |                 [01;36m[K~~~~~~~~~^~~[m[K
[01m[K/usr/include/c++/9/bits/stl_vector.h:727:7:[m[K [01;36m[Knote: [m[Kcandidate: ‘[01m[Kstd::vector<_Tp, _Alloc>& std::vector<_Tp, _Alloc>::operator=(std::initializer_list<_Tp>) [with _Tp = double; _Alloc = std::allocator<double>][m[K’
  727 |       [01;36m[Koperator[m[K=(initializer_list<value_type> __l)
      |       [01;36m[K^~~~~~~~[m[K
[01m[K/usr/include/c++/9/bits/stl_vector.h:727:46:[m[K [01;36m[Knote: [m[K  no known conversion for argument 1 from ‘[01m[Kdouble[m[K’ to ‘[01m[Kstd::initializer_list<double>[m[K’
  727 |       operator=([01;36m[Kinitializer_list<value_type> __l[m[K)
      |                 [01;36m[K~~~~~~~~~~~~~~~~~~~~~~~~~~~~~^~~[m[K
[01m[K/home/cl4y3r/VDS/chassis_controller/src/chassis_controller.cpp:[m[K In member function ‘[01m[Kdouble ChassisController::waypoint_loader(std::string)[m[K’:
[01m[K/home/cl4y3r/VDS/chassis_controller/src/chassis_controller.cpp:97:12:[m[K [01;35m[Kwarning: [m[Kleft operand of comma operator has no effect [[01;35m[K-Wunused-value[m[K]
   97 |     return [01;35m[Klocation_x[m[K,location_y;
      |            [01;35m[K^~~~~~~~~~[m[K
[01m[K/home/cl4y3r/VDS/chassis_controller/src/chassis_controller.cpp:97:22:[m[K [01;31m[Kerror: [m[Kcannot convert ‘[01m[Kstd::vector<double, std::allocator<double> >[m[K’ to ‘[01m[Kdouble[m[K’ in return
   97 |     return [01;31m[Klocation_x,location_y[m[K;
      |            [01;31m[K~~~~~~~~~~^~~~~~~~~~~[m[K
      |                      [01;31m[K|[m[K
      |                      [01;31m[Kstd::vector<double, std::allocator<double> >[m[K
[01m[K/home/cl4y3r/VDS/chassis_controller/src/chassis_controller.cpp:[m[K In member function ‘[01m[Kdouble ChassisController::longitudinal_controller(double, double)[m[K’:
[01m[K/home/cl4y3r/VDS/chassis_controller/src/chassis_controller.cpp:100:58:[m[K [01;35m[Kwarning: [m[Kunused parameter ‘[01m[Kvelocity_x[m[K’ [[01;35m[K-Wunused-parameter[m[K]
  100 | double ChassisController::longitudinal_controller([01;35m[Kdouble velocity_x[m[K, double acc_x){
      |                                                   [01;35m[K~~~~~~~^~~~~~~~~~[m[K
[01m[K/home/cl4y3r/VDS/chassis_controller/src/chassis_controller.cpp:100:77:[m[K [01;35m[Kwarning: [m[Kunused parameter ‘[01m[Kacc_x[m[K’ [[01;35m[K-Wunused-parameter[m[K]
  100 | ontroller::longitudinal_controller(double velocity_x, [01;35m[Kdouble acc_x[m[K){
      |                                                       [01;35m[K~~~~~~~^~~~~[m[K

[01m[K/home/cl4y3r/VDS/chassis_controller/src/chassis_controller.cpp:[m[K In member function ‘[01m[Kdouble ChassisController::lateral_controller(double, double, double, double, double)[m[K’:
[01m[K/home/cl4y3r/VDS/chassis_controller/src/chassis_controller.cpp:104:53:[m[K [01;35m[Kwarning: [m[Kunused parameter ‘[01m[Kyaw[m[K’ [[01;35m[K-Wunused-parameter[m[K]
  104 | double ChassisController::lateral_controller([01;35m[Kdouble yaw[m[K, double yaw_rate, double pos_x, double pos_y, double velocity_x){
      |                                              [01;35m[K~~~~~~~^~~[m[K
[01m[K/home/cl4y3r/VDS/chassis_controller/src/chassis_controller.cpp:104:65:[m[K [01;35m[Kwarning: [m[Kunused parameter ‘[01m[Kyaw_rate[m[K’ [[01;35m[K-Wunused-parameter[m[K]
  104 | ble ChassisController::lateral_controller(double yaw, [01;35m[Kdouble yaw_rate[m[K, double pos_x, double pos_y, double velocity_x){
      |                                                       [01;35m[K~~~~~~~^~~~~~~~[m[K

[01m[K/home/cl4y3r/VDS/chassis_controller/src/chassis_controller.cpp:104:82:[m[K [01;35m[Kwarning: [m[Kunused parameter ‘[01m[Kpos_x[m[K’ [[01;35m[K-Wunused-parameter[m[K]
  104 | ller::lateral_controller(double yaw, double yaw_rate, [01;35m[Kdouble pos_x[m[K, double pos_y, double velocity_x){
      |                                                       [01;35m[K~~~~~~~^~~~~[m[K

[01m[K/home/cl4y3r/VDS/chassis_controller/src/chassis_controller.cpp:104:96:[m[K [01;35m[Kwarning: [m[Kunused parameter ‘[01m[Kpos_y[m[K’ [[01;35m[K-Wunused-parameter[m[K]
  104 | controller(double yaw, double yaw_rate, double pos_x, [01;35m[Kdouble pos_y[m[K, double velocity_x){
      |                                                       [01;35m[K~~~~~~~^~~~~[m[K

[01m[K/home/cl4y3r/VDS/chassis_controller/src/chassis_controller.cpp:104:110:[m[K [01;35m[Kwarning: [m[Kunused parameter ‘[01m[Kvelocity_x[m[K’ [[01;35m[K-Wunused-parameter[m[K]
  104 | er(double yaw, double yaw_rate, double pos_x, double pos_y, [01;35m[Kdouble velocity_x[m[K){
      |                                                             [01;35m[K~~~~~~~^~~~~~~~~~[m[K

make[2]: *** [CMakeFiles/chassis_controller.dir/build.make:63: CMakeFiles/chassis_controller.dir/src/chassis_controller.cpp.o] Error 1
make[1]: *** [CMakeFiles/Makefile2:78: CMakeFiles/chassis_controller.dir/all] Error 2
make: *** [Makefile:141: all] Error 2
