[0.018s] Invoking command in '/home/cl4y3r/VDS/build/autodriving': /usr/bin/cmake --build /home/cl4y3r/VDS/build/autodriving -- -j8 -l8
[0.069s] [35m[1mScanning dependencies of target main_msg[0m
[0.105s] [ 50%] [32mBuilding CXX object CMakeFiles/main_msg.dir/src/msg_subpub.cpp.o[0m
[19.419s] [100%] [32m[1mLinking CXX executable main_msg[0m
[20.321s] [100%] Built target main_msg
[20.333s] Invoked command in '/home/cl4y3r/VDS/build/autodriving' returned '0': /usr/bin/cmake --build /home/cl4y3r/VDS/build/autodriving -- -j8 -l8
[20.376s] Invoking command in '/home/cl4y3r/VDS/build/autodriving': /usr/bin/cmake --install /home/cl4y3r/VDS/build/autodriving
[20.387s] -- Install configuration: ""
[20.388s] -- Installing: /home/cl4y3r/VDS/install/autodriving/lib/autodriving/main_msg
[20.396s] -- Set runtime path of "/home/cl4y3r/VDS/install/autodriving/lib/autodriving/main_msg" to ""
[20.396s] -- Up-to-date: /home/cl4y3r/VDS/install/autodriving/share/ament_index/resource_index/package_run_dependencies/autodriving
[20.397s] -- Up-to-date: /home/cl4y3r/VDS/install/autodriving/share/ament_index/resource_index/parent_prefix_path/autodriving
[20.397s] -- Up-to-date: /home/cl4y3r/VDS/install/autodriving/share/autodriving/environment/ament_prefix_path.sh
[20.397s] -- Up-to-date: /home/cl4y3r/VDS/install/autodriving/share/autodriving/environment/ament_prefix_path.dsv
[20.398s] -- Up-to-date: /home/cl4y3r/VDS/install/autodriving/share/autodriving/environment/path.sh
[20.398s] -- Up-to-date: /home/cl4y3r/VDS/install/autodriving/share/autodriving/environment/path.dsv
[20.398s] -- Up-to-date: /home/cl4y3r/VDS/install/autodriving/share/autodriving/local_setup.bash
[20.398s] -- Up-to-date: /home/cl4y3r/VDS/install/autodriving/share/autodriving/local_setup.sh
[20.398s] -- Up-to-date: /home/cl4y3r/VDS/install/autodriving/share/autodriving/local_setup.zsh
[20.399s] -- Up-to-date: /home/cl4y3r/VDS/install/autodriving/share/autodriving/local_setup.dsv
[20.399s] -- Installing: /home/cl4y3r/VDS/install/autodriving/share/autodriving/package.dsv
[20.399s] -- Up-to-date: /home/cl4y3r/VDS/install/autodriving/share/ament_index/resource_index/packages/autodriving
[20.399s] -- Up-to-date: /home/cl4y3r/VDS/install/autodriving/share/autodriving/cmake/autodrivingConfig.cmake
[20.399s] -- Up-to-date: /home/cl4y3r/VDS/install/autodriving/share/autodriving/cmake/autodrivingConfig-version.cmake
[20.400s] -- Up-to-date: /home/cl4y3r/VDS/install/autodriving/share/autodriving/package.xml
[20.403s] Invoked command in '/home/cl4y3r/VDS/build/autodriving' returned '0': /usr/bin/cmake --install /home/cl4y3r/VDS/build/autodriving
