[0.025s] Invoking command in '/home/cl4y3r/VDS/build/chassis_controller': CMAKE_PREFIX_PATH=${CMAKE_PREFIX_PATH}:/opt/ros/foxy /usr/bin/cmake --build /home/cl4y3r/VDS/build/chassis_controller -- -j8 -l8
[0.081s] [35m[1mScanning dependencies of target chassis_controller[0m
[0.124s] [ 50%] [32mBuilding CXX object CMakeFiles/chassis_controller.dir/src/chassis_controller.cpp.o[0m
[2.319s] [01m[K/home/cl4y3r/VDS/chassis_controller/src/chassis_controller.cpp:[m[K In constructor ‘[01m[KChassisController::ChassisController()[m[K’:
[2.319s] [01m[K/home/cl4y3r/VDS/chassis_controller/src/chassis_controller.cpp:17:5:[m[K [01;35m[Kwarning: [m[Kleft operand of comma operator has no effect [[01;35m[K-Wunused-value[m[K]
[2.319s]    17 |     [01;35m[Kwp_x[m[K,wp_y=waypoint_loader("point.csv");
[2.320s]       |     [01;35m[K^~~~[m[K
[2.580s] [01m[K/home/cl4y3r/VDS/chassis_controller/src/chassis_controller.cpp:[m[K In member function ‘[01m[Kstd::vector<double, std::allocator<double> > ChassisController::waypoint_loader(std::string)[m[K’:
[2.580s] [01m[K/home/cl4y3r/VDS/chassis_controller/src/chassis_controller.cpp:98:12:[m[K [01;35m[Kwarning: [m[Kleft operand of comma operator has no effect [[01;35m[K-Wunused-value[m[K]
[2.580s]    98 |     return [01;35m[Klocation_x[m[K,location_y;
[2.580s]       |            [01;35m[K^~~~~~~~~~[m[K
[2.581s] [01m[K/home/cl4y3r/VDS/chassis_controller/src/chassis_controller.cpp:[m[K In member function ‘[01m[Kdouble ChassisController::longitudinal_controller(double, double)[m[K’:
[2.581s] [01m[K/home/cl4y3r/VDS/chassis_controller/src/chassis_controller.cpp:101:58:[m[K [01;35m[Kwarning: [m[Kunused parameter ‘[01m[Kvelocity_x[m[K’ [[01;35m[K-Wunused-parameter[m[K]
[2.581s]   101 | double ChassisController::longitudinal_controller([01;35m[Kdouble velocity_x[m[K, double acc_x){
[2.581s]       |                                                   [01;35m[K~~~~~~~^~~~~~~~~~[m[K
[2.582s] [01m[K/home/cl4y3r/VDS/chassis_controller/src/chassis_controller.cpp:101:77:[m[K [01;35m[Kwarning: [m[Kunused parameter ‘[01m[Kacc_x[m[K’ [[01;35m[K-Wunused-parameter[m[K]
[2.582s]   101 | ontroller::longitudinal_controller(double velocity_x, [01;35m[Kdouble acc_x[m[K){
[2.582s]       |                                                       [01;35m[K~~~~~~~^~~~~[m[K
[2.582s] 
[2.582s] [01m[K/home/cl4y3r/VDS/chassis_controller/src/chassis_controller.cpp:[m[K In member function ‘[01m[Kdouble ChassisController::lateral_controller(double, double, double, double, double)[m[K’:
[2.582s] [01m[K/home/cl4y3r/VDS/chassis_controller/src/chassis_controller.cpp:105:53:[m[K [01;35m[Kwarning: [m[Kunused parameter ‘[01m[Kyaw[m[K’ [[01;35m[K-Wunused-parameter[m[K]
[2.583s]   105 | double ChassisController::lateral_controller([01;35m[Kdouble yaw[m[K, double yaw_rate, double pos_x, double pos_y, double velocity_x){
[2.583s]       |                                              [01;35m[K~~~~~~~^~~[m[K
[2.583s] [01m[K/home/cl4y3r/VDS/chassis_controller/src/chassis_controller.cpp:105:65:[m[K [01;35m[Kwarning: [m[Kunused parameter ‘[01m[Kyaw_rate[m[K’ [[01;35m[K-Wunused-parameter[m[K]
[2.583s]   105 | ble ChassisController::lateral_controller(double yaw, [01;35m[Kdouble yaw_rate[m[K, double pos_x, double pos_y, double velocity_x){
[2.583s]       |                                                       [01;35m[K~~~~~~~^~~~~~~~[m[K
[2.583s] 
[2.584s] [01m[K/home/cl4y3r/VDS/chassis_controller/src/chassis_controller.cpp:105:82:[m[K [01;35m[Kwarning: [m[Kunused parameter ‘[01m[Kpos_x[m[K’ [[01;35m[K-Wunused-parameter[m[K]
[2.584s]   105 | ller::lateral_controller(double yaw, double yaw_rate, [01;35m[Kdouble pos_x[m[K, double pos_y, double velocity_x){
[2.584s]       |                                                       [01;35m[K~~~~~~~^~~~~[m[K
[2.584s] 
[2.585s] [01m[K/home/cl4y3r/VDS/chassis_controller/src/chassis_controller.cpp:105:96:[m[K [01;35m[Kwarning: [m[Kunused parameter ‘[01m[Kpos_y[m[K’ [[01;35m[K-Wunused-parameter[m[K]
[2.585s]   105 | controller(double yaw, double yaw_rate, double pos_x, [01;35m[Kdouble pos_y[m[K, double velocity_x){
[2.585s]       |                                                       [01;35m[K~~~~~~~^~~~~[m[K
[2.585s] 
[2.585s] [01m[K/home/cl4y3r/VDS/chassis_controller/src/chassis_controller.cpp:105:110:[m[K [01;35m[Kwarning: [m[Kunused parameter ‘[01m[Kvelocity_x[m[K’ [[01;35m[K-Wunused-parameter[m[K]
[2.586s]   105 | er(double yaw, double yaw_rate, double pos_x, double pos_y, [01;35m[Kdouble velocity_x[m[K){
[2.586s]       |                                                             [01;35m[K~~~~~~~^~~~~~~~~~[m[K
[2.586s] 
[18.843s] [100%] [32m[1mLinking CXX executable chassis_controller[0m
[19.668s] [100%] Built target chassis_controller
[19.682s] Invoked command in '/home/cl4y3r/VDS/build/chassis_controller' returned '0': CMAKE_PREFIX_PATH=${CMAKE_PREFIX_PATH}:/opt/ros/foxy /usr/bin/cmake --build /home/cl4y3r/VDS/build/chassis_controller -- -j8 -l8
[19.736s] Invoking command in '/home/cl4y3r/VDS/build/chassis_controller': CMAKE_PREFIX_PATH=${CMAKE_PREFIX_PATH}:/opt/ros/foxy /usr/bin/cmake --install /home/cl4y3r/VDS/build/chassis_controller
[19.748s] -- Install configuration: ""
[19.749s] -- Installing: /home/cl4y3r/VDS/install/chassis_controller/lib/chassis_controller/chassis_controller
[19.757s] -- Set runtime path of "/home/cl4y3r/VDS/install/chassis_controller/lib/chassis_controller/chassis_controller" to ""
[19.757s] -- Up-to-date: /home/cl4y3r/VDS/install/chassis_controller/share/ament_index/resource_index/package_run_dependencies/chassis_controller
[19.758s] -- Up-to-date: /home/cl4y3r/VDS/install/chassis_controller/share/ament_index/resource_index/parent_prefix_path/chassis_controller
[19.758s] -- Up-to-date: /home/cl4y3r/VDS/install/chassis_controller/share/chassis_controller/environment/ament_prefix_path.sh
[19.758s] -- Up-to-date: /home/cl4y3r/VDS/install/chassis_controller/share/chassis_controller/environment/ament_prefix_path.dsv
[19.759s] -- Up-to-date: /home/cl4y3r/VDS/install/chassis_controller/share/chassis_controller/environment/path.sh
[19.759s] -- Up-to-date: /home/cl4y3r/VDS/install/chassis_controller/share/chassis_controller/environment/path.dsv
[19.759s] -- Up-to-date: /home/cl4y3r/VDS/install/chassis_controller/share/chassis_controller/local_setup.bash
[19.759s] -- Up-to-date: /home/cl4y3r/VDS/install/chassis_controller/share/chassis_controller/local_setup.sh
[19.760s] -- Up-to-date: /home/cl4y3r/VDS/install/chassis_controller/share/chassis_controller/local_setup.zsh
[19.760s] -- Up-to-date: /home/cl4y3r/VDS/install/chassis_controller/share/chassis_controller/local_setup.dsv
[19.760s] -- Installing: /home/cl4y3r/VDS/install/chassis_controller/share/chassis_controller/package.dsv
[19.760s] -- Up-to-date: /home/cl4y3r/VDS/install/chassis_controller/share/ament_index/resource_index/packages/chassis_controller
[19.761s] -- Up-to-date: /home/cl4y3r/VDS/install/chassis_controller/share/chassis_controller/cmake/chassis_controllerConfig.cmake
[19.761s] -- Up-to-date: /home/cl4y3r/VDS/install/chassis_controller/share/chassis_controller/cmake/chassis_controllerConfig-version.cmake
[19.761s] -- Up-to-date: /home/cl4y3r/VDS/install/chassis_controller/share/chassis_controller/package.xml
[19.765s] Invoked command in '/home/cl4y3r/VDS/build/chassis_controller' returned '0': CMAKE_PREFIX_PATH=${CMAKE_PREFIX_PATH}:/opt/ros/foxy /usr/bin/cmake --install /home/cl4y3r/VDS/build/chassis_controller
