[0.012s] Invoking command in '/home/cl4y3r/VDS/build/chassis_controller': /usr/bin/cmake /home/cl4y3r/VDS/chassiscontroller -DCMAKE_INSTALL_PREFIX=/home/cl4y3r/VDS/install/chassis_controller
[0.266s] -- The C compiler identification is GNU 9.3.0
[0.430s] -- The CXX compiler identification is GNU 9.3.0
[0.438s] -- Check for working C compiler: /usr/bin/cc
[0.496s] -- Check for working C compiler: /usr/bin/cc -- works
[0.497s] -- Detecting C compiler ABI info
[0.554s] -- Detecting C compiler ABI info - done
[0.565s] -- Detecting C compile features
[0.566s] -- Detecting C compile features - done
[0.568s] -- Check for working CXX compiler: /usr/bin/c++
[0.630s] -- Check for working CXX compiler: /usr/bin/c++ -- works
[0.631s] -- Detecting CXX compiler ABI info
[0.693s] -- Detecting CXX compiler ABI info - done
[0.704s] -- Detecting CXX compile features
[0.704s] -- Detecting CXX compile features - done
[0.713s] CMake Error at CMakeLists.txt:13 (find_package):
[0.714s]   By not providing "Findament_cmake.cmake" in CMAKE_MODULE_PATH this project
[0.714s]   has asked CMake to find a package configuration file provided by
[0.714s]   "ament_cmake", but CMake did not find one.
[0.714s] 
[0.714s]   Could not find a package configuration file provided by "ament_cmake" with
[0.714s]   any of the following names:
[0.714s] 
[0.714s]     ament_cmakeConfig.cmake
[0.714s]     ament_cmake-config.cmake
[0.714s] 
[0.714s]   Add the installation prefix of "ament_cmake" to CMAKE_PREFIX_PATH or set
[0.714s]   "ament_cmake_DIR" to a directory containing one of the above files.  If
[0.714s]   "ament_cmake" provides a separate development package or SDK, be sure it
[0.714s]   has been installed.
[0.714s] 
[0.714s] 
[0.714s] -- Configuring incomplete, errors occurred!
[0.714s] See also "/home/cl4y3r/VDS/build/chassis_controller/CMakeFiles/CMakeOutput.log".
[0.717s] Invoked command in '/home/cl4y3r/VDS/build/chassis_controller' returned '1': /usr/bin/cmake /home/cl4y3r/VDS/chassiscontroller -DCMAKE_INSTALL_PREFIX=/home/cl4y3r/VDS/install/chassis_controller
