[0.020s] Invoking command in '/home/cl4y3r/VDS/build/chassis_controller': CMAKE_PREFIX_PATH=${CMAKE_PREFIX_PATH}:/opt/ros/foxy /usr/bin/cmake --build /home/cl4y3r/VDS/build/chassis_controller -- -j8 -l8
[0.048s] -- Found ament_cmake: 0.9.9 (/opt/ros/foxy/share/ament_cmake/cmake)
[0.070s] -- Using PYTHON_EXECUTABLE: /usr/bin/python3
[0.274s] -- Found message_filters: 3.2.5 (/opt/ros/foxy/share/message_filters/cmake)
[0.278s] -- Found rclcpp: 2.4.0 (/opt/ros/foxy/share/rclcpp/cmake)
[0.313s] -- Using all available rosidl_typesupport_c: rosidl_typesupport_fastrtps_c;rosidl_typesupport_introspection_c
[0.317s] -- Found rosidl_adapter: 1.2.1 (/opt/ros/foxy/share/rosidl_adapter/cmake)
[0.444s] -- Using all available rosidl_typesupport_cpp: rosidl_typesupport_fastrtps_cpp;rosidl_typesupport_introspection_cpp
[0.498s] -- Found rmw_implementation_cmake: 1.0.3 (/opt/ros/foxy/share/rmw_implementation_cmake/cmake)
[0.500s] -- Using RMW implementation 'rmw_fastrtps_cpp' as default
[0.667s] -- Found sensor_msgs: 2.0.4 (/opt/ros/foxy/share/sensor_msgs/cmake)
[0.804s] -- Found lgsvl_msgs: 0.0.4 (/opt/ros/foxy/share/lgsvl_msgs/cmake)
[0.959s] CMake Error at /opt/ros/foxy/share/ament_cmake_target_dependencies/cmake/ament_target_dependencies.cmake:77 (message):
[0.959s]   ament_target_dependencies() the passed package name 'cmath' was not found
[0.959s]   before
[0.959s] Call Stack (most recent call first):
[0.959s]   CMakeLists.txt:23 (ament_target_dependencies)
[0.959s] 
[0.960s] 
[0.961s] -- Configuring incomplete, errors occurred!
[0.961s] See also "/home/cl4y3r/VDS/build/chassis_controller/CMakeFiles/CMakeOutput.log".
[0.961s] See also "/home/cl4y3r/VDS/build/chassis_controller/CMakeFiles/CMakeError.log".
[0.967s] make: *** [Makefile:266: cmake_check_build_system] Error 1
[0.969s] Invoked command in '/home/cl4y3r/VDS/build/chassis_controller' returned '2': CMAKE_PREFIX_PATH=${CMAKE_PREFIX_PATH}:/opt/ros/foxy /usr/bin/cmake --build /home/cl4y3r/VDS/build/chassis_controller -- -j8 -l8
