[0.015s] Invoking command in '/home/cl4y3r/VDS/build/chassis_controller': CMAKE_PREFIX_PATH=${CMAKE_PREFIX_PATH}:/opt/ros/foxy /usr/bin/cmake --build /home/cl4y3r/VDS/build/chassis_controller -- -j8 -l8
[0.183s] [35m[1mScanning dependencies of target chassis_controller[0m
[0.237s] [ 50%] [32mBuilding CXX object CMakeFiles/chassis_controller.dir/src/chassis_controller.cpp.o[0m
[2.735s] [01m[K/home/cl4y3r/VDS/chassis_controller/src/chassis_controller.cpp:[m[K In member function ‘[01m[Kbool ChassisController::riccati_solver(Eigen::MatrixXd, Eigen::MatrixXd, Eigen::MatrixXd, Eigen::MatrixXd, Eigen::MatrixXd&, double, uint)[m[K’:
[2.735s] [01m[K/home/cl4y3r/VDS/chassis_controller/src/chassis_controller.cpp:152:12:[m[K [01;35m[Kwarning: [m[Kvariable ‘[01m[Kdiff[m[K’ set but not used [[01;35m[K-Wunused-but-set-variable[m[K]
[2.735s]   152 |     double [01;35m[Kdiff[m[K;
[2.735s]       |            [01;35m[K^~~~[m[K
[2.735s] [01m[K/home/cl4y3r/VDS/chassis_controller/src/chassis_controller.cpp:148:66:[m[K [01;35m[Kwarning: [m[Kunused parameter ‘[01m[Ktolerance[m[K’ [[01;35m[K-Wunused-parameter[m[K]
[2.735s]   148 |                       MatrixXd R, MatrixXd &P,[01;35m[Kconst double tolerance[m[K,
[2.735s]       |                                               [01;35m[K~~~~~~~~~~~~~^~~~~~~~~[m[K
[2.735s] 
[2.735s] [01m[K/home/cl4y3r/VDS/chassis_controller/src/chassis_controller.cpp:[m[K In member function ‘[01m[Kdouble ChassisController::longitudinal_controller(double, double)[m[K’:
[2.735s] [01m[K/home/cl4y3r/VDS/chassis_controller/src/chassis_controller.cpp:162:58:[m[K [01;35m[Kwarning: [m[Kunused parameter ‘[01m[Kvelocity_x[m[K’ [[01;35m[K-Wunused-parameter[m[K]
[2.735s]   162 |  ChassisController::longitudinal_controller([01;35m[Kdouble velocity_x[m[K, double acc_x)
[2.736s]       |                                             [01;35m[K~~~~~~~^~~~~~~~~~[m[K
[2.736s] 
[2.736s] [01m[K/home/cl4y3r/VDS/chassis_controller/src/chassis_controller.cpp:162:77:[m[K [01;35m[Kwarning: [m[Kunused parameter ‘[01m[Kacc_x[m[K’ [[01;35m[K-Wunused-parameter[m[K]
[2.736s]   162 | :longitudinal_controller(double velocity_x, [01;35m[Kdouble acc_x[m[K)
[2.736s]       |                                             [01;35m[K~~~~~~~^~~~~[m[K
[2.736s] 
[2.845s] [01m[K/home/cl4y3r/VDS/chassis_controller/src/chassis_controller.cpp:[m[K In member function ‘[01m[Kdouble ChassisController::lateral_controller(double, double, double, double, double, double)[m[K’:
[2.845s] [01m[K/home/cl4y3r/VDS/chassis_controller/src/chassis_controller.cpp:186:12:[m[K [01;35m[Kwarning: [m[Kunused variable ‘[01m[Kerr_s[m[K’ [[01;35m[K-Wunused-variable[m[K]
[2.845s]   186 |     double [01;35m[Kerr_s[m[K = (tor * distance)(0,0);
[2.846s]       |            [01;35m[K^~~~~[m[K
