[0.014s] Invoking command in '/home/cl4y3r/VDS/build/chassis_controller': CMAKE_PREFIX_PATH=${CMAKE_PREFIX_PATH}:/opt/ros/foxy /usr/bin/cmake --build /home/cl4y3r/VDS/build/chassis_controller -- -j8 -l8
[0.049s] [35m[1mScanning dependencies of target chassis_controller[0m
[0.074s] [ 50%] [32mBuilding CXX object CMakeFiles/chassis_controller.dir/src/chassis_controller.cpp.o[0m
[2.334s] [01m[K/home/cl4y3r/VDS/chassis_controller/src/chassis_controller.cpp:[m[K In member function ‘[01m[Kstd::vector<double, std::allocator<double> > ChassisController::reference_finder(std::vector<std::vector<double, std::allocator<double> > >, double, double)[m[K’:
[2.334s] [01m[K/home/cl4y3r/VDS/chassis_controller/src/chassis_controller.cpp:132:43:[m[K [01;31m[Kerror: [m[Kno matching function for call to ‘[01m[Kstd::vector<double, std::allocator<double> >::push_back(__gnu_cxx::__alloc_traits<std::allocator<std::vector<double, std::allocator<double> > >, std::vector<double, std::allocator<double> > >::value_type&)[m[K’
[2.334s]   132 |     final_point.push_back(waypoint_list[0][01;31m[K)[m[K;//x
[2.334s]       |                                           [01;31m[K^[m[K
[2.334s] In file included from [01m[K/usr/include/c++/9/vector:67[m[K,
[2.334s]                  from [01m[K/home/cl4y3r/VDS/chassis_controller/include/chassis_controller/chassis_controller.hpp:8[m[K,
[2.334s]                  from [01m[K/home/cl4y3r/VDS/chassis_controller/src/chassis_controller.cpp:1[m[K:
[2.334s] [01m[K/usr/include/c++/9/bits/stl_vector.h:1184:7:[m[K [01;36m[Knote: [m[Kcandidate: ‘[01m[Kvoid std::vector<_Tp, _Alloc>::push_back(const value_type&) [with _Tp = double; _Alloc = std::allocator<double>; std::vector<_Tp, _Alloc>::value_type = double][m[K’
[2.334s]  1184 |       [01;36m[Kpush_back[m[K(const value_type& __x)
[2.334s]       |       [01;36m[K^~~~~~~~~[m[K
[2.335s] [01m[K/usr/include/c++/9/bits/stl_vector.h:1184:35:[m[K [01;36m[Knote: [m[K  no known conversion for argument 1 from ‘[01m[K__gnu_cxx::__alloc_traits<std::allocator<std::vector<double, std::allocator<double> > >, std::vector<double, std::allocator<double> > >::value_type[m[K’ {aka ‘[01m[Kstd::vector<double, std::allocator<double> >[m[K’} to ‘[01m[Kconst value_type&[m[K’ {aka ‘[01m[Kconst double&[m[K’}
[2.335s]  1184 |       push_back([01;36m[Kconst value_type& __x[m[K)
[2.335s]       |                 [01;36m[K~~~~~~~~~~~~~~~~~~^~~[m[K
[2.335s] [01m[K/usr/include/c++/9/bits/stl_vector.h:1200:7:[m[K [01;36m[Knote: [m[Kcandidate: ‘[01m[Kvoid std::vector<_Tp, _Alloc>::push_back(std::vector<_Tp, _Alloc>::value_type&&) [with _Tp = double; _Alloc = std::allocator<double>; std::vector<_Tp, _Alloc>::value_type = double][m[K’
[2.335s]  1200 |       [01;36m[Kpush_back[m[K(value_type&& __x)
[2.335s]       |       [01;36m[K^~~~~~~~~[m[K
[2.335s] [01m[K/usr/include/c++/9/bits/stl_vector.h:1200:30:[m[K [01;36m[Knote: [m[K  no known conversion for argument 1 from ‘[01m[K__gnu_cxx::__alloc_traits<std::allocator<std::vector<double, std::allocator<double> > >, std::vector<double, std::allocator<double> > >::value_type[m[K’ {aka ‘[01m[Kstd::vector<double, std::allocator<double> >[m[K’} to ‘[01m[Kstd::vector<double, std::allocator<double> >::value_type&&[m[K’ {aka ‘[01m[Kdouble&&[m[K’}
[2.335s]  1200 |       push_back([01;36m[Kvalue_type&& __x[m[K)
[2.335s]       |                 [01;36m[K~~~~~~~~~~~~~^~~[m[K
[2.335s] [01m[K/home/cl4y3r/VDS/chassis_controller/src/chassis_controller.cpp:133:43:[m[K [01;31m[Kerror: [m[Kno matching function for call to ‘[01m[Kstd::vector<double, std::allocator<double> >::push_back(__gnu_cxx::__alloc_traits<std::allocator<std::vector<double, std::allocator<double> > >, std::vector<double, std::allocator<double> > >::value_type&)[m[K’
[2.335s]   133 |     final_point.push_back(waypoint_list[1][01;31m[K)[m[K;//y
[2.335s]       |                                           [01;31m[K^[m[K
[2.335s] In file included from [01m[K/usr/include/c++/9/vector:67[m[K,
[2.335s]                  from [01m[K/home/cl4y3r/VDS/chassis_controller/include/chassis_controller/chassis_controller.hpp:8[m[K,
[2.335s]                  from [01m[K/home/cl4y3r/VDS/chassis_controller/src/chassis_controller.cpp:1[m[K:
[2.335s] [01m[K/usr/include/c++/9/bits/stl_vector.h:1184:7:[m[K [01;36m[Knote: [m[Kcandidate: ‘[01m[Kvoid std::vector<_Tp, _Alloc>::push_back(const value_type&) [with _Tp = double; _Alloc = std::allocator<double>; std::vector<_Tp, _Alloc>::value_type = double][m[K’
[2.336s]  1184 |       [01;36m[Kpush_back[m[K(const value_type& __x)
[2.336s]       |       [01;36m[K^~~~~~~~~[m[K
[2.336s] [01m[K/usr/include/c++/9/bits/stl_vector.h:1184:35:[m[K [01;36m[Knote: [m[K  no known conversion for argument 1 from ‘[01m[K__gnu_cxx::__alloc_traits<std::allocator<std::vector<double, std::allocator<double> > >, std::vector<double, std::allocator<double> > >::value_type[m[K’ {aka ‘[01m[Kstd::vector<double, std::allocator<double> >[m[K’} to ‘[01m[Kconst value_type&[m[K’ {aka ‘[01m[Kconst double&[m[K’}
[2.336s]  1184 |       push_back([01;36m[Kconst value_type& __x[m[K)
[2.336s]       |                 [01;36m[K~~~~~~~~~~~~~~~~~~^~~[m[K
[2.336s] [01m[K/usr/include/c++/9/bits/stl_vector.h:1200:7:[m[K [01;36m[Knote: [m[Kcandidate: ‘[01m[Kvoid std::vector<_Tp, _Alloc>::push_back(std::vector<_Tp, _Alloc>::value_type&&) [with _Tp = double; _Alloc = std::allocator<double>; std::vector<_Tp, _Alloc>::value_type = double][m[K’
[2.336s]  1200 |       [01;36m[Kpush_back[m[K(value_type&& __x)
[2.336s]       |       [01;36m[K^~~~~~~~~[m[K
[2.336s] [01m[K/usr/include/c++/9/bits/stl_vector.h:1200:30:[m[K [01;36m[Knote: [m[K  no known conversion for argument 1 from ‘[01m[K__gnu_cxx::__alloc_traits<std::allocator<std::vector<double, std::allocator<double> > >, std::vector<double, std::allocator<double> > >::value_type[m[K’ {aka ‘[01m[Kstd::vector<double, std::allocator<double> >[m[K’} to ‘[01m[Kstd::vector<double, std::allocator<double> >::value_type&&[m[K’ {aka ‘[01m[Kdouble&&[m[K’}
[2.336s]  1200 |       push_back([01;36m[Kvalue_type&& __x[m[K)
[2.336s]       |                 [01;36m[K~~~~~~~~~~~~~^~~[m[K
[2.336s] [01m[K/home/cl4y3r/VDS/chassis_controller/src/chassis_controller.cpp:130:12:[m[K [01;35m[Kwarning: [m[Kunused variable ‘[01m[Kindex[m[K’ [[01;35m[K-Wunused-variable[m[K]
[2.336s]   130 |     double [01;35m[Kindex[m[K = std::distance(std::begin(distance_all), min);
[2.336s]       |            [01;35m[K^~~~~[m[K
[2.466s] [01m[K/home/cl4y3r/VDS/chassis_controller/src/chassis_controller.cpp:[m[K In member function ‘[01m[Kdouble ChassisController::longitudinal_controller(double, double)[m[K’:
[2.466s] [01m[K/home/cl4y3r/VDS/chassis_controller/src/chassis_controller.cpp:158:58:[m[K [01;35m[Kwarning: [m[Kunused parameter ‘[01m[Kvelocity_x[m[K’ [[01;35m[K-Wunused-parameter[m[K]
[2.466s]   158 | double ChassisController::longitudinal_controller([01;35m[Kdouble velocity_x[m[K, double acc_x)
[2.466s]       |                                                   [01;35m[K~~~~~~~^~~~~~~~~~[m[K
[2.466s] [01m[K/home/cl4y3r/VDS/chassis_controller/src/chassis_controller.cpp:158:77:[m[K [01;35m[Kwarning: [m[Kunused parameter ‘[01m[Kacc_x[m[K’ [[01;35m[K-Wunused-parameter[m[K]
[2.466s]   158 | ontroller::longitudinal_controller(double velocity_x, [01;35m[Kdouble acc_x[m[K)
[2.466s]       |                                                       [01;35m[K~~~~~~~^~~~~[m[K
[2.466s] 
[2.466s] [01m[K/home/cl4y3r/VDS/chassis_controller/src/chassis_controller.cpp:[m[K In member function ‘[01m[Kdouble ChassisController::lateral_controller(double, double, double, double, double, double, double, double, double, double)[m[K’:
[2.466s] [01m[K/home/cl4y3r/VDS/chassis_controller/src/chassis_controller.cpp:168:5:[m[K [01;31m[Kerror: [m[Kexpected ‘[01m[K,[m[K’ or ‘[01m[K;[m[K’ before ‘[01m[KMatrixXd[m[K’
[2.466s]   168 |     [01;31m[KMatrixXd[m[K tor(1,2), nor(1,2), distance(2,1);
[2.467s]       |     [01;31m[K^~~~~~~~[m[K
[2.468s] [01m[K/home/cl4y3r/VDS/chassis_controller/src/chassis_controller.cpp:169:5:[m[K [01;31m[Kerror: [m[K‘[01m[Ktor[m[K’ was not declared in this scope
[2.468s]   169 |     [01;31m[Ktor[m[K(0,0) = cos(theta_ref);
[2.468s]       |     [01;31m[K^~~[m[K
[2.469s] [01m[K/home/cl4y3r/VDS/chassis_controller/src/chassis_controller.cpp:171:5:[m[K [01;31m[Kerror: [m[K‘[01m[Knor[m[K’ was not declared in this scope; did you mean ‘[01m[Know[m[K’?
[2.469s]   171 |     [01;31m[Knor[m[K(0,0) = -sin(theta_ref);
[2.469s]       |     [01;31m[K^~~[m[K
[2.469s]       |     [32m[Know[m[K
[2.470s] [01m[K/home/cl4y3r/VDS/chassis_controller/src/chassis_controller.cpp:173:5:[m[K [01;31m[Kerror: [m[K‘[01m[Kdistance[m[K’ was not declared in this scope; did you mean ‘[01m[Kstd::distance[m[K’?
[2.470s]   173 |     [01;31m[Kdistance[m[K(0,0) = reference_pos[0] - x_ref;
[2.470s]       |     [01;31m[K^~~~~~~~[m[K
[2.470s]       |     [32m[Kstd::distance[m[K
[2.470s] In file included from [01m[K/usr/include/c++/9/bits/stl_algobase.h:66[m[K,
[2.470s]                  from [01m[K/usr/include/c++/9/algorithm:61[m[K,
[2.470s]                  from [01m[K/home/cl4y3r/VDS/chassis_controller/include/chassis_controller/chassis_controller.hpp:3[m[K,
[2.470s]                  from [01m[K/home/cl4y3r/VDS/chassis_controller/src/chassis_controller.cpp:1[m[K:
[2.470s] [01m[K/usr/include/c++/9/bits/stl_iterator_base_funcs.h:138:5:[m[K [01;36m[Knote: [m[K‘[01m[Kstd::distance[m[K’ declared here
[2.470s]   138 |     [01;36m[Kdistance[m[K(_InputIterator __first, _InputIterator __last)
[2.470s]       |     [01;36m[K^~~~~~~~[m[K
[2.565s] [01m[K/home/cl4y3r/VDS/chassis_controller/src/chassis_controller.cpp:176:12:[m[K [01;35m[Kwarning: [m[Kunused variable ‘[01m[Kerr_s[m[K’ [[01;35m[K-Wunused-variable[m[K]
[2.565s]   176 |     double [01;35m[Kerr_s[m[K = (tor * distance)(0,0);
[2.565s]       |            [01;35m[K^~~~~[m[K
[2.565s] [01m[K/home/cl4y3r/VDS/chassis_controller/src/chassis_controller.cpp:163:82:[m[K [01;35m[Kwarning: [m[Kunused parameter ‘[01m[Kpos_x[m[K’ [[01;35m[K-Wunused-parameter[m[K]
[2.566s]   163 | ller::lateral_controller(double yaw, double yaw_rate, [01;35m[Kdouble pos_x[m[K, double pos_y,
[2.566s]       |                                                       [01;35m[K~~~~~~~^~~~~[m[K
[2.566s] 
[2.566s] [01m[K/home/cl4y3r/VDS/chassis_controller/src/chassis_controller.cpp:163:96:[m[K [01;35m[Kwarning: [m[Kunused parameter ‘[01m[Kpos_y[m[K’ [[01;35m[K-Wunused-parameter[m[K]
[2.566s]   163 | controller(double yaw, double yaw_rate, double pos_x, [01;35m[Kdouble pos_y[m[K,
[2.566s]       |                                                       [01;35m[K~~~~~~~^~~~~[m[K
[2.566s] 
[8.291s] make[2]: *** [CMakeFiles/chassis_controller.dir/build.make:63: CMakeFiles/chassis_controller.dir/src/chassis_controller.cpp.o] Error 1
[8.291s] make[1]: *** [CMakeFiles/Makefile2:78: CMakeFiles/chassis_controller.dir/all] Error 2
[8.291s] make: *** [Makefile:141: all] Error 2
[8.293s] Invoked command in '/home/cl4y3r/VDS/build/chassis_controller' returned '2': CMAKE_PREFIX_PATH=${CMAKE_PREFIX_PATH}:/opt/ros/foxy /usr/bin/cmake --build /home/cl4y3r/VDS/build/chassis_controller -- -j8 -l8
