[35m[1mScanning dependencies of target chassis_controller[0m
[ 50%] [32mBuilding CXX object CMakeFiles/chassis_controller.dir/src/chassis_controller.cpp.o[0m
In file included from [01m[K/home/cl4y3r/VDS/chassis_controller/src/chassis_controller.cpp:1[m[K:
[01m[K/home/cl4y3r/VDS/chassis_controller/include/chassis_controller/chassis_controller.hpp:107:45:[m[K [01;31m[Kerror: [m[Kexpected unqualified-id before ‘[01m[KM_R[m[K’
  107 |                             Eigen::MatrixXd [01;31m[KM_R[m[K,Eigen::MatrixXd &M_P,const double tolerance = 1.E-5,
      |                                             [01;31m[K^~~[m[K
[01m[K/home/cl4y3r/VDS/chassis_controller/include/chassis_controller/chassis_controller.hpp:107:44:[m[K [01;31m[Kerror: [m[Kexpected ‘[01m[K)[m[K’ before ‘[01m[KM_R[m[K’
  107 |                             Eigen::MatrixXd[01;31m[K [m[K[32m[KM_R[m[K,Eigen::MatrixXd &M_P,const double tolerance = 1.E-5,
      |                                            [01;31m[K^[m[K[32m[K~~~[m[K
      |                                            [32m[K)[m[K
[01m[K/home/cl4y3r/VDS/chassis_controller/include/chassis_controller/chassis_controller.hpp:106:28:[m[K [01;36m[Knote: [m[Kto match this ‘[01m[K([m[K’
  106 |         bool riccati_solver[01;36m[K([m[KEigen::MatrixXd M_A,Eigen::MatrixXd M_B,Eigen::MatrixXd M_Q,Eigen::MatrixXd
      |                            [01;36m[K^[m[K
[01m[K/home/cl4y3r/VDS/chassis_controller/include/chassis_controller/chassis_controller.hpp:107:36:[m[K [01;31m[Kerror: [m[Kexpected ‘[01m[K;[m[K’ at end of member declaration
  107 |                             Eigen::[01;31m[KMatrixXd[m[K M_R,Eigen::MatrixXd &M_P,const double tolerance = 1.E-5,
      |                                    [01;31m[K^~~~~~~~[m[K
      |                                            [32m[K;[m[K
[01m[K/home/cl4y3r/VDS/chassis_controller/include/chassis_controller/chassis_controller.hpp:107:45:[m[K [01;31m[Kerror: [m[K‘[01m[KM_R[m[K’ does not name a type; did you mean ‘[01m[KM_E[m[K’?
  107 |                             Eigen::MatrixXd [01;31m[KM_R[m[K,Eigen::MatrixXd &M_P,const double tolerance = 1.E-5,
      |                                             [01;31m[K^~~[m[K
      |                                             [32m[KM_E[m[K
[01m[K/home/cl4y3r/VDS/chassis_controller/src/chassis_controller.cpp:122:6:[m[K [01;31m[Kerror: [m[Kno declaration matches ‘[01m[Kbool ChassisController::riccati_solver(Eigen::MatrixXd, Eigen::MatrixXd, Eigen::MatrixXd, Eigen::MatrixXd, Eigen::MatrixXd, double, uint)[m[K’
  122 | bool [01;31m[KChassisController[m[K::riccati_solver(Eigen::MatrixXd A,Eigen::MatrixXd B,Eigen::MatrixXd Q,
      |      [01;31m[K^~~~~~~~~~~~~~~~~[m[K
In file included from [01m[K/home/cl4y3r/VDS/chassis_controller/src/chassis_controller.cpp:1[m[K:
[01m[K/home/cl4y3r/VDS/chassis_controller/include/chassis_controller/chassis_controller.hpp:106:14:[m[K [01;36m[Knote: [m[Kcandidate is: ‘[01m[Kbool ChassisController::riccati_solver(...)[m[K’
  106 |         bool [01;36m[Kriccati_solver[m[K(Eigen::MatrixXd M_A,Eigen::MatrixXd M_B,Eigen::MatrixXd M_Q,Eigen::MatrixXd
      |              [01;36m[K^~~~~~~~~~~~~~[m[K
In file included from [01m[K/home/cl4y3r/VDS/chassis_controller/src/chassis_controller.cpp:1[m[K:
[01m[K/home/cl4y3r/VDS/chassis_controller/include/chassis_controller/chassis_controller.hpp:51:7:[m[K [01;36m[Knote: [m[K‘[01m[Kclass ChassisController[m[K’ defined here
   51 | class [01;36m[KChassisController[m[K: public rclcpp::Node{
      |       [01;36m[K^~~~~~~~~~~~~~~~~[m[K
[01m[K/home/cl4y3r/VDS/chassis_controller/src/chassis_controller.cpp:[m[K In member function ‘[01m[Kdouble ChassisController::longitudinal_controller(double, double)[m[K’:
[01m[K/home/cl4y3r/VDS/chassis_controller/src/chassis_controller.cpp:143:58:[m[K [01;35m[Kwarning: [m[Kunused parameter ‘[01m[Kvelocity_x[m[K’ [[01;35m[K-Wunused-parameter[m[K]
  143 | double ChassisController::longitudinal_controller([01;35m[Kdouble velocity_x[m[K, double acc_x)
      |                                                   [01;35m[K~~~~~~~^~~~~~~~~~[m[K
[01m[K/home/cl4y3r/VDS/chassis_controller/src/chassis_controller.cpp:143:77:[m[K [01;35m[Kwarning: [m[Kunused parameter ‘[01m[Kacc_x[m[K’ [[01;35m[K-Wunused-parameter[m[K]
  143 | ontroller::longitudinal_controller(double velocity_x, [01;35m[Kdouble acc_x[m[K)
      |                                                       [01;35m[K~~~~~~~^~~~~[m[K

[01m[K/home/cl4y3r/VDS/chassis_controller/src/chassis_controller.cpp:[m[K In member function ‘[01m[Kdouble ChassisController::lateral_controller(double, double, double, double, double, double, double, double, double, double)[m[K’:
[01m[K/home/cl4y3r/VDS/chassis_controller/src/chassis_controller.cpp:190:14:[m[K [01;31m[Kerror: [m[Klvalue required as left operand of assignment
  190 |     A(0,1) = [01;31m[K1[m[K;
      |              [01;31m[K^[m[K
[01m[K/home/cl4y3r/VDS/chassis_controller/src/chassis_controller.cpp:191:33:[m[K [01;31m[Kerror: [m[Klvalue required as left operand of assignment
  191 |     A(1,1) = (cf + cr) / (m * vx[01;31m[K)[m[K;
      |                                 [01;31m[K^[m[K
[01m[K/home/cl4y3r/VDS/chassis_controller/src/chassis_controller.cpp:192:28:[m[K [01;31m[Kerror: [m[Klvalue required as left operand of assignment
  192 |     A(1,2) = - (cf + cr) / [01;31m[Km[m[K;
      |                            [01;31m[K^[m[K
[01m[K/home/cl4y3r/VDS/chassis_controller/src/chassis_controller.cpp:193:44:[m[K [01;31m[Kerror: [m[Klvalue required as left operand of assignment
  193 |     A(1,3) =  (cf * lf - cr * lr) / (m * vx[01;31m[K)[m[K;
      |                                            [01;31m[K^[m[K
[01m[K/home/cl4y3r/VDS/chassis_controller/src/chassis_controller.cpp:194:14:[m[K [01;31m[Kerror: [m[Klvalue required as left operand of assignment
  194 |     A(2,3) = [01;31m[K1[m[K;
      |              [01;31m[K^[m[K
[01m[K/home/cl4y3r/VDS/chassis_controller/src/chassis_controller.cpp:195:44:[m[K [01;31m[Kerror: [m[Klvalue required as left operand of assignment
  195 |     A(3,1) = (cf * lf - cr * lr) / (iz * vx[01;31m[K)[m[K;
      |                                            [01;31m[K^[m[K
[01m[K/home/cl4y3r/VDS/chassis_controller/src/chassis_controller.cpp:196:38:[m[K [01;31m[Kerror: [m[Klvalue required as left operand of assignment
  196 |     A(3,2) = - (cf * lf - cr * lr) / [01;31m[Kiz[m[K;
      |                                      [01;31m[K^~[m[K
[01m[K/home/cl4y3r/VDS/chassis_controller/src/chassis_controller.cpp:197:54:[m[K [01;31m[Kerror: [m[Klvalue required as left operand of assignment
  197 |     A(3,3) = (cf * lf * lf + cr * lr * lr) / (iz * vx[01;31m[K)[m[K;
      |                                                      [01;31m[K^[m[K
[01m[K/home/cl4y3r/VDS/chassis_controller/src/chassis_controller.cpp:198:20:[m[K [01;31m[Kerror: [m[Klvalue required as left operand of assignment
  198 |     B(2,0) = -cf / [01;31m[Km[m[K;
      |                    [01;31m[K^[m[K
[01m[K/home/cl4y3r/VDS/chassis_controller/src/chassis_controller.cpp:199:25:[m[K [01;31m[Kerror: [m[Klvalue required as left operand of assignment
  199 |     B(4,0) = -cf * lf / [01;31m[Kiz[m[K;
      |                         [01;31m[K^~[m[K
[01m[K/home/cl4y3r/VDS/chassis_controller/src/chassis_controller.cpp:204:12:[m[K [01;31m[Kerror: [m[K‘[01m[Ktarget_steer_angle[m[K’ was not declared in this scope
  204 |     return [01;31m[Ktarget_steer_angle[m[K;
      |            [01;31m[K^~~~~~~~~~~~~~~~~~[m[K
[01m[K/home/cl4y3r/VDS/chassis_controller/src/chassis_controller.cpp:160:12:[m[K [01;35m[Kwarning: [m[Kunused variable ‘[01m[Kerr_s[m[K’ [[01;35m[K-Wunused-variable[m[K]
  160 |     double [01;35m[Kerr_s[m[K = tor.cwiseProduct(distance)(0,0);
      |            [01;35m[K^~~~~[m[K
make[2]: *** [CMakeFiles/chassis_controller.dir/build.make:63: CMakeFiles/chassis_controller.dir/src/chassis_controller.cpp.o] Error 1
make[1]: *** [CMakeFiles/Makefile2:78: CMakeFiles/chassis_controller.dir/all] Error 2
make: *** [Makefile:141: all] Error 2
