[0.220s] DEBUG:colcon:Command line arguments: ['/usr/bin/colcon', 'build', '--packages-select', 'autodriving']
[0.220s] DEBUG:colcon:Parsed command line arguments: Namespace(ament_cmake_args=None, base_paths=['.'], build_base='build', catkin_cmake_args=None, catkin_skip_building_tests=False, cmake_args=None, cmake_clean_cache=False, cmake_clean_first=False, cmake_force_configure=False, cmake_target=None, cmake_target_skip_unavailable=False, continue_on_error=False, event_handlers=None, executor='parallel', ignore_user_meta=False, install_base='install', log_base=None, log_level=None, main=<bound method BuildVerb.main of <colcon_core.verb.build.BuildVerb object at 0x7f46b36314c0>>, merge_install=False, metas=['./colcon.meta'], packages_above=None, packages_above_and_dependencies=None, packages_above_depth=None, packages_end=None, packages_ignore=None, packages_ignore_regex=None, packages_select=['autodriving'], packages_select_build_failed=False, packages_select_by_dep=None, packages_select_regex=None, packages_select_test_failures=False, packages_skip=None, packages_skip_build_finished=False, packages_skip_by_dep=None, packages_skip_regex=None, packages_skip_test_passed=False, packages_skip_up_to=None, packages_start=None, packages_up_to=None, packages_up_to_regex=None, parallel_workers=8, paths=None, symlink_install=False, test_result_base=None, verb_extension=<colcon_core.verb.build.BuildVerb object at 0x7f46b36314c0>, verb_name='build', verb_parser=<colcon_defaults.argument_parser.defaults.DefaultArgumentsDecorator object at 0x7f46b3631a00>)
[0.224s] Level 1:colcon.colcon_core.package_discovery:discover_packages(colcon_meta) check parameters
[0.224s] Level 1:colcon.colcon_core.package_discovery:discover_packages(recursive) check parameters
[0.225s] Level 1:colcon.colcon_core.package_discovery:discover_packages(ignore) check parameters
[0.225s] Level 1:colcon.colcon_core.package_discovery:discover_packages(path) check parameters
[0.225s] Level 1:colcon.colcon_core.package_discovery:discover_packages(colcon_meta) discover
[0.225s] Level 1:colcon.colcon_core.package_discovery:discover_packages(recursive) discover
[0.225s] INFO:colcon.colcon_core.package_discovery:Crawling recursively for packages in '/home/cl4y3r/VDS'
[0.225s] Level 1:colcon.colcon_core.package_identification:_identify(.) by extensions ['ignore', 'ignore_ament_install']
[0.225s] Level 1:colcon.colcon_core.package_identification:_identify(.) by extension 'ignore'
[0.225s] Level 1:colcon.colcon_core.package_identification:_identify(.) by extension 'ignore_ament_install'
[0.225s] Level 1:colcon.colcon_core.package_identification:_identify(.) by extensions ['colcon_pkg']
[0.225s] Level 1:colcon.colcon_core.package_identification:_identify(.) by extension 'colcon_pkg'
[0.225s] Level 1:colcon.colcon_core.package_identification:_identify(.) by extensions ['colcon_meta']
[0.225s] Level 1:colcon.colcon_core.package_identification:_identify(.) by extension 'colcon_meta'
[0.225s] Level 1:colcon.colcon_core.package_identification:_identify(.) by extensions ['ros']
[0.225s] Level 1:colcon.colcon_core.package_identification:_identify(.) by extension 'ros'
[0.234s] Level 1:colcon.colcon_core.package_identification:_identify(.) by extensions ['cmake', 'python']
[0.234s] Level 1:colcon.colcon_core.package_identification:_identify(.) by extension 'cmake'
[0.234s] Level 1:colcon.colcon_core.package_identification:_identify(.) by extension 'python'
[0.234s] Level 1:colcon.colcon_core.package_identification:_identify(.) by extensions ['python_setup_py']
[0.234s] Level 1:colcon.colcon_core.package_identification:_identify(.) by extension 'python_setup_py'
[0.234s] Level 1:colcon.colcon_core.package_identification:_identify(Docs) by extensions ['ignore', 'ignore_ament_install']
[0.234s] Level 1:colcon.colcon_core.package_identification:_identify(Docs) by extension 'ignore'
[0.234s] Level 1:colcon.colcon_core.package_identification:_identify(Docs) by extension 'ignore_ament_install'
[0.234s] Level 1:colcon.colcon_core.package_identification:_identify(Docs) by extensions ['colcon_pkg']
[0.234s] Level 1:colcon.colcon_core.package_identification:_identify(Docs) by extension 'colcon_pkg'
[0.235s] Level 1:colcon.colcon_core.package_identification:_identify(Docs) by extensions ['colcon_meta']
[0.235s] Level 1:colcon.colcon_core.package_identification:_identify(Docs) by extension 'colcon_meta'
[0.235s] Level 1:colcon.colcon_core.package_identification:_identify(Docs) by extensions ['ros']
[0.235s] Level 1:colcon.colcon_core.package_identification:_identify(Docs) by extension 'ros'
[0.235s] Level 1:colcon.colcon_core.package_identification:_identify(Docs) by extensions ['cmake', 'python']
[0.235s] Level 1:colcon.colcon_core.package_identification:_identify(Docs) by extension 'cmake'
[0.235s] Level 1:colcon.colcon_core.package_identification:_identify(Docs) by extension 'python'
[0.235s] Level 1:colcon.colcon_core.package_identification:_identify(Docs) by extensions ['python_setup_py']
[0.235s] Level 1:colcon.colcon_core.package_identification:_identify(Docs) by extension 'python_setup_py'
[0.235s] Level 1:colcon.colcon_core.package_identification:_identify(autodriving) by extensions ['ignore', 'ignore_ament_install']
[0.235s] Level 1:colcon.colcon_core.package_identification:_identify(autodriving) by extension 'ignore'
[0.235s] Level 1:colcon.colcon_core.package_identification:_identify(autodriving) by extension 'ignore_ament_install'
[0.235s] Level 1:colcon.colcon_core.package_identification:_identify(autodriving) by extensions ['colcon_pkg']
[0.235s] Level 1:colcon.colcon_core.package_identification:_identify(autodriving) by extension 'colcon_pkg'
[0.235s] Level 1:colcon.colcon_core.package_identification:_identify(autodriving) by extensions ['colcon_meta']
[0.235s] Level 1:colcon.colcon_core.package_identification:_identify(autodriving) by extension 'colcon_meta'
[0.235s] Level 1:colcon.colcon_core.package_identification:_identify(autodriving) by extensions ['ros']
[0.235s] Level 1:colcon.colcon_core.package_identification:_identify(autodriving) by extension 'ros'
[0.237s] DEBUG:colcon.colcon_core.package_identification:Package 'autodriving' with type 'ros.ament_cmake' and name 'autodriving'
[0.237s] Level 1:colcon.colcon_core.package_identification:_identify(bag) by extensions ['ignore', 'ignore_ament_install']
[0.237s] Level 1:colcon.colcon_core.package_identification:_identify(bag) by extension 'ignore'
[0.237s] Level 1:colcon.colcon_core.package_identification:_identify(bag) by extension 'ignore_ament_install'
[0.237s] Level 1:colcon.colcon_core.package_identification:_identify(bag) by extensions ['colcon_pkg']
[0.237s] Level 1:colcon.colcon_core.package_identification:_identify(bag) by extension 'colcon_pkg'
[0.237s] Level 1:colcon.colcon_core.package_identification:_identify(bag) by extensions ['colcon_meta']
[0.237s] Level 1:colcon.colcon_core.package_identification:_identify(bag) by extension 'colcon_meta'
[0.237s] Level 1:colcon.colcon_core.package_identification:_identify(bag) by extensions ['ros']
[0.237s] Level 1:colcon.colcon_core.package_identification:_identify(bag) by extension 'ros'
[0.238s] Level 1:colcon.colcon_core.package_identification:_identify(bag) by extensions ['cmake', 'python']
[0.238s] Level 1:colcon.colcon_core.package_identification:_identify(bag) by extension 'cmake'
[0.238s] Level 1:colcon.colcon_core.package_identification:_identify(bag) by extension 'python'
[0.238s] Level 1:colcon.colcon_core.package_identification:_identify(bag) by extensions ['python_setup_py']
[0.238s] Level 1:colcon.colcon_core.package_identification:_identify(bag) by extension 'python_setup_py'
[0.238s] Level 1:colcon.colcon_core.package_identification:_identify(bag/rosbag2_2021_10_27-22_21_44) by extensions ['ignore', 'ignore_ament_install']
[0.238s] Level 1:colcon.colcon_core.package_identification:_identify(bag/rosbag2_2021_10_27-22_21_44) by extension 'ignore'
[0.238s] Level 1:colcon.colcon_core.package_identification:_identify(bag/rosbag2_2021_10_27-22_21_44) by extension 'ignore_ament_install'
[0.238s] Level 1:colcon.colcon_core.package_identification:_identify(bag/rosbag2_2021_10_27-22_21_44) by extensions ['colcon_pkg']
[0.238s] Level 1:colcon.colcon_core.package_identification:_identify(bag/rosbag2_2021_10_27-22_21_44) by extension 'colcon_pkg'
[0.238s] Level 1:colcon.colcon_core.package_identification:_identify(bag/rosbag2_2021_10_27-22_21_44) by extensions ['colcon_meta']
[0.238s] Level 1:colcon.colcon_core.package_identification:_identify(bag/rosbag2_2021_10_27-22_21_44) by extension 'colcon_meta'
[0.238s] Level 1:colcon.colcon_core.package_identification:_identify(bag/rosbag2_2021_10_27-22_21_44) by extensions ['ros']
[0.238s] Level 1:colcon.colcon_core.package_identification:_identify(bag/rosbag2_2021_10_27-22_21_44) by extension 'ros'
[0.238s] Level 1:colcon.colcon_core.package_identification:_identify(bag/rosbag2_2021_10_27-22_21_44) by extensions ['cmake', 'python']
[0.238s] Level 1:colcon.colcon_core.package_identification:_identify(bag/rosbag2_2021_10_27-22_21_44) by extension 'cmake'
[0.238s] Level 1:colcon.colcon_core.package_identification:_identify(bag/rosbag2_2021_10_27-22_21_44) by extension 'python'
[0.238s] Level 1:colcon.colcon_core.package_identification:_identify(bag/rosbag2_2021_10_27-22_21_44) by extensions ['python_setup_py']
[0.238s] Level 1:colcon.colcon_core.package_identification:_identify(bag/rosbag2_2021_10_27-22_21_44) by extension 'python_setup_py'
[0.238s] Level 1:colcon.colcon_core.package_identification:_identify(build) by extensions ['ignore', 'ignore_ament_install']
[0.239s] Level 1:colcon.colcon_core.package_identification:_identify(build) by extension 'ignore'
[0.239s] Level 1:colcon.colcon_core.package_identification:_identify(build) ignored
[0.239s] Level 1:colcon.colcon_core.package_identification:_identify(install) by extensions ['ignore', 'ignore_ament_install']
[0.239s] Level 1:colcon.colcon_core.package_identification:_identify(install) by extension 'ignore'
[0.239s] Level 1:colcon.colcon_core.package_identification:_identify(install) ignored
[0.239s] Level 1:colcon.colcon_core.package_identification:_identify(log) by extensions ['ignore', 'ignore_ament_install']
[0.239s] Level 1:colcon.colcon_core.package_identification:_identify(log) by extension 'ignore'
[0.239s] Level 1:colcon.colcon_core.package_identification:_identify(log) ignored
[0.239s] Level 1:colcon.colcon_core.package_discovery:discover_packages(recursive) using defaults
[0.239s] Level 1:colcon.colcon_core.package_discovery:discover_packages(ignore) discover
[0.239s] Level 1:colcon.colcon_core.package_discovery:discover_packages(ignore) using defaults
[0.239s] Level 1:colcon.colcon_core.package_discovery:discover_packages(path) discover
[0.239s] Level 1:colcon.colcon_core.package_discovery:discover_packages(path) using defaults
[0.255s] Level 5:colcon.colcon_core.verb:set package 'autodriving' build argument 'cmake_args' from command line to 'None'
[0.255s] Level 5:colcon.colcon_core.verb:set package 'autodriving' build argument 'cmake_target' from command line to 'None'
[0.255s] Level 5:colcon.colcon_core.verb:set package 'autodriving' build argument 'cmake_target_skip_unavailable' from command line to 'False'
[0.255s] Level 5:colcon.colcon_core.verb:set package 'autodriving' build argument 'cmake_clean_cache' from command line to 'False'
[0.255s] Level 5:colcon.colcon_core.verb:set package 'autodriving' build argument 'cmake_clean_first' from command line to 'False'
[0.255s] Level 5:colcon.colcon_core.verb:set package 'autodriving' build argument 'cmake_force_configure' from command line to 'False'
[0.256s] Level 5:colcon.colcon_core.verb:set package 'autodriving' build argument 'ament_cmake_args' from command line to 'None'
[0.256s] Level 5:colcon.colcon_core.verb:set package 'autodriving' build argument 'catkin_cmake_args' from command line to 'None'
[0.256s] Level 5:colcon.colcon_core.verb:set package 'autodriving' build argument 'catkin_skip_building_tests' from command line to 'False'
[0.256s] DEBUG:colcon.colcon_core.verb:Building package 'autodriving' with the following arguments: {'ament_cmake_args': None, 'build_base': '/home/cl4y3r/VDS/build/autodriving', 'catkin_cmake_args': None, 'catkin_skip_building_tests': False, 'cmake_args': None, 'cmake_clean_cache': False, 'cmake_clean_first': False, 'cmake_force_configure': False, 'cmake_target': None, 'cmake_target_skip_unavailable': False, 'install_base': '/home/cl4y3r/VDS/install/autodriving', 'merge_install': False, 'path': '/home/cl4y3r/VDS/autodriving', 'symlink_install': False, 'test_result_base': None}
[0.256s] INFO:colcon.colcon_core.executor:Executing jobs using 'parallel' executor
[0.258s] DEBUG:colcon.colcon_parallel_executor.executor.parallel:run_until_complete
[0.258s] INFO:colcon.colcon_ros.task.ament_cmake.build:Building ROS package in '/home/cl4y3r/VDS/autodriving' with build type 'ament_cmake'
[0.258s] INFO:colcon.colcon_cmake.task.cmake.build:Building CMake package in '/home/cl4y3r/VDS/autodriving'
[0.261s] INFO:colcon.colcon_core.plugin_system:Skipping extension 'colcon_core.shell.bat': Not used on non-Windows systems
[0.261s] INFO:colcon.colcon_core.shell:Skip shell extension 'powershell' for command environment: Not usable outside of PowerShell
[0.261s] DEBUG:colcon.colcon_core.shell:Skip shell extension 'dsv' for command environment
[0.270s] DEBUG:colcon.colcon_core.event_handler.log_command:Invoking command in '/home/cl4y3r/VDS/build/autodriving': /usr/bin/cmake --build /home/cl4y3r/VDS/build/autodriving -- -j8 -l8
[14.856s] DEBUG:colcon.colcon_core.event_handler.log_command:Invoked command in '/home/cl4y3r/VDS/build/autodriving' returned '0': /usr/bin/cmake --build /home/cl4y3r/VDS/build/autodriving -- -j8 -l8
[14.884s] DEBUG:colcon.colcon_core.event_handler.log_command:Invoking command in '/home/cl4y3r/VDS/build/autodriving': /usr/bin/cmake --install /home/cl4y3r/VDS/build/autodriving
[14.899s] Level 1:colcon.colcon_core.environment:create_environment_scripts_only(autodriving)
[14.900s] DEBUG:colcon.colcon_core.event_handler.log_command:Invoked command in '/home/cl4y3r/VDS/build/autodriving' returned '0': /usr/bin/cmake --install /home/cl4y3r/VDS/build/autodriving
[14.903s] Level 1:colcon.colcon_core.environment:checking '/home/cl4y3r/VDS/install/autodriving' for CMake module files
[14.903s] Level 1:colcon.colcon_core.environment:checking '/home/cl4y3r/VDS/install/autodriving' for CMake config files
[14.903s] Level 1:colcon.colcon_core.shell:create_environment_hook('autodriving', 'cmake_prefix_path')
[14.904s] INFO:colcon.colcon_core.shell:Creating environment hook '/home/cl4y3r/VDS/install/autodriving/share/autodriving/hook/cmake_prefix_path.ps1'
[14.904s] INFO:colcon.colcon_core.shell:Creating environment descriptor '/home/cl4y3r/VDS/install/autodriving/share/autodriving/hook/cmake_prefix_path.dsv'
[14.905s] INFO:colcon.colcon_core.shell:Creating environment hook '/home/cl4y3r/VDS/install/autodriving/share/autodriving/hook/cmake_prefix_path.sh'
[14.906s] Level 1:colcon.colcon_core.environment:checking '/home/cl4y3r/VDS/install/autodriving/lib'
[14.906s] Level 1:colcon.colcon_core.environment:checking '/home/cl4y3r/VDS/install/autodriving/bin'
[14.906s] Level 1:colcon.colcon_core.environment:checking '/home/cl4y3r/VDS/install/autodriving/lib/pkgconfig/autodriving.pc'
[14.906s] Level 1:colcon.colcon_core.environment:checking '/home/cl4y3r/VDS/install/autodriving/lib/python3.8/site-packages'
[14.906s] INFO:colcon.colcon_core.shell:Creating package script '/home/cl4y3r/VDS/install/autodriving/share/autodriving/package.ps1'
[14.907s] INFO:colcon.colcon_core.shell:Creating package descriptor '/home/cl4y3r/VDS/install/autodriving/share/autodriving/package.dsv'
[14.908s] INFO:colcon.colcon_core.shell:Creating package script '/home/cl4y3r/VDS/install/autodriving/share/autodriving/package.sh'
[14.908s] INFO:colcon.colcon_core.shell:Creating package script '/home/cl4y3r/VDS/install/autodriving/share/autodriving/package.bash'
[14.909s] INFO:colcon.colcon_core.shell:Creating package script '/home/cl4y3r/VDS/install/autodriving/share/autodriving/package.zsh'
[14.909s] Level 1:colcon.colcon_core.environment:create_file_with_runtime_dependencies(/home/cl4y3r/VDS/install/autodriving/share/colcon-core/packages/autodriving)
[14.928s] Level 1:colcon.colcon_core.environment:create_environment_scripts_only(autodriving)
[14.929s] Level 1:colcon.colcon_core.environment:checking '/home/cl4y3r/VDS/install/autodriving' for CMake module files
[14.930s] Level 1:colcon.colcon_core.environment:checking '/home/cl4y3r/VDS/install/autodriving' for CMake config files
[14.930s] Level 1:colcon.colcon_core.shell:create_environment_hook('autodriving', 'cmake_prefix_path')
[14.930s] INFO:colcon.colcon_core.shell:Creating environment hook '/home/cl4y3r/VDS/install/autodriving/share/autodriving/hook/cmake_prefix_path.ps1'
[14.931s] INFO:colcon.colcon_core.shell:Creating environment descriptor '/home/cl4y3r/VDS/install/autodriving/share/autodriving/hook/cmake_prefix_path.dsv'
[14.931s] INFO:colcon.colcon_core.shell:Creating environment hook '/home/cl4y3r/VDS/install/autodriving/share/autodriving/hook/cmake_prefix_path.sh'
[14.931s] Level 1:colcon.colcon_core.environment:checking '/home/cl4y3r/VDS/install/autodriving/lib'
[14.932s] Level 1:colcon.colcon_core.environment:checking '/home/cl4y3r/VDS/install/autodriving/bin'
[14.932s] Level 1:colcon.colcon_core.environment:checking '/home/cl4y3r/VDS/install/autodriving/lib/pkgconfig/autodriving.pc'
[14.932s] Level 1:colcon.colcon_core.environment:checking '/home/cl4y3r/VDS/install/autodriving/lib/python3.8/site-packages'
[14.932s] INFO:colcon.colcon_core.shell:Creating package script '/home/cl4y3r/VDS/install/autodriving/share/autodriving/package.ps1'
[14.933s] INFO:colcon.colcon_core.shell:Creating package descriptor '/home/cl4y3r/VDS/install/autodriving/share/autodriving/package.dsv'
[14.933s] INFO:colcon.colcon_core.shell:Creating package script '/home/cl4y3r/VDS/install/autodriving/share/autodriving/package.sh'
[14.933s] INFO:colcon.colcon_core.shell:Creating package script '/home/cl4y3r/VDS/install/autodriving/share/autodriving/package.bash'
[14.934s] INFO:colcon.colcon_core.shell:Creating package script '/home/cl4y3r/VDS/install/autodriving/share/autodriving/package.zsh'
[14.934s] Level 1:colcon.colcon_core.environment:create_file_with_runtime_dependencies(/home/cl4y3r/VDS/install/autodriving/share/colcon-core/packages/autodriving)
[14.934s] DEBUG:colcon.colcon_parallel_executor.executor.parallel:closing loop
[14.934s] DEBUG:colcon.colcon_parallel_executor.executor.parallel:loop closed
[14.934s] DEBUG:colcon.colcon_parallel_executor.executor.parallel:run_until_complete finished with '0'
[14.935s] DEBUG:colcon.colcon_core.event_reactor:joining thread
[14.940s] INFO:colcon.colcon_core.plugin_system:Skipping extension 'colcon_notification.desktop_notification.terminal_notifier': Not used on non-Darwin systems
[14.940s] INFO:colcon.colcon_core.plugin_system:Skipping extension 'colcon_notification.desktop_notification.win32': Not used on non-Windows systems
[14.940s] INFO:colcon.colcon_notification.desktop_notification:Sending desktop notification using 'notify2'
[14.953s] DEBUG:colcon.colcon_core.event_reactor:joined thread
[14.954s] INFO:colcon.colcon_core.shell:Creating prefix script '/home/cl4y3r/VDS/install/local_setup.ps1'
[14.955s] INFO:colcon.colcon_core.shell:Creating prefix util module '/home/cl4y3r/VDS/install/_local_setup_util_ps1.py'
[14.956s] INFO:colcon.colcon_core.shell:Creating prefix chain script '/home/cl4y3r/VDS/install/setup.ps1'
[14.958s] INFO:colcon.colcon_core.shell:Creating prefix script '/home/cl4y3r/VDS/install/local_setup.sh'
[14.959s] INFO:colcon.colcon_core.shell:Creating prefix util module '/home/cl4y3r/VDS/install/_local_setup_util_sh.py'
[14.959s] INFO:colcon.colcon_core.shell:Creating prefix chain script '/home/cl4y3r/VDS/install/setup.sh'
[14.961s] INFO:colcon.colcon_core.shell:Creating prefix script '/home/cl4y3r/VDS/install/local_setup.bash'
[14.961s] INFO:colcon.colcon_core.shell:Creating prefix chain script '/home/cl4y3r/VDS/install/setup.bash'
[14.963s] INFO:colcon.colcon_core.shell:Creating prefix script '/home/cl4y3r/VDS/install/local_setup.zsh'
[14.963s] INFO:colcon.colcon_core.shell:Creating prefix chain script '/home/cl4y3r/VDS/install/setup.zsh'
