[0.018s] Invoking command in '/home/cl4y3r/VDS/build/autodriving': /usr/bin/cmake --build /home/cl4y3r/VDS/build/autodriving -- -j8 -l8
[0.068s] [35m[1mScanning dependencies of target main_msg[0m
[0.099s] [ 50%] [32mBuilding CXX object CMakeFiles/main_msg.dir/src/msg_subpub.cpp.o[0m
[1.833s] In file included from [01m[K/usr/include/boost/bind.hpp:22[m[K,
[1.833s]                  from [01m[K/home/cl4y3r/VDS/autodriving/src/msg_subpub.cpp:3[m[K:
[1.833s] /usr/include/boost/bind/bind.hpp: In instantiation of ‘[01m[Kstruct boost::_bi::result_traits<boost::_bi::unspecified, void (msgSubPub::*)(const std::shared_ptr<const sensor_msgs::msg::CompressedImage_<std::allocator<void> > >&, const std::shared_ptr<const sensor_msgs::msg::Imu_<std::allocator<void> > >&, const std::shared_ptr<const lgsvl_msgs::msg::Detection3DArray_<std::allocator<void> > >&, const std::shared_ptr<const lgsvl_msgs::msg::SignalArray_<std::allocator<void> > >&, const std::shared_ptr<const lgsvl_msgs::msg::CanBusData_<std::allocator<void> > >&)>[m[K’:
[1.833s] [01m[K/usr/include/boost/bind/bind.hpp:1284:48:[m[K   required from ‘[01m[Kclass boost::_bi::bind_t<boost::_bi::unspecified, void (msgSubPub::*)(const std::shared_ptr<const sensor_msgs::msg::CompressedImage_<std::allocator<void> > >&, const std::shared_ptr<const sensor_msgs::msg::Imu_<std::allocator<void> > >&, const std::shared_ptr<const lgsvl_msgs::msg::Detection3DArray_<std::allocator<void> > >&, const std::shared_ptr<const lgsvl_msgs::msg::SignalArray_<std::allocator<void> > >&, const std::shared_ptr<const lgsvl_msgs::msg::CanBusData_<std::allocator<void> > >&), boost::_bi::list5<boost::_bi::value<msgSubPub*>, boost::arg<1>, boost::arg<2>, boost::arg<3>, boost::arg<4> > >[m[K’
[1.833s] [01m[K/home/cl4y3r/VDS/autodriving/src/msg_subpub.cpp:75:95:[m[K   required from here
[1.833s] [01m[K/usr/include/boost/bind/bind.hpp:75:37:[m[K [01;31m[Kerror: [m[K‘[01m[Kvoid (msgSubPub::*)(const std::shared_ptr<const sensor_msgs::msg::CompressedImage_<std::allocator<void> > >&, const std::shared_ptr<const sensor_msgs::msg::Imu_<std::allocator<void> > >&, const std::shared_ptr<const lgsvl_msgs::msg::Detection3DArray_<std::allocator<void> > >&, const std::shared_ptr<const lgsvl_msgs::msg::SignalArray_<std::allocator<void> > >&, const std::shared_ptr<const lgsvl_msgs::msg::CanBusData_<std::allocator<void> > >&)[m[K’ is not a class, struct, or union type
[1.834s]    75 |     typedef typename F::result_type [01;31m[Ktype[m[K;
[1.834s]       |                                     [01;31m[K^~~~[m[K
[2.358s] In file included from [01m[K/opt/ros/foxy/include/message_filters/synchronizer.h:47[m[K,
[2.359s]                  from [01m[K/home/cl4y3r/VDS/autodriving/src/msg_subpub.cpp:6[m[K:
[2.359s] /opt/ros/foxy/include/message_filters/signal9.h: In instantiation of ‘[01m[Kmessage_filters::Connection message_filters::Signal9<M0, M1, M2, M3, M4, M5, M6, M7, M8>::addCallback(C&) [with C = const boost::_bi::bind_t<boost::_bi::unspecified, void (msgSubPub::*)(const std::shared_ptr<const sensor_msgs::msg::CompressedImage_<std::allocator<void> > >&, const std::shared_ptr<const sensor_msgs::msg::Imu_<std::allocator<void> > >&, const std::shared_ptr<const lgsvl_msgs::msg::Detection3DArray_<std::allocator<void> > >&, const std::shared_ptr<const lgsvl_msgs::msg::SignalArray_<std::allocator<void> > >&, const std::shared_ptr<const lgsvl_msgs::msg::CanBusData_<std::allocator<void> > >&), boost::_bi::list5<boost::_bi::value<msgSubPub*>, boost::arg<1>, boost::arg<2>, boost::arg<3>, boost::arg<4> > >; M0 = sensor_msgs::msg::CompressedImage_<std::allocator<void> >; M1 = sensor_msgs::msg::Imu_<std::allocator<void> >; M2 = lgsvl_msgs::msg::Detection3DArray_<std::allocator<void> >; M3 = lgsvl_msgs::msg::SignalArray_<std::allocator<void> >; M4 = lgsvl_msgs::msg::CanBusData_<std::allocator<void> >; M5 = message_filters::NullType; M6 = message_filters::NullType; M7 = message_filters::NullType; M8 = message_filters::NullType][m[K’:
[2.359s] [01m[K/opt/ros/foxy/include/message_filters/synchronizer.h:298:40:[m[K   required from ‘[01m[Kmessage_filters::Connection message_filters::Synchronizer<Policy>::registerCallback(const C&) [with C = boost::_bi::bind_t<boost::_bi::unspecified, void (msgSubPub::*)(const std::shared_ptr<const sensor_msgs::msg::CompressedImage_<std::allocator<void> > >&, const std::shared_ptr<const sensor_msgs::msg::Imu_<std::allocator<void> > >&, const std::shared_ptr<const lgsvl_msgs::msg::Detection3DArray_<std::allocator<void> > >&, const std::shared_ptr<const lgsvl_msgs::msg::SignalArray_<std::allocator<void> > >&, const std::shared_ptr<const lgsvl_msgs::msg::CanBusData_<std::allocator<void> > >&), boost::_bi::list5<boost::_bi::value<msgSubPub*>, boost::arg<1>, boost::arg<2>, boost::arg<3>, boost::arg<4> > >; Policy = message_filters::sync_policies::ApproximateTime<sensor_msgs::msg::CompressedImage_<std::allocator<void> >, sensor_msgs::msg::Imu_<std::allocator<void> >, lgsvl_msgs::msg::Detection3DArray_<std::allocator<void> >, lgsvl_msgs::msg::SignalArray_<std::allocator<void> >, lgsvl_msgs::msg::CanBusData_<std::allocator<void> > >][m[K’
[2.360s] [01m[K/home/cl4y3r/VDS/autodriving/src/msg_subpub.cpp:75:96:[m[K   required from here
[2.360s] [01m[K/opt/ros/foxy/include/message_filters/signal9.h:280:267:[m[K [01;31m[Kerror: [m[Kno matching function for call to ‘[01m[Kmessage_filters::Signal9<sensor_msgs::msg::CompressedImage_<std::allocator<void> >, sensor_msgs::msg::Imu_<std::allocator<void> >, lgsvl_msgs::msg::Detection3DArray_<std::allocator<void> >, lgsvl_msgs::msg::SignalArray_<std::allocator<void> >, lgsvl_msgs::msg::CanBusData_<std::allocator<void> >, message_filters::NullType, message_filters::NullType, message_filters::NullType, message_filters::NullType>::addCallback<const M0ConstPtr&, const M1ConstPtr&, const M2ConstPtr&, const M3ConstPtr&, const M4ConstPtr&, const M5ConstPtr&, const M6ConstPtr&, const M7ConstPtr&, const M8ConstPtr&>(std::_Bind_helper<false, const boost::_bi::bind_t<boost::_bi::unspecified, void (msgSubPub::*)(const std::shared_ptr<const sensor_msgs::msg::CompressedImage_<std::allocator<void> > >&, const std::shared_ptr<const sensor_msgs::msg::Imu_<std::allocator<void> > >&, const std::shared_ptr<const lgsvl_msgs::msg::Detection3DArray_<std::allocator<void> > >&, const std::shared_ptr<const lgsvl_msgs::msg::SignalArray_<std::allocator<void> > >&, const std::shared_ptr<const lgsvl_msgs::msg::CanBusData_<std::allocator<void> > >&), boost::_bi::list5<boost::_bi::value<msgSubPub*>, boost::arg<1>, boost::arg<2>, boost::arg<3>, boost::arg<4> > >&, const std::_Placeholder<1>&, const std::_Placeholder<2>&, const std::_Placeholder<3>&, const std::_Placeholder<4>&, const std::_Placeholder<5>&, const std::_Placeholder<6>&, const std::_Placeholder<7>&, const std::_Placeholder<8>&, const std::_Placeholder<9>&>::type)[m[K’
[2.360s]   280 | ers::_4, std::placeholders::_5, std::placeholders::_6, std::placeholders::_7, std::placeholders::_8, std::placeholders::_9)[01;31m[K)[m[K;
[2.360s]       |                                                                                                                            [01;31m[K^[m[K
[2.360s] 
[2.360s] In file included from [01m[K/opt/ros/foxy/include/message_filters/synchronizer.h:47[m[K,
[2.360s]                  from [01m[K/home/cl4y3r/VDS/autodriving/src/msg_subpub.cpp:6[m[K:
[2.360s] [01m[K/opt/ros/foxy/include/message_filters/signal9.h:170:14:[m[K [01;36m[Knote: [m[Kcandidate: ‘[01m[Kmessage_filters::Connection message_filters::Signal9<M0, M1, M2, M3, M4, M5, M6, M7, M8>::addCallback(const std::function<void(P0, P1, P2, P3, P4, P5, P6, P7, P8)>&) [with P0 = const std::shared_ptr<const sensor_msgs::msg::CompressedImage_<std::allocator<void> > >&; P1 = const std::shared_ptr<const sensor_msgs::msg::Imu_<std::allocator<void> > >&; P2 = const std::shared_ptr<const lgsvl_msgs::msg::Detection3DArray_<std::allocator<void> > >&; P3 = const std::shared_ptr<const lgsvl_msgs::msg::SignalArray_<std::allocator<void> > >&; P4 = const std::shared_ptr<const lgsvl_msgs::msg::CanBusData_<std::allocator<void> > >&; P5 = const std::shared_ptr<const message_filters::NullType>&; P6 = const std::shared_ptr<const message_filters::NullType>&; P7 = const std::shared_ptr<const message_filters::NullType>&; P8 = const std::shared_ptr<const message_filters::NullType>&; M0 = sensor_msgs::msg::CompressedImage_<std::allocator<void> >; M1 = sensor_msgs::msg::Imu_<std::allocator<void> >; M2 = lgsvl_msgs::msg::Detection3DArray_<std::allocator<void> >; M3 = lgsvl_msgs::msg::SignalArray_<std::allocator<void> >; M4 = lgsvl_msgs::msg::CanBusData_<std::allocator<void> >; M5 = message_filters::NullType; M6 = message_filters::NullType; M7 = message_filters::NullType; M8 = message_filters::NullType][m[K’
[2.361s]   170 |   Connection [01;36m[KaddCallback[m[K(const std::function<void(P0, P1, P2, P3, P4, P5, P6, P7, P8)>& callback)
[2.361s]       |              [01;36m[K^~~~~~~~~~~[m[K
[2.361s] [01m[K/opt/ros/foxy/include/message_filters/signal9.h:170:89:[m[K [01;36m[Knote: [m[K  no known conversion for argument 1 from ‘[01m[Kstd::_Bind_helper<false, const boost::_bi::bind_t<boost::_bi::unspecified, void (msgSubPub::*)(const std::shared_ptr<const sensor_msgs::msg::CompressedImage_<std::allocator<void> > >&, const std::shared_ptr<const sensor_msgs::msg::Imu_<std::allocator<void> > >&, const std::shared_ptr<const lgsvl_msgs::msg::Detection3DArray_<std::allocator<void> > >&, const std::shared_ptr<const lgsvl_msgs::msg::SignalArray_<std::allocator<void> > >&, const std::shared_ptr<const lgsvl_msgs::msg::CanBusData_<std::allocator<void> > >&), boost::_bi::list5<boost::_bi::value<msgSubPub*>, boost::arg<1>, boost::arg<2>, boost::arg<3>, boost::arg<4> > >&, const std::_Placeholder<1>&, const std::_Placeholder<2>&, const std::_Placeholder<3>&, const std::_Placeholder<4>&, const std::_Placeholder<5>&, const std::_Placeholder<6>&, const std::_Placeholder<7>&, const std::_Placeholder<8>&, const std::_Placeholder<9>&>::type[m[K’ {aka ‘[01m[Kstd::_Bind<boost::_bi::bind_t<boost::_bi::unspecified, void (msgSubPub::*)(const std::shared_ptr<const sensor_msgs::msg::CompressedImage_<std::allocator<void> > >&, const std::shared_ptr<const sensor_msgs::msg::Imu_<std::allocator<void> > >&, const std::shared_ptr<const lgsvl_msgs::msg::Detection3DArray_<std::allocator<void> > >&, const std::shared_ptr<const lgsvl_msgs::msg::SignalArray_<std::allocator<void> > >&, const std::shared_ptr<const lgsvl_msgs::msg::CanBusData_<std::allocator<void> > >&), boost::_bi::list5<boost::_bi::value<msgSubPub*>, boost::arg<1>, boost::arg<2>, boost::arg<3>, boost::arg<4> > >(std::_Placeholder<1>, std::_Placeholder<2>, std::_Placeholder<3>, std::_Placeholder<4>, std::_Placeholder<5>, std::_Placeholder<6>, std::_Placeholder<7>, std::_Placeholder<8>, std::_Placeholder<9>)>[m[K’} to ‘[01m[Kconst std::function<void(const std::shared_ptr<const sensor_msgs::msg::CompressedImage_<std::allocator<void> > >&, const std::shared_ptr<const sensor_msgs::msg::Imu_<std::allocator<void> > >&, const std::shared_ptr<const lgsvl_msgs::msg::Detection3DArray_<std::allocator<void> > >&, const std::shared_ptr<const lgsvl_msgs::msg::SignalArray_<std::allocator<void> > >&, const std::shared_ptr<const lgsvl_msgs::msg::CanBusData_<std::allocator<void> > >&, const std::shared_ptr<const message_filters::NullType>&, const std::shared_ptr<const message_filters::NullType>&, const std::shared_ptr<const message_filters::NullType>&, const std::shared_ptr<const message_filters::NullType>&)>&[m[K’
[2.361s]   170 |   Connection addCallback([01;36m[Kconst std::function<void(P0, P1, P2, P3, P4, P5, P6, P7, P8)>& callback[m[K)
[2.361s]       |                          [01;36m[K~~~~~~~~~~~~~~~~~~~~~~~~~~~~~~~~~~~~~~~~~~~~~~~~~~~~~~~~~~~~~~~^~~~~~~~[m[K
[2.361s] [01m[K/opt/ros/foxy/include/message_filters/signal9.h:180:14:[m[K [01;36m[Knote: [m[Kcandidate: ‘[01m[Ktemplate<class P0, class P1> message_filters::Connection message_filters::Signal9<M0, M1, M2, M3, M4, M5, M6, M7, M8>::addCallback(void (*)(P0, P1)) [with P0 = P0; P1 = P1; M0 = sensor_msgs::msg::CompressedImage_<std::allocator<void> >; M1 = sensor_msgs::msg::Imu_<std::allocator<void> >; M2 = lgsvl_msgs::msg::Detection3DArray_<std::allocator<void> >; M3 = lgsvl_msgs::msg::SignalArray_<std::allocator<void> >; M4 = lgsvl_msgs::msg::CanBusData_<std::allocator<void> >; M5 = message_filters::NullType; M6 = message_filters::NullType; M7 = message_filters::NullType; M8 = message_filters::NullType][m[K’
[2.361s]   180 |   Connection [01;36m[KaddCallback[m[K(void(*callback)(P0, P1))
[2.361s]       |              [01;36m[K^~~~~~~~~~~[m[K
[2.361s] [01m[K/opt/ros/foxy/include/message_filters/signal9.h:180:14:[m[K [01;36m[Knote: [m[K  template argument deduction/substitution failed:
[2.362s] In file included from [01m[K/opt/ros/foxy/include/message_filters/synchronizer.h:47[m[K,
[2.362s]                  from [01m[K/home/cl4y3r/VDS/autodriving/src/msg_subpub.cpp:6[m[K:
[2.362s] [01m[K/opt/ros/foxy/include/message_filters/signal9.h:280:267:[m[K [01;31m[Kerror: [m[Kwrong number of template arguments (9, should be 2)
[2.362s]   280 | ers::_4, std::placeholders::_5, std::placeholders::_6, std::placeholders::_7, std::placeholders::_8, std::placeholders::_9)[01;31m[K)[m[K;
[2.362s]       |                                                                                                                            [01;31m[K^[m[K
[2.362s] 
[2.362s] In file included from [01m[K/opt/ros/foxy/include/message_filters/synchronizer.h:47[m[K,
[2.362s]                  from [01m[K/home/cl4y3r/VDS/autodriving/src/msg_subpub.cpp:6[m[K:
[2.362s] [01m[K/opt/ros/foxy/include/message_filters/signal9.h:186:14:[m[K [01;36m[Knote: [m[Kcandidate: ‘[01m[Ktemplate<class P0, class P1, class P2> message_filters::Connection message_filters::Signal9<M0, M1, M2, M3, M4, M5, M6, M7, M8>::addCallback(void (*)(P0, P1, P2)) [with P0 = P0; P1 = P1; P2 = P2; M0 = sensor_msgs::msg::CompressedImage_<std::allocator<void> >; M1 = sensor_msgs::msg::Imu_<std::allocator<void> >; M2 = lgsvl_msgs::msg::Detection3DArray_<std::allocator<void> >; M3 = lgsvl_msgs::msg::SignalArray_<std::allocator<void> >; M4 = lgsvl_msgs::msg::CanBusData_<std::allocator<void> >; M5 = message_filters::NullType; M6 = message_filters::NullType; M7 = message_filters::NullType; M8 = message_filters::NullType][m[K’
[2.362s]   186 |   Connection [01;36m[KaddCallback[m[K(void(*callback)(P0, P1, P2))
[2.363s]       |              [01;36m[K^~~~~~~~~~~[m[K
[2.363s] [01m[K/opt/ros/foxy/include/message_filters/signal9.h:186:14:[m[K [01;36m[Knote: [m[K  template argument deduction/substitution failed:
[2.363s] In file included from [01m[K/opt/ros/foxy/include/message_filters/synchronizer.h:47[m[K,
[2.363s]                  from [01m[K/home/cl4y3r/VDS/autodriving/src/msg_subpub.cpp:6[m[K:
[2.363s] [01m[K/opt/ros/foxy/include/message_filters/signal9.h:280:267:[m[K [01;31m[Kerror: [m[Kwrong number of template arguments (9, should be 3)
[2.363s]   280 | ers::_4, std::placeholders::_5, std::placeholders::_6, std::placeholders::_7, std::placeholders::_8, std::placeholders::_9)[01;31m[K)[m[K;
[2.363s]       |                                                                                                                            [01;31m[K^[m[K
[2.363s] 
[2.363s] In file included from [01m[K/opt/ros/foxy/include/message_filters/synchronizer.h:47[m[K,
[2.363s]                  from [01m[K/home/cl4y3r/VDS/autodriving/src/msg_subpub.cpp:6[m[K:
[2.363s] [01m[K/opt/ros/foxy/include/message_filters/signal9.h:192:14:[m[K [01;36m[Knote: [m[Kcandidate: ‘[01m[Ktemplate<class P0, class P1, class P2, class P3> message_filters::Connection message_filters::Signal9<M0, M1, M2, M3, M4, M5, M6, M7, M8>::addCallback(void (*)(P0, P1, P2, P3)) [with P0 = P0; P1 = P1; P2 = P2; P3 = P3; M0 = sensor_msgs::msg::CompressedImage_<std::allocator<void> >; M1 = sensor_msgs::msg::Imu_<std::allocator<void> >; M2 = lgsvl_msgs::msg::Detection3DArray_<std::allocator<void> >; M3 = lgsvl_msgs::msg::SignalArray_<std::allocator<void> >; M4 = lgsvl_msgs::msg::CanBusData_<std::allocator<void> >; M5 = message_filters::NullType; M6 = message_filters::NullType; M7 = message_filters::NullType; M8 = message_filters::NullType][m[K’
[2.364s]   192 |   Connection [01;36m[KaddCallback[m[K(void(*callback)(P0, P1, P2, P3))
[2.364s]       |              [01;36m[K^~~~~~~~~~~[m[K
[2.364s] [01m[K/opt/ros/foxy/include/message_filters/signal9.h:192:14:[m[K [01;36m[Knote: [m[K  template argument deduction/substitution failed:
[2.364s] In file included from [01m[K/opt/ros/foxy/include/message_filters/synchronizer.h:47[m[K,
[2.364s]                  from [01m[K/home/cl4y3r/VDS/autodriving/src/msg_subpub.cpp:6[m[K:
[2.364s] [01m[K/opt/ros/foxy/include/message_filters/signal9.h:280:267:[m[K [01;31m[Kerror: [m[Kwrong number of template arguments (9, should be 4)
[2.364s]   280 | ers::_4, std::placeholders::_5, std::placeholders::_6, std::placeholders::_7, std::placeholders::_8, std::placeholders::_9)[01;31m[K)[m[K;
[2.364s]       |                                                                                                                            [01;31m[K^[m[K
[2.364s] 
[2.364s] In file included from [01m[K/opt/ros/foxy/include/message_filters/synchronizer.h:47[m[K,
[2.364s]                  from [01m[K/home/cl4y3r/VDS/autodriving/src/msg_subpub.cpp:6[m[K:
[2.365s] [01m[K/opt/ros/foxy/include/message_filters/signal9.h:198:14:[m[K [01;36m[Knote: [m[Kcandidate: ‘[01m[Ktemplate<class P0, class P1, class P2, class P3, class P4> message_filters::Connection message_filters::Signal9<M0, M1, M2, M3, M4, M5, M6, M7, M8>::addCallback(void (*)(P0, P1, P2, P3, P4)) [with P0 = P0; P1 = P1; P2 = P2; P3 = P3; P4 = P4; M0 = sensor_msgs::msg::CompressedImage_<std::allocator<void> >; M1 = sensor_msgs::msg::Imu_<std::allocator<void> >; M2 = lgsvl_msgs::msg::Detection3DArray_<std::allocator<void> >; M3 = lgsvl_msgs::msg::SignalArray_<std::allocator<void> >; M4 = lgsvl_msgs::msg::CanBusData_<std::allocator<void> >; M5 = message_filters::NullType; M6 = message_filters::NullType; M7 = message_filters::NullType; M8 = message_filters::NullType][m[K’
[2.365s]   198 |   Connection [01;36m[KaddCallback[m[K(void(*callback)(P0, P1, P2, P3, P4))
[2.365s]       |              [01;36m[K^~~~~~~~~~~[m[K
[2.365s] [01m[K/opt/ros/foxy/include/message_filters/signal9.h:198:14:[m[K [01;36m[Knote: [m[K  template argument deduction/substitution failed:
[2.365s] In file included from [01m[K/opt/ros/foxy/include/message_filters/synchronizer.h:47[m[K,
[2.365s]                  from [01m[K/home/cl4y3r/VDS/autodriving/src/msg_subpub.cpp:6[m[K:
[2.365s] [01m[K/opt/ros/foxy/include/message_filters/signal9.h:280:267:[m[K [01;31m[Kerror: [m[Kwrong number of template arguments (9, should be 5)
[2.365s]   280 | ers::_4, std::placeholders::_5, std::placeholders::_6, std::placeholders::_7, std::placeholders::_8, std::placeholders::_9)[01;31m[K)[m[K;
[2.365s]       |                                                                                                                            [01;31m[K^[m[K
[2.365s] 
[2.366s] In file included from [01m[K/opt/ros/foxy/include/message_filters/synchronizer.h:47[m[K,
[2.366s]                  from [01m[K/home/cl4y3r/VDS/autodriving/src/msg_subpub.cpp:6[m[K:
[2.366s] [01m[K/opt/ros/foxy/include/message_filters/signal9.h:204:14:[m[K [01;36m[Knote: [m[Kcandidate: ‘[01m[Ktemplate<class P0, class P1, class P2, class P3, class P4, class P5> message_filters::Connection message_filters::Signal9<M0, M1, M2, M3, M4, M5, M6, M7, M8>::addCallback(void (*)(P0, P1, P2, P3, P4, P5)) [with P0 = P0; P1 = P1; P2 = P2; P3 = P3; P4 = P4; P5 = P5; M0 = sensor_msgs::msg::CompressedImage_<std::allocator<void> >; M1 = sensor_msgs::msg::Imu_<std::allocator<void> >; M2 = lgsvl_msgs::msg::Detection3DArray_<std::allocator<void> >; M3 = lgsvl_msgs::msg::SignalArray_<std::allocator<void> >; M4 = lgsvl_msgs::msg::CanBusData_<std::allocator<void> >; M5 = message_filters::NullType; M6 = message_filters::NullType; M7 = message_filters::NullType; M8 = message_filters::NullType][m[K’
[2.366s]   204 |   Connection [01;36m[KaddCallback[m[K(void(*callback)(P0, P1, P2, P3, P4, P5))
[2.366s]       |              [01;36m[K^~~~~~~~~~~[m[K
[2.366s] [01m[K/opt/ros/foxy/include/message_filters/signal9.h:204:14:[m[K [01;36m[Knote: [m[K  template argument deduction/substitution failed:
[2.366s] In file included from [01m[K/opt/ros/foxy/include/message_filters/synchronizer.h:47[m[K,
[2.366s]                  from [01m[K/home/cl4y3r/VDS/autodriving/src/msg_subpub.cpp:6[m[K:
[2.366s] [01m[K/opt/ros/foxy/include/message_filters/signal9.h:280:267:[m[K [01;31m[Kerror: [m[Kwrong number of template arguments (9, should be 6)
[2.367s]   280 | ers::_4, std::placeholders::_5, std::placeholders::_6, std::placeholders::_7, std::placeholders::_8, std::placeholders::_9)[01;31m[K)[m[K;
[2.367s]       |                                                                                                                            [01;31m[K^[m[K
[2.367s] 
[2.367s] In file included from [01m[K/opt/ros/foxy/include/message_filters/synchronizer.h:47[m[K,
[2.367s]                  from [01m[K/home/cl4y3r/VDS/autodriving/src/msg_subpub.cpp:6[m[K:
[2.367s] [01m[K/opt/ros/foxy/include/message_filters/signal9.h:210:14:[m[K [01;36m[Knote: [m[Kcandidate: ‘[01m[Ktemplate<class P0, class P1, class P2, class P3, class P4, class P5, class P6> message_filters::Connection message_filters::Signal9<M0, M1, M2, M3, M4, M5, M6, M7, M8>::addCallback(void (*)(P0, P1, P2, P3, P4, P5, P6)) [with P0 = P0; P1 = P1; P2 = P2; P3 = P3; P4 = P4; P5 = P5; P6 = P6; M0 = sensor_msgs::msg::CompressedImage_<std::allocator<void> >; M1 = sensor_msgs::msg::Imu_<std::allocator<void> >; M2 = lgsvl_msgs::msg::Detection3DArray_<std::allocator<void> >; M3 = lgsvl_msgs::msg::SignalArray_<std::allocator<void> >; M4 = lgsvl_msgs::msg::CanBusData_<std::allocator<void> >; M5 = message_filters::NullType; M6 = message_filters::NullType; M7 = message_filters::NullType; M8 = message_filters::NullType][m[K’
[2.367s]   210 |   Connection [01;36m[KaddCallback[m[K(void(*callback)(P0, P1, P2, P3, P4, P5, P6))
[2.367s]       |              [01;36m[K^~~~~~~~~~~[m[K
[2.367s] [01m[K/opt/ros/foxy/include/message_filters/signal9.h:210:14:[m[K [01;36m[Knote: [m[K  template argument deduction/substitution failed:
[2.367s] In file included from [01m[K/opt/ros/foxy/include/message_filters/synchronizer.h:47[m[K,
[2.367s]                  from [01m[K/home/cl4y3r/VDS/autodriving/src/msg_subpub.cpp:6[m[K:
[2.368s] [01m[K/opt/ros/foxy/include/message_filters/signal9.h:280:267:[m[K [01;31m[Kerror: [m[Kwrong number of template arguments (9, should be 7)
[2.368s]   280 | ers::_4, std::placeholders::_5, std::placeholders::_6, std::placeholders::_7, std::placeholders::_8, std::placeholders::_9)[01;31m[K)[m[K;
[2.368s]       |                                                                                                                            [01;31m[K^[m[K
[2.368s] 
[2.368s] [01m[K/opt/ros/foxy/include/message_filters/signal9.h:216:14:[m[K [01;36m[Knote: [m[Kcandidate: ‘[01m[Ktemplate<class P0, class P1, class P2, class P3, class P4, class P5, class P6, class P7> message_filters::Connection message_filters::Signal9<M0, M1, M2, M3, M4, M5, M6, M7, M8>::addCallback(void (*)(P0, P1, P2, P3, P4, P5, P6, P7)) [with P0 = P0; P1 = P1; P2 = P2; P3 = P3; P4 = P4; P5 = P5; P6 = P6; P7 = P7; M0 = sensor_msgs::msg::CompressedImage_<std::allocator<void> >; M1 = sensor_msgs::msg::Imu_<std::allocator<void> >; M2 = lgsvl_msgs::msg::Detection3DArray_<std::allocator<void> >; M3 = lgsvl_msgs::msg::SignalArray_<std::allocator<void> >; M4 = lgsvl_msgs::msg::CanBusData_<std::allocator<void> >; M5 = message_filters::NullType; M6 = message_filters::NullType; M7 = message_filters::NullType; M8 = message_filters::NullType][m[K’
[2.368s]   216 |   Connection [01;36m[KaddCallback[m[K(void(*callback)(P0, P1, P2, P3, P4, P5, P6, P7))
[2.368s]       |              [01;36m[K^~~~~~~~~~~[m[K
[2.368s] [01m[K/opt/ros/foxy/include/message_filters/signal9.h:216:14:[m[K [01;36m[Knote: [m[K  template argument deduction/substitution failed:
[2.368s] [01m[K/opt/ros/foxy/include/message_filters/signal9.h:280:267:[m[K [01;31m[Kerror: [m[Kwrong number of template arguments (9, should be 8)
[2.368s]   280 | ers::_4, std::placeholders::_5, std::placeholders::_6, std::placeholders::_7, std::placeholders::_8, std::placeholders::_9)[01;31m[K)[m[K;
[2.368s]       |                                                                                                                            [01;31m[K^[m[K
[2.369s] 
[2.369s] [01m[K/opt/ros/foxy/include/message_filters/signal9.h:222:14:[m[K [01;36m[Knote: [m[Kcandidate: ‘[01m[Kmessage_filters::Connection message_filters::Signal9<M0, M1, M2, M3, M4, M5, M6, M7, M8>::addCallback(void (*)(P0, P1, P2, P3, P4, P5, P6, P7, P8)) [with P0 = const std::shared_ptr<const sensor_msgs::msg::CompressedImage_<std::allocator<void> > >&; P1 = const std::shared_ptr<const sensor_msgs::msg::Imu_<std::allocator<void> > >&; P2 = const std::shared_ptr<const lgsvl_msgs::msg::Detection3DArray_<std::allocator<void> > >&; P3 = const std::shared_ptr<const lgsvl_msgs::msg::SignalArray_<std::allocator<void> > >&; P4 = const std::shared_ptr<const lgsvl_msgs::msg::CanBusData_<std::allocator<void> > >&; P5 = const std::shared_ptr<const message_filters::NullType>&; P6 = const std::shared_ptr<const message_filters::NullType>&; P7 = const std::shared_ptr<const message_filters::NullType>&; P8 = const std::shared_ptr<const message_filters::NullType>&; M0 = sensor_msgs::msg::CompressedImage_<std::allocator<void> >; M1 = sensor_msgs::msg::Imu_<std::allocator<void> >; M2 = lgsvl_msgs::msg::Detection3DArray_<std::allocator<void> >; M3 = lgsvl_msgs::msg::SignalArray_<std::allocator<void> >; M4 = lgsvl_msgs::msg::CanBusData_<std::allocator<void> >; M5 = message_filters::NullType; M6 = message_filters::NullType; M7 = message_filters::NullType; M8 = message_filters::NullType][m[K’
[2.369s]   222 |   Connection [01;36m[KaddCallback[m[K(void(*callback)(P0, P1, P2, P3, P4, P5, P6, P7, P8))
[2.369s]       |              [01;36m[K^~~~~~~~~~~[m[K
[2.369s] [01m[K/opt/ros/foxy/include/message_filters/signal9.h:222:32:[m[K [01;36m[Knote: [m[K  no known conversion for argument 1 from ‘[01m[Kstd::_Bind_helper<false, const boost::_bi::bind_t<boost::_bi::unspecified, void (msgSubPub::*)(const std::shared_ptr<const sensor_msgs::msg::CompressedImage_<std::allocator<void> > >&, const std::shared_ptr<const sensor_msgs::msg::Imu_<std::allocator<void> > >&, const std::shared_ptr<const lgsvl_msgs::msg::Detection3DArray_<std::allocator<void> > >&, const std::shared_ptr<const lgsvl_msgs::msg::SignalArray_<std::allocator<void> > >&, const std::shared_ptr<const lgsvl_msgs::msg::CanBusData_<std::allocator<void> > >&), boost::_bi::list5<boost::_bi::value<msgSubPub*>, boost::arg<1>, boost::arg<2>, boost::arg<3>, boost::arg<4> > >&, const std::_Placeholder<1>&, const std::_Placeholder<2>&, const std::_Placeholder<3>&, const std::_Placeholder<4>&, const std::_Placeholder<5>&, const std::_Placeholder<6>&, const std::_Placeholder<7>&, const std::_Placeholder<8>&, const std::_Placeholder<9>&>::type[m[K’ {aka ‘[01m[Kstd::_Bind<boost::_bi::bind_t<boost::_bi::unspecified, void (msgSubPub::*)(const std::shared_ptr<const sensor_msgs::msg::CompressedImage_<std::allocator<void> > >&, const std::shared_ptr<const sensor_msgs::msg::Imu_<std::allocator<void> > >&, const std::shared_ptr<const lgsvl_msgs::msg::Detection3DArray_<std::allocator<void> > >&, const std::shared_ptr<const lgsvl_msgs::msg::SignalArray_<std::allocator<void> > >&, const std::shared_ptr<const lgsvl_msgs::msg::CanBusData_<std::allocator<void> > >&), boost::_bi::list5<boost::_bi::value<msgSubPub*>, boost::arg<1>, boost::arg<2>, boost::arg<3>, boost::arg<4> > >(std::_Placeholder<1>, std::_Placeholder<2>, std::_Placeholder<3>, std::_Placeholder<4>, std::_Placeholder<5>, std::_Placeholder<6>, std::_Placeholder<7>, std::_Placeholder<8>, std::_Placeholder<9>)>[m[K’} to ‘[01m[Kvoid (*)(const std::shared_ptr<const sensor_msgs::msg::CompressedImage_<std::allocator<void> > >&, const std::shared_ptr<const sensor_msgs::msg::Imu_<std::allocator<void> > >&, const std::shared_ptr<const lgsvl_msgs::msg::Detection3DArray_<std::allocator<void> > >&, const std::shared_ptr<const lgsvl_msgs::msg::SignalArray_<std::allocator<void> > >&, const std::shared_ptr<const lgsvl_msgs::msg::CanBusData_<std::allocator<void> > >&, const std::shared_ptr<const message_filters::NullType>&, const std::shared_ptr<const message_filters::NullType>&, const std::shared_ptr<const message_filters::NullType>&, const std::shared_ptr<const message_filters::NullType>&)[m[K’
[2.369s]   222 |   Connection addCallback([01;36m[Kvoid(*callback)(P0, P1, P2, P3, P4, P5, P6, P7, P8)[m[K)
[2.369s]       |                          [01;36m[K~~~~~~^~~~~~~~~~~~~~~~~~~~~~~~~~~~~~~~~~~~~~~~~~~~~[m[K
[2.369s] [01m[K/opt/ros/foxy/include/message_filters/signal9.h:228:14:[m[K [01;36m[Knote: [m[Kcandidate: ‘[01m[Ktemplate<class T, class P0, class P1> message_filters::Connection message_filters::Signal9<M0, M1, M2, M3, M4, M5, M6, M7, M8>::addCallback(void (T::*)(P0, P1), T*) [with T = T; P0 = P0; P1 = P1; M0 = sensor_msgs::msg::CompressedImage_<std::allocator<void> >; M1 = sensor_msgs::msg::Imu_<std::allocator<void> >; M2 = lgsvl_msgs::msg::Detection3DArray_<std::allocator<void> >; M3 = lgsvl_msgs::msg::SignalArray_<std::allocator<void> >; M4 = lgsvl_msgs::msg::CanBusData_<std::allocator<void> >; M5 = message_filters::NullType; M6 = message_filters::NullType; M7 = message_filters::NullType; M8 = message_filters::NullType][m[K’
[2.369s]   228 |   Connection [01;36m[KaddCallback[m[K(void(T::*callback)(P0, P1), T* t)
[2.369s]       |              [01;36m[K^~~~~~~~~~~[m[K
[2.370s] [01m[K/opt/ros/foxy/include/message_filters/signal9.h:228:14:[m[K [01;36m[Knote: [m[K  template argument deduction/substitution failed:
[2.370s] [01m[K/opt/ros/foxy/include/message_filters/signal9.h:280:267:[m[K [01;31m[Kerror: [m[Kwrong number of template arguments (9, should be 3)
[2.370s]   280 | ers::_4, std::placeholders::_5, std::placeholders::_6, std::placeholders::_7, std::placeholders::_8, std::placeholders::_9)[01;31m[K)[m[K;
[2.370s]       |                                                                                                                            [01;31m[K^[m[K
[2.370s] 
[2.370s] [01m[K/opt/ros/foxy/include/message_filters/signal9.h:234:14:[m[K [01;36m[Knote: [m[Kcandidate: ‘[01m[Ktemplate<class T, class P0, class P1, class P2> message_filters::Connection message_filters::Signal9<M0, M1, M2, M3, M4, M5, M6, M7, M8>::addCallback(void (T::*)(P0, P1, P2), T*) [with T = T; P0 = P0; P1 = P1; P2 = P2; M0 = sensor_msgs::msg::CompressedImage_<std::allocator<void> >; M1 = sensor_msgs::msg::Imu_<std::allocator<void> >; M2 = lgsvl_msgs::msg::Detection3DArray_<std::allocator<void> >; M3 = lgsvl_msgs::msg::SignalArray_<std::allocator<void> >; M4 = lgsvl_msgs::msg::CanBusData_<std::allocator<void> >; M5 = message_filters::NullType; M6 = message_filters::NullType; M7 = message_filters::NullType; M8 = message_filters::NullType][m[K’
[2.370s]   234 |   Connection [01;36m[KaddCallback[m[K(void(T::*callback)(P0, P1, P2), T* t)
[2.370s]       |              [01;36m[K^~~~~~~~~~~[m[K
[2.370s] [01m[K/opt/ros/foxy/include/message_filters/signal9.h:234:14:[m[K [01;36m[Knote: [m[K  template argument deduction/substitution failed:
[2.370s] [01m[K/opt/ros/foxy/include/message_filters/signal9.h:280:267:[m[K [01;31m[Kerror: [m[Kwrong number of template arguments (9, should be 4)
[2.370s]   280 | ers::_4, std::placeholders::_5, std::placeholders::_6, std::placeholders::_7, std::placeholders::_8, std::placeholders::_9)[01;31m[K)[m[K;
[2.371s]       |                                                                                                                            [01;31m[K^[m[K
[2.371s] 
[2.371s] [01m[K/opt/ros/foxy/include/message_filters/signal9.h:240:14:[m[K [01;36m[Knote: [m[Kcandidate: ‘[01m[Ktemplate<class T, class P0, class P1, class P2, class P3> message_filters::Connection message_filters::Signal9<M0, M1, M2, M3, M4, M5, M6, M7, M8>::addCallback(void (T::*)(P0, P1, P2, P3), T*) [with T = T; P0 = P0; P1 = P1; P2 = P2; P3 = P3; M0 = sensor_msgs::msg::CompressedImage_<std::allocator<void> >; M1 = sensor_msgs::msg::Imu_<std::allocator<void> >; M2 = lgsvl_msgs::msg::Detection3DArray_<std::allocator<void> >; M3 = lgsvl_msgs::msg::SignalArray_<std::allocator<void> >; M4 = lgsvl_msgs::msg::CanBusData_<std::allocator<void> >; M5 = message_filters::NullType; M6 = message_filters::NullType; M7 = message_filters::NullType; M8 = message_filters::NullType][m[K’
[2.371s]   240 |   Connection [01;36m[KaddCallback[m[K(void(T::*callback)(P0, P1, P2, P3), T* t)
[2.371s]       |              [01;36m[K^~~~~~~~~~~[m[K
[2.371s] [01m[K/opt/ros/foxy/include/message_filters/signal9.h:240:14:[m[K [01;36m[Knote: [m[K  template argument deduction/substitution failed:
[2.371s] [01m[K/opt/ros/foxy/include/message_filters/signal9.h:280:267:[m[K [01;31m[Kerror: [m[Kwrong number of template arguments (9, should be 5)
[2.371s]   280 | ers::_4, std::placeholders::_5, std::placeholders::_6, std::placeholders::_7, std::placeholders::_8, std::placeholders::_9)[01;31m[K)[m[K;
[2.371s]       |                                                                                                                            [01;31m[K^[m[K
[2.371s] 
[2.371s] [01m[K/opt/ros/foxy/include/message_filters/signal9.h:246:14:[m[K [01;36m[Knote: [m[Kcandidate: ‘[01m[Ktemplate<class T, class P0, class P1, class P2, class P3, class P4> message_filters::Connection message_filters::Signal9<M0, M1, M2, M3, M4, M5, M6, M7, M8>::addCallback(void (T::*)(P0, P1, P2, P3, P4), T*) [with T = T; P0 = P0; P1 = P1; P2 = P2; P3 = P3; P4 = P4; M0 = sensor_msgs::msg::CompressedImage_<std::allocator<void> >; M1 = sensor_msgs::msg::Imu_<std::allocator<void> >; M2 = lgsvl_msgs::msg::Detection3DArray_<std::allocator<void> >; M3 = lgsvl_msgs::msg::SignalArray_<std::allocator<void> >; M4 = lgsvl_msgs::msg::CanBusData_<std::allocator<void> >; M5 = message_filters::NullType; M6 = message_filters::NullType; M7 = message_filters::NullType; M8 = message_filters::NullType][m[K’
[2.372s]   246 |   Connection [01;36m[KaddCallback[m[K(void(T::*callback)(P0, P1, P2, P3, P4), T* t)
[2.372s]       |              [01;36m[K^~~~~~~~~~~[m[K
[2.372s] [01m[K/opt/ros/foxy/include/message_filters/signal9.h:246:14:[m[K [01;36m[Knote: [m[K  template argument deduction/substitution failed:
[2.372s] [01m[K/opt/ros/foxy/include/message_filters/signal9.h:280:267:[m[K [01;31m[Kerror: [m[Kwrong number of template arguments (9, should be 6)
[2.372s]   280 | ers::_4, std::placeholders::_5, std::placeholders::_6, std::placeholders::_7, std::placeholders::_8, std::placeholders::_9)[01;31m[K)[m[K;
[2.372s]       |                                                                                                                            [01;31m[K^[m[K
[2.372s] 
[2.372s] [01m[K/opt/ros/foxy/include/message_filters/signal9.h:252:14:[m[K [01;36m[Knote: [m[Kcandidate: ‘[01m[Ktemplate<class T, class P0, class P1, class P2, class P3, class P4, class P5> message_filters::Connection message_filters::Signal9<M0, M1, M2, M3, M4, M5, M6, M7, M8>::addCallback(void (T::*)(P0, P1, P2, P3, P4, P5), T*) [with T = T; P0 = P0; P1 = P1; P2 = P2; P3 = P3; P4 = P4; P5 = P5; M0 = sensor_msgs::msg::CompressedImage_<std::allocator<void> >; M1 = sensor_msgs::msg::Imu_<std::allocator<void> >; M2 = lgsvl_msgs::msg::Detection3DArray_<std::allocator<void> >; M3 = lgsvl_msgs::msg::SignalArray_<std::allocator<void> >; M4 = lgsvl_msgs::msg::CanBusData_<std::allocator<void> >; M5 = message_filters::NullType; M6 = message_filters::NullType; M7 = message_filters::NullType; M8 = message_filters::NullType][m[K’
[2.372s]   252 |   Connection [01;36m[KaddCallback[m[K(void(T::*callback)(P0, P1, P2, P3, P4, P5), T* t)
[2.372s]       |              [01;36m[K^~~~~~~~~~~[m[K
[2.372s] [01m[K/opt/ros/foxy/include/message_filters/signal9.h:252:14:[m[K [01;36m[Knote: [m[K  template argument deduction/substitution failed:
[2.373s] [01m[K/opt/ros/foxy/include/message_filters/signal9.h:280:267:[m[K [01;31m[Kerror: [m[Kwrong number of template arguments (9, should be 7)
[2.373s]   280 | ers::_4, std::placeholders::_5, std::placeholders::_6, std::placeholders::_7, std::placeholders::_8, std::placeholders::_9)[01;31m[K)[m[K;
[2.373s]       |                                                                                                                            [01;31m[K^[m[K
[2.373s] 
[2.373s] [01m[K/opt/ros/foxy/include/message_filters/signal9.h:258:14:[m[K [01;36m[Knote: [m[Kcandidate: ‘[01m[Ktemplate<class T, class P0, class P1, class P2, class P3, class P4, class P5, class P6> message_filters::Connection message_filters::Signal9<M0, M1, M2, M3, M4, M5, M6, M7, M8>::addCallback(void (T::*)(P0, P1, P2, P3, P4, P5, P6), T*) [with T = T; P0 = P0; P1 = P1; P2 = P2; P3 = P3; P4 = P4; P5 = P5; P6 = P6; M0 = sensor_msgs::msg::CompressedImage_<std::allocator<void> >; M1 = sensor_msgs::msg::Imu_<std::allocator<void> >; M2 = lgsvl_msgs::msg::Detection3DArray_<std::allocator<void> >; M3 = lgsvl_msgs::msg::SignalArray_<std::allocator<void> >; M4 = lgsvl_msgs::msg::CanBusData_<std::allocator<void> >; M5 = message_filters::NullType; M6 = message_filters::NullType; M7 = message_filters::NullType; M8 = message_filters::NullType][m[K’
[2.373s]   258 |   Connection [01;36m[KaddCallback[m[K(void(T::*callback)(P0, P1, P2, P3, P4, P5, P6), T* t)
[2.373s]       |              [01;36m[K^~~~~~~~~~~[m[K
[2.373s] [01m[K/opt/ros/foxy/include/message_filters/signal9.h:258:14:[m[K [01;36m[Knote: [m[K  template argument deduction/substitution failed:
[2.373s] [01m[K/opt/ros/foxy/include/message_filters/signal9.h:280:267:[m[K [01;31m[Kerror: [m[Kwrong number of template arguments (9, should be 8)
[2.373s]   280 | ers::_4, std::placeholders::_5, std::placeholders::_6, std::placeholders::_7, std::placeholders::_8, std::placeholders::_9)[01;31m[K)[m[K;
[2.373s]       |                                                                                                                            [01;31m[K^[m[K
[2.374s] 
[2.374s] [01m[K/opt/ros/foxy/include/message_filters/signal9.h:264:14:[m[K [01;36m[Knote: [m[Kcandidate: ‘[01m[Ktemplate<class T, class P0, class P1, class P2, class P3, class P4, class P5, class P6, class P7> message_filters::Connection message_filters::Signal9<M0, M1, M2, M3, M4, M5, M6, M7, M8>::addCallback(void (T::*)(P0, P1, P2, P3, P4, P5, P6, P7), T*) [with T = T; P0 = P0; P1 = P1; P2 = P2; P3 = P3; P4 = P4; P5 = P5; P6 = P6; P7 = P7; M0 = sensor_msgs::msg::CompressedImage_<std::allocator<void> >; M1 = sensor_msgs::msg::Imu_<std::allocator<void> >; M2 = lgsvl_msgs::msg::Detection3DArray_<std::allocator<void> >; M3 = lgsvl_msgs::msg::SignalArray_<std::allocator<void> >; M4 = lgsvl_msgs::msg::CanBusData_<std::allocator<void> >; M5 = message_filters::NullType; M6 = message_filters::NullType; M7 = message_filters::NullType; M8 = message_filters::NullType][m[K’
[2.374s]   264 |   Connection [01;36m[KaddCallback[m[K(void(T::*callback)(P0, P1, P2, P3, P4, P5, P6, P7), T* t)
[2.374s]       |              [01;36m[K^~~~~~~~~~~[m[K
[2.374s] [01m[K/opt/ros/foxy/include/message_filters/signal9.h:264:14:[m[K [01;36m[Knote: [m[K  template argument deduction/substitution failed:
[2.374s] /opt/ros/foxy/include/message_filters/signal9.h: In substitution of ‘[01m[Ktemplate<class T, class P0, class P1, class P2, class P3, class P4, class P5, class P6, class P7> message_filters::Connection message_filters::Signal9<sensor_msgs::msg::CompressedImage_<std::allocator<void> >, sensor_msgs::msg::Imu_<std::allocator<void> >, lgsvl_msgs::msg::Detection3DArray_<std::allocator<void> >, lgsvl_msgs::msg::SignalArray_<std::allocator<void> >, lgsvl_msgs::msg::CanBusData_<std::allocator<void> >, message_filters::NullType, message_filters::NullType, message_filters::NullType, message_filters::NullType>::addCallback<T, P0, P1, P2, P3, P4, P5, P6, P7>(void (T::*)(P0, P1, P2, P3, P4, P5, P6, P7), T*) [with T = const std::shared_ptr<const sensor_msgs::msg::CompressedImage_<std::allocator<void> > >&; P0 = const std::shared_ptr<const sensor_msgs::msg::Imu_<std::allocator<void> > >&; P1 = const std::shared_ptr<const lgsvl_msgs::msg::Detection3DArray_<std::allocator<void> > >&; P2 = const std::shared_ptr<const lgsvl_msgs::msg::SignalArray_<std::allocator<void> > >&; P3 = const std::shared_ptr<const lgsvl_msgs::msg::CanBusData_<std::allocator<void> > >&; P4 = const std::shared_ptr<const message_filters::NullType>&; P5 = const std::shared_ptr<const message_filters::NullType>&; P6 = const std::shared_ptr<const message_filters::NullType>&; P7 = const std::shared_ptr<const message_filters::NullType>&][m[K’:
[2.374s] [01m[K/opt/ros/foxy/include/message_filters/signal9.h:280:267:[m[K   required from ‘[01m[Kmessage_filters::Connection message_filters::Signal9<M0, M1, M2, M3, M4, M5, M6, M7, M8>::addCallback(C&) [with C = const boost::_bi::bind_t<boost::_bi::unspecified, void (msgSubPub::*)(const std::shared_ptr<const sensor_msgs::msg::CompressedImage_<std::allocator<void> > >&, const std::shared_ptr<const sensor_msgs::msg::Imu_<std::allocator<void> > >&, const std::shared_ptr<const lgsvl_msgs::msg::Detection3DArray_<std::allocator<void> > >&, const std::shared_ptr<const lgsvl_msgs::msg::SignalArray_<std::allocator<void> > >&, const std::shared_ptr<const lgsvl_msgs::msg::CanBusData_<std::allocator<void> > >&), boost::_bi::list5<boost::_bi::value<msgSubPub*>, boost::arg<1>, boost::arg<2>, boost::arg<3>, boost::arg<4> > >; M0 = sensor_msgs::msg::CompressedImage_<std::allocator<void> >; M1 = sensor_msgs::msg::Imu_<std::allocator<void> >; M2 = lgsvl_msgs::msg::Detection3DArray_<std::allocator<void> >; M3 = lgsvl_msgs::msg::SignalArray_<std::allocator<void> >; M4 = lgsvl_msgs::msg::CanBusData_<std::allocator<void> >; M5 = message_filters::NullType; M6 = message_filters::NullType; M7 = message_filters::NullType; M8 = message_filters::NullType][m[K’
[2.374s] [01m[K/opt/ros/foxy/include/message_filters/synchronizer.h:298:40:[m[K   required from ‘[01m[Kmessage_filters::Connection message_filters::Synchronizer<Policy>::registerCallback(const C&) [with C = boost::_bi::bind_t<boost::_bi::unspecified, void (msgSubPub::*)(const std::shared_ptr<const sensor_msgs::msg::CompressedImage_<std::allocator<void> > >&, const std::shared_ptr<const sensor_msgs::msg::Imu_<std::allocator<void> > >&, const std::shared_ptr<const lgsvl_msgs::msg::Detection3DArray_<std::allocator<void> > >&, const std::shared_ptr<const lgsvl_msgs::msg::SignalArray_<std::allocator<void> > >&, const std::shared_ptr<const lgsvl_msgs::msg::CanBusData_<std::allocator<void> > >&), boost::_bi::list5<boost::_bi::value<msgSubPub*>, boost::arg<1>, boost::arg<2>, boost::arg<3>, boost::arg<4> > >; Policy = message_filters::sync_policies::ApproximateTime<sensor_msgs::msg::CompressedImage_<std::allocator<void> >, sensor_msgs::msg::Imu_<std::allocator<void> >, lgsvl_msgs::msg::Detection3DArray_<std::allocator<void> >, lgsvl_msgs::msg::SignalArray_<std::allocator<void> >, lgsvl_msgs::msg::CanBusData_<std::allocator<void> > >][m[K’
[2.375s] [01m[K/home/cl4y3r/VDS/autodriving/src/msg_subpub.cpp:75:96:[m[K   required from here
[2.375s] [01m[K/opt/ros/foxy/include/message_filters/signal9.h:264:14:[m[K [01;31m[Kerror: [m[Kforming pointer to reference type ‘[01m[Kconst std::shared_ptr<const sensor_msgs::msg::CompressedImage_<std::allocator<void> > >&[m[K’
[2.375s] /opt/ros/foxy/include/message_filters/signal9.h: In instantiation of ‘[01m[Kmessage_filters::Connection message_filters::Signal9<M0, M1, M2, M3, M4, M5, M6, M7, M8>::addCallback(C&) [with C = const boost::_bi::bind_t<boost::_bi::unspecified, void (msgSubPub::*)(const std::shared_ptr<const sensor_msgs::msg::CompressedImage_<std::allocator<void> > >&, const std::shared_ptr<const sensor_msgs::msg::Imu_<std::allocator<void> > >&, const std::shared_ptr<const lgsvl_msgs::msg::Detection3DArray_<std::allocator<void> > >&, const std::shared_ptr<const lgsvl_msgs::msg::SignalArray_<std::allocator<void> > >&, const std::shared_ptr<const lgsvl_msgs::msg::CanBusData_<std::allocator<void> > >&), boost::_bi::list5<boost::_bi::value<msgSubPub*>, boost::arg<1>, boost::arg<2>, boost::arg<3>, boost::arg<4> > >; M0 = sensor_msgs::msg::CompressedImage_<std::allocator<void> >; M1 = sensor_msgs::msg::Imu_<std::allocator<void> >; M2 = lgsvl_msgs::msg::Detection3DArray_<std::allocator<void> >; M3 = lgsvl_msgs::msg::SignalArray_<std::allocator<void> >; M4 = lgsvl_msgs::msg::CanBusData_<std::allocator<void> >; M5 = message_filters::NullType; M6 = message_filters::NullType; M7 = message_filters::NullType; M8 = message_filters::NullType][m[K’:
[2.375s] [01m[K/opt/ros/foxy/include/message_filters/synchronizer.h:298:40:[m[K   required from ‘[01m[Kmessage_filters::Connection message_filters::Synchronizer<Policy>::registerCallback(const C&) [with C = boost::_bi::bind_t<boost::_bi::unspecified, void (msgSubPub::*)(const std::shared_ptr<const sensor_msgs::msg::CompressedImage_<std::allocator<void> > >&, const std::shared_ptr<const sensor_msgs::msg::Imu_<std::allocator<void> > >&, const std::shared_ptr<const lgsvl_msgs::msg::Detection3DArray_<std::allocator<void> > >&, const std::shared_ptr<const lgsvl_msgs::msg::SignalArray_<std::allocator<void> > >&, const std::shared_ptr<const lgsvl_msgs::msg::CanBusData_<std::allocator<void> > >&), boost::_bi::list5<boost::_bi::value<msgSubPub*>, boost::arg<1>, boost::arg<2>, boost::arg<3>, boost::arg<4> > >; Policy = message_filters::sync_policies::ApproximateTime<sensor_msgs::msg::CompressedImage_<std::allocator<void> >, sensor_msgs::msg::Imu_<std::allocator<void> >, lgsvl_msgs::msg::Detection3DArray_<std::allocator<void> >, lgsvl_msgs::msg::SignalArray_<std::allocator<void> >, lgsvl_msgs::msg::CanBusData_<std::allocator<void> > >][m[K’
[2.375s] [01m[K/home/cl4y3r/VDS/autodriving/src/msg_subpub.cpp:75:96:[m[K   required from here
[2.375s] [01m[K/opt/ros/foxy/include/message_filters/signal9.h:270:14:[m[K [01;36m[Knote: [m[Kcandidate: ‘[01m[Ktemplate<class C> message_filters::Connection message_filters::Signal9<M0, M1, M2, M3, M4, M5, M6, M7, M8>::addCallback(C&) [with C = C; M0 = sensor_msgs::msg::CompressedImage_<std::allocator<void> >; M1 = sensor_msgs::msg::Imu_<std::allocator<void> >; M2 = lgsvl_msgs::msg::Detection3DArray_<std::allocator<void> >; M3 = lgsvl_msgs::msg::SignalArray_<std::allocator<void> >; M4 = lgsvl_msgs::msg::CanBusData_<std::allocator<void> >; M5 = message_filters::NullType; M6 = message_filters::NullType; M7 = message_filters::NullType; M8 = message_filters::NullType][m[K’
[2.375s]   270 |   Connection [01;36m[KaddCallback[m[K( C& callback)
[2.375s]       |              [01;36m[K^~~~~~~~~~~[m[K
[2.375s] [01m[K/opt/ros/foxy/include/message_filters/signal9.h:270:14:[m[K [01;36m[Knote: [m[K  template argument deduction/substitution failed:
[2.375s] [01m[K/opt/ros/foxy/include/message_filters/signal9.h:280:267:[m[K [01;31m[Kerror: [m[Kwrong number of template arguments (9, should be 1)
[2.376s]   280 | ers::_4, std::placeholders::_5, std::placeholders::_6, std::placeholders::_7, std::placeholders::_8, std::placeholders::_9)[01;31m[K)[m[K;
[2.376s]       |                                                                                                                            [01;31m[K^[m[K
[2.376s] 
[5.943s] In file included from [01m[K/opt/ros/foxy/include/message_filters/simple_filter.h:43[m[K,
[5.943s]                  from [01m[K/opt/ros/foxy/include/message_filters/subscriber.h:41[m[K,
[5.944s]                  from [01m[K/home/cl4y3r/VDS/autodriving/src/msg_subpub.cpp:5[m[K:
[5.945s] /opt/ros/foxy/include/message_filters/signal1.h: In instantiation of ‘[01m[Kvoid message_filters::CallbackHelper1T<P, M>::call(const message_filters::MessageEvent<const M>&, bool) [with P = const message_filters::MessageEvent<const lgsvl_msgs::msg::SignalArray_<std::allocator<void> > >&; M = lgsvl_msgs::msg::CanBusData_<std::allocator<void> >][m[K’:
[5.945s] [01m[K/opt/ros/foxy/include/message_filters/signal1.h:71:16:[m[K   required from here
[5.945s] [01m[K/opt/ros/foxy/include/message_filters/signal1.h:73:11:[m[K [01;31m[Kerror: [m[Kno matching function for call to ‘[01m[Kmessage_filters::MessageEvent<const lgsvl_msgs::msg::SignalArray_<std::allocator<void> > >::MessageEvent(const message_filters::MessageEvent<const lgsvl_msgs::msg::CanBusData_<std::allocator<void> > >&, bool)[m[K’
[5.945s]    73 |     Event [01;31m[Kmy_event[m[K(event, nonconst_force_copy || event.nonConstWillCopy());
[5.945s]       |           [01;31m[K^~~~~~~~[m[K
[5.945s] In file included from [01m[K/opt/ros/foxy/include/message_filters/signal1.h:42[m[K,
[5.945s]                  from [01m[K/opt/ros/foxy/include/message_filters/simple_filter.h:43[m[K,
[5.945s]                  from [01m[K/opt/ros/foxy/include/message_filters/subscriber.h:41[m[K,
[5.945s]                  from [01m[K/home/cl4y3r/VDS/autodriving/src/msg_subpub.cpp:5[m[K:
[5.945s] [01m[K/opt/ros/foxy/include/message_filters/message_event.h:128:3:[m[K [01;36m[Knote: [m[Kcandidate: ‘[01m[Kmessage_filters::MessageEvent<M>::MessageEvent(const ConstMessagePtr&, rclcpp::Time, bool, const CreateFunction&) [with M = const lgsvl_msgs::msg::SignalArray_<std::allocator<void> >; message_filters::MessageEvent<M>::ConstMessagePtr = std::shared_ptr<const lgsvl_msgs::msg::SignalArray_<std::allocator<void> > >; typename std::add_const<M>::type = const lgsvl_msgs::msg::SignalArray_<std::allocator<void> >; message_filters::MessageEvent<M>::CreateFunction = std::function<std::shared_ptr<lgsvl_msgs::msg::SignalArray_<std::allocator<void> > >()>; typename std::remove_const<_Tp>::type = lgsvl_msgs::msg::SignalArray_<std::allocator<void> >][m[K’
[5.946s]   128 |   [01;36m[KMessageEvent[m[K(const ConstMessagePtr& message, rclcpp::Time receipt_time, bool nonconst_need_copy, const CreateFunction& create)
[5.946s]       |   [01;36m[K^~~~~~~~~~~~[m[K
[5.946s] [01m[K/opt/ros/foxy/include/message_filters/message_event.h:128:3:[m[K [01;36m[Knote: [m[K  candidate expects 4 arguments, 2 provided
[5.946s] [01m[K/opt/ros/foxy/include/message_filters/message_event.h:123:3:[m[K [01;36m[Knote: [m[Kcandidate: ‘[01m[Kmessage_filters::MessageEvent<M>::MessageEvent(const ConstMessagePtr&, rclcpp::Time) [with M = const lgsvl_msgs::msg::SignalArray_<std::allocator<void> >; message_filters::MessageEvent<M>::ConstMessagePtr = std::shared_ptr<const lgsvl_msgs::msg::SignalArray_<std::allocator<void> > >; typename std::add_const<M>::type = const lgsvl_msgs::msg::SignalArray_<std::allocator<void> >][m[K’
[5.946s]   123 |   [01;36m[KMessageEvent[m[K(const ConstMessagePtr& message, rclcpp::Time receipt_time)
[5.946s]       |   [01;36m[K^~~~~~~~~~~~[m[K
[5.946s] [01m[K/opt/ros/foxy/include/message_filters/message_event.h:123:39:[m[K [01;36m[Knote: [m[K  no known conversion for argument 1 from ‘[01m[Kconst message_filters::MessageEvent<const lgsvl_msgs::msg::CanBusData_<std::allocator<void> > >[m[K’ to ‘[01m[Kconst ConstMessagePtr&[m[K’ {aka ‘[01m[Kconst std::shared_ptr<const lgsvl_msgs::msg::SignalArray_<std::allocator<void> > >&[m[K’}
[5.946s]   123 |   MessageEvent([01;36m[Kconst ConstMessagePtr& message[m[K, rclcpp::Time receipt_time)
[5.946s]       |                [01;36m[K~~~~~~~~~~~~~~~~~~~~~~~^~~~~~~[m[K
[5.947s] [01m[K/opt/ros/foxy/include/message_filters/message_event.h:118:3:[m[K [01;36m[Knote: [m[Kcandidate: ‘[01m[Kmessage_filters::MessageEvent<M>::MessageEvent(const ConstMessagePtr&) [with M = const lgsvl_msgs::msg::SignalArray_<std::allocator<void> >; message_filters::MessageEvent<M>::ConstMessagePtr = std::shared_ptr<const lgsvl_msgs::msg::SignalArray_<std::allocator<void> > >; typename std::add_const<M>::type = const lgsvl_msgs::msg::SignalArray_<std::allocator<void> >][m[K’
[5.947s]   118 |   [01;36m[KMessageEvent[m[K(const ConstMessagePtr& message)
[5.947s]       |   [01;36m[K^~~~~~~~~~~~[m[K
[5.947s] [01m[K/opt/ros/foxy/include/message_filters/message_event.h:118:3:[m[K [01;36m[Knote: [m[K  candidate expects 1 argument, 2 provided
[5.947s] [01m[K/opt/ros/foxy/include/message_filters/message_event.h:110:3:[m[K [01;36m[Knote: [m[Kcandidate: ‘[01m[Kmessage_filters::MessageEvent<M>::MessageEvent(const message_filters::MessageEvent<const void>&, const CreateFunction&) [with M = const lgsvl_msgs::msg::SignalArray_<std::allocator<void> >; message_filters::MessageEvent<M>::CreateFunction = std::function<std::shared_ptr<lgsvl_msgs::msg::SignalArray_<std::allocator<void> > >()>; typename std::remove_const<_Tp>::type = lgsvl_msgs::msg::SignalArray_<std::allocator<void> >][m[K’
[5.947s]   110 |   [01;36m[KMessageEvent[m[K(const MessageEvent<void const>& rhs, const CreateFunction& create)
[5.947s]       |   [01;36m[K^~~~~~~~~~~~[m[K
[5.947s] [01m[K/opt/ros/foxy/include/message_filters/message_event.h:110:48:[m[K [01;36m[Knote: [m[K  no known conversion for argument 1 from ‘[01m[Kconst message_filters::MessageEvent<const lgsvl_msgs::msg::CanBusData_<std::allocator<void> > >[m[K’ to ‘[01m[Kconst message_filters::MessageEvent<const void>&[m[K’
[5.947s]   110 |   MessageEvent([01;36m[Kconst MessageEvent<void const>& rhs[m[K, const CreateFunction& create)
[5.948s]       |                [01;36m[K~~~~~~~~~~~~~~~~~~~~~~~~~~~~~~~~^~~[m[K
[5.948s] [01m[K/opt/ros/foxy/include/message_filters/message_event.h:104:3:[m[K [01;36m[Knote: [m[Kcandidate: ‘[01m[Kmessage_filters::MessageEvent<M>::MessageEvent(const message_filters::MessageEvent<typename std::add_const<M>::type>&, bool) [with M = const lgsvl_msgs::msg::SignalArray_<std::allocator<void> >; typename std::add_const<M>::type = const lgsvl_msgs::msg::SignalArray_<std::allocator<void> >][m[K’
[5.948s]   104 |   [01;36m[KMessageEvent[m[K(const MessageEvent<ConstMessage>& rhs, bool nonconst_need_copy)
[5.948s]       |   [01;36m[K^~~~~~~~~~~~[m[K
[5.948s] [01m[K/opt/ros/foxy/include/message_filters/message_event.h:104:50:[m[K [01;36m[Knote: [m[K  no known conversion for argument 1 from ‘[01m[Kconst message_filters::MessageEvent<const lgsvl_msgs::msg::CanBusData_<std::allocator<void> > >[m[K’ to ‘[01m[Kconst message_filters::MessageEvent<const lgsvl_msgs::msg::SignalArray_<std::allocator<void> > >&[m[K’
[5.948s]   104 |   MessageEvent([01;36m[Kconst MessageEvent<ConstMessage>& rhs[m[K, bool nonconst_need_copy)
[5.948s]       |                [01;36m[K~~~~~~~~~~~~~~~~~~~~~~~~~~~~~~~~~~^~~[m[K
[5.948s] [01m[K/opt/ros/foxy/include/message_filters/message_event.h:98:3:[m[K [01;36m[Knote: [m[Kcandidate: ‘[01m[Kmessage_filters::MessageEvent<M>::MessageEvent(const message_filters::MessageEvent<typename std::remove_const<_Tp>::type>&, bool) [with M = const lgsvl_msgs::msg::SignalArray_<std::allocator<void> >; typename std::remove_const<_Tp>::type = lgsvl_msgs::msg::SignalArray_<std::allocator<void> >][m[K’
[5.948s]    98 |   [01;36m[KMessageEvent[m[K(const MessageEvent<Message>& rhs, bool nonconst_need_copy)
[5.948s]       |   [01;36m[K^~~~~~~~~~~~[m[K
[5.948s] [01m[K/opt/ros/foxy/include/message_filters/message_event.h:98:45:[m[K [01;36m[Knote: [m[K  no known conversion for argument 1 from ‘[01m[Kconst message_filters::MessageEvent<const lgsvl_msgs::msg::CanBusData_<std::allocator<void> > >[m[K’ to ‘[01m[Kconst message_filters::MessageEvent<lgsvl_msgs::msg::SignalArray_<std::allocator<void> > >&[m[K’
[5.948s]    98 |   MessageEvent([01;36m[Kconst MessageEvent<Message>& rhs[m[K, bool nonconst_need_copy)
[5.949s]       |                [01;36m[K~~~~~~~~~~~~~~~~~~~~~~~~~~~~~^~~[m[K
[5.949s] [01m[K/opt/ros/foxy/include/message_filters/message_event.h:93:3:[m[K [01;36m[Knote: [m[Kcandidate: ‘[01m[Kmessage_filters::MessageEvent<M>::MessageEvent(const message_filters::MessageEvent<typename std::add_const<M>::type>&) [with M = const lgsvl_msgs::msg::SignalArray_<std::allocator<void> >; typename std::add_const<M>::type = const lgsvl_msgs::msg::SignalArray_<std::allocator<void> >][m[K’
[5.949s]    93 |   [01;36m[KMessageEvent[m[K(const MessageEvent<ConstMessage>& rhs)
[5.949s]       |   [01;36m[K^~~~~~~~~~~~[m[K
[5.949s] [01m[K/opt/ros/foxy/include/message_filters/message_event.h:93:3:[m[K [01;36m[Knote: [m[K  candidate expects 1 argument, 2 provided
[5.949s] [01m[K/opt/ros/foxy/include/message_filters/message_event.h:88:3:[m[K [01;36m[Knote: [m[Kcandidate: ‘[01m[Kmessage_filters::MessageEvent<M>::MessageEvent(const message_filters::MessageEvent<typename std::remove_const<_Tp>::type>&) [with M = const lgsvl_msgs::msg::SignalArray_<std::allocator<void> >; typename std::remove_const<_Tp>::type = lgsvl_msgs::msg::SignalArray_<std::allocator<void> >][m[K’
[5.949s]    88 |   [01;36m[KMessageEvent[m[K(const MessageEvent<Message>& rhs)
[5.949s]       |   [01;36m[K^~~~~~~~~~~~[m[K
[5.949s] [01m[K/opt/ros/foxy/include/message_filters/message_event.h:88:3:[m[K [01;36m[Knote: [m[K  candidate expects 1 argument, 2 provided
[5.949s] [01m[K/opt/ros/foxy/include/message_filters/message_event.h:84:3:[m[K [01;36m[Knote: [m[Kcandidate: ‘[01m[Kmessage_filters::MessageEvent<M>::MessageEvent() [with M = const lgsvl_msgs::msg::SignalArray_<std::allocator<void> >][m[K’
[5.949s]    84 |   [01;36m[KMessageEvent[m[K()
[5.949s]       |   [01;36m[K^~~~~~~~~~~~[m[K
[5.949s] [01m[K/opt/ros/foxy/include/message_filters/message_event.h:84:3:[m[K [01;36m[Knote: [m[K  candidate expects 0 arguments, 2 provided
[5.949s] In file included from [01m[K/opt/ros/foxy/include/message_filters/simple_filter.h:43[m[K,
[5.950s]                  from [01m[K/opt/ros/foxy/include/message_filters/subscriber.h:41[m[K,
[5.950s]                  from [01m[K/home/cl4y3r/VDS/autodriving/src/msg_subpub.cpp:5[m[K:
[5.950s] /opt/ros/foxy/include/message_filters/signal1.h: In instantiation of ‘[01m[Kvoid message_filters::CallbackHelper1T<P, M>::call(const message_filters::MessageEvent<const M>&, bool) [with P = const message_filters::MessageEvent<const lgsvl_msgs::msg::Detection3DArray_<std::allocator<void> > >&; M = lgsvl_msgs::msg::SignalArray_<std::allocator<void> >][m[K’:
[5.950s] [01m[K/opt/ros/foxy/include/message_filters/signal1.h:71:16:[m[K   required from here
[5.950s] [01m[K/opt/ros/foxy/include/message_filters/signal1.h:73:11:[m[K [01;31m[Kerror: [m[Kno matching function for call to ‘[01m[Kmessage_filters::MessageEvent<const lgsvl_msgs::msg::Detection3DArray_<std::allocator<void> > >::MessageEvent(const message_filters::MessageEvent<const lgsvl_msgs::msg::SignalArray_<std::allocator<void> > >&, bool)[m[K’
[5.950s]    73 |     Event [01;31m[Kmy_event[m[K(event, nonconst_force_copy || event.nonConstWillCopy());
[5.950s]       |           [01;31m[K^~~~~~~~[m[K
[5.950s] In file included from [01m[K/opt/ros/foxy/include/message_filters/signal1.h:42[m[K,
[5.950s]                  from [01m[K/opt/ros/foxy/include/message_filters/simple_filter.h:43[m[K,
[5.951s]                  from [01m[K/opt/ros/foxy/include/message_filters/subscriber.h:41[m[K,
[5.951s]                  from [01m[K/home/cl4y3r/VDS/autodriving/src/msg_subpub.cpp:5[m[K:
[5.951s] [01m[K/opt/ros/foxy/include/message_filters/message_event.h:128:3:[m[K [01;36m[Knote: [m[Kcandidate: ‘[01m[Kmessage_filters::MessageEvent<M>::MessageEvent(const ConstMessagePtr&, rclcpp::Time, bool, const CreateFunction&) [with M = const lgsvl_msgs::msg::Detection3DArray_<std::allocator<void> >; message_filters::MessageEvent<M>::ConstMessagePtr = std::shared_ptr<const lgsvl_msgs::msg::Detection3DArray_<std::allocator<void> > >; typename std::add_const<M>::type = const lgsvl_msgs::msg::Detection3DArray_<std::allocator<void> >; message_filters::MessageEvent<M>::CreateFunction = std::function<std::shared_ptr<lgsvl_msgs::msg::Detection3DArray_<std::allocator<void> > >()>; typename std::remove_const<_Tp>::type = lgsvl_msgs::msg::Detection3DArray_<std::allocator<void> >][m[K’
[5.951s]   128 |   [01;36m[KMessageEvent[m[K(const ConstMessagePtr& message, rclcpp::Time receipt_time, bool nonconst_need_copy, const CreateFunction& create)
[5.951s]       |   [01;36m[K^~~~~~~~~~~~[m[K
[5.951s] [01m[K/opt/ros/foxy/include/message_filters/message_event.h:128:3:[m[K [01;36m[Knote: [m[K  candidate expects 4 arguments, 2 provided
[5.951s] [01m[K/opt/ros/foxy/include/message_filters/message_event.h:123:3:[m[K [01;36m[Knote: [m[Kcandidate: ‘[01m[Kmessage_filters::MessageEvent<M>::MessageEvent(const ConstMessagePtr&, rclcpp::Time) [with M = const lgsvl_msgs::msg::Detection3DArray_<std::allocator<void> >; message_filters::MessageEvent<M>::ConstMessagePtr = std::shared_ptr<const lgsvl_msgs::msg::Detection3DArray_<std::allocator<void> > >; typename std::add_const<M>::type = const lgsvl_msgs::msg::Detection3DArray_<std::allocator<void> >][m[K’
[5.951s]   123 |   [01;36m[KMessageEvent[m[K(const ConstMessagePtr& message, rclcpp::Time receipt_time)
[5.951s]       |   [01;36m[K^~~~~~~~~~~~[m[K
[5.952s] [01m[K/opt/ros/foxy/include/message_filters/message_event.h:123:39:[m[K [01;36m[Knote: [m[K  no known conversion for argument 1 from ‘[01m[Kconst message_filters::MessageEvent<const lgsvl_msgs::msg::SignalArray_<std::allocator<void> > >[m[K’ to ‘[01m[Kconst ConstMessagePtr&[m[K’ {aka ‘[01m[Kconst std::shared_ptr<const lgsvl_msgs::msg::Detection3DArray_<std::allocator<void> > >&[m[K’}
[5.952s]   123 |   MessageEvent([01;36m[Kconst ConstMessagePtr& message[m[K, rclcpp::Time receipt_time)
[5.952s]       |                [01;36m[K~~~~~~~~~~~~~~~~~~~~~~~^~~~~~~[m[K
[5.952s] [01m[K/opt/ros/foxy/include/message_filters/message_event.h:118:3:[m[K [01;36m[Knote: [m[Kcandidate: ‘[01m[Kmessage_filters::MessageEvent<M>::MessageEvent(const ConstMessagePtr&) [with M = const lgsvl_msgs::msg::Detection3DArray_<std::allocator<void> >; message_filters::MessageEvent<M>::ConstMessagePtr = std::shared_ptr<const lgsvl_msgs::msg::Detection3DArray_<std::allocator<void> > >; typename std::add_const<M>::type = const lgsvl_msgs::msg::Detection3DArray_<std::allocator<void> >][m[K’
[5.952s]   118 |   [01;36m[KMessageEvent[m[K(const ConstMessagePtr& message)
[5.952s]       |   [01;36m[K^~~~~~~~~~~~[m[K
[5.952s] [01m[K/opt/ros/foxy/include/message_filters/message_event.h:118:3:[m[K [01;36m[Knote: [m[K  candidate expects 1 argument, 2 provided
[5.952s] [01m[K/opt/ros/foxy/include/message_filters/message_event.h:110:3:[m[K [01;36m[Knote: [m[Kcandidate: ‘[01m[Kmessage_filters::MessageEvent<M>::MessageEvent(const message_filters::MessageEvent<const void>&, const CreateFunction&) [with M = const lgsvl_msgs::msg::Detection3DArray_<std::allocator<void> >; message_filters::MessageEvent<M>::CreateFunction = std::function<std::shared_ptr<lgsvl_msgs::msg::Detection3DArray_<std::allocator<void> > >()>; typename std::remove_const<_Tp>::type = lgsvl_msgs::msg::Detection3DArray_<std::allocator<void> >][m[K’
[5.952s]   110 |   [01;36m[KMessageEvent[m[K(const MessageEvent<void const>& rhs, const CreateFunction& create)
[5.953s]       |   [01;36m[K^~~~~~~~~~~~[m[K
[5.953s] [01m[K/opt/ros/foxy/include/message_filters/message_event.h:110:48:[m[K [01;36m[Knote: [m[K  no known conversion for argument 1 from ‘[01m[Kconst message_filters::MessageEvent<const lgsvl_msgs::msg::SignalArray_<std::allocator<void> > >[m[K’ to ‘[01m[Kconst message_filters::MessageEvent<const void>&[m[K’
[5.953s]   110 |   MessageEvent([01;36m[Kconst MessageEvent<void const>& rhs[m[K, const CreateFunction& create)
[5.953s]       |                [01;36m[K~~~~~~~~~~~~~~~~~~~~~~~~~~~~~~~~^~~[m[K
[5.953s] [01m[K/opt/ros/foxy/include/message_filters/message_event.h:104:3:[m[K [01;36m[Knote: [m[Kcandidate: ‘[01m[Kmessage_filters::MessageEvent<M>::MessageEvent(const message_filters::MessageEvent<typename std::add_const<M>::type>&, bool) [with M = const lgsvl_msgs::msg::Detection3DArray_<std::allocator<void> >; typename std::add_const<M>::type = const lgsvl_msgs::msg::Detection3DArray_<std::allocator<void> >][m[K’
[5.953s]   104 |   [01;36m[KMessageEvent[m[K(const MessageEvent<ConstMessage>& rhs, bool nonconst_need_copy)
[5.953s]       |   [01;36m[K^~~~~~~~~~~~[m[K
[5.953s] [01m[K/opt/ros/foxy/include/message_filters/message_event.h:104:50:[m[K [01;36m[Knote: [m[K  no known conversion for argument 1 from ‘[01m[Kconst message_filters::MessageEvent<const lgsvl_msgs::msg::SignalArray_<std::allocator<void> > >[m[K’ to ‘[01m[Kconst message_filters::MessageEvent<const lgsvl_msgs::msg::Detection3DArray_<std::allocator<void> > >&[m[K’
[5.953s]   104 |   MessageEvent([01;36m[Kconst MessageEvent<ConstMessage>& rhs[m[K, bool nonconst_need_copy)
[5.953s]       |                [01;36m[K~~~~~~~~~~~~~~~~~~~~~~~~~~~~~~~~~~^~~[m[K
[5.953s] [01m[K/opt/ros/foxy/include/message_filters/message_event.h:98:3:[m[K [01;36m[Knote: [m[Kcandidate: ‘[01m[Kmessage_filters::MessageEvent<M>::MessageEvent(const message_filters::MessageEvent<typename std::remove_const<_Tp>::type>&, bool) [with M = const lgsvl_msgs::msg::Detection3DArray_<std::allocator<void> >; typename std::remove_const<_Tp>::type = lgsvl_msgs::msg::Detection3DArray_<std::allocator<void> >][m[K’
[5.954s]    98 |   [01;36m[KMessageEvent[m[K(const MessageEvent<Message>& rhs, bool nonconst_need_copy)
[5.954s]       |   [01;36m[K^~~~~~~~~~~~[m[K
[5.954s] [01m[K/opt/ros/foxy/include/message_filters/message_event.h:98:45:[m[K [01;36m[Knote: [m[K  no known conversion for argument 1 from ‘[01m[Kconst message_filters::MessageEvent<const lgsvl_msgs::msg::SignalArray_<std::allocator<void> > >[m[K’ to ‘[01m[Kconst message_filters::MessageEvent<lgsvl_msgs::msg::Detection3DArray_<std::allocator<void> > >&[m[K’
[5.954s]    98 |   MessageEvent([01;36m[Kconst MessageEvent<Message>& rhs[m[K, bool nonconst_need_copy)
[5.954s]       |                [01;36m[K~~~~~~~~~~~~~~~~~~~~~~~~~~~~~^~~[m[K
[5.954s] [01m[K/opt/ros/foxy/include/message_filters/message_event.h:93:3:[m[K [01;36m[Knote: [m[Kcandidate: ‘[01m[Kmessage_filters::MessageEvent<M>::MessageEvent(const message_filters::MessageEvent<typename std::add_const<M>::type>&) [with M = const lgsvl_msgs::msg::Detection3DArray_<std::allocator<void> >; typename std::add_const<M>::type = const lgsvl_msgs::msg::Detection3DArray_<std::allocator<void> >][m[K’
[5.954s]    93 |   [01;36m[KMessageEvent[m[K(const MessageEvent<ConstMessage>& rhs)
[5.955s]       |   [01;36m[K^~~~~~~~~~~~[m[K
[5.955s] [01m[K/opt/ros/foxy/include/message_filters/message_event.h:93:3:[m[K [01;36m[Knote: [m[K  candidate expects 1 argument, 2 provided
[5.955s] [01m[K/opt/ros/foxy/include/message_filters/message_event.h:88:3:[m[K [01;36m[Knote: [m[Kcandidate: ‘[01m[Kmessage_filters::MessageEvent<M>::MessageEvent(const message_filters::MessageEvent<typename std::remove_const<_Tp>::type>&) [with M = const lgsvl_msgs::msg::Detection3DArray_<std::allocator<void> >; typename std::remove_const<_Tp>::type = lgsvl_msgs::msg::Detection3DArray_<std::allocator<void> >][m[K’
[5.955s]    88 |   [01;36m[KMessageEvent[m[K(const MessageEvent<Message>& rhs)
[5.955s]       |   [01;36m[K^~~~~~~~~~~~[m[K
[5.956s] [01m[K/opt/ros/foxy/include/message_filters/message_event.h:88:3:[m[K [01;36m[Knote: [m[K  candidate expects 1 argument, 2 provided
[5.956s] [01m[K/opt/ros/foxy/include/message_filters/message_event.h:84:3:[m[K [01;36m[Knote: [m[Kcandidate: ‘[01m[Kmessage_filters::MessageEvent<M>::MessageEvent() [with M = const lgsvl_msgs::msg::Detection3DArray_<std::allocator<void> >][m[K’
[5.956s]    84 |   [01;36m[KMessageEvent[m[K()
[5.956s]       |   [01;36m[K^~~~~~~~~~~~[m[K
[5.956s] [01m[K/opt/ros/foxy/include/message_filters/message_event.h:84:3:[m[K [01;36m[Knote: [m[K  candidate expects 0 arguments, 2 provided
[5.956s] In file included from [01m[K/opt/ros/foxy/include/message_filters/simple_filter.h:43[m[K,
[5.956s]                  from [01m[K/opt/ros/foxy/include/message_filters/subscriber.h:41[m[K,
[5.956s]                  from [01m[K/home/cl4y3r/VDS/autodriving/src/msg_subpub.cpp:5[m[K:
[5.956s] /opt/ros/foxy/include/message_filters/signal1.h: In instantiation of ‘[01m[Kvoid message_filters::CallbackHelper1T<P, M>::call(const message_filters::MessageEvent<const M>&, bool) [with P = const message_filters::MessageEvent<const sensor_msgs::msg::Imu_<std::allocator<void> > >&; M = lgsvl_msgs::msg::Detection3DArray_<std::allocator<void> >][m[K’:
[5.956s] [01m[K/opt/ros/foxy/include/message_filters/signal1.h:71:16:[m[K   required from here
[5.956s] [01m[K/opt/ros/foxy/include/message_filters/signal1.h:73:11:[m[K [01;31m[Kerror: [m[Kno matching function for call to ‘[01m[Kmessage_filters::MessageEvent<const sensor_msgs::msg::Imu_<std::allocator<void> > >::MessageEvent(const message_filters::MessageEvent<const lgsvl_msgs::msg::Detection3DArray_<std::allocator<void> > >&, bool)[m[K’
[5.957s]    73 |     Event [01;31m[Kmy_event[m[K(event, nonconst_force_copy || event.nonConstWillCopy());
[5.957s]       |           [01;31m[K^~~~~~~~[m[K
[5.957s] In file included from [01m[K/opt/ros/foxy/include/message_filters/signal1.h:42[m[K,
[5.957s]                  from [01m[K/opt/ros/foxy/include/message_filters/simple_filter.h:43[m[K,
[5.957s]                  from [01m[K/opt/ros/foxy/include/message_filters/subscriber.h:41[m[K,
[5.957s]                  from [01m[K/home/cl4y3r/VDS/autodriving/src/msg_subpub.cpp:5[m[K:
[5.957s] [01m[K/opt/ros/foxy/include/message_filters/message_event.h:128:3:[m[K [01;36m[Knote: [m[Kcandidate: ‘[01m[Kmessage_filters::MessageEvent<M>::MessageEvent(const ConstMessagePtr&, rclcpp::Time, bool, const CreateFunction&) [with M = const sensor_msgs::msg::Imu_<std::allocator<void> >; message_filters::MessageEvent<M>::ConstMessagePtr = std::shared_ptr<const sensor_msgs::msg::Imu_<std::allocator<void> > >; typename std::add_const<M>::type = const sensor_msgs::msg::Imu_<std::allocator<void> >; message_filters::MessageEvent<M>::CreateFunction = std::function<std::shared_ptr<sensor_msgs::msg::Imu_<std::allocator<void> > >()>; typename std::remove_const<_Tp>::type = sensor_msgs::msg::Imu_<std::allocator<void> >][m[K’
[5.957s]   128 |   [01;36m[KMessageEvent[m[K(const ConstMessagePtr& message, rclcpp::Time receipt_time, bool nonconst_need_copy, const CreateFunction& create)
[5.957s]       |   [01;36m[K^~~~~~~~~~~~[m[K
[5.957s] [01m[K/opt/ros/foxy/include/message_filters/message_event.h:128:3:[m[K [01;36m[Knote: [m[K  candidate expects 4 arguments, 2 provided
[5.957s] [01m[K/opt/ros/foxy/include/message_filters/message_event.h:123:3:[m[K [01;36m[Knote: [m[Kcandidate: ‘[01m[Kmessage_filters::MessageEvent<M>::MessageEvent(const ConstMessagePtr&, rclcpp::Time) [with M = const sensor_msgs::msg::Imu_<std::allocator<void> >; message_filters::MessageEvent<M>::ConstMessagePtr = std::shared_ptr<const sensor_msgs::msg::Imu_<std::allocator<void> > >; typename std::add_const<M>::type = const sensor_msgs::msg::Imu_<std::allocator<void> >][m[K’
[5.958s]   123 |   [01;36m[KMessageEvent[m[K(const ConstMessagePtr& message, rclcpp::Time receipt_time)
[5.958s]       |   [01;36m[K^~~~~~~~~~~~[m[K
[5.958s] [01m[K/opt/ros/foxy/include/message_filters/message_event.h:123:39:[m[K [01;36m[Knote: [m[K  no known conversion for argument 1 from ‘[01m[Kconst message_filters::MessageEvent<const lgsvl_msgs::msg::Detection3DArray_<std::allocator<void> > >[m[K’ to ‘[01m[Kconst ConstMessagePtr&[m[K’ {aka ‘[01m[Kconst std::shared_ptr<const sensor_msgs::msg::Imu_<std::allocator<void> > >&[m[K’}
[5.958s]   123 |   MessageEvent([01;36m[Kconst ConstMessagePtr& message[m[K, rclcpp::Time receipt_time)
[5.958s]       |                [01;36m[K~~~~~~~~~~~~~~~~~~~~~~~^~~~~~~[m[K
[5.958s] [01m[K/opt/ros/foxy/include/message_filters/message_event.h:118:3:[m[K [01;36m[Knote: [m[Kcandidate: ‘[01m[Kmessage_filters::MessageEvent<M>::MessageEvent(const ConstMessagePtr&) [with M = const sensor_msgs::msg::Imu_<std::allocator<void> >; message_filters::MessageEvent<M>::ConstMessagePtr = std::shared_ptr<const sensor_msgs::msg::Imu_<std::allocator<void> > >; typename std::add_const<M>::type = const sensor_msgs::msg::Imu_<std::allocator<void> >][m[K’
[5.958s]   118 |   [01;36m[KMessageEvent[m[K(const ConstMessagePtr& message)
[5.958s]       |   [01;36m[K^~~~~~~~~~~~[m[K
[5.958s] [01m[K/opt/ros/foxy/include/message_filters/message_event.h:118:3:[m[K [01;36m[Knote: [m[K  candidate expects 1 argument, 2 provided
[5.958s] [01m[K/opt/ros/foxy/include/message_filters/message_event.h:110:3:[m[K [01;36m[Knote: [m[Kcandidate: ‘[01m[Kmessage_filters::MessageEvent<M>::MessageEvent(const message_filters::MessageEvent<const void>&, const CreateFunction&) [with M = const sensor_msgs::msg::Imu_<std::allocator<void> >; message_filters::MessageEvent<M>::CreateFunction = std::function<std::shared_ptr<sensor_msgs::msg::Imu_<std::allocator<void> > >()>; typename std::remove_const<_Tp>::type = sensor_msgs::msg::Imu_<std::allocator<void> >][m[K’
[5.959s]   110 |   [01;36m[KMessageEvent[m[K(const MessageEvent<void const>& rhs, const CreateFunction& create)
[5.959s]       |   [01;36m[K^~~~~~~~~~~~[m[K
[5.959s] [01m[K/opt/ros/foxy/include/message_filters/message_event.h:110:48:[m[K [01;36m[Knote: [m[K  no known conversion for argument 1 from ‘[01m[Kconst message_filters::MessageEvent<const lgsvl_msgs::msg::Detection3DArray_<std::allocator<void> > >[m[K’ to ‘[01m[Kconst message_filters::MessageEvent<const void>&[m[K’
[5.959s]   110 |   MessageEvent([01;36m[Kconst MessageEvent<void const>& rhs[m[K, const CreateFunction& create)
[5.959s]       |                [01;36m[K~~~~~~~~~~~~~~~~~~~~~~~~~~~~~~~~^~~[m[K
[5.959s] [01m[K/opt/ros/foxy/include/message_filters/message_event.h:104:3:[m[K [01;36m[Knote: [m[Kcandidate: ‘[01m[Kmessage_filters::MessageEvent<M>::MessageEvent(const message_filters::MessageEvent<typename std::add_const<M>::type>&, bool) [with M = const sensor_msgs::msg::Imu_<std::allocator<void> >; typename std::add_const<M>::type = const sensor_msgs::msg::Imu_<std::allocator<void> >][m[K’
[5.959s]   104 |   [01;36m[KMessageEvent[m[K(const MessageEvent<ConstMessage>& rhs, bool nonconst_need_copy)
[5.959s]       |   [01;36m[K^~~~~~~~~~~~[m[K
[5.959s] [01m[K/opt/ros/foxy/include/message_filters/message_event.h:104:50:[m[K [01;36m[Knote: [m[K  no known conversion for argument 1 from ‘[01m[Kconst message_filters::MessageEvent<const lgsvl_msgs::msg::Detection3DArray_<std::allocator<void> > >[m[K’ to ‘[01m[Kconst message_filters::MessageEvent<const sensor_msgs::msg::Imu_<std::allocator<void> > >&[m[K’
[5.959s]   104 |   MessageEvent([01;36m[Kconst MessageEvent<ConstMessage>& rhs[m[K, bool nonconst_need_copy)
[5.959s]       |                [01;36m[K~~~~~~~~~~~~~~~~~~~~~~~~~~~~~~~~~~^~~[m[K
[5.960s] [01m[K/opt/ros/foxy/include/message_filters/message_event.h:98:3:[m[K [01;36m[Knote: [m[Kcandidate: ‘[01m[Kmessage_filters::MessageEvent<M>::MessageEvent(const message_filters::MessageEvent<typename std::remove_const<_Tp>::type>&, bool) [with M = const sensor_msgs::msg::Imu_<std::allocator<void> >; typename std::remove_const<_Tp>::type = sensor_msgs::msg::Imu_<std::allocator<void> >][m[K’
[5.960s]    98 |   [01;36m[KMessageEvent[m[K(const MessageEvent<Message>& rhs, bool nonconst_need_copy)
[5.960s]       |   [01;36m[K^~~~~~~~~~~~[m[K
[5.960s] [01m[K/opt/ros/foxy/include/message_filters/message_event.h:98:45:[m[K [01;36m[Knote: [m[K  no known conversion for argument 1 from ‘[01m[Kconst message_filters::MessageEvent<const lgsvl_msgs::msg::Detection3DArray_<std::allocator<void> > >[m[K’ to ‘[01m[Kconst message_filters::MessageEvent<sensor_msgs::msg::Imu_<std::allocator<void> > >&[m[K’
[5.960s]    98 |   MessageEvent([01;36m[Kconst MessageEvent<Message>& rhs[m[K, bool nonconst_need_copy)
[5.960s]       |                [01;36m[K~~~~~~~~~~~~~~~~~~~~~~~~~~~~~^~~[m[K
[5.960s] [01m[K/opt/ros/foxy/include/message_filters/message_event.h:93:3:[m[K [01;36m[Knote: [m[Kcandidate: ‘[01m[Kmessage_filters::MessageEvent<M>::MessageEvent(const message_filters::MessageEvent<typename std::add_const<M>::type>&) [with M = const sensor_msgs::msg::Imu_<std::allocator<void> >; typename std::add_const<M>::type = const sensor_msgs::msg::Imu_<std::allocator<void> >][m[K’
[5.960s]    93 |   [01;36m[KMessageEvent[m[K(const MessageEvent<ConstMessage>& rhs)
[5.960s]       |   [01;36m[K^~~~~~~~~~~~[m[K
[5.961s] [01m[K/opt/ros/foxy/include/message_filters/message_event.h:93:3:[m[K [01;36m[Knote: [m[K  candidate expects 1 argument, 2 provided
[5.961s] [01m[K/opt/ros/foxy/include/message_filters/message_event.h:88:3:[m[K [01;36m[Knote: [m[Kcandidate: ‘[01m[Kmessage_filters::MessageEvent<M>::MessageEvent(const message_filters::MessageEvent<typename std::remove_const<_Tp>::type>&) [with M = const sensor_msgs::msg::Imu_<std::allocator<void> >; typename std::remove_const<_Tp>::type = sensor_msgs::msg::Imu_<std::allocator<void> >][m[K’
[5.961s]    88 |   [01;36m[KMessageEvent[m[K(const MessageEvent<Message>& rhs)
[5.961s]       |   [01;36m[K^~~~~~~~~~~~[m[K
[5.961s] [01m[K/opt/ros/foxy/include/message_filters/message_event.h:88:3:[m[K [01;36m[Knote: [m[K  candidate expects 1 argument, 2 provided
[5.961s] [01m[K/opt/ros/foxy/include/message_filters/message_event.h:84:3:[m[K [01;36m[Knote: [m[Kcandidate: ‘[01m[Kmessage_filters::MessageEvent<M>::MessageEvent() [with M = const sensor_msgs::msg::Imu_<std::allocator<void> >][m[K’
[5.961s]    84 |   [01;36m[KMessageEvent[m[K()
[5.962s]       |   [01;36m[K^~~~~~~~~~~~[m[K
[5.962s] [01m[K/opt/ros/foxy/include/message_filters/message_event.h:84:3:[m[K [01;36m[Knote: [m[K  candidate expects 0 arguments, 2 provided
[6.895s] make[2]: *** [CMakeFiles/main_msg.dir/build.make:63: CMakeFiles/main_msg.dir/src/msg_subpub.cpp.o] Error 1
[6.895s] make[1]: *** [CMakeFiles/Makefile2:78: CMakeFiles/main_msg.dir/all] Error 2
[6.896s] make: *** [Makefile:141: all] Error 2
[6.898s] Invoked command in '/home/cl4y3r/VDS/build/autodriving' returned '2': /usr/bin/cmake --build /home/cl4y3r/VDS/build/autodriving -- -j8 -l8
