[35m[1mScanning dependencies of target chassis_controller[0m
[ 50%] [32mBuilding CXX object CMakeFiles/chassis_controller.dir/src/chassis_controller.cpp.o[0m
[01m[K/home/cl4y3r/VDS/chassis_controller/src/chassis_controller.cpp:[m[K In member function ‘[01m[Kdouble ChassisController::longitudinal_controller(double, double)[m[K’:
[01m[K/home/cl4y3r/VDS/chassis_controller/src/chassis_controller.cpp:122:58:[m[K [01;35m[Kwarning: [m[Kunused parameter ‘[01m[Kvelocity_x[m[K’ [[01;35m[K-Wunused-parameter[m[K]
  122 | double ChassisController::longitudinal_controller([01;35m[Kdouble velocity_x[m[K, double acc_x)
      |                                                   [01;35m[K~~~~~~~^~~~~~~~~~[m[K
[01m[K/home/cl4y3r/VDS/chassis_controller/src/chassis_controller.cpp:122:77:[m[K [01;35m[Kwarning: [m[Kunused parameter ‘[01m[Kacc_x[m[K’ [[01;35m[K-Wunused-parameter[m[K]
  122 | ontroller::longitudinal_controller(double velocity_x, [01;35m[Kdouble acc_x[m[K)
      |                                                       [01;35m[K~~~~~~~^~~~~[m[K

[01m[K/home/cl4y3r/VDS/chassis_controller/src/chassis_controller.cpp:[m[K In member function ‘[01m[Kdouble ChassisController::lateral_controller(double, double, double, double, double, double, double, double, double, double)[m[K’:
[01m[K/home/cl4y3r/VDS/chassis_controller/src/chassis_controller.cpp:143:31:[m[K [01;31m[Kerror: [m[Kcannot convert ‘[01m[Kconst Eigen::CwiseBinaryOp<Eigen::internal::scalar_product_op<double, double>, const Eigen::ArrayWrapper<Eigen::Matrix<double, -1, -1> >, const Eigen::ArrayWrapper<Eigen::Matrix<double, -1, -1> > >[m[K’ to ‘[01m[Kdouble[m[K’ in initialization
  143 |     double err_d = [01;31m[Knor.array()*distance.array()[m[K;
      |                    [01;31m[K~~~~~~~~~~~^~~~~~~~~~~~~~~~~[m[K
      |                               [01;31m[K|[m[K
      |                               [01;31m[Kconst Eigen::CwiseBinaryOp<Eigen::internal::scalar_product_op<double, double>, const Eigen::ArrayWrapper<Eigen::Matrix<double, -1, -1> >, const Eigen::ArrayWrapper<Eigen::Matrix<double, -1, -1> > >[m[K
[01m[K/home/cl4y3r/VDS/chassis_controller/src/chassis_controller.cpp:144:31:[m[K [01;31m[Kerror: [m[Kcannot convert ‘[01m[Kconst Eigen::CwiseBinaryOp<Eigen::internal::scalar_product_op<double, double>, const Eigen::ArrayWrapper<Eigen::Matrix<double, -1, -1> >, const Eigen::ArrayWrapper<Eigen::Matrix<double, -1, -1> > >[m[K’ to ‘[01m[Kdouble[m[K’ in initialization
  144 |     double err_s = [01;31m[Ktor.array()*distance.array()[m[K;
      |                    [01;31m[K~~~~~~~~~~~^~~~~~~~~~~~~~~~~[m[K
      |                               [01;31m[K|[m[K
      |                               [01;31m[Kconst Eigen::CwiseBinaryOp<Eigen::internal::scalar_product_op<double, double>, const Eigen::ArrayWrapper<Eigen::Matrix<double, -1, -1> >, const Eigen::ArrayWrapper<Eigen::Matrix<double, -1, -1> > >[m[K
[01m[K/home/cl4y3r/VDS/chassis_controller/src/chassis_controller.cpp:144:12:[m[K [01;35m[Kwarning: [m[Kunused variable ‘[01m[Kerr_s[m[K’ [[01;35m[K-Wunused-variable[m[K]
  144 |     double [01;35m[Kerr_s[m[K = tor.array()*distance.array();
      |            [01;35m[K^~~~~[m[K
make[2]: *** [CMakeFiles/chassis_controller.dir/build.make:63: CMakeFiles/chassis_controller.dir/src/chassis_controller.cpp.o] Error 1
make[1]: *** [CMakeFiles/Makefile2:78: CMakeFiles/chassis_controller.dir/all] Error 2
make: *** [Makefile:141: all] Error 2
