[0.028s] Invoking command in '/home/cl4y3r/VDS/build/chassis_controller': CMAKE_PREFIX_PATH=${CMAKE_PREFIX_PATH}:/opt/ros/foxy /usr/bin/cmake --build /home/cl4y3r/VDS/build/chassis_controller -- -j8 -l8
[0.086s] [35m[1mScanning dependencies of target chassis_controller[0m
[0.128s] [ 50%] [32mBuilding CXX object CMakeFiles/chassis_controller.dir/src/chassis_controller.cpp.o[0m
[2.300s] [01m[K/home/cl4y3r/VDS/chassis_controller/src/chassis_controller.cpp:[m[K In constructor ‘[01m[KChassisController::ChassisController()[m[K’:
[2.300s] [01m[K/home/cl4y3r/VDS/chassis_controller/src/chassis_controller.cpp:17:5:[m[K [01;35m[Kwarning: [m[Kleft operand of comma operator has no effect [[01;35m[K-Wunused-value[m[K]
[2.300s]    17 |     [01;35m[Kwp_x[m[K,wp_y=waypoint_loader("point.csv");
[2.300s]       |     [01;35m[K^~~~[m[K
[2.556s] [01m[K/home/cl4y3r/VDS/chassis_controller/src/chassis_controller.cpp:[m[K In member function ‘[01m[Kstd::vector<double, std::allocator<double> > ChassisController::waypoint_loader(std::string)[m[K’:
[2.556s] [01m[K/home/cl4y3r/VDS/chassis_controller/src/chassis_controller.cpp:99:12:[m[K [01;35m[Kwarning: [m[Kleft operand of comma operator has no effect [[01;35m[K-Wunused-value[m[K]
[2.557s]    99 |     return [01;35m[Klocation_x[m[K,location_y;
[2.557s]       |            [01;35m[K^~~~~~~~~~[m[K
[2.557s] [01m[K/home/cl4y3r/VDS/chassis_controller/src/chassis_controller.cpp:[m[K In member function ‘[01m[Kdouble ChassisController::longitudinal_controller(double, double)[m[K’:
[2.558s] [01m[K/home/cl4y3r/VDS/chassis_controller/src/chassis_controller.cpp:102:58:[m[K [01;35m[Kwarning: [m[Kunused parameter ‘[01m[Kvelocity_x[m[K’ [[01;35m[K-Wunused-parameter[m[K]
[2.558s]   102 | double ChassisController::longitudinal_controller([01;35m[Kdouble velocity_x[m[K, double acc_x){
[2.558s]       |                                                   [01;35m[K~~~~~~~^~~~~~~~~~[m[K
[2.558s] [01m[K/home/cl4y3r/VDS/chassis_controller/src/chassis_controller.cpp:102:77:[m[K [01;35m[Kwarning: [m[Kunused parameter ‘[01m[Kacc_x[m[K’ [[01;35m[K-Wunused-parameter[m[K]
[2.558s]   102 | ontroller::longitudinal_controller(double velocity_x, [01;35m[Kdouble acc_x[m[K){
[2.558s]       |                                                       [01;35m[K~~~~~~~^~~~~[m[K
[2.559s] 
[2.559s] [01m[K/home/cl4y3r/VDS/chassis_controller/src/chassis_controller.cpp:[m[K In member function ‘[01m[Kdouble ChassisController::lateral_controller(double, double, double, double, double)[m[K’:
[2.559s] [01m[K/home/cl4y3r/VDS/chassis_controller/src/chassis_controller.cpp:106:53:[m[K [01;35m[Kwarning: [m[Kunused parameter ‘[01m[Kyaw[m[K’ [[01;35m[K-Wunused-parameter[m[K]
[2.559s]   106 | double ChassisController::lateral_controller([01;35m[Kdouble yaw[m[K, double yaw_rate, double pos_x, double pos_y, double velocity_x){
[2.559s]       |                                              [01;35m[K~~~~~~~^~~[m[K
[2.559s] [01m[K/home/cl4y3r/VDS/chassis_controller/src/chassis_controller.cpp:106:65:[m[K [01;35m[Kwarning: [m[Kunused parameter ‘[01m[Kyaw_rate[m[K’ [[01;35m[K-Wunused-parameter[m[K]
[2.560s]   106 | ble ChassisController::lateral_controller(double yaw, [01;35m[Kdouble yaw_rate[m[K, double pos_x, double pos_y, double velocity_x){
[2.560s]       |                                                       [01;35m[K~~~~~~~^~~~~~~~[m[K
[2.560s] 
[2.560s] [01m[K/home/cl4y3r/VDS/chassis_controller/src/chassis_controller.cpp:106:82:[m[K [01;35m[Kwarning: [m[Kunused parameter ‘[01m[Kpos_x[m[K’ [[01;35m[K-Wunused-parameter[m[K]
[2.560s]   106 | ller::lateral_controller(double yaw, double yaw_rate, [01;35m[Kdouble pos_x[m[K, double pos_y, double velocity_x){
[2.560s]       |                                                       [01;35m[K~~~~~~~^~~~~[m[K
[2.560s] 
[2.561s] [01m[K/home/cl4y3r/VDS/chassis_controller/src/chassis_controller.cpp:106:96:[m[K [01;35m[Kwarning: [m[Kunused parameter ‘[01m[Kpos_y[m[K’ [[01;35m[K-Wunused-parameter[m[K]
[2.561s]   106 | controller(double yaw, double yaw_rate, double pos_x, [01;35m[Kdouble pos_y[m[K, double velocity_x){
[2.561s]       |                                                       [01;35m[K~~~~~~~^~~~~[m[K
[2.561s] 
[2.561s] [01m[K/home/cl4y3r/VDS/chassis_controller/src/chassis_controller.cpp:106:110:[m[K [01;35m[Kwarning: [m[Kunused parameter ‘[01m[Kvelocity_x[m[K’ [[01;35m[K-Wunused-parameter[m[K]
[2.561s]   106 | er(double yaw, double yaw_rate, double pos_x, double pos_y, [01;35m[Kdouble velocity_x[m[K){
[2.561s]       |                                                             [01;35m[K~~~~~~~^~~~~~~~~~[m[K
[2.562s] 
[18.651s] [100%] [32m[1mLinking CXX executable chassis_controller[0m
[19.501s] [100%] Built target chassis_controller
[19.519s] Invoked command in '/home/cl4y3r/VDS/build/chassis_controller' returned '0': CMAKE_PREFIX_PATH=${CMAKE_PREFIX_PATH}:/opt/ros/foxy /usr/bin/cmake --build /home/cl4y3r/VDS/build/chassis_controller -- -j8 -l8
[19.566s] Invoking command in '/home/cl4y3r/VDS/build/chassis_controller': CMAKE_PREFIX_PATH=${CMAKE_PREFIX_PATH}:/opt/ros/foxy /usr/bin/cmake --install /home/cl4y3r/VDS/build/chassis_controller
[19.577s] -- Install configuration: ""
[19.577s] -- Installing: /home/cl4y3r/VDS/install/chassis_controller/lib/chassis_controller/chassis_controller
[19.585s] -- Set runtime path of "/home/cl4y3r/VDS/install/chassis_controller/lib/chassis_controller/chassis_controller" to ""
[19.586s] -- Up-to-date: /home/cl4y3r/VDS/install/chassis_controller/share/ament_index/resource_index/package_run_dependencies/chassis_controller
[19.586s] -- Up-to-date: /home/cl4y3r/VDS/install/chassis_controller/share/ament_index/resource_index/parent_prefix_path/chassis_controller
[19.586s] -- Up-to-date: /home/cl4y3r/VDS/install/chassis_controller/share/chassis_controller/environment/ament_prefix_path.sh
[19.586s] -- Up-to-date: /home/cl4y3r/VDS/install/chassis_controller/share/chassis_controller/environment/ament_prefix_path.dsv
[19.587s] -- Up-to-date: /home/cl4y3r/VDS/install/chassis_controller/share/chassis_controller/environment/path.sh
[19.587s] -- Up-to-date: /home/cl4y3r/VDS/install/chassis_controller/share/chassis_controller/environment/path.dsv
[19.587s] -- Up-to-date: /home/cl4y3r/VDS/install/chassis_controller/share/chassis_controller/local_setup.bash
[19.587s] -- Up-to-date: /home/cl4y3r/VDS/install/chassis_controller/share/chassis_controller/local_setup.sh
[19.588s] -- Up-to-date: /home/cl4y3r/VDS/install/chassis_controller/share/chassis_controller/local_setup.zsh
[19.589s] -- Up-to-date: /home/cl4y3r/VDS/install/chassis_controller/share/chassis_controller/local_setup.dsv
[19.589s] -- Installing: /home/cl4y3r/VDS/install/chassis_controller/share/chassis_controller/package.dsv
[19.590s] -- Up-to-date: /home/cl4y3r/VDS/install/chassis_controller/share/ament_index/resource_index/packages/chassis_controller
[19.590s] -- Up-to-date: /home/cl4y3r/VDS/install/chassis_controller/share/chassis_controller/cmake/chassis_controllerConfig.cmake
[19.590s] -- Up-to-date: /home/cl4y3r/VDS/install/chassis_controller/share/chassis_controller/cmake/chassis_controllerConfig-version.cmake
[19.591s] -- Up-to-date: /home/cl4y3r/VDS/install/chassis_controller/share/chassis_controller/package.xml
[19.592s] Invoked command in '/home/cl4y3r/VDS/build/chassis_controller' returned '0': CMAKE_PREFIX_PATH=${CMAKE_PREFIX_PATH}:/opt/ros/foxy /usr/bin/cmake --install /home/cl4y3r/VDS/build/chassis_controller
