[0.026s] Invoking command in '/home/cl4y3r/VDS/build/chassis_controller': CMAKE_PREFIX_PATH=${CMAKE_PREFIX_PATH}:/opt/ros/foxy /usr/bin/cmake --build /home/cl4y3r/VDS/build/chassis_controller -- -j8 -l8
[0.084s] [35m[1mScanning dependencies of target chassis_controller[0m
[0.124s] [ 50%] [32mBuilding CXX object CMakeFiles/chassis_controller.dir/src/chassis_controller.cpp.o[0m
[2.347s] [01m[K/home/cl4y3r/VDS/chassis_controller/src/chassis_controller.cpp:[m[K In constructor ‘[01m[KChassisController::ChassisController()[m[K’:
[2.347s] [01m[K/home/cl4y3r/VDS/chassis_controller/src/chassis_controller.cpp:17:5:[m[K [01;35m[Kwarning: [m[Kleft operand of comma operator has no effect [[01;35m[K-Wunused-value[m[K]
[2.347s]    17 |     [01;35m[Kwp_x[m[K,wp_y=waypoint_loader("point.csv");
[2.347s]       |     [01;35m[K^~~~[m[K
[2.613s] [01m[K/home/cl4y3r/VDS/chassis_controller/src/chassis_controller.cpp:[m[K In member function ‘[01m[Kstd::vector<double, std::allocator<double> > ChassisController::waypoint_loader(std::string)[m[K’:
[2.614s] [01m[K/home/cl4y3r/VDS/chassis_controller/src/chassis_controller.cpp:97:8:[m[K [01;31m[Kerror: [m[K‘[01m[KWaypoints[m[K’ was not declared in this scope
[2.614s]    97 |     if([01;31m[KWaypoints[m[K.empty()) std::cout<<"empty!!!!"<<std::endl;
[2.614s]       |        [01;31m[K^~~~~~~~~[m[K
[2.615s] [01m[K/home/cl4y3r/VDS/chassis_controller/src/chassis_controller.cpp:99:12:[m[K [01;35m[Kwarning: [m[Kleft operand of comma operator has no effect [[01;35m[K-Wunused-value[m[K]
[2.615s]    99 |     return [01;35m[Klocation_x[m[K,location_y;
[2.615s]       |            [01;35m[K^~~~~~~~~~[m[K
[2.615s] [01m[K/home/cl4y3r/VDS/chassis_controller/src/chassis_controller.cpp:[m[K In member function ‘[01m[Kdouble ChassisController::longitudinal_controller(double, double)[m[K’:
[2.616s] [01m[K/home/cl4y3r/VDS/chassis_controller/src/chassis_controller.cpp:102:58:[m[K [01;35m[Kwarning: [m[Kunused parameter ‘[01m[Kvelocity_x[m[K’ [[01;35m[K-Wunused-parameter[m[K]
[2.616s]   102 | double ChassisController::longitudinal_controller([01;35m[Kdouble velocity_x[m[K, double acc_x){
[2.616s]       |                                                   [01;35m[K~~~~~~~^~~~~~~~~~[m[K
[2.616s] [01m[K/home/cl4y3r/VDS/chassis_controller/src/chassis_controller.cpp:102:77:[m[K [01;35m[Kwarning: [m[Kunused parameter ‘[01m[Kacc_x[m[K’ [[01;35m[K-Wunused-parameter[m[K]
[2.616s]   102 | ontroller::longitudinal_controller(double velocity_x, [01;35m[Kdouble acc_x[m[K){
[2.616s]       |                                                       [01;35m[K~~~~~~~^~~~~[m[K
[2.617s] 
[2.617s] [01m[K/home/cl4y3r/VDS/chassis_controller/src/chassis_controller.cpp:[m[K In member function ‘[01m[Kdouble ChassisController::lateral_controller(double, double, double, double, double)[m[K’:
[2.617s] [01m[K/home/cl4y3r/VDS/chassis_controller/src/chassis_controller.cpp:106:53:[m[K [01;35m[Kwarning: [m[Kunused parameter ‘[01m[Kyaw[m[K’ [[01;35m[K-Wunused-parameter[m[K]
[2.617s]   106 | double ChassisController::lateral_controller([01;35m[Kdouble yaw[m[K, double yaw_rate, double pos_x, double pos_y, double velocity_x){
[2.617s]       |                                              [01;35m[K~~~~~~~^~~[m[K
[2.617s] [01m[K/home/cl4y3r/VDS/chassis_controller/src/chassis_controller.cpp:106:65:[m[K [01;35m[Kwarning: [m[Kunused parameter ‘[01m[Kyaw_rate[m[K’ [[01;35m[K-Wunused-parameter[m[K]
[2.618s]   106 | ble ChassisController::lateral_controller(double yaw, [01;35m[Kdouble yaw_rate[m[K, double pos_x, double pos_y, double velocity_x){
[2.618s]       |                                                       [01;35m[K~~~~~~~^~~~~~~~[m[K
[2.618s] 
[2.618s] [01m[K/home/cl4y3r/VDS/chassis_controller/src/chassis_controller.cpp:106:82:[m[K [01;35m[Kwarning: [m[Kunused parameter ‘[01m[Kpos_x[m[K’ [[01;35m[K-Wunused-parameter[m[K]
[2.619s]   106 | ller::lateral_controller(double yaw, double yaw_rate, [01;35m[Kdouble pos_x[m[K, double pos_y, double velocity_x){
[2.619s]       |                                                       [01;35m[K~~~~~~~^~~~~[m[K
[2.619s] 
[2.619s] [01m[K/home/cl4y3r/VDS/chassis_controller/src/chassis_controller.cpp:106:96:[m[K [01;35m[Kwarning: [m[Kunused parameter ‘[01m[Kpos_y[m[K’ [[01;35m[K-Wunused-parameter[m[K]
[2.619s]   106 | controller(double yaw, double yaw_rate, double pos_x, [01;35m[Kdouble pos_y[m[K, double velocity_x){
[2.620s]       |                                                       [01;35m[K~~~~~~~^~~~~[m[K
[2.620s] 
[2.620s] [01m[K/home/cl4y3r/VDS/chassis_controller/src/chassis_controller.cpp:106:110:[m[K [01;35m[Kwarning: [m[Kunused parameter ‘[01m[Kvelocity_x[m[K’ [[01;35m[K-Wunused-parameter[m[K]
[2.620s]   106 | er(double yaw, double yaw_rate, double pos_x, double pos_y, [01;35m[Kdouble velocity_x[m[K){
[2.620s]       |                                                             [01;35m[K~~~~~~~^~~~~~~~~~[m[K
[2.620s] 
[8.269s] make[2]: *** [CMakeFiles/chassis_controller.dir/build.make:63: CMakeFiles/chassis_controller.dir/src/chassis_controller.cpp.o] Error 1
[8.270s] make[1]: *** [CMakeFiles/Makefile2:78: CMakeFiles/chassis_controller.dir/all] Error 2
[8.270s] make: *** [Makefile:141: all] Error 2
[8.274s] Invoked command in '/home/cl4y3r/VDS/build/chassis_controller' returned '2': CMAKE_PREFIX_PATH=${CMAKE_PREFIX_PATH}:/opt/ros/foxy /usr/bin/cmake --build /home/cl4y3r/VDS/build/chassis_controller -- -j8 -l8
