[35m[1mScanning dependencies of target main_msg[0m
[ 50%] [32mBuilding CXX object CMakeFiles/main_msg.dir/src/msg_subpub.cpp.o[0m
[01m[K/home/cl4y3r/VDS/autodriving/src/msg_subpub.cpp:[m[K In member function ‘[01m[Kvoid msgSubPub::subscriber_callback(const ConstSharedPtr&, const ConstSharedPtr&, const ConstSharedPtr&, const ConstSharedPtr&, const ConstSharedPtr&)[m[K’:
[01m[K/home/cl4y3r/VDS/autodriving/src/msg_subpub.cpp:90:94:[m[K [01;35m[Kwarning: [m[Kunused parameter ‘[01m[Kimage_msg[m[K’ [[01;35m[K-Wunused-parameter[m[K]
   90 | msgSubPub::subscriber_callback([01;35m[Kconst sensor_msgs::msg::CompressedImage::ConstSharedPtr& image_msg[m[K, const sensor_msgs::msg::Imu::ConstSharedPtr& imu_msg,
      |                                [01;35m[K~~~~~~~~~~~~~~~~~~~~~~~~~~~~~~~~~~~~~~~~~~~~~~~~~~~~~~~~~^~~~~~~~~[m[K

[01m[K/home/cl4y3r/VDS/autodriving/src/msg_subpub.cpp:91:88:[m[K [01;35m[Kwarning: [m[Kunused parameter ‘[01m[Kgroundturth_msg[m[K’ [[01;35m[K-Wunused-parameter[m[K]
   91 |                               [01;35m[Kconst lgsvl_msgs::msg::Detection3DArray::ConstSharedPtr& groundturth_msg[m[K, const lgsvl_msgs::msg::SignalArray::ConstSharedPtr& signal_msg,
      |                               [01;35m[K~~~~~~~~~~~~~~~~~~~~~~~~~~~~~~~~~~~~~~~~~~~~~~~~~~~~~~~~~^~~~~~~~~~~~~~~[m[K
[01m[K/home/cl4y3r/VDS/autodriving/src/msg_subpub.cpp:91:157:[m[K [01;35m[Kwarning: [m[Kunused parameter ‘[01m[Ksignal_msg[m[K’ [[01;35m[K-Wunused-parameter[m[K]
   91 | 3DArray::ConstSharedPtr& groundturth_msg, [01;35m[Kconst lgsvl_msgs::msg::SignalArray::ConstSharedPtr& signal_msg[m[K,
      |                                           [01;35m[K~~~~~~~~~~~~~~~~~~~~~~~~~~~~~~~~~~~~~~~~~~~~~~~~~~~~^~~~~~~~~~[m[K

[01m[K/home/cl4y3r/VDS/autodriving/src/msg_subpub.cpp:92:82:[m[K [01;35m[Kwarning: [m[Kunused parameter ‘[01m[Kcanbus_msg[m[K’ [[01;35m[K-Wunused-parameter[m[K]
   92 |                               [01;35m[Kconst lgsvl_msgs::msg::CanBusData::ConstSharedPtr& canbus_msg[m[K)
      |                               [01;35m[K~~~~~~~~~~~~~~~~~~~~~~~~~~~~~~~~~~~~~~~~~~~~~~~~~~~^~~~~~~~~~[m[K
[100%] [32m[1mLinking CXX executable main_msg[0m
[100%] Built target main_msg
-- Install configuration: ""
-- Installing: /home/cl4y3r/VDS/install/autodriving/lib/autodriving/main_msg
-- Set runtime path of "/home/cl4y3r/VDS/install/autodriving/lib/autodriving/main_msg" to ""
-- Up-to-date: /home/cl4y3r/VDS/install/autodriving/share/ament_index/resource_index/package_run_dependencies/autodriving
-- Up-to-date: /home/cl4y3r/VDS/install/autodriving/share/ament_index/resource_index/parent_prefix_path/autodriving
-- Up-to-date: /home/cl4y3r/VDS/install/autodriving/share/autodriving/environment/ament_prefix_path.sh
-- Up-to-date: /home/cl4y3r/VDS/install/autodriving/share/autodriving/environment/ament_prefix_path.dsv
-- Up-to-date: /home/cl4y3r/VDS/install/autodriving/share/autodriving/environment/path.sh
-- Up-to-date: /home/cl4y3r/VDS/install/autodriving/share/autodriving/environment/path.dsv
-- Up-to-date: /home/cl4y3r/VDS/install/autodriving/share/autodriving/local_setup.bash
-- Up-to-date: /home/cl4y3r/VDS/install/autodriving/share/autodriving/local_setup.sh
-- Up-to-date: /home/cl4y3r/VDS/install/autodriving/share/autodriving/local_setup.zsh
-- Up-to-date: /home/cl4y3r/VDS/install/autodriving/share/autodriving/local_setup.dsv
-- Installing: /home/cl4y3r/VDS/install/autodriving/share/autodriving/package.dsv
-- Up-to-date: /home/cl4y3r/VDS/install/autodriving/share/ament_index/resource_index/packages/autodriving
-- Up-to-date: /home/cl4y3r/VDS/install/autodriving/share/autodriving/cmake/autodrivingConfig.cmake
-- Up-to-date: /home/cl4y3r/VDS/install/autodriving/share/autodriving/cmake/autodrivingConfig-version.cmake
-- Up-to-date: /home/cl4y3r/VDS/install/autodriving/share/autodriving/package.xml
