[0.012s] Invoking command in '/home/cl4y3r/VDS/build/chassis_controller': CMAKE_PREFIX_PATH=/opt/ros/foxy /usr/bin/cmake /home/cl4y3r/VDS/chassiscontroller -DCMAKE_INSTALL_PREFIX=/home/cl4y3r/VDS/install/chassis_controller
[0.027s] -- Found ament_cmake: 0.9.9 (/opt/ros/foxy/share/ament_cmake/cmake)
[0.050s] -- Found PythonInterp: /usr/bin/python3 (found suitable version "3.8.10", minimum required is "3") 
[0.050s] -- Using PYTHON_EXECUTABLE: /usr/bin/python3
[0.222s] -- Found message_filters: 3.2.5 (/opt/ros/foxy/share/message_filters/cmake)
[0.226s] -- Found rclcpp: 2.4.0 (/opt/ros/foxy/share/rclcpp/cmake)
[0.276s] -- Using all available rosidl_typesupport_c: rosidl_typesupport_fastrtps_c;rosidl_typesupport_introspection_c
[0.283s] -- Found rosidl_adapter: 1.2.1 (/opt/ros/foxy/share/rosidl_adapter/cmake)
[0.449s] -- Found OpenSSL: /usr/lib/x86_64-linux-gnu/libcrypto.so (found version "1.1.1f")  
[0.491s] -- Found FastRTPS: /opt/ros/foxy/include  
[0.565s] -- Using all available rosidl_typesupport_cpp: rosidl_typesupport_fastrtps_cpp;rosidl_typesupport_introspection_cpp
[0.621s] -- Found rmw_implementation_cmake: 1.0.3 (/opt/ros/foxy/share/rmw_implementation_cmake/cmake)
[0.624s] -- Using RMW implementation 'rmw_fastrtps_cpp' as default
[0.626s] -- Looking for pthread.h
[0.686s] -- Looking for pthread.h - found
[0.687s] -- Performing Test CMAKE_HAVE_LIBC_PTHREAD
[0.747s] -- Performing Test CMAKE_HAVE_LIBC_PTHREAD - Failed
[0.748s] -- Looking for pthread_create in pthreads
[0.797s] -- Looking for pthread_create in pthreads - not found
[0.797s] -- Looking for pthread_create in pthread
[0.857s] -- Looking for pthread_create in pthread - found
[0.858s] -- Found Threads: TRUE  
[1.006s] -- Found sensor_msgs: 2.0.4 (/opt/ros/foxy/share/sensor_msgs/cmake)
[1.113s] -- Found lgsvl_msgs: 0.0.4 (/opt/ros/foxy/share/lgsvl_msgs/cmake)
[1.272s] CMake Error at /opt/ros/foxy/share/ament_cmake_core/cmake/core/ament_package_xml.cmake:53 (message):
[1.272s]   ament_package_xml() package name 'chassis_controller' in '/package.xml'
[1.272s]   does not match current PROJECT_NAME 'chassiscontroller'.  You must call
[1.272s]   project() with the same package name before.
[1.272s] Call Stack (most recent call first):
[1.272s]   /opt/ros/foxy/share/ament_cmake_core/cmake/core/ament_package.cmake:63 (ament_package_xml)
[1.272s]   CMakeLists.txt:28 (ament_package)
[1.272s] 
[1.272s] 
[1.273s] -- Configuring incomplete, errors occurred!
[1.273s] See also "/home/cl4y3r/VDS/build/chassis_controller/CMakeFiles/CMakeOutput.log".
[1.273s] See also "/home/cl4y3r/VDS/build/chassis_controller/CMakeFiles/CMakeError.log".
[1.279s] Invoked command in '/home/cl4y3r/VDS/build/chassis_controller' returned '1': CMAKE_PREFIX_PATH=/opt/ros/foxy /usr/bin/cmake /home/cl4y3r/VDS/chassiscontroller -DCMAKE_INSTALL_PREFIX=/home/cl4y3r/VDS/install/chassis_controller
