-- Found ament_cmake: 0.9.9 (/opt/ros/foxy/share/ament_cmake/cmake)
-- Using PYTHON_EXECUTABLE: /usr/bin/python3
-- Found message_filters: 3.2.5 (/opt/ros/foxy/share/message_filters/cmake)
-- Found rclcpp: 2.4.0 (/opt/ros/foxy/share/rclcpp/cmake)
-- Using all available rosidl_typesupport_c: rosidl_typesupport_fastrtps_c;rosidl_typesupport_introspection_c
-- Found rosidl_adapter: 1.2.1 (/opt/ros/foxy/share/rosidl_adapter/cmake)
-- Using all available rosidl_typesupport_cpp: rosidl_typesupport_fastrtps_cpp;rosidl_typesupport_introspection_cpp
-- Found rmw_implementation_cmake: 1.0.3 (/opt/ros/foxy/share/rmw_implementation_cmake/cmake)
-- Using RMW implementation 'rmw_fastrtps_cpp' as default
-- Found sensor_msgs: 2.0.4 (/opt/ros/foxy/share/sensor_msgs/cmake)
-- Found lgsvl_msgs: 0.0.4 (/opt/ros/foxy/share/lgsvl_msgs/cmake)
-- Configuring done
-- Generating done
-- Build files have been written to: /home/cl4y3r/VDS/build/autodriving
[35m[1mScanning dependencies of target main_msg[0m
[ 50%] [32mBuilding CXX object CMakeFiles/main_msg.dir/src/msg_subpub.cpp.o[0m
[100%] [32m[1mLinking CXX executable main_msg[0m
[100%] Built target main_msg
-- Install configuration: ""
-- Installing: /home/cl4y3r/VDS/install/autodriving/lib/autodriving/main_msg
-- Set runtime path of "/home/cl4y3r/VDS/install/autodriving/lib/autodriving/main_msg" to ""
-- Installing: /home/cl4y3r/VDS/install/autodriving/share/ament_index/resource_index/package_run_dependencies/autodriving
-- Installing: /home/cl4y3r/VDS/install/autodriving/share/ament_index/resource_index/parent_prefix_path/autodriving
-- Installing: /home/cl4y3r/VDS/install/autodriving/share/autodriving/environment/ament_prefix_path.sh
-- Installing: /home/cl4y3r/VDS/install/autodriving/share/autodriving/environment/ament_prefix_path.dsv
-- Installing: /home/cl4y3r/VDS/install/autodriving/share/autodriving/environment/path.sh
-- Installing: /home/cl4y3r/VDS/install/autodriving/share/autodriving/environment/path.dsv
-- Installing: /home/cl4y3r/VDS/install/autodriving/share/autodriving/local_setup.bash
-- Installing: /home/cl4y3r/VDS/install/autodriving/share/autodriving/local_setup.sh
-- Installing: /home/cl4y3r/VDS/install/autodriving/share/autodriving/local_setup.zsh
-- Installing: /home/cl4y3r/VDS/install/autodriving/share/autodriving/local_setup.dsv
-- Installing: /home/cl4y3r/VDS/install/autodriving/share/autodriving/package.dsv
-- Installing: /home/cl4y3r/VDS/install/autodriving/share/ament_index/resource_index/packages/autodriving
-- Installing: /home/cl4y3r/VDS/install/autodriving/share/autodriving/cmake/autodrivingConfig.cmake
-- Installing: /home/cl4y3r/VDS/install/autodriving/share/autodriving/cmake/autodrivingConfig-version.cmake
-- Installing: /home/cl4y3r/VDS/install/autodriving/share/autodriving/package.xml
