[0.017s] Invoking command in '/home/cl4y3r/VDS/build/autodriving': /usr/bin/cmake --build /home/cl4y3r/VDS/build/autodriving -- -j8 -l8
[0.061s] [35m[1mScanning dependencies of target main_msg[0m
[0.090s] [ 50%] [32mBuilding CXX object CMakeFiles/main_msg.dir/src/msg_subpub.cpp.o[0m
[1.940s] In file included from [01m[K/opt/ros/foxy/include/rclcpp/context.hpp:19[m[K,
[1.941s]                  from [01m[K/opt/ros/foxy/include/rclcpp/contexts/default_context.hpp:18[m[K,
[1.941s]                  from [01m[K/opt/ros/foxy/include/rclcpp/executor.hpp:32[m[K,
[1.941s]                  from [01m[K/opt/ros/foxy/include/rclcpp/executors/multi_threaded_executor.hpp:26[m[K,
[1.941s]                  from [01m[K/opt/ros/foxy/include/rclcpp/executors.hpp:21[m[K,
[1.941s]                  from [01m[K/opt/ros/foxy/include/rclcpp/rclcpp.hpp:146[m[K,
[1.941s]                  from [01m[K/opt/ros/foxy/include/message_filters/subscriber.h:38[m[K,
[1.941s]                  from [01m[K/home/cl4y3r/VDS/autodriving/src/msg_subpub.cpp:5[m[K:
[1.941s] /usr/include/c++/9/functional: In instantiation of ‘[01m[Kstruct std::_Bind_check_arity<void (msgSubPub::*)(const std::shared_ptr<const sensor_msgs::msg::CompressedImage_<std::allocator<void> > >&, const std::shared_ptr<const sensor_msgs::msg::Imu_<std::allocator<void> > >&, const std::shared_ptr<const lgsvl_msgs::msg::Detection3DArray_<std::allocator<void> > >&, const std::shared_ptr<const lgsvl_msgs::msg::SignalArray_<std::allocator<void> > >&, const std::shared_ptr<const lgsvl_msgs::msg::CanBusData_<std::allocator<void> > >&), msgSubPub*>[m[K’:
[1.941s] [01m[K/usr/include/c++/9/functional:787:12:[m[K   required from ‘[01m[Kstruct std::_Bind_helper<false, void (msgSubPub::*)(const std::shared_ptr<const sensor_msgs::msg::CompressedImage_<std::allocator<void> > >&, const std::shared_ptr<const sensor_msgs::msg::Imu_<std::allocator<void> > >&, const std::shared_ptr<const lgsvl_msgs::msg::Detection3DArray_<std::allocator<void> > >&, const std::shared_ptr<const lgsvl_msgs::msg::SignalArray_<std::allocator<void> > >&, const std::shared_ptr<const lgsvl_msgs::msg::CanBusData_<std::allocator<void> > >&), msgSubPub*>[m[K’
[1.942s] [01m[K/usr/include/c++/9/functional:808:5:[m[K   required by substitution of ‘[01m[Ktemplate<class _Func, class ... _BoundArgs> typename std::_Bind_helper<std::__is_socketlike<_Func>::value, _Func, _BoundArgs ...>::type std::bind(_Func&&, _BoundArgs&& ...) [with _Func = void (msgSubPub::*)(const std::shared_ptr<const sensor_msgs::msg::CompressedImage_<std::allocator<void> > >&, const std::shared_ptr<const sensor_msgs::msg::Imu_<std::allocator<void> > >&, const std::shared_ptr<const lgsvl_msgs::msg::Detection3DArray_<std::allocator<void> > >&, const std::shared_ptr<const lgsvl_msgs::msg::SignalArray_<std::allocator<void> > >&, const std::shared_ptr<const lgsvl_msgs::msg::CanBusData_<std::allocator<void> > >&); _BoundArgs = {msgSubPub*}][m[K’
[1.942s] [01m[K/home/cl4y3r/VDS/autodriving/src/msg_subpub.cpp:98:91:[m[K   required from here
[1.942s] [01m[K/usr/include/c++/9/functional:775:7:[m[K [01;31m[Kerror: [m[Kstatic assertion failed: Wrong number of arguments for pointer-to-member
[1.942s]   774 |       static_assert(_Varargs::[01;31m[Kvalue[m[K
[1.942s]       |                               [01;31m[K~~~~~[m[K
[1.942s]   775 | [01;31m[K      ? sizeof...(_BoundArgs) >= _Arity::value + 1[m[K
[1.942s]       |       [01;31m[K^~~~~~~~~~~~~~~~~~~~~~~~~~~~~~~~~~~~~~~~~~~~[m[K
[1.942s]   776 | [01;31m[K      : sizeof...(_BoundArgs) == _Arity::value + 1[m[K,
[1.942s]       |       [01;31m[K~~~~~~~~~~~~~~~~~~~~~~~~~~~~~~~~~~~~~~~~~~~~[m[K
[1.949s] [01m[K/home/cl4y3r/VDS/autodriving/src/msg_subpub.cpp:[m[K In constructor ‘[01m[KmsgSubPub::msgSubPub()[m[K’:
[1.949s] [01m[K/home/cl4y3r/VDS/autodriving/src/msg_subpub.cpp:98:92:[m[K [01;31m[Kerror: [m[Kno matching function for call to ‘[01m[KmsgSubPub::create_wall_timer(std::chrono::milliseconds, std::_Bind_helper<false, void (msgSubPub::*)(const std::shared_ptr<const sensor_msgs::msg::CompressedImage_<std::allocator<void> > >&, const std::shared_ptr<const sensor_msgs::msg::Imu_<std::allocator<void> > >&, const std::shared_ptr<const lgsvl_msgs::msg::Detection3DArray_<std::allocator<void> > >&, const std::shared_ptr<const lgsvl_msgs::msg::SignalArray_<std::allocator<void> > >&, const std::shared_ptr<const lgsvl_msgs::msg::CanBusData_<std::allocator<void> > >&), msgSubPub*>::type)[m[K’
[1.949s]    98 | _timer(500ms, std::bind(&msgSubPub::publisher_callback, this)[01;31m[K)[m[K;    // 定时执行发布的回调函数
[1.949s]       |                                                              [01;31m[K^[m[K
[1.949s] 
[1.949s] In file included from [01m[K/opt/ros/foxy/include/rclcpp/executors/single_threaded_executor.hpp:28[m[K,
[1.949s]                  from [01m[K/opt/ros/foxy/include/rclcpp/executors.hpp:22[m[K,
[1.949s]                  from [01m[K/opt/ros/foxy/include/rclcpp/rclcpp.hpp:146[m[K,
[1.949s]                  from [01m[K/opt/ros/foxy/include/message_filters/subscriber.h:38[m[K,
[1.949s]                  from [01m[K/home/cl4y3r/VDS/autodriving/src/msg_subpub.cpp:5[m[K:
[1.950s] [01m[K/opt/ros/foxy/include/rclcpp/node.hpp:232:3:[m[K [01;36m[Knote: [m[Kcandidate: ‘[01m[Ktemplate<class DurationRepT, class DurationT, class CallbackT> typename rclcpp::WallTimer<CallbackT>::SharedPtr rclcpp::Node::create_wall_timer(std::chrono::duration<_Rep1, _Period1>, CallbackT, rclcpp::CallbackGroup::SharedPtr)[m[K’
[1.950s]   232 |   [01;36m[Kcreate_wall_timer[m[K(
[1.950s]       |   [01;36m[K^~~~~~~~~~~~~~~~~[m[K
[1.950s] [01m[K/opt/ros/foxy/include/rclcpp/node.hpp:232:3:[m[K [01;36m[Knote: [m[K  template argument deduction/substitution failed:
[1.950s] In file included from [01m[K/opt/ros/foxy/include/rclcpp/node.hpp:1224[m[K,
[1.950s]                  from [01m[K/opt/ros/foxy/include/rclcpp/executors/single_threaded_executor.hpp:28[m[K,
[1.950s]                  from [01m[K/opt/ros/foxy/include/rclcpp/executors.hpp:22[m[K,
[1.950s]                  from [01m[K/opt/ros/foxy/include/rclcpp/rclcpp.hpp:146[m[K,
[1.950s]                  from [01m[K/opt/ros/foxy/include/message_filters/subscriber.h:38[m[K,
[1.950s]                  from [01m[K/home/cl4y3r/VDS/autodriving/src/msg_subpub.cpp:5[m[K:
[1.950s] /opt/ros/foxy/include/rclcpp/node_impl.hpp: In substitution of ‘[01m[Ktemplate<class DurationRepT, class DurationT, class CallbackT> typename rclcpp::WallTimer<CallbackT>::SharedPtr rclcpp::Node::create_wall_timer(std::chrono::duration<_Rep1, _Period1>, CallbackT, rclcpp::CallbackGroup::SharedPtr) [with DurationRepT = long int; DurationT = std::ratio<1, 1000>; CallbackT = std::_Bind<void (msgSubPub::*(msgSubPub*))(const std::shared_ptr<const sensor_msgs::msg::CompressedImage_<std::allocator<void> > >&, const std::shared_ptr<const sensor_msgs::msg::Imu_<std::allocator<void> > >&, const std::shared_ptr<const lgsvl_msgs::msg::Detection3DArray_<std::allocator<void> > >&, const std::shared_ptr<const lgsvl_msgs::msg::SignalArray_<std::allocator<void> > >&, const std::shared_ptr<const lgsvl_msgs::msg::CanBusData_<std::allocator<void> > >&)>][m[K’:
[1.951s] [01m[K/home/cl4y3r/VDS/autodriving/src/msg_subpub.cpp:98:92:[m[K   required from here
[1.951s] [01m[K/opt/ros/foxy/include/rclcpp/node_impl.hpp:109:1:[m[K [01;31m[Kerror: [m[Kno type named ‘[01m[Ktype[m[K’ in ‘[01m[Kstruct std::enable_if<false, void>[m[K’
[1.951s]   109 | [01;31m[KNode[m[K::create_wall_timer(
[1.951s]       | [01;31m[K^~~~[m[K
[1.951s] [01m[K/opt/ros/foxy/include/rclcpp/node_impl.hpp:109:1:[m[K [01;31m[Kerror: [m[Kno type named ‘[01m[Ktype[m[K’ in ‘[01m[Kstruct std::enable_if<false, void>[m[K’
[1.951s] [01m[K/opt/ros/foxy/include/rclcpp/node_impl.hpp:109:1:[m[K [01;36m[Knote: [m[Kinvalid template non-type parameter
[2.163s] [01m[K/home/cl4y3r/VDS/autodriving/src/msg_subpub.cpp:[m[K In member function ‘[01m[Kvoid msgSubPub::publisher_callback(const ConstSharedPtr&, const ConstSharedPtr&, const ConstSharedPtr&, const ConstSharedPtr&, const ConstSharedPtr&)[m[K’:
[2.163s] [01m[K/home/cl4y3r/VDS/autodriving/src/msg_subpub.cpp:130:93:[m[K [01;35m[Kwarning: [m[Kunused parameter ‘[01m[Kimage_msg[m[K’ [[01;35m[K-Wunused-parameter[m[K]
[2.163s]   130 | ack([01;35m[Kconst sensor_msgs::msg::CompressedImage::ConstSharedPtr& image_msg[m[K, const sensor_msgs::msg::Imu::ConstSharedPtr& imu_msg,
[2.163s]       |     [01;35m[K~~~~~~~~~~~~~~~~~~~~~~~~~~~~~~~~~~~~~~~~~~~~~~~~~~~~~~~~~^~~~~~~~~[m[K
[2.163s] 
[2.163s] [01m[K/home/cl4y3r/VDS/autodriving/src/msg_subpub.cpp:131:94:[m[K [01;35m[Kwarning: [m[Kunused parameter ‘[01m[Kgroundturth_msg[m[K’ [[01;35m[K-Wunused-parameter[m[K]
[2.163s]   131 |     [01;35m[Kconst lgsvl_msgs::msg::Detection3DArray::ConstSharedPtr& groundturth_msg[m[K, const lgsvl_msgs::msg::SignalArray::ConstSharedPtr& signal_msg,
[2.163s]       |     [01;35m[K~~~~~~~~~~~~~~~~~~~~~~~~~~~~~~~~~~~~~~~~~~~~~~~~~~~~~~~~~^~~~~~~~~~~~~~~[m[K
[2.163s] 
[2.163s] [01m[K/home/cl4y3r/VDS/autodriving/src/msg_subpub.cpp:131:163:[m[K [01;35m[Kwarning: [m[Kunused parameter ‘[01m[Ksignal_msg[m[K’ [[01;35m[K-Wunused-parameter[m[K]
[2.164s]   131 | oundturth_msg, [01;35m[Kconst lgsvl_msgs::msg::SignalArray::ConstSharedPtr& signal_msg[m[K,
[2.164s]       |                [01;35m[K~~~~~~~~~~~~~~~~~~~~~~~~~~~~~~~~~~~~~~~~~~~~~~~~~~~~^~~~~~~~~~[m[K
[2.164s] 
[2.164s] [01m[K/home/cl4y3r/VDS/autodriving/src/msg_subpub.cpp:132:88:[m[K [01;35m[Kwarning: [m[Kunused parameter ‘[01m[Kcanbus_msg[m[K’ [[01;35m[K-Wunused-parameter[m[K]
[2.164s]   132 |                  [01;35m[Kconst lgsvl_msgs::msg::CanBusData::ConstSharedPtr& canbus_msg[m[K)
[2.164s]       |                  [01;35m[K~~~~~~~~~~~~~~~~~~~~~~~~~~~~~~~~~~~~~~~~~~~~~~~~~~~^~~~~~~~~~[m[K
[2.164s] 
[8.277s] make[2]: *** [CMakeFiles/main_msg.dir/build.make:63: CMakeFiles/main_msg.dir/src/msg_subpub.cpp.o] Error 1
[8.278s] make[1]: *** [CMakeFiles/Makefile2:78: CMakeFiles/main_msg.dir/all] Error 2
[8.278s] make: *** [Makefile:141: all] Error 2
[8.281s] Invoked command in '/home/cl4y3r/VDS/build/autodriving' returned '2': /usr/bin/cmake --build /home/cl4y3r/VDS/build/autodriving -- -j8 -l8
