-- Found ament_cmake: 0.9.9 (/opt/ros/foxy/share/ament_cmake/cmake)
-- Using PYTHON_EXECUTABLE: /usr/bin/python3
-- Found message_filters: 3.2.5 (/opt/ros/foxy/share/message_filters/cmake)
-- Found rclcpp: 2.4.0 (/opt/ros/foxy/share/rclcpp/cmake)
-- Using all available rosidl_typesupport_c: rosidl_typesupport_fastrtps_c;rosidl_typesupport_introspection_c
-- Found rosidl_adapter: 1.2.1 (/opt/ros/foxy/share/rosidl_adapter/cmake)
-- Using all available rosidl_typesupport_cpp: rosidl_typesupport_fastrtps_cpp;rosidl_typesupport_introspection_cpp
-- Found rmw_implementation_cmake: 1.0.3 (/opt/ros/foxy/share/rmw_implementation_cmake/cmake)
-- Using RMW implementation 'rmw_fastrtps_cpp' as default
-- Found sensor_msgs: 2.0.4 (/opt/ros/foxy/share/sensor_msgs/cmake)
-- Found lgsvl_msgs: 0.0.4 (/opt/ros/foxy/share/lgsvl_msgs/cmake)
-- Found nav_msgs: 2.0.4 (/opt/ros/foxy/share/nav_msgs/cmake)
-- Configuring done
-- Generating done
-- Build files have been written to: /home/cl4y3r/VDS/build/chassis_controller
[ 50%] [32m[1mLinking CXX executable chassis_controller[0m
[100%] Built target chassis_controller
-- Install configuration: ""
-- Installing: /home/cl4y3r/VDS/install/chassis_controller/lib/chassis_controller/chassis_controller
-- Set runtime path of "/home/cl4y3r/VDS/install/chassis_controller/lib/chassis_controller/chassis_controller" to ""
-- Up-to-date: /home/cl4y3r/VDS/install/chassis_controller/share/ament_index/resource_index/package_run_dependencies/chassis_controller
-- Installing: /home/cl4y3r/VDS/install/chassis_controller/share/ament_index/resource_index/parent_prefix_path/chassis_controller
-- Up-to-date: /home/cl4y3r/VDS/install/chassis_controller/share/chassis_controller/environment/ament_prefix_path.sh
-- Installing: /home/cl4y3r/VDS/install/chassis_controller/share/chassis_controller/environment/ament_prefix_path.dsv
-- Up-to-date: /home/cl4y3r/VDS/install/chassis_controller/share/chassis_controller/environment/path.sh
-- Installing: /home/cl4y3r/VDS/install/chassis_controller/share/chassis_controller/environment/path.dsv
-- Up-to-date: /home/cl4y3r/VDS/install/chassis_controller/share/chassis_controller/local_setup.bash
-- Up-to-date: /home/cl4y3r/VDS/install/chassis_controller/share/chassis_controller/local_setup.sh
-- Up-to-date: /home/cl4y3r/VDS/install/chassis_controller/share/chassis_controller/local_setup.zsh
-- Installing: /home/cl4y3r/VDS/install/chassis_controller/share/chassis_controller/local_setup.dsv
-- Installing: /home/cl4y3r/VDS/install/chassis_controller/share/chassis_controller/package.dsv
-- Up-to-date: /home/cl4y3r/VDS/install/chassis_controller/share/ament_index/resource_index/packages/chassis_controller
-- Up-to-date: /home/cl4y3r/VDS/install/chassis_controller/share/chassis_controller/cmake/chassis_controllerConfig.cmake
-- Up-to-date: /home/cl4y3r/VDS/install/chassis_controller/share/chassis_controller/cmake/chassis_controllerConfig-version.cmake
-- Installing: /home/cl4y3r/VDS/install/chassis_controller/share/chassis_controller/package.xml
