[0.352s] DEBUG:colcon:Command line arguments: ['/usr/bin/colcon', 'build', '--packages-select', 'chassis_controller,']
[0.352s] DEBUG:colcon:Parsed command line arguments: Namespace(ament_cmake_args=None, base_paths=['.'], build_base='build', catkin_cmake_args=None, catkin_skip_building_tests=False, cmake_args=None, cmake_clean_cache=False, cmake_clean_first=False, cmake_force_configure=False, cmake_target=None, cmake_target_skip_unavailable=False, continue_on_error=False, event_handlers=None, executor='parallel', ignore_user_meta=False, install_base='install', log_base=None, log_level=None, main=<bound method BuildVerb.main of <colcon_core.verb.build.BuildVerb object at 0x7f0c36a154f0>>, merge_install=False, metas=['./colcon.meta'], packages_above=None, packages_above_and_dependencies=None, packages_above_depth=None, packages_end=None, packages_ignore=None, packages_ignore_regex=None, packages_select=['chassis_controller,'], packages_select_build_failed=False, packages_select_by_dep=None, packages_select_regex=None, packages_select_test_failures=False, packages_skip=None, packages_skip_build_finished=False, packages_skip_by_dep=None, packages_skip_regex=None, packages_skip_test_passed=False, packages_skip_up_to=None, packages_start=None, packages_up_to=None, packages_up_to_regex=None, parallel_workers=8, paths=None, symlink_install=False, test_result_base=None, verb_extension=<colcon_core.verb.build.BuildVerb object at 0x7f0c36a154f0>, verb_name='build', verb_parser=<colcon_defaults.argument_parser.defaults.DefaultArgumentsDecorator object at 0x7f0c36a15a30>)
[0.358s] Level 1:colcon.colcon_core.package_discovery:discover_packages(colcon_meta) check parameters
[0.358s] Level 1:colcon.colcon_core.package_discovery:discover_packages(recursive) check parameters
[0.358s] Level 1:colcon.colcon_core.package_discovery:discover_packages(ignore) check parameters
[0.358s] Level 1:colcon.colcon_core.package_discovery:discover_packages(path) check parameters
[0.358s] Level 1:colcon.colcon_core.package_discovery:discover_packages(colcon_meta) discover
[0.358s] Level 1:colcon.colcon_core.package_discovery:discover_packages(recursive) discover
[0.358s] INFO:colcon.colcon_core.package_discovery:Crawling recursively for packages in '/home/cl4y3r/VDS'
[0.358s] Level 1:colcon.colcon_core.package_identification:_identify(.) by extensions ['ignore', 'ignore_ament_install']
[0.358s] Level 1:colcon.colcon_core.package_identification:_identify(.) by extension 'ignore'
[0.359s] Level 1:colcon.colcon_core.package_identification:_identify(.) by extension 'ignore_ament_install'
[0.359s] Level 1:colcon.colcon_core.package_identification:_identify(.) by extensions ['colcon_pkg']
[0.359s] Level 1:colcon.colcon_core.package_identification:_identify(.) by extension 'colcon_pkg'
[0.359s] Level 1:colcon.colcon_core.package_identification:_identify(.) by extensions ['colcon_meta']
[0.359s] Level 1:colcon.colcon_core.package_identification:_identify(.) by extension 'colcon_meta'
[0.359s] Level 1:colcon.colcon_core.package_identification:_identify(.) by extensions ['ros']
[0.359s] Level 1:colcon.colcon_core.package_identification:_identify(.) by extension 'ros'
[0.375s] Level 1:colcon.colcon_core.package_identification:_identify(.) by extensions ['cmake', 'python']
[0.375s] Level 1:colcon.colcon_core.package_identification:_identify(.) by extension 'cmake'
[0.375s] Level 1:colcon.colcon_core.package_identification:_identify(.) by extension 'python'
[0.375s] Level 1:colcon.colcon_core.package_identification:_identify(.) by extensions ['python_setup_py']
[0.375s] Level 1:colcon.colcon_core.package_identification:_identify(.) by extension 'python_setup_py'
[0.375s] Level 1:colcon.colcon_core.package_identification:_identify(Docs) by extensions ['ignore', 'ignore_ament_install']
[0.375s] Level 1:colcon.colcon_core.package_identification:_identify(Docs) by extension 'ignore'
[0.375s] Level 1:colcon.colcon_core.package_identification:_identify(Docs) by extension 'ignore_ament_install'
[0.375s] Level 1:colcon.colcon_core.package_identification:_identify(Docs) by extensions ['colcon_pkg']
[0.376s] Level 1:colcon.colcon_core.package_identification:_identify(Docs) by extension 'colcon_pkg'
[0.376s] Level 1:colcon.colcon_core.package_identification:_identify(Docs) by extensions ['colcon_meta']
[0.376s] Level 1:colcon.colcon_core.package_identification:_identify(Docs) by extension 'colcon_meta'
[0.376s] Level 1:colcon.colcon_core.package_identification:_identify(Docs) by extensions ['ros']
[0.376s] Level 1:colcon.colcon_core.package_identification:_identify(Docs) by extension 'ros'
[0.376s] Level 1:colcon.colcon_core.package_identification:_identify(Docs) by extensions ['cmake', 'python']
[0.376s] Level 1:colcon.colcon_core.package_identification:_identify(Docs) by extension 'cmake'
[0.376s] Level 1:colcon.colcon_core.package_identification:_identify(Docs) by extension 'python'
[0.376s] Level 1:colcon.colcon_core.package_identification:_identify(Docs) by extensions ['python_setup_py']
[0.376s] Level 1:colcon.colcon_core.package_identification:_identify(Docs) by extension 'python_setup_py'
[0.376s] Level 1:colcon.colcon_core.package_identification:_identify(autodriving) by extensions ['ignore', 'ignore_ament_install']
[0.376s] Level 1:colcon.colcon_core.package_identification:_identify(autodriving) by extension 'ignore'
[0.376s] Level 1:colcon.colcon_core.package_identification:_identify(autodriving) by extension 'ignore_ament_install'
[0.377s] Level 1:colcon.colcon_core.package_identification:_identify(autodriving) by extensions ['colcon_pkg']
[0.377s] Level 1:colcon.colcon_core.package_identification:_identify(autodriving) by extension 'colcon_pkg'
[0.377s] Level 1:colcon.colcon_core.package_identification:_identify(autodriving) by extensions ['colcon_meta']
[0.377s] Level 1:colcon.colcon_core.package_identification:_identify(autodriving) by extension 'colcon_meta'
[0.377s] Level 1:colcon.colcon_core.package_identification:_identify(autodriving) by extensions ['ros']
[0.377s] Level 1:colcon.colcon_core.package_identification:_identify(autodriving) by extension 'ros'
[0.380s] DEBUG:colcon.colcon_core.package_identification:Package 'autodriving' with type 'ros.ament_cmake' and name 'autodriving'
[0.380s] Level 1:colcon.colcon_core.package_identification:_identify(bag) by extensions ['ignore', 'ignore_ament_install']
[0.380s] Level 1:colcon.colcon_core.package_identification:_identify(bag) by extension 'ignore'
[0.381s] Level 1:colcon.colcon_core.package_identification:_identify(bag) by extension 'ignore_ament_install'
[0.381s] Level 1:colcon.colcon_core.package_identification:_identify(bag) by extensions ['colcon_pkg']
[0.381s] Level 1:colcon.colcon_core.package_identification:_identify(bag) by extension 'colcon_pkg'
[0.381s] Level 1:colcon.colcon_core.package_identification:_identify(bag) by extensions ['colcon_meta']
[0.381s] Level 1:colcon.colcon_core.package_identification:_identify(bag) by extension 'colcon_meta'
[0.381s] Level 1:colcon.colcon_core.package_identification:_identify(bag) by extensions ['ros']
[0.381s] Level 1:colcon.colcon_core.package_identification:_identify(bag) by extension 'ros'
[0.381s] Level 1:colcon.colcon_core.package_identification:_identify(bag) by extensions ['cmake', 'python']
[0.381s] Level 1:colcon.colcon_core.package_identification:_identify(bag) by extension 'cmake'
[0.381s] Level 1:colcon.colcon_core.package_identification:_identify(bag) by extension 'python'
[0.381s] Level 1:colcon.colcon_core.package_identification:_identify(bag) by extensions ['python_setup_py']
[0.381s] Level 1:colcon.colcon_core.package_identification:_identify(bag) by extension 'python_setup_py'
[0.381s] Level 1:colcon.colcon_core.package_identification:_identify(bag/rosbag2_2021_10_27-22_21_44) by extensions ['ignore', 'ignore_ament_install']
[0.381s] Level 1:colcon.colcon_core.package_identification:_identify(bag/rosbag2_2021_10_27-22_21_44) by extension 'ignore'
[0.382s] Level 1:colcon.colcon_core.package_identification:_identify(bag/rosbag2_2021_10_27-22_21_44) by extension 'ignore_ament_install'
[0.382s] Level 1:colcon.colcon_core.package_identification:_identify(bag/rosbag2_2021_10_27-22_21_44) by extensions ['colcon_pkg']
[0.382s] Level 1:colcon.colcon_core.package_identification:_identify(bag/rosbag2_2021_10_27-22_21_44) by extension 'colcon_pkg'
[0.382s] Level 1:colcon.colcon_core.package_identification:_identify(bag/rosbag2_2021_10_27-22_21_44) by extensions ['colcon_meta']
[0.382s] Level 1:colcon.colcon_core.package_identification:_identify(bag/rosbag2_2021_10_27-22_21_44) by extension 'colcon_meta'
[0.382s] Level 1:colcon.colcon_core.package_identification:_identify(bag/rosbag2_2021_10_27-22_21_44) by extensions ['ros']
[0.382s] Level 1:colcon.colcon_core.package_identification:_identify(bag/rosbag2_2021_10_27-22_21_44) by extension 'ros'
[0.382s] Level 1:colcon.colcon_core.package_identification:_identify(bag/rosbag2_2021_10_27-22_21_44) by extensions ['cmake', 'python']
[0.382s] Level 1:colcon.colcon_core.package_identification:_identify(bag/rosbag2_2021_10_27-22_21_44) by extension 'cmake'
[0.382s] Level 1:colcon.colcon_core.package_identification:_identify(bag/rosbag2_2021_10_27-22_21_44) by extension 'python'
[0.382s] Level 1:colcon.colcon_core.package_identification:_identify(bag/rosbag2_2021_10_27-22_21_44) by extensions ['python_setup_py']
[0.382s] Level 1:colcon.colcon_core.package_identification:_identify(bag/rosbag2_2021_10_27-22_21_44) by extension 'python_setup_py'
[0.383s] Level 1:colcon.colcon_core.package_identification:_identify(build) by extensions ['ignore', 'ignore_ament_install']
[0.383s] Level 1:colcon.colcon_core.package_identification:_identify(build) by extension 'ignore'
[0.383s] Level 1:colcon.colcon_core.package_identification:_identify(build) ignored
[0.383s] Level 1:colcon.colcon_core.package_identification:_identify(chassis_controller) by extensions ['ignore', 'ignore_ament_install']
[0.383s] Level 1:colcon.colcon_core.package_identification:_identify(chassis_controller) by extension 'ignore'
[0.383s] Level 1:colcon.colcon_core.package_identification:_identify(chassis_controller) by extension 'ignore_ament_install'
[0.383s] Level 1:colcon.colcon_core.package_identification:_identify(chassis_controller) by extensions ['colcon_pkg']
[0.383s] Level 1:colcon.colcon_core.package_identification:_identify(chassis_controller) by extension 'colcon_pkg'
[0.383s] Level 1:colcon.colcon_core.package_identification:_identify(chassis_controller) by extensions ['colcon_meta']
[0.383s] Level 1:colcon.colcon_core.package_identification:_identify(chassis_controller) by extension 'colcon_meta'
[0.383s] Level 1:colcon.colcon_core.package_identification:_identify(chassis_controller) by extensions ['ros']
[0.383s] Level 1:colcon.colcon_core.package_identification:_identify(chassis_controller) by extension 'ros'
[0.384s] DEBUG:colcon.colcon_core.package_identification:Package 'chassis_controller' with type 'ros.ament_cmake' and name 'chassis_controller'
[0.384s] Level 1:colcon.colcon_core.package_identification:_identify(install) by extensions ['ignore', 'ignore_ament_install']
[0.384s] Level 1:colcon.colcon_core.package_identification:_identify(install) by extension 'ignore'
[0.384s] Level 1:colcon.colcon_core.package_identification:_identify(install) ignored
[0.384s] Level 1:colcon.colcon_core.package_identification:_identify(log) by extensions ['ignore', 'ignore_ament_install']
[0.384s] Level 1:colcon.colcon_core.package_identification:_identify(log) by extension 'ignore'
[0.385s] Level 1:colcon.colcon_core.package_identification:_identify(log) ignored
[0.385s] Level 1:colcon.colcon_core.package_identification:_identify(maps) by extensions ['ignore', 'ignore_ament_install']
[0.385s] Level 1:colcon.colcon_core.package_identification:_identify(maps) by extension 'ignore'
[0.385s] Level 1:colcon.colcon_core.package_identification:_identify(maps) by extension 'ignore_ament_install'
[0.385s] Level 1:colcon.colcon_core.package_identification:_identify(maps) by extensions ['colcon_pkg']
[0.385s] Level 1:colcon.colcon_core.package_identification:_identify(maps) by extension 'colcon_pkg'
[0.385s] Level 1:colcon.colcon_core.package_identification:_identify(maps) by extensions ['colcon_meta']
[0.385s] Level 1:colcon.colcon_core.package_identification:_identify(maps) by extension 'colcon_meta'
[0.385s] Level 1:colcon.colcon_core.package_identification:_identify(maps) by extensions ['ros']
[0.385s] Level 1:colcon.colcon_core.package_identification:_identify(maps) by extension 'ros'
[0.385s] Level 1:colcon.colcon_core.package_identification:_identify(maps) by extensions ['cmake', 'python']
[0.385s] Level 1:colcon.colcon_core.package_identification:_identify(maps) by extension 'cmake'
[0.385s] Level 1:colcon.colcon_core.package_identification:_identify(maps) by extension 'python'
[0.385s] Level 1:colcon.colcon_core.package_identification:_identify(maps) by extensions ['python_setup_py']
[0.386s] Level 1:colcon.colcon_core.package_identification:_identify(maps) by extension 'python_setup_py'
[0.386s] Level 1:colcon.colcon_core.package_identification:_identify(maps/opendrive) by extensions ['ignore', 'ignore_ament_install']
[0.386s] Level 1:colcon.colcon_core.package_identification:_identify(maps/opendrive) by extension 'ignore'
[0.386s] Level 1:colcon.colcon_core.package_identification:_identify(maps/opendrive) by extension 'ignore_ament_install'
[0.386s] Level 1:colcon.colcon_core.package_identification:_identify(maps/opendrive) by extensions ['colcon_pkg']
[0.386s] Level 1:colcon.colcon_core.package_identification:_identify(maps/opendrive) by extension 'colcon_pkg'
[0.386s] Level 1:colcon.colcon_core.package_identification:_identify(maps/opendrive) by extensions ['colcon_meta']
[0.386s] Level 1:colcon.colcon_core.package_identification:_identify(maps/opendrive) by extension 'colcon_meta'
[0.386s] Level 1:colcon.colcon_core.package_identification:_identify(maps/opendrive) by extensions ['ros']
[0.386s] Level 1:colcon.colcon_core.package_identification:_identify(maps/opendrive) by extension 'ros'
[0.386s] Level 1:colcon.colcon_core.package_identification:_identify(maps/opendrive) by extensions ['cmake', 'python']
[0.386s] Level 1:colcon.colcon_core.package_identification:_identify(maps/opendrive) by extension 'cmake'
[0.386s] Level 1:colcon.colcon_core.package_identification:_identify(maps/opendrive) by extension 'python'
[0.387s] Level 1:colcon.colcon_core.package_identification:_identify(maps/opendrive) by extensions ['python_setup_py']
[0.387s] Level 1:colcon.colcon_core.package_identification:_identify(maps/opendrive) by extension 'python_setup_py'
[0.387s] Level 1:colcon.colcon_core.package_identification:_identify(maps/pointmap) by extensions ['ignore', 'ignore_ament_install']
[0.387s] Level 1:colcon.colcon_core.package_identification:_identify(maps/pointmap) by extension 'ignore'
[0.387s] Level 1:colcon.colcon_core.package_identification:_identify(maps/pointmap) by extension 'ignore_ament_install'
[0.387s] Level 1:colcon.colcon_core.package_identification:_identify(maps/pointmap) by extensions ['colcon_pkg']
[0.387s] Level 1:colcon.colcon_core.package_identification:_identify(maps/pointmap) by extension 'colcon_pkg'
[0.387s] Level 1:colcon.colcon_core.package_identification:_identify(maps/pointmap) by extensions ['colcon_meta']
[0.387s] Level 1:colcon.colcon_core.package_identification:_identify(maps/pointmap) by extension 'colcon_meta'
[0.387s] Level 1:colcon.colcon_core.package_identification:_identify(maps/pointmap) by extensions ['ros']
[0.387s] Level 1:colcon.colcon_core.package_identification:_identify(maps/pointmap) by extension 'ros'
[0.387s] Level 1:colcon.colcon_core.package_identification:_identify(maps/pointmap) by extensions ['cmake', 'python']
[0.387s] Level 1:colcon.colcon_core.package_identification:_identify(maps/pointmap) by extension 'cmake'
[0.387s] Level 1:colcon.colcon_core.package_identification:_identify(maps/pointmap) by extension 'python'
[0.387s] Level 1:colcon.colcon_core.package_identification:_identify(maps/pointmap) by extensions ['python_setup_py']
[0.388s] Level 1:colcon.colcon_core.package_identification:_identify(maps/pointmap) by extension 'python_setup_py'
[0.388s] Level 1:colcon.colcon_core.package_discovery:discover_packages(recursive) using defaults
[0.388s] Level 1:colcon.colcon_core.package_discovery:discover_packages(ignore) discover
[0.388s] Level 1:colcon.colcon_core.package_discovery:discover_packages(ignore) using defaults
[0.388s] Level 1:colcon.colcon_core.package_discovery:discover_packages(path) discover
[0.388s] Level 1:colcon.colcon_core.package_discovery:discover_packages(path) using defaults
[0.388s] WARNING:colcon.colcon_core.package_selection:ignoring unknown package 'chassis_controller,' in --packages-select
[0.410s] INFO:colcon.colcon_core.package_selection:Skipping not selected package 'autodriving' in 'autodriving'
[0.410s] INFO:colcon.colcon_core.package_selection:Skipping not selected package 'chassis_controller' in 'chassis_controller'
[0.411s] INFO:colcon.colcon_core.executor:Executing jobs using 'parallel' executor
[0.414s] DEBUG:colcon.colcon_parallel_executor.executor.parallel:run_until_complete
[0.415s] DEBUG:colcon.colcon_parallel_executor.executor.parallel:closing loop
[0.415s] DEBUG:colcon.colcon_parallel_executor.executor.parallel:loop closed
[0.415s] DEBUG:colcon.colcon_parallel_executor.executor.parallel:run_until_complete finished with '0'
[0.415s] DEBUG:colcon.colcon_core.event_reactor:joining thread
[0.422s] INFO:colcon.colcon_core.plugin_system:Skipping extension 'colcon_notification.desktop_notification.terminal_notifier': Not used on non-Darwin systems
[0.422s] INFO:colcon.colcon_core.plugin_system:Skipping extension 'colcon_notification.desktop_notification.win32': Not used on non-Windows systems
[0.422s] INFO:colcon.colcon_notification.desktop_notification:Sending desktop notification using 'notify2'
[0.443s] DEBUG:colcon.colcon_core.event_reactor:joined thread
[0.451s] INFO:colcon.colcon_core.plugin_system:Skipping extension 'colcon_core.shell.bat': Not used on non-Windows systems
[0.451s] INFO:colcon.colcon_core.shell:Creating prefix script '/home/cl4y3r/VDS/install/local_setup.ps1'
[0.453s] INFO:colcon.colcon_core.shell:Creating prefix util module '/home/cl4y3r/VDS/install/_local_setup_util_ps1.py'
[0.455s] INFO:colcon.colcon_core.shell:Creating prefix chain script '/home/cl4y3r/VDS/install/setup.ps1'
[0.460s] INFO:colcon.colcon_core.shell:Creating prefix script '/home/cl4y3r/VDS/install/local_setup.sh'
[0.460s] INFO:colcon.colcon_core.shell:Creating prefix util module '/home/cl4y3r/VDS/install/_local_setup_util_sh.py'
[0.461s] INFO:colcon.colcon_core.shell:Creating prefix chain script '/home/cl4y3r/VDS/install/setup.sh'
[0.465s] INFO:colcon.colcon_core.shell:Creating prefix script '/home/cl4y3r/VDS/install/local_setup.bash'
[0.465s] INFO:colcon.colcon_core.shell:Creating prefix chain script '/home/cl4y3r/VDS/install/setup.bash'
[0.468s] INFO:colcon.colcon_core.shell:Creating prefix script '/home/cl4y3r/VDS/install/local_setup.zsh'
[0.469s] INFO:colcon.colcon_core.shell:Creating prefix chain script '/home/cl4y3r/VDS/install/setup.zsh'
