[0.012s] Invoking command in '/home/cl4y3r/VDS/build/chassis_controller': CMAKE_PREFIX_PATH=${CMAKE_PREFIX_PATH}:/opt/ros/foxy /usr/bin/cmake --build /home/cl4y3r/VDS/build/chassis_controller -- -j8 -l8
[0.048s] [35m[1mScanning dependencies of target chassis_controller[0m
[0.072s] [ 50%] [32mBuilding CXX object CMakeFiles/chassis_controller.dir/src/chassis_controller.cpp.o[0m
[1.452s] [01m[K/home/cl4y3r/VDS/chassis_controller/src/chassis_controller.cpp:[m[K In constructor ‘[01m[KChassisController::ChassisController()[m[K’:
[1.452s] [01m[K/home/cl4y3r/VDS/chassis_controller/src/chassis_controller.cpp:6:62:[m[K [01;31m[Kerror: [m[Kexpected ‘[01m[K{[m[K’ before ‘[01m[K.[m[K’ token
[1.452s]     6 | ChassisController::ChassisController() : Node("mycontroller")[01;31m[K.[m[K
[1.452s]       |                                                              [01;31m[K^[m[K
[1.624s] [01m[K/home/cl4y3r/VDS/chassis_controller/src/chassis_controller.cpp:[m[K At global scope:
[1.625s] [01m[K/home/cl4y3r/VDS/chassis_controller/src/chassis_controller.cpp:6:62:[m[K [01;31m[Kerror: [m[Kexpected unqualified-id before ‘[01m[K.[m[K’ token
[1.625s] In file included from [01m[K/opt/ros/foxy/include/rclcpp/service.hpp:34[m[K,
[1.625s]                  from [01m[K/opt/ros/foxy/include/rclcpp/callback_group.hpp:25[m[K,
[1.625s]                  from [01m[K/opt/ros/foxy/include/rclcpp/any_executable.hpp:20[m[K,
[1.625s]                  from [01m[K/opt/ros/foxy/include/rclcpp/memory_strategy.hpp:24[m[K,
[1.626s]                  from [01m[K/opt/ros/foxy/include/rclcpp/memory_strategies.hpp:18[m[K,
[1.626s]                  from [01m[K/opt/ros/foxy/include/rclcpp/executor_options.hpp:20[m[K,
[1.626s]                  from [01m[K/opt/ros/foxy/include/rclcpp/executor.hpp:33[m[K,
[1.626s]                  from [01m[K/opt/ros/foxy/include/rclcpp/executors/multi_threaded_executor.hpp:26[m[K,
[1.626s]                  from [01m[K/opt/ros/foxy/include/rclcpp/executors.hpp:21[m[K,
[1.626s]                  from [01m[K/opt/ros/foxy/include/rclcpp/rclcpp.hpp:146[m[K,
[1.626s]                  from [01m[K/opt/ros/foxy/include/message_filters/subscriber.h:38[m[K,
[1.626s]                  from [01m[K/home/cl4y3r/VDS/chassis_controller/include/chassis_controller/chassis_controller.hpp:6[m[K,
[1.626s]                  from [01m[K/home/cl4y3r/VDS/chassis_controller/src/chassis_controller.cpp:1[m[K:
[1.626s] [01m[K/home/cl4y3r/VDS/chassis_controller/src/chassis_controller.cpp:[m[K In function ‘[01m[Kvoid msg_subscriber(const ConstSharedPtr&, const ConstSharedPtr&, const ConstSharedPtr&, const ConstSharedPtr&, const ConstSharedPtr&)[m[K’:
[1.626s] [01m[K/home/cl4y3r/VDS/chassis_controller/src/chassis_controller.cpp:51:17:[m[K [01;31m[Kerror: [m[Kinvalid use of ‘[01m[Kthis[m[K’ in non-member function
[1.626s]    51 |     RCLCPP_INFO([01;31m[Kthis[m[K->get_logger(), "PositionX: %f [m], PositionY: %f [m]", new_gps_msg->latitude, new_gps_msg->longitude);
[1.627s]       |                 [01;31m[K^~~~[m[K
[1.627s] [01m[K/home/cl4y3r/VDS/chassis_controller/src/chassis_controller.cpp:51:17:[m[K [01;31m[Kerror: [m[Kinvalid use of ‘[01m[Kthis[m[K’ in non-member function
[1.627s] [01m[K/home/cl4y3r/VDS/chassis_controller/src/chassis_controller.cpp:51:5:[m[K [01;31m[Kerror: [m[Ktemplate argument 1 is invalid
[1.627s]    51 |     [01;31m[KRCLCPP_INFO[m[K(this->get_logger(), "PositionX: %f [m], PositionY: %f [m]", new_gps_msg->latitude, new_gps_msg->longitude);
[1.627s]       |     [01;31m[K^~~~~~~~~~~[m[K
[1.627s] [01m[K/home/cl4y3r/VDS/chassis_controller/src/chassis_controller.cpp:51:5:[m[K [01;31m[Kerror: [m[Ktemplate argument 1 is invalid
[1.627s]    51 |     [01;31m[KRCLCPP_INFO[m[K(this->get_logger(), "PositionX: %f [m], PositionY: %f [m]", new_gps_msg->latitude, new_gps_msg->longitude);
[1.627s]       |     [01;31m[K^~~~~~~~~~~[m[K
[1.627s] [01m[K/home/cl4y3r/VDS/chassis_controller/src/chassis_controller.cpp:51:5:[m[K [01;31m[Kerror: [m[Ktemplate argument 1 is invalid
[1.627s]    51 |     [01;31m[KRCLCPP_INFO[m[K(this->get_logger(), "PositionX: %f [m], PositionY: %f [m]", new_gps_msg->latitude, new_gps_msg->longitude);
[1.627s]       |     [01;31m[K^~~~~~~~~~~[m[K
[1.627s] In file included from [01m[K/opt/ros/foxy/include/rclcpp/client.hpp:40[m[K,
[1.627s]                  from [01m[K/opt/ros/foxy/include/rclcpp/callback_group.hpp:23[m[K,
[1.627s]                  from [01m[K/opt/ros/foxy/include/rclcpp/any_executable.hpp:20[m[K,
[1.628s]                  from [01m[K/opt/ros/foxy/include/rclcpp/memory_strategy.hpp:24[m[K,
[1.628s]                  from [01m[K/opt/ros/foxy/include/rclcpp/memory_strategies.hpp:18[m[K,
[1.628s]                  from [01m[K/opt/ros/foxy/include/rclcpp/executor_options.hpp:20[m[K,
[1.628s]                  from [01m[K/opt/ros/foxy/include/rclcpp/executor.hpp:33[m[K,
[1.628s]                  from [01m[K/opt/ros/foxy/include/rclcpp/executors/multi_threaded_executor.hpp:26[m[K,
[1.628s]                  from [01m[K/opt/ros/foxy/include/rclcpp/executors.hpp:21[m[K,
[1.628s]                  from [01m[K/opt/ros/foxy/include/rclcpp/rclcpp.hpp:146[m[K,
[1.628s]                  from [01m[K/opt/ros/foxy/include/message_filters/subscriber.h:38[m[K,
[1.628s]                  from [01m[K/home/cl4y3r/VDS/chassis_controller/include/chassis_controller/chassis_controller.hpp:6[m[K,
[1.628s]                  from [01m[K/home/cl4y3r/VDS/chassis_controller/src/chassis_controller.cpp:1[m[K:
[1.628s] [01m[K/home/cl4y3r/VDS/chassis_controller/src/chassis_controller.cpp:51:17:[m[K [01;31m[Kerror: [m[Kinvalid use of ‘[01m[Kthis[m[K’ in non-member function
[1.628s]    51 |     RCLCPP_INFO([01;31m[Kthis[m[K->get_logger(), "PositionX: %f [m], PositionY: %f [m]", new_gps_msg->latitude, new_gps_msg->longitude);
[1.628s]       |                 [01;31m[K^~~~[m[K
[1.628s] [01m[K/home/cl4y3r/VDS/chassis_controller/src/chassis_controller.cpp:51:17:[m[K [01;31m[Kerror: [m[Kinvalid use of ‘[01m[Kthis[m[K’ in non-member function
[1.628s]    51 |     RCLCPP_INFO([01;31m[Kthis[m[K->get_logger(), "PositionX: %f [m], PositionY: %f [m]", new_gps_msg->latitude, new_gps_msg->longitude);
[1.629s]       |                 [01;31m[K^~~~[m[K
[1.629s] [01m[K/home/cl4y3r/VDS/chassis_controller/src/chassis_controller.cpp:29:66:[m[K [01;35m[Kwarning: [m[Kunused parameter ‘[01m[Kimu_msg[m[K’ [[01;35m[K-Wunused-parameter[m[K]
[1.629s]    29 | void msg_subscriber([01;35m[Kconst sensor_msgs::msg::Imu::ConstSharedPtr& imu_msg[m[K,
[1.629s]       |                     [01;35m[K~~~~~~~~~~~~~~~~~~~~~~~~~~~~~~~~~~~~~~~~~~~~~^~~~~~~[m[K
[1.629s] [01m[K/home/cl4y3r/VDS/chassis_controller/src/chassis_controller.cpp:30:77:[m[K [01;35m[Kwarning: [m[Kunused parameter ‘[01m[Kodometry_msg[m[K’ [[01;35m[K-Wunused-parameter[m[K]
[1.629s]    30 |           [01;35m[Kconst lgsvl_msgs::msg::VehicleOdometry::ConstSharedPtr& odometry_msg[m[K,
[1.629s]       |           [01;35m[K~~~~~~~~~~~~~~~~~~~~~~~~~~~~~~~~~~~~~~~~~~~~~~~~~~~~~~~~^~~~~~~~~~~~[m[K
[1.629s] 
[1.629s] [01m[K/home/cl4y3r/VDS/chassis_controller/src/chassis_controller.cpp:31:72:[m[K [01;35m[Kwarning: [m[Kunused parameter ‘[01m[Kcanbus_msg[m[K’ [[01;35m[K-Wunused-parameter[m[K]
[1.629s]    31 |                  [01;35m[Kconst lgsvl_msgs::msg::CanBusData::ConstSharedPtr& canbus_msg[m[K,
[1.629s]       |                  [01;35m[K~~~~~~~~~~~~~~~~~~~~~~~~~~~~~~~~~~~~~~~~~~~~~~~~~~~^~~~~~~~~~[m[K
[1.629s] 
[1.629s] [01m[K/home/cl4y3r/VDS/chassis_controller/src/chassis_controller.cpp:32:68:[m[K [01;35m[Kwarning: [m[Kunused parameter ‘[01m[Kgps_msg[m[K’ [[01;35m[K-Wunused-parameter[m[K]
[1.629s]    32 |                     [01;35m[Kconst nav_msgs::msg::Odometry::ConstSharedPtr& gps_msg[m[K,
[1.630s]       |                     [01;35m[K~~~~~~~~~~~~~~~~~~~~~~~~~~~~~~~~~~~~~~~~~~~~~~~^~~~~~~[m[K
[1.640s] [01m[K/home/cl4y3r/VDS/chassis_controller/src/chassis_controller.cpp:[m[K In member function ‘[01m[Kdouble ChassisController::longitudinal_controller(double, double)[m[K’:
[1.640s] [01m[K/home/cl4y3r/VDS/chassis_controller/src/chassis_controller.cpp:71:58:[m[K [01;35m[Kwarning: [m[Kunused parameter ‘[01m[Kvelocity_x[m[K’ [[01;35m[K-Wunused-parameter[m[K]
[1.640s]    71 | double ChassisController::longitudinal_controller([01;35m[Kdouble velocity_x[m[K, double acc_x)
[1.640s]       |                                                   [01;35m[K~~~~~~~^~~~~~~~~~[m[K
[1.640s] [01m[K/home/cl4y3r/VDS/chassis_controller/src/chassis_controller.cpp:71:77:[m[K [01;35m[Kwarning: [m[Kunused parameter ‘[01m[Kacc_x[m[K’ [[01;35m[K-Wunused-parameter[m[K]
[1.640s]    71 | ontroller::longitudinal_controller(double velocity_x, [01;35m[Kdouble acc_x[m[K)
[1.640s]       |                                                       [01;35m[K~~~~~~~^~~~~[m[K
[1.640s] 
[1.640s] [01m[K/home/cl4y3r/VDS/chassis_controller/src/chassis_controller.cpp:[m[K In member function ‘[01m[Kdouble ChassisController::lateral_controller(double, double, double, double, double)[m[K’:
[1.640s] [01m[K/home/cl4y3r/VDS/chassis_controller/src/chassis_controller.cpp:76:53:[m[K [01;35m[Kwarning: [m[Kunused parameter ‘[01m[Kyaw[m[K’ [[01;35m[K-Wunused-parameter[m[K]
[1.640s]    76 | double ChassisController::lateral_controller([01;35m[Kdouble yaw[m[K, double yaw_rate, double pos_x, double pos_y, double velocity_x)
[1.640s]       |                                              [01;35m[K~~~~~~~^~~[m[K
[1.641s] [01m[K/home/cl4y3r/VDS/chassis_controller/src/chassis_controller.cpp:76:65:[m[K [01;35m[Kwarning: [m[Kunused parameter ‘[01m[Kyaw_rate[m[K’ [[01;35m[K-Wunused-parameter[m[K]
[1.641s]    76 | ble ChassisController::lateral_controller(double yaw, [01;35m[Kdouble yaw_rate[m[K, double pos_x, double pos_y, double velocity_x)
[1.641s]       |                                                       [01;35m[K~~~~~~~^~~~~~~~[m[K
[1.641s] 
[1.641s] [01m[K/home/cl4y3r/VDS/chassis_controller/src/chassis_controller.cpp:76:82:[m[K [01;35m[Kwarning: [m[Kunused parameter ‘[01m[Kpos_x[m[K’ [[01;35m[K-Wunused-parameter[m[K]
[1.641s]    76 | ller::lateral_controller(double yaw, double yaw_rate, [01;35m[Kdouble pos_x[m[K, double pos_y, double velocity_x)
[1.641s]       |                                                       [01;35m[K~~~~~~~^~~~~[m[K
[1.641s] 
[1.641s] [01m[K/home/cl4y3r/VDS/chassis_controller/src/chassis_controller.cpp:76:96:[m[K [01;35m[Kwarning: [m[Kunused parameter ‘[01m[Kpos_y[m[K’ [[01;35m[K-Wunused-parameter[m[K]
[1.641s]    76 | controller(double yaw, double yaw_rate, double pos_x, [01;35m[Kdouble pos_y[m[K, double velocity_x)
[1.641s]       |                                                       [01;35m[K~~~~~~~^~~~~[m[K
[1.641s] 
[1.641s] [01m[K/home/cl4y3r/VDS/chassis_controller/src/chassis_controller.cpp:76:110:[m[K [01;35m[Kwarning: [m[Kunused parameter ‘[01m[Kvelocity_x[m[K’ [[01;35m[K-Wunused-parameter[m[K]
[1.641s]    76 | ler(double yaw, double yaw_rate, double pos_x, double pos_y, [01;35m[Kdouble velocity_x[m[K)
[1.641s]       |                                                              [01;35m[K~~~~~~~^~~~~~~~~~[m[K
[1.641s] 
[5.626s] make[2]: *** [CMakeFiles/chassis_controller.dir/build.make:63: CMakeFiles/chassis_controller.dir/src/chassis_controller.cpp.o] Error 1
[5.626s] make[1]: *** [CMakeFiles/Makefile2:78: CMakeFiles/chassis_controller.dir/all] Error 2
[5.626s] make: *** [Makefile:141: all] Error 2
[5.628s] Invoked command in '/home/cl4y3r/VDS/build/chassis_controller' returned '2': CMAKE_PREFIX_PATH=${CMAKE_PREFIX_PATH}:/opt/ros/foxy /usr/bin/cmake --build /home/cl4y3r/VDS/build/chassis_controller -- -j8 -l8
