[0.016s] Invoking command in '/home/cl4y3r/VDS/build/chassis_controller': CMAKE_PREFIX_PATH=${CMAKE_PREFIX_PATH}:/opt/ros/foxy /usr/bin/cmake --build /home/cl4y3r/VDS/build/chassis_controller -- -j8 -l8
[0.067s] [35m[1mScanning dependencies of target chassis_controller[0m
[0.098s] [ 50%] [32mBuilding CXX object CMakeFiles/chassis_controller.dir/src/chassis_controller.cpp.o[0m
[1.832s] [01m[K/home/cl4y3r/VDS/chassis_controller/src/chassis_controller.cpp:[m[K In member function ‘[01m[Kvoid ChassisController::msg_subscriber(const ConstSharedPtr&, const ConstSharedPtr&, const ConstSharedPtr&)[m[K’:
[1.833s] [01m[K/home/cl4y3r/VDS/chassis_controller/src/chassis_controller.cpp:28:86:[m[K [01;35m[Kwarning: [m[Kunused parameter ‘[01m[Kgroundturth_msg[m[K’ [[01;35m[K-Wunused-parameter[m[K]
[1.833s]    28 |       [01;35m[Kconst lgsvl_msgs::msg::Detection3DArray::ConstSharedPtr& groundturth_msg[m[K,
[1.833s]       |       [01;35m[K~~~~~~~~~~~~~~~~~~~~~~~~~~~~~~~~~~~~~~~~~~~~~~~~~~~~~~~~~^~~~~~~~~~~~~~~[m[K
[1.833s] 
[1.833s] [01m[K/home/cl4y3r/VDS/chassis_controller/src/chassis_controller.cpp:29:80:[m[K [01;35m[Kwarning: [m[Kunused parameter ‘[01m[Kcanbus_msg[m[K’ [[01;35m[K-Wunused-parameter[m[K]
[1.833s]    29 |                  [01;35m[Kconst lgsvl_msgs::msg::CanBusData::ConstSharedPtr& canbus_msg[m[K)
[1.833s]       |                  [01;35m[K~~~~~~~~~~~~~~~~~~~~~~~~~~~~~~~~~~~~~~~~~~~~~~~~~~~^~~~~~~~~~[m[K
[1.833s] 
[13.266s] [100%] [32m[1mLinking CXX executable chassis_controller[0m
[13.885s] [100%] Built target chassis_controller
[13.899s] Invoked command in '/home/cl4y3r/VDS/build/chassis_controller' returned '0': CMAKE_PREFIX_PATH=${CMAKE_PREFIX_PATH}:/opt/ros/foxy /usr/bin/cmake --build /home/cl4y3r/VDS/build/chassis_controller -- -j8 -l8
[13.939s] Invoking command in '/home/cl4y3r/VDS/build/chassis_controller': CMAKE_PREFIX_PATH=${CMAKE_PREFIX_PATH}:/opt/ros/foxy /usr/bin/cmake --install /home/cl4y3r/VDS/build/chassis_controller
[13.948s] -- Install configuration: ""
[13.949s] -- Installing: /home/cl4y3r/VDS/install/chassis_controller/lib/chassis_controller/chassis_controller
[13.954s] -- Set runtime path of "/home/cl4y3r/VDS/install/chassis_controller/lib/chassis_controller/chassis_controller" to ""
[13.955s] -- Up-to-date: /home/cl4y3r/VDS/install/chassis_controller/share/ament_index/resource_index/package_run_dependencies/chassis_controller
[13.955s] -- Installing: /home/cl4y3r/VDS/install/chassis_controller/share/ament_index/resource_index/parent_prefix_path/chassis_controller
[13.955s] -- Up-to-date: /home/cl4y3r/VDS/install/chassis_controller/share/chassis_controller/environment/ament_prefix_path.sh
[13.955s] -- Installing: /home/cl4y3r/VDS/install/chassis_controller/share/chassis_controller/environment/ament_prefix_path.dsv
[13.956s] -- Up-to-date: /home/cl4y3r/VDS/install/chassis_controller/share/chassis_controller/environment/path.sh
[13.956s] -- Installing: /home/cl4y3r/VDS/install/chassis_controller/share/chassis_controller/environment/path.dsv
[13.956s] -- Up-to-date: /home/cl4y3r/VDS/install/chassis_controller/share/chassis_controller/local_setup.bash
[13.956s] -- Up-to-date: /home/cl4y3r/VDS/install/chassis_controller/share/chassis_controller/local_setup.sh
[13.956s] -- Up-to-date: /home/cl4y3r/VDS/install/chassis_controller/share/chassis_controller/local_setup.zsh
[13.956s] -- Installing: /home/cl4y3r/VDS/install/chassis_controller/share/chassis_controller/local_setup.dsv
[13.956s] -- Installing: /home/cl4y3r/VDS/install/chassis_controller/share/chassis_controller/package.dsv
[13.957s] -- Up-to-date: /home/cl4y3r/VDS/install/chassis_controller/share/ament_index/resource_index/packages/chassis_controller
[13.957s] -- Up-to-date: /home/cl4y3r/VDS/install/chassis_controller/share/chassis_controller/cmake/chassis_controllerConfig.cmake
[13.957s] -- Up-to-date: /home/cl4y3r/VDS/install/chassis_controller/share/chassis_controller/cmake/chassis_controllerConfig-version.cmake
[13.957s] -- Installing: /home/cl4y3r/VDS/install/chassis_controller/share/chassis_controller/package.xml
[13.959s] Invoked command in '/home/cl4y3r/VDS/build/chassis_controller' returned '0': CMAKE_PREFIX_PATH=${CMAKE_PREFIX_PATH}:/opt/ros/foxy /usr/bin/cmake --install /home/cl4y3r/VDS/build/chassis_controller
