[01m[K/home/cl4y3r/VDS/chassis_controller/src/chassis_controller.cpp:[m[K In member function ‘[01m[Kdouble ChassisController::waypoint_loader(std::string)[m[K’:
[01m[K/home/cl4y3r/VDS/chassis_controller/src/chassis_controller.cpp:77:21:[m[K [01;31m[Kerror: [m[K‘[01m[Kstring[m[K’ was not declared in this scope; did you mean ‘[01m[Kstd::string[m[K’?
   77 |         std::vector<[01;31m[Kstring[m[K> Waypoints;
      |                     [01;31m[K^~~~~~[m[K
      |                     [32m[Kstd::string[m[K
In file included from [01m[K/usr/include/c++/9/iosfwd:39[m[K,
                 from [01m[K/usr/include/c++/9/memory:72[m[K,
                 from [01m[K/home/cl4y3r/VDS/chassis_controller/include/chassis_controller/chassis_controller.hpp:3[m[K,
                 from [01m[K/home/cl4y3r/VDS/chassis_controller/src/chassis_controller.cpp:1[m[K:
[01m[K/usr/include/c++/9/bits/stringfwd.h:79:33:[m[K [01;36m[Knote: [m[K‘[01m[Kstd::string[m[K’ declared here
   79 |   typedef basic_string<char>    [01;36m[Kstring[m[K;
      |                                 [01;36m[K^~~~~~[m[K
[01m[K/home/cl4y3r/VDS/chassis_controller/src/chassis_controller.cpp:77:27:[m[K [01;31m[Kerror: [m[Ktemplate argument 1 is invalid
   77 |         std::vector<string[01;31m[K>[m[K Waypoints;
      |                           [01;31m[K^[m[K
[01m[K/home/cl4y3r/VDS/chassis_controller/src/chassis_controller.cpp:77:27:[m[K [01;31m[Kerror: [m[Ktemplate argument 2 is invalid
[01m[K/home/cl4y3r/VDS/chassis_controller/src/chassis_controller.cpp:80:23:[m[K [01;31m[Kerror: [m[Krequest for member ‘[01m[Kpush_back[m[K’ in ‘[01m[KWaypoints[m[K’, which is of non-class type ‘[01m[Kint[m[K’
   80 |             Waypoints.[01;31m[Kpush_back[m[K(info);
      |                       [01;31m[K^~~~~~~~~[m[K
[01m[K/home/cl4y3r/VDS/chassis_controller/src/chassis_controller.cpp:82:38:[m[K [01;31m[Kerror: [m[Kinvalid types ‘[01m[Kint[int][m[K’ for array subscript
   82 |         std::string x_str=Waypoints[4[01;31m[K][m[K;
      |                                      [01;31m[K^[m[K
[01m[K/home/cl4y3r/VDS/chassis_controller/src/chassis_controller.cpp:83:38:[m[K [01;31m[Kerror: [m[Kinvalid types ‘[01m[Kint[int][m[K’ for array subscript
   83 |         std::string y_str=Waypoints[5[01;31m[K][m[K;
      |                                      [01;31m[K^[m[K
[01m[K/home/cl4y3r/VDS/chassis_controller/src/chassis_controller.cpp:96:1:[m[K [01;35m[Kwarning: [m[Kno return statement in function returning non-void [[01;35m[K-Wreturn-type[m[K]
   96 | [01;35m[K}[m[K
      | [01;35m[K^[m[K
[01m[K/home/cl4y3r/VDS/chassis_controller/src/chassis_controller.cpp:70:55:[m[K [01;35m[Kwarning: [m[Kunused parameter ‘[01m[Kfilename[m[K’ [[01;35m[K-Wunused-parameter[m[K]
   70 | double ChassisController::waypoint_loader([01;35m[Kstd::string filename[m[K){
      |                                           [01;35m[K~~~~~~~~~~~~^~~~~~~~[m[K
[01m[K/home/cl4y3r/VDS/chassis_controller/src/chassis_controller.cpp:[m[K In member function ‘[01m[Kdouble ChassisController::longitudinal_controller(double, double)[m[K’:
[01m[K/home/cl4y3r/VDS/chassis_controller/src/chassis_controller.cpp:98:58:[m[K [01;35m[Kwarning: [m[Kunused parameter ‘[01m[Kvelocity_x[m[K’ [[01;35m[K-Wunused-parameter[m[K]
   98 | double ChassisController::longitudinal_controller([01;35m[Kdouble velocity_x[m[K, double acc_x){
      |                                                   [01;35m[K~~~~~~~^~~~~~~~~~[m[K
[01m[K/home/cl4y3r/VDS/chassis_controller/src/chassis_controller.cpp:98:77:[m[K [01;35m[Kwarning: [m[Kunused parameter ‘[01m[Kacc_x[m[K’ [[01;35m[K-Wunused-parameter[m[K]
   98 | ontroller::longitudinal_controller(double velocity_x, [01;35m[Kdouble acc_x[m[K){
      |                                                       [01;35m[K~~~~~~~^~~~~[m[K

[01m[K/home/cl4y3r/VDS/chassis_controller/src/chassis_controller.cpp:[m[K In member function ‘[01m[Kdouble ChassisController::lateral_controller(double, double, double, double, double)[m[K’:
[01m[K/home/cl4y3r/VDS/chassis_controller/src/chassis_controller.cpp:102:53:[m[K [01;35m[Kwarning: [m[Kunused parameter ‘[01m[Kyaw[m[K’ [[01;35m[K-Wunused-parameter[m[K]
  102 | double ChassisController::lateral_controller([01;35m[Kdouble yaw[m[K, double yaw_rate, double pos_x, double pos_y, double velocity_x){
      |                                              [01;35m[K~~~~~~~^~~[m[K
[01m[K/home/cl4y3r/VDS/chassis_controller/src/chassis_controller.cpp:102:65:[m[K [01;35m[Kwarning: [m[Kunused parameter ‘[01m[Kyaw_rate[m[K’ [[01;35m[K-Wunused-parameter[m[K]
  102 | ble ChassisController::lateral_controller(double yaw, [01;35m[Kdouble yaw_rate[m[K, double pos_x, double pos_y, double velocity_x){
      |                                                       [01;35m[K~~~~~~~^~~~~~~~[m[K

[01m[K/home/cl4y3r/VDS/chassis_controller/src/chassis_controller.cpp:102:82:[m[K [01;35m[Kwarning: [m[Kunused parameter ‘[01m[Kpos_x[m[K’ [[01;35m[K-Wunused-parameter[m[K]
  102 | ller::lateral_controller(double yaw, double yaw_rate, [01;35m[Kdouble pos_x[m[K, double pos_y, double velocity_x){
      |                                                       [01;35m[K~~~~~~~^~~~~[m[K

[01m[K/home/cl4y3r/VDS/chassis_controller/src/chassis_controller.cpp:102:96:[m[K [01;35m[Kwarning: [m[Kunused parameter ‘[01m[Kpos_y[m[K’ [[01;35m[K-Wunused-parameter[m[K]
  102 | controller(double yaw, double yaw_rate, double pos_x, [01;35m[Kdouble pos_y[m[K, double velocity_x){
      |                                                       [01;35m[K~~~~~~~^~~~~[m[K

[01m[K/home/cl4y3r/VDS/chassis_controller/src/chassis_controller.cpp:102:110:[m[K [01;35m[Kwarning: [m[Kunused parameter ‘[01m[Kvelocity_x[m[K’ [[01;35m[K-Wunused-parameter[m[K]
  102 | er(double yaw, double yaw_rate, double pos_x, double pos_y, [01;35m[Kdouble velocity_x[m[K){
      |                                                             [01;35m[K~~~~~~~^~~~~~~~~~[m[K

make[2]: *** [CMakeFiles/chassis_controller.dir/build.make:63: CMakeFiles/chassis_controller.dir/src/chassis_controller.cpp.o] Error 1
make[1]: *** [CMakeFiles/Makefile2:78: CMakeFiles/chassis_controller.dir/all] Error 2
make: *** [Makefile:141: all] Error 2
