[0.015s] Invoking command in '/home/cl4y3r/VDS/build/autodriving': /usr/bin/cmake --build /home/cl4y3r/VDS/build/autodriving -- -j8 -l8
[0.062s] [35m[1mScanning dependencies of target main_msg[0m
[0.093s] [ 50%] [32mBuilding CXX object CMakeFiles/main_msg.dir/src/msg_subpub.cpp.o[0m
[1.776s] In file included from [01m[K/usr/include/boost/bind.hpp:22[m[K,
[1.776s]                  from [01m[K/home/cl4y3r/VDS/autodriving/src/msg_subpub.cpp:3[m[K:
[1.776s] /usr/include/boost/bind/bind.hpp: In instantiation of ‘[01m[Kstruct boost::_bi::result_traits<boost::_bi::unspecified, void (msgSubPub::*)(const std::shared_ptr<const sensor_msgs::msg::CompressedImage_<std::allocator<void> > >&, const std::shared_ptr<const sensor_msgs::msg::CompressedImage_<std::allocator<void> > >&, const std::shared_ptr<const lgsvl_msgs::msg::Detection3DArray_<std::allocator<void> > >&, const std::shared_ptr<const lgsvl_msgs::msg::SignalArray_<std::allocator<void> > >&, const std::shared_ptr<const lgsvl_msgs::msg::CanBusData_<std::allocator<void> > >&)>[m[K’:
[1.776s] [01m[K/usr/include/boost/bind/bind.hpp:1284:48:[m[K   required from ‘[01m[Kclass boost::_bi::bind_t<boost::_bi::unspecified, void (msgSubPub::*)(const std::shared_ptr<const sensor_msgs::msg::CompressedImage_<std::allocator<void> > >&, const std::shared_ptr<const sensor_msgs::msg::CompressedImage_<std::allocator<void> > >&, const std::shared_ptr<const lgsvl_msgs::msg::Detection3DArray_<std::allocator<void> > >&, const std::shared_ptr<const lgsvl_msgs::msg::SignalArray_<std::allocator<void> > >&, const std::shared_ptr<const lgsvl_msgs::msg::CanBusData_<std::allocator<void> > >&), boost::_bi::list5<boost::_bi::value<msgSubPub*>, boost::arg<1>, boost::arg<2>, boost::arg<3>, boost::arg<4> > >[m[K’
[1.776s] [01m[K/home/cl4y3r/VDS/autodriving/src/msg_subpub.cpp:75:95:[m[K   required from here
[1.776s] [01m[K/usr/include/boost/bind/bind.hpp:75:37:[m[K [01;31m[Kerror: [m[K‘[01m[Kvoid (msgSubPub::*)(const std::shared_ptr<const sensor_msgs::msg::CompressedImage_<std::allocator<void> > >&, const std::shared_ptr<const sensor_msgs::msg::CompressedImage_<std::allocator<void> > >&, const std::shared_ptr<const lgsvl_msgs::msg::Detection3DArray_<std::allocator<void> > >&, const std::shared_ptr<const lgsvl_msgs::msg::SignalArray_<std::allocator<void> > >&, const std::shared_ptr<const lgsvl_msgs::msg::CanBusData_<std::allocator<void> > >&)[m[K’ is not a class, struct, or union type
[1.776s]    75 |     typedef typename F::result_type [01;31m[Ktype[m[K;
[1.776s]       |                                     [01;31m[K^~~~[m[K
[1.973s] In file included from [01m[K/opt/ros/foxy/include/rclcpp/service.hpp:34[m[K,
[1.974s]                  from [01m[K/opt/ros/foxy/include/rclcpp/callback_group.hpp:25[m[K,
[1.974s]                  from [01m[K/opt/ros/foxy/include/rclcpp/any_executable.hpp:20[m[K,
[1.974s]                  from [01m[K/opt/ros/foxy/include/rclcpp/memory_strategy.hpp:24[m[K,
[1.975s]                  from [01m[K/opt/ros/foxy/include/rclcpp/memory_strategies.hpp:18[m[K,
[1.975s]                  from [01m[K/opt/ros/foxy/include/rclcpp/executor_options.hpp:20[m[K,
[1.976s]                  from [01m[K/opt/ros/foxy/include/rclcpp/executor.hpp:33[m[K,
[1.976s]                  from [01m[K/opt/ros/foxy/include/rclcpp/executors/multi_threaded_executor.hpp:26[m[K,
[1.976s]                  from [01m[K/opt/ros/foxy/include/rclcpp/executors.hpp:21[m[K,
[1.976s]                  from [01m[K/opt/ros/foxy/include/rclcpp/rclcpp.hpp:146[m[K,
[1.976s]                  from [01m[K/opt/ros/foxy/include/message_filters/subscriber.h:38[m[K,
[1.976s]                  from [01m[K/home/cl4y3r/VDS/autodriving/src/msg_subpub.cpp:5[m[K:
[1.976s] [01m[K/home/cl4y3r/VDS/autodriving/src/msg_subpub.cpp:[m[K In function ‘[01m[Kvoid subscriber_callback(const ConstSharedPtr&, const ConstSharedPtr&, const ConstSharedPtr&, const ConstSharedPtr&, const ConstSharedPtr&)[m[K’:
[1.976s] [01m[K/home/cl4y3r/VDS/autodriving/src/msg_subpub.cpp:95:17:[m[K [01;31m[Kerror: [m[Kinvalid use of ‘[01m[Kthis[m[K’ in non-member function
[1.977s]    95 |     RCLCPP_INFO([01;31m[Kthis[m[K->get_logger(), "Subscribed: Get 3D_ground_truth & Imu & signal & can_bus_data Message");
[1.977s]       |                 [01;31m[K^~~~[m[K
[1.977s] [01m[K/home/cl4y3r/VDS/autodriving/src/msg_subpub.cpp:95:17:[m[K [01;31m[Kerror: [m[Kinvalid use of ‘[01m[Kthis[m[K’ in non-member function
[1.977s] [01m[K/home/cl4y3r/VDS/autodriving/src/msg_subpub.cpp:95:5:[m[K [01;31m[Kerror: [m[Ktemplate argument 1 is invalid
[1.977s]    95 |     [01;31m[KRCLCPP_INFO[m[K(this->get_logger(), "Subscribed: Get 3D_ground_truth & Imu & signal & can_bus_data Message");
[1.977s]       |     [01;31m[K^~~~~~~~~~~[m[K
[1.977s] [01m[K/home/cl4y3r/VDS/autodriving/src/msg_subpub.cpp:95:5:[m[K [01;31m[Kerror: [m[Ktemplate argument 1 is invalid
[1.977s]    95 |     [01;31m[KRCLCPP_INFO[m[K(this->get_logger(), "Subscribed: Get 3D_ground_truth & Imu & signal & can_bus_data Message");
[1.977s]       |     [01;31m[K^~~~~~~~~~~[m[K
[1.977s] [01m[K/home/cl4y3r/VDS/autodriving/src/msg_subpub.cpp:95:5:[m[K [01;31m[Kerror: [m[Ktemplate argument 1 is invalid
[1.977s]    95 |     [01;31m[KRCLCPP_INFO[m[K(this->get_logger(), "Subscribed: Get 3D_ground_truth & Imu & signal & can_bus_data Message");
[1.978s]       |     [01;31m[K^~~~~~~~~~~[m[K
[1.978s] In file included from [01m[K/opt/ros/foxy/include/rclcpp/client.hpp:40[m[K,
[1.978s]                  from [01m[K/opt/ros/foxy/include/rclcpp/callback_group.hpp:23[m[K,
[1.978s]                  from [01m[K/opt/ros/foxy/include/rclcpp/any_executable.hpp:20[m[K,
[1.978s]                  from [01m[K/opt/ros/foxy/include/rclcpp/memory_strategy.hpp:24[m[K,
[1.978s]                  from [01m[K/opt/ros/foxy/include/rclcpp/memory_strategies.hpp:18[m[K,
[1.978s]                  from [01m[K/opt/ros/foxy/include/rclcpp/executor_options.hpp:20[m[K,
[1.978s]                  from [01m[K/opt/ros/foxy/include/rclcpp/executor.hpp:33[m[K,
[1.978s]                  from [01m[K/opt/ros/foxy/include/rclcpp/executors/multi_threaded_executor.hpp:26[m[K,
[1.978s]                  from [01m[K/opt/ros/foxy/include/rclcpp/executors.hpp:21[m[K,
[1.978s]                  from [01m[K/opt/ros/foxy/include/rclcpp/rclcpp.hpp:146[m[K,
[1.979s]                  from [01m[K/opt/ros/foxy/include/message_filters/subscriber.h:38[m[K,
[1.979s]                  from [01m[K/home/cl4y3r/VDS/autodriving/src/msg_subpub.cpp:5[m[K:
[1.979s] [01m[K/home/cl4y3r/VDS/autodriving/src/msg_subpub.cpp:95:17:[m[K [01;31m[Kerror: [m[Kinvalid use of ‘[01m[Kthis[m[K’ in non-member function
[1.979s]    95 |     RCLCPP_INFO([01;31m[Kthis[m[K->get_logger(), "Subscribed: Get 3D_ground_truth & Imu & signal & can_bus_data Message");
[1.979s]       |                 [01;31m[K^~~~[m[K
[1.979s] [01m[K/home/cl4y3r/VDS/autodriving/src/msg_subpub.cpp:95:17:[m[K [01;31m[Kerror: [m[Kinvalid use of ‘[01m[Kthis[m[K’ in non-member function
[1.979s]    95 |     RCLCPP_INFO([01;31m[Kthis[m[K->get_logger(), "Subscribed: Get 3D_ground_truth & Imu & signal & can_bus_data Message");
[1.979s]       |                 [01;31m[K^~~~[m[K
[1.979s] In file included from [01m[K/opt/ros/foxy/include/rclcpp/service.hpp:34[m[K,
[1.979s]                  from [01m[K/opt/ros/foxy/include/rclcpp/callback_group.hpp:25[m[K,
[1.980s]                  from [01m[K/opt/ros/foxy/include/rclcpp/any_executable.hpp:20[m[K,
[1.980s]                  from [01m[K/opt/ros/foxy/include/rclcpp/memory_strategy.hpp:24[m[K,
[1.980s]                  from [01m[K/opt/ros/foxy/include/rclcpp/memory_strategies.hpp:18[m[K,
[1.980s]                  from [01m[K/opt/ros/foxy/include/rclcpp/executor_options.hpp:20[m[K,
[1.980s]                  from [01m[K/opt/ros/foxy/include/rclcpp/executor.hpp:33[m[K,
[1.980s]                  from [01m[K/opt/ros/foxy/include/rclcpp/executors/multi_threaded_executor.hpp:26[m[K,
[1.980s]                  from [01m[K/opt/ros/foxy/include/rclcpp/executors.hpp:21[m[K,
[1.980s]                  from [01m[K/opt/ros/foxy/include/rclcpp/rclcpp.hpp:146[m[K,
[1.980s]                  from [01m[K/opt/ros/foxy/include/message_filters/subscriber.h:38[m[K,
[1.980s]                  from [01m[K/home/cl4y3r/VDS/autodriving/src/msg_subpub.cpp:5[m[K:
[1.980s] [01m[K/home/cl4y3r/VDS/autodriving/src/msg_subpub.cpp:97:17:[m[K [01;31m[Kerror: [m[Kinvalid use of ‘[01m[Kthis[m[K’ in non-member function
[1.980s]    97 |     RCLCPP_INFO([01;31m[Kthis[m[K->get_logger(), "scan stamp:%d - %d - %d - %d -%d", image_msg->header.stamp.sec, imu_msg->header.stamp.sec, groundturth_msg->header.stamp.sec,
[1.981s]       |                 [01;31m[K^~~~[m[K
[1.981s] [01m[K/home/cl4y3r/VDS/autodriving/src/msg_subpub.cpp:97:17:[m[K [01;31m[Kerror: [m[Kinvalid use of ‘[01m[Kthis[m[K’ in non-member function
[1.981s] [01m[K/home/cl4y3r/VDS/autodriving/src/msg_subpub.cpp:97:5:[m[K [01;31m[Kerror: [m[Ktemplate argument 1 is invalid
[1.981s]    97 |     [01;31m[KRCLCPP_INFO[m[K(this->get_logger(), "scan stamp:%d - %d - %d - %d -%d", image_msg->header.stamp.sec, imu_msg->header.stamp.sec, groundturth_msg->header.stamp.sec,
[1.981s]       |     [01;31m[K^~~~~~~~~~~[m[K
[1.981s] [01m[K/home/cl4y3r/VDS/autodriving/src/msg_subpub.cpp:97:5:[m[K [01;31m[Kerror: [m[Ktemplate argument 1 is invalid
[1.981s]    97 |     [01;31m[KRCLCPP_INFO[m[K(this->get_logger(), "scan stamp:%d - %d - %d - %d -%d", image_msg->header.stamp.sec, imu_msg->header.stamp.sec, groundturth_msg->header.stamp.sec,
[1.981s]       |     [01;31m[K^~~~~~~~~~~[m[K
[1.981s] [01m[K/home/cl4y3r/VDS/autodriving/src/msg_subpub.cpp:97:5:[m[K [01;31m[Kerror: [m[Ktemplate argument 1 is invalid
[1.981s]    97 |     [01;31m[KRCLCPP_INFO[m[K(this->get_logger(), "scan stamp:%d - %d - %d - %d -%d", image_msg->header.stamp.sec, imu_msg->header.stamp.sec, groundturth_msg->header.stamp.sec,
[1.981s]       |     [01;31m[K^~~~~~~~~~~[m[K
[1.982s] In file included from [01m[K/opt/ros/foxy/include/rclcpp/client.hpp:40[m[K,
[1.982s]                  from [01m[K/opt/ros/foxy/include/rclcpp/callback_group.hpp:23[m[K,
[1.982s]                  from [01m[K/opt/ros/foxy/include/rclcpp/any_executable.hpp:20[m[K,
[1.982s]                  from [01m[K/opt/ros/foxy/include/rclcpp/memory_strategy.hpp:24[m[K,
[1.982s]                  from [01m[K/opt/ros/foxy/include/rclcpp/memory_strategies.hpp:18[m[K,
[1.982s]                  from [01m[K/opt/ros/foxy/include/rclcpp/executor_options.hpp:20[m[K,
[1.982s]                  from [01m[K/opt/ros/foxy/include/rclcpp/executor.hpp:33[m[K,
[1.982s]                  from [01m[K/opt/ros/foxy/include/rclcpp/executors/multi_threaded_executor.hpp:26[m[K,
[1.982s]                  from [01m[K/opt/ros/foxy/include/rclcpp/executors.hpp:21[m[K,
[1.982s]                  from [01m[K/opt/ros/foxy/include/rclcpp/rclcpp.hpp:146[m[K,
[1.982s]                  from [01m[K/opt/ros/foxy/include/message_filters/subscriber.h:38[m[K,
[1.983s]                  from [01m[K/home/cl4y3r/VDS/autodriving/src/msg_subpub.cpp:5[m[K:
[1.983s] [01m[K/home/cl4y3r/VDS/autodriving/src/msg_subpub.cpp:97:17:[m[K [01;31m[Kerror: [m[Kinvalid use of ‘[01m[Kthis[m[K’ in non-member function
[1.983s]    97 |     RCLCPP_INFO([01;31m[Kthis[m[K->get_logger(), "scan stamp:%d - %d - %d - %d -%d", image_msg->header.stamp.sec, imu_msg->header.stamp.sec, groundturth_msg->header.stamp.sec,
[1.983s]       |                 [01;31m[K^~~~[m[K
[1.983s] [01m[K/home/cl4y3r/VDS/autodriving/src/msg_subpub.cpp:97:17:[m[K [01;31m[Kerror: [m[Kinvalid use of ‘[01m[Kthis[m[K’ in non-member function
[1.983s]    97 |     RCLCPP_INFO([01;31m[Kthis[m[K->get_logger(), "scan stamp:%d - %d - %d - %d -%d", image_msg->header.stamp.sec, imu_msg->header.stamp.sec, groundturth_msg->header.stamp.sec,
[1.983s]       |                 [01;31m[K^~~~[m[K
[1.983s] [01m[K/home/cl4y3r/VDS/autodriving/src/msg_subpub.cpp:[m[K In member function ‘[01m[Kvoid msgSubPub::publisher_callback()[m[K’:
[1.983s] [01m[K/home/cl4y3r/VDS/autodriving/src/msg_subpub.cpp:124:13:[m[K [01;31m[Kerror: [m[K‘[01m[Kstruct lgsvl_msgs::msg::VehicleControlData_<std::allocator<void> >[m[K’ has no member named ‘[01m[Ktarget_wheel_angle_rate[m[K’; did you mean ‘[01m[Ktarget_wheel_angular_rate[m[K’?
[1.983s]   124 |     control.[01;31m[Ktarget_wheel_angle_rate[m[K = 0.1; //车轮转角角速度
[1.984s]       |             [01;31m[K^~~~~~~~~~~~~~~~~~~~~~~[m[K
[1.984s]       |             [32m[Ktarget_wheel_angular_rate[m[K
[2.291s] In file included from [01m[K/opt/ros/foxy/include/message_filters/synchronizer.h:47[m[K,
[2.292s]                  from [01m[K/home/cl4y3r/VDS/autodriving/src/msg_subpub.cpp:6[m[K:
[2.292s] /opt/ros/foxy/include/message_filters/signal9.h: In instantiation of ‘[01m[Kmessage_filters::Connection message_filters::Signal9<M0, M1, M2, M3, M4, M5, M6, M7, M8>::addCallback(C&) [with C = const boost::_bi::bind_t<boost::_bi::unspecified, void (msgSubPub::*)(const std::shared_ptr<const sensor_msgs::msg::CompressedImage_<std::allocator<void> > >&, const std::shared_ptr<const sensor_msgs::msg::CompressedImage_<std::allocator<void> > >&, const std::shared_ptr<const lgsvl_msgs::msg::Detection3DArray_<std::allocator<void> > >&, const std::shared_ptr<const lgsvl_msgs::msg::SignalArray_<std::allocator<void> > >&, const std::shared_ptr<const lgsvl_msgs::msg::CanBusData_<std::allocator<void> > >&), boost::_bi::list5<boost::_bi::value<msgSubPub*>, boost::arg<1>, boost::arg<2>, boost::arg<3>, boost::arg<4> > >; M0 = sensor_msgs::msg::CompressedImage_<std::allocator<void> >; M1 = sensor_msgs::msg::Imu_<std::allocator<void> >; M2 = lgsvl_msgs::msg::Detection3DArray_<std::allocator<void> >; M3 = lgsvl_msgs::msg::SignalArray_<std::allocator<void> >; M4 = lgsvl_msgs::msg::CanBusData_<std::allocator<void> >; M5 = message_filters::NullType; M6 = message_filters::NullType; M7 = message_filters::NullType; M8 = message_filters::NullType][m[K’:
[2.292s] [01m[K/opt/ros/foxy/include/message_filters/synchronizer.h:298:40:[m[K   required from ‘[01m[Kmessage_filters::Connection message_filters::Synchronizer<Policy>::registerCallback(const C&) [with C = boost::_bi::bind_t<boost::_bi::unspecified, void (msgSubPub::*)(const std::shared_ptr<const sensor_msgs::msg::CompressedImage_<std::allocator<void> > >&, const std::shared_ptr<const sensor_msgs::msg::CompressedImage_<std::allocator<void> > >&, const std::shared_ptr<const lgsvl_msgs::msg::Detection3DArray_<std::allocator<void> > >&, const std::shared_ptr<const lgsvl_msgs::msg::SignalArray_<std::allocator<void> > >&, const std::shared_ptr<const lgsvl_msgs::msg::CanBusData_<std::allocator<void> > >&), boost::_bi::list5<boost::_bi::value<msgSubPub*>, boost::arg<1>, boost::arg<2>, boost::arg<3>, boost::arg<4> > >; Policy = message_filters::sync_policies::ApproximateTime<sensor_msgs::msg::CompressedImage_<std::allocator<void> >, sensor_msgs::msg::Imu_<std::allocator<void> >, lgsvl_msgs::msg::Detection3DArray_<std::allocator<void> >, lgsvl_msgs::msg::SignalArray_<std::allocator<void> >, lgsvl_msgs::msg::CanBusData_<std::allocator<void> > >][m[K’
[2.293s] [01m[K/home/cl4y3r/VDS/autodriving/src/msg_subpub.cpp:75:96:[m[K   required from here
[2.293s] [01m[K/opt/ros/foxy/include/message_filters/signal9.h:280:267:[m[K [01;31m[Kerror: [m[Kno matching function for call to ‘[01m[Kmessage_filters::Signal9<sensor_msgs::msg::CompressedImage_<std::allocator<void> >, sensor_msgs::msg::Imu_<std::allocator<void> >, lgsvl_msgs::msg::Detection3DArray_<std::allocator<void> >, lgsvl_msgs::msg::SignalArray_<std::allocator<void> >, lgsvl_msgs::msg::CanBusData_<std::allocator<void> >, message_filters::NullType, message_filters::NullType, message_filters::NullType, message_filters::NullType>::addCallback<const M0ConstPtr&, const M1ConstPtr&, const M2ConstPtr&, const M3ConstPtr&, const M4ConstPtr&, const M5ConstPtr&, const M6ConstPtr&, const M7ConstPtr&, const M8ConstPtr&>(std::_Bind_helper<false, const boost::_bi::bind_t<boost::_bi::unspecified, void (msgSubPub::*)(const std::shared_ptr<const sensor_msgs::msg::CompressedImage_<std::allocator<void> > >&, const std::shared_ptr<const sensor_msgs::msg::CompressedImage_<std::allocator<void> > >&, const std::shared_ptr<const lgsvl_msgs::msg::Detection3DArray_<std::allocator<void> > >&, const std::shared_ptr<const lgsvl_msgs::msg::SignalArray_<std::allocator<void> > >&, const std::shared_ptr<const lgsvl_msgs::msg::CanBusData_<std::allocator<void> > >&), boost::_bi::list5<boost::_bi::value<msgSubPub*>, boost::arg<1>, boost::arg<2>, boost::arg<3>, boost::arg<4> > >&, const std::_Placeholder<1>&, const std::_Placeholder<2>&, const std::_Placeholder<3>&, const std::_Placeholder<4>&, const std::_Placeholder<5>&, const std::_Placeholder<6>&, const std::_Placeholder<7>&, const std::_Placeholder<8>&, const std::_Placeholder<9>&>::type)[m[K’
[2.293s]   280 | ers::_4, std::placeholders::_5, std::placeholders::_6, std::placeholders::_7, std::placeholders::_8, std::placeholders::_9)[01;31m[K)[m[K;
[2.293s]       |                                                                                                                            [01;31m[K^[m[K
[2.293s] 
[2.293s] In file included from [01m[K/opt/ros/foxy/include/message_filters/synchronizer.h:47[m[K,
[2.293s]                  from [01m[K/home/cl4y3r/VDS/autodriving/src/msg_subpub.cpp:6[m[K:
[2.293s] [01m[K/opt/ros/foxy/include/message_filters/signal9.h:170:14:[m[K [01;36m[Knote: [m[Kcandidate: ‘[01m[Kmessage_filters::Connection message_filters::Signal9<M0, M1, M2, M3, M4, M5, M6, M7, M8>::addCallback(const std::function<void(P0, P1, P2, P3, P4, P5, P6, P7, P8)>&) [with P0 = const std::shared_ptr<const sensor_msgs::msg::CompressedImage_<std::allocator<void> > >&; P1 = const std::shared_ptr<const sensor_msgs::msg::Imu_<std::allocator<void> > >&; P2 = const std::shared_ptr<const lgsvl_msgs::msg::Detection3DArray_<std::allocator<void> > >&; P3 = const std::shared_ptr<const lgsvl_msgs::msg::SignalArray_<std::allocator<void> > >&; P4 = const std::shared_ptr<const lgsvl_msgs::msg::CanBusData_<std::allocator<void> > >&; P5 = const std::shared_ptr<const message_filters::NullType>&; P6 = const std::shared_ptr<const message_filters::NullType>&; P7 = const std::shared_ptr<const message_filters::NullType>&; P8 = const std::shared_ptr<const message_filters::NullType>&; M0 = sensor_msgs::msg::CompressedImage_<std::allocator<void> >; M1 = sensor_msgs::msg::Imu_<std::allocator<void> >; M2 = lgsvl_msgs::msg::Detection3DArray_<std::allocator<void> >; M3 = lgsvl_msgs::msg::SignalArray_<std::allocator<void> >; M4 = lgsvl_msgs::msg::CanBusData_<std::allocator<void> >; M5 = message_filters::NullType; M6 = message_filters::NullType; M7 = message_filters::NullType; M8 = message_filters::NullType][m[K’
[2.294s]   170 |   Connection [01;36m[KaddCallback[m[K(const std::function<void(P0, P1, P2, P3, P4, P5, P6, P7, P8)>& callback)
[2.294s]       |              [01;36m[K^~~~~~~~~~~[m[K
[2.294s] [01m[K/opt/ros/foxy/include/message_filters/signal9.h:170:89:[m[K [01;36m[Knote: [m[K  no known conversion for argument 1 from ‘[01m[Kstd::_Bind_helper<false, const boost::_bi::bind_t<boost::_bi::unspecified, void (msgSubPub::*)(const std::shared_ptr<const sensor_msgs::msg::CompressedImage_<std::allocator<void> > >&, const std::shared_ptr<const sensor_msgs::msg::CompressedImage_<std::allocator<void> > >&, const std::shared_ptr<const lgsvl_msgs::msg::Detection3DArray_<std::allocator<void> > >&, const std::shared_ptr<const lgsvl_msgs::msg::SignalArray_<std::allocator<void> > >&, const std::shared_ptr<const lgsvl_msgs::msg::CanBusData_<std::allocator<void> > >&), boost::_bi::list5<boost::_bi::value<msgSubPub*>, boost::arg<1>, boost::arg<2>, boost::arg<3>, boost::arg<4> > >&, const std::_Placeholder<1>&, const std::_Placeholder<2>&, const std::_Placeholder<3>&, const std::_Placeholder<4>&, const std::_Placeholder<5>&, const std::_Placeholder<6>&, const std::_Placeholder<7>&, const std::_Placeholder<8>&, const std::_Placeholder<9>&>::type[m[K’ {aka ‘[01m[Kstd::_Bind<boost::_bi::bind_t<boost::_bi::unspecified, void (msgSubPub::*)(const std::shared_ptr<const sensor_msgs::msg::CompressedImage_<std::allocator<void> > >&, const std::shared_ptr<const sensor_msgs::msg::CompressedImage_<std::allocator<void> > >&, const std::shared_ptr<const lgsvl_msgs::msg::Detection3DArray_<std::allocator<void> > >&, const std::shared_ptr<const lgsvl_msgs::msg::SignalArray_<std::allocator<void> > >&, const std::shared_ptr<const lgsvl_msgs::msg::CanBusData_<std::allocator<void> > >&), boost::_bi::list5<boost::_bi::value<msgSubPub*>, boost::arg<1>, boost::arg<2>, boost::arg<3>, boost::arg<4> > >(std::_Placeholder<1>, std::_Placeholder<2>, std::_Placeholder<3>, std::_Placeholder<4>, std::_Placeholder<5>, std::_Placeholder<6>, std::_Placeholder<7>, std::_Placeholder<8>, std::_Placeholder<9>)>[m[K’} to ‘[01m[Kconst std::function<void(const std::shared_ptr<const sensor_msgs::msg::CompressedImage_<std::allocator<void> > >&, const std::shared_ptr<const sensor_msgs::msg::Imu_<std::allocator<void> > >&, const std::shared_ptr<const lgsvl_msgs::msg::Detection3DArray_<std::allocator<void> > >&, const std::shared_ptr<const lgsvl_msgs::msg::SignalArray_<std::allocator<void> > >&, const std::shared_ptr<const lgsvl_msgs::msg::CanBusData_<std::allocator<void> > >&, const std::shared_ptr<const message_filters::NullType>&, const std::shared_ptr<const message_filters::NullType>&, const std::shared_ptr<const message_filters::NullType>&, const std::shared_ptr<const message_filters::NullType>&)>&[m[K’
[2.294s]   170 |   Connection addCallback([01;36m[Kconst std::function<void(P0, P1, P2, P3, P4, P5, P6, P7, P8)>& callback[m[K)
[2.294s]       |                          [01;36m[K~~~~~~~~~~~~~~~~~~~~~~~~~~~~~~~~~~~~~~~~~~~~~~~~~~~~~~~~~~~~~~~^~~~~~~~[m[K
[2.294s] [01m[K/opt/ros/foxy/include/message_filters/signal9.h:180:14:[m[K [01;36m[Knote: [m[Kcandidate: ‘[01m[Ktemplate<class P0, class P1> message_filters::Connection message_filters::Signal9<M0, M1, M2, M3, M4, M5, M6, M7, M8>::addCallback(void (*)(P0, P1)) [with P0 = P0; P1 = P1; M0 = sensor_msgs::msg::CompressedImage_<std::allocator<void> >; M1 = sensor_msgs::msg::Imu_<std::allocator<void> >; M2 = lgsvl_msgs::msg::Detection3DArray_<std::allocator<void> >; M3 = lgsvl_msgs::msg::SignalArray_<std::allocator<void> >; M4 = lgsvl_msgs::msg::CanBusData_<std::allocator<void> >; M5 = message_filters::NullType; M6 = message_filters::NullType; M7 = message_filters::NullType; M8 = message_filters::NullType][m[K’
[2.294s]   180 |   Connection [01;36m[KaddCallback[m[K(void(*callback)(P0, P1))
[2.294s]       |              [01;36m[K^~~~~~~~~~~[m[K
[2.294s] [01m[K/opt/ros/foxy/include/message_filters/signal9.h:180:14:[m[K [01;36m[Knote: [m[K  template argument deduction/substitution failed:
[2.295s] In file included from [01m[K/opt/ros/foxy/include/message_filters/synchronizer.h:47[m[K,
[2.295s]                  from [01m[K/home/cl4y3r/VDS/autodriving/src/msg_subpub.cpp:6[m[K:
[2.295s] [01m[K/opt/ros/foxy/include/message_filters/signal9.h:280:267:[m[K [01;31m[Kerror: [m[Kwrong number of template arguments (9, should be 2)
[2.295s]   280 | ers::_4, std::placeholders::_5, std::placeholders::_6, std::placeholders::_7, std::placeholders::_8, std::placeholders::_9)[01;31m[K)[m[K;
[2.295s]       |                                                                                                                            [01;31m[K^[m[K
[2.295s] 
[2.295s] In file included from [01m[K/opt/ros/foxy/include/message_filters/synchronizer.h:47[m[K,
[2.295s]                  from [01m[K/home/cl4y3r/VDS/autodriving/src/msg_subpub.cpp:6[m[K:
[2.295s] [01m[K/opt/ros/foxy/include/message_filters/signal9.h:186:14:[m[K [01;36m[Knote: [m[Kcandidate: ‘[01m[Ktemplate<class P0, class P1, class P2> message_filters::Connection message_filters::Signal9<M0, M1, M2, M3, M4, M5, M6, M7, M8>::addCallback(void (*)(P0, P1, P2)) [with P0 = P0; P1 = P1; P2 = P2; M0 = sensor_msgs::msg::CompressedImage_<std::allocator<void> >; M1 = sensor_msgs::msg::Imu_<std::allocator<void> >; M2 = lgsvl_msgs::msg::Detection3DArray_<std::allocator<void> >; M3 = lgsvl_msgs::msg::SignalArray_<std::allocator<void> >; M4 = lgsvl_msgs::msg::CanBusData_<std::allocator<void> >; M5 = message_filters::NullType; M6 = message_filters::NullType; M7 = message_filters::NullType; M8 = message_filters::NullType][m[K’
[2.295s]   186 |   Connection [01;36m[KaddCallback[m[K(void(*callback)(P0, P1, P2))
[2.296s]       |              [01;36m[K^~~~~~~~~~~[m[K
[2.296s] [01m[K/opt/ros/foxy/include/message_filters/signal9.h:186:14:[m[K [01;36m[Knote: [m[K  template argument deduction/substitution failed:
[2.296s] In file included from [01m[K/opt/ros/foxy/include/message_filters/synchronizer.h:47[m[K,
[2.296s]                  from [01m[K/home/cl4y3r/VDS/autodriving/src/msg_subpub.cpp:6[m[K:
[2.296s] [01m[K/opt/ros/foxy/include/message_filters/signal9.h:280:267:[m[K [01;31m[Kerror: [m[Kwrong number of template arguments (9, should be 3)
[2.296s]   280 | ers::_4, std::placeholders::_5, std::placeholders::_6, std::placeholders::_7, std::placeholders::_8, std::placeholders::_9)[01;31m[K)[m[K;
[2.296s]       |                                                                                                                            [01;31m[K^[m[K
[2.296s] 
[2.296s] In file included from [01m[K/opt/ros/foxy/include/message_filters/synchronizer.h:47[m[K,
[2.296s]                  from [01m[K/home/cl4y3r/VDS/autodriving/src/msg_subpub.cpp:6[m[K:
[2.297s] [01m[K/opt/ros/foxy/include/message_filters/signal9.h:192:14:[m[K [01;36m[Knote: [m[Kcandidate: ‘[01m[Ktemplate<class P0, class P1, class P2, class P3> message_filters::Connection message_filters::Signal9<M0, M1, M2, M3, M4, M5, M6, M7, M8>::addCallback(void (*)(P0, P1, P2, P3)) [with P0 = P0; P1 = P1; P2 = P2; P3 = P3; M0 = sensor_msgs::msg::CompressedImage_<std::allocator<void> >; M1 = sensor_msgs::msg::Imu_<std::allocator<void> >; M2 = lgsvl_msgs::msg::Detection3DArray_<std::allocator<void> >; M3 = lgsvl_msgs::msg::SignalArray_<std::allocator<void> >; M4 = lgsvl_msgs::msg::CanBusData_<std::allocator<void> >; M5 = message_filters::NullType; M6 = message_filters::NullType; M7 = message_filters::NullType; M8 = message_filters::NullType][m[K’
[2.297s]   192 |   Connection [01;36m[KaddCallback[m[K(void(*callback)(P0, P1, P2, P3))
[2.297s]       |              [01;36m[K^~~~~~~~~~~[m[K
[2.297s] [01m[K/opt/ros/foxy/include/message_filters/signal9.h:192:14:[m[K [01;36m[Knote: [m[K  template argument deduction/substitution failed:
[2.297s] In file included from [01m[K/opt/ros/foxy/include/message_filters/synchronizer.h:47[m[K,
[2.297s]                  from [01m[K/home/cl4y3r/VDS/autodriving/src/msg_subpub.cpp:6[m[K:
[2.297s] [01m[K/opt/ros/foxy/include/message_filters/signal9.h:280:267:[m[K [01;31m[Kerror: [m[Kwrong number of template arguments (9, should be 4)
[2.297s]   280 | ers::_4, std::placeholders::_5, std::placeholders::_6, std::placeholders::_7, std::placeholders::_8, std::placeholders::_9)[01;31m[K)[m[K;
[2.297s]       |                                                                                                                            [01;31m[K^[m[K
[2.297s] 
[2.298s] In file included from [01m[K/opt/ros/foxy/include/message_filters/synchronizer.h:47[m[K,
[2.298s]                  from [01m[K/home/cl4y3r/VDS/autodriving/src/msg_subpub.cpp:6[m[K:
[2.298s] [01m[K/opt/ros/foxy/include/message_filters/signal9.h:198:14:[m[K [01;36m[Knote: [m[Kcandidate: ‘[01m[Ktemplate<class P0, class P1, class P2, class P3, class P4> message_filters::Connection message_filters::Signal9<M0, M1, M2, M3, M4, M5, M6, M7, M8>::addCallback(void (*)(P0, P1, P2, P3, P4)) [with P0 = P0; P1 = P1; P2 = P2; P3 = P3; P4 = P4; M0 = sensor_msgs::msg::CompressedImage_<std::allocator<void> >; M1 = sensor_msgs::msg::Imu_<std::allocator<void> >; M2 = lgsvl_msgs::msg::Detection3DArray_<std::allocator<void> >; M3 = lgsvl_msgs::msg::SignalArray_<std::allocator<void> >; M4 = lgsvl_msgs::msg::CanBusData_<std::allocator<void> >; M5 = message_filters::NullType; M6 = message_filters::NullType; M7 = message_filters::NullType; M8 = message_filters::NullType][m[K’
[2.298s]   198 |   Connection [01;36m[KaddCallback[m[K(void(*callback)(P0, P1, P2, P3, P4))
[2.298s]       |              [01;36m[K^~~~~~~~~~~[m[K
[2.298s] [01m[K/opt/ros/foxy/include/message_filters/signal9.h:198:14:[m[K [01;36m[Knote: [m[K  template argument deduction/substitution failed:
[2.298s] In file included from [01m[K/opt/ros/foxy/include/message_filters/synchronizer.h:47[m[K,
[2.298s]                  from [01m[K/home/cl4y3r/VDS/autodriving/src/msg_subpub.cpp:6[m[K:
[2.298s] [01m[K/opt/ros/foxy/include/message_filters/signal9.h:280:267:[m[K [01;31m[Kerror: [m[Kwrong number of template arguments (9, should be 5)
[2.298s]   280 | ers::_4, std::placeholders::_5, std::placeholders::_6, std::placeholders::_7, std::placeholders::_8, std::placeholders::_9)[01;31m[K)[m[K;
[2.299s]       |                                                                                                                            [01;31m[K^[m[K
[2.299s] 
[2.299s] In file included from [01m[K/opt/ros/foxy/include/message_filters/synchronizer.h:47[m[K,
[2.299s]                  from [01m[K/home/cl4y3r/VDS/autodriving/src/msg_subpub.cpp:6[m[K:
[2.299s] [01m[K/opt/ros/foxy/include/message_filters/signal9.h:204:14:[m[K [01;36m[Knote: [m[Kcandidate: ‘[01m[Ktemplate<class P0, class P1, class P2, class P3, class P4, class P5> message_filters::Connection message_filters::Signal9<M0, M1, M2, M3, M4, M5, M6, M7, M8>::addCallback(void (*)(P0, P1, P2, P3, P4, P5)) [with P0 = P0; P1 = P1; P2 = P2; P3 = P3; P4 = P4; P5 = P5; M0 = sensor_msgs::msg::CompressedImage_<std::allocator<void> >; M1 = sensor_msgs::msg::Imu_<std::allocator<void> >; M2 = lgsvl_msgs::msg::Detection3DArray_<std::allocator<void> >; M3 = lgsvl_msgs::msg::SignalArray_<std::allocator<void> >; M4 = lgsvl_msgs::msg::CanBusData_<std::allocator<void> >; M5 = message_filters::NullType; M6 = message_filters::NullType; M7 = message_filters::NullType; M8 = message_filters::NullType][m[K’
[2.299s]   204 |   Connection [01;36m[KaddCallback[m[K(void(*callback)(P0, P1, P2, P3, P4, P5))
[2.299s]       |              [01;36m[K^~~~~~~~~~~[m[K
[2.299s] [01m[K/opt/ros/foxy/include/message_filters/signal9.h:204:14:[m[K [01;36m[Knote: [m[K  template argument deduction/substitution failed:
[2.299s] In file included from [01m[K/opt/ros/foxy/include/message_filters/synchronizer.h:47[m[K,
[2.299s]                  from [01m[K/home/cl4y3r/VDS/autodriving/src/msg_subpub.cpp:6[m[K:
[2.300s] [01m[K/opt/ros/foxy/include/message_filters/signal9.h:280:267:[m[K [01;31m[Kerror: [m[Kwrong number of template arguments (9, should be 6)
[2.300s]   280 | ers::_4, std::placeholders::_5, std::placeholders::_6, std::placeholders::_7, std::placeholders::_8, std::placeholders::_9)[01;31m[K)[m[K;
[2.300s]       |                                                                                                                            [01;31m[K^[m[K
[2.300s] 
[2.300s] In file included from [01m[K/opt/ros/foxy/include/message_filters/synchronizer.h:47[m[K,
[2.300s]                  from [01m[K/home/cl4y3r/VDS/autodriving/src/msg_subpub.cpp:6[m[K:
[2.300s] [01m[K/opt/ros/foxy/include/message_filters/signal9.h:210:14:[m[K [01;36m[Knote: [m[Kcandidate: ‘[01m[Ktemplate<class P0, class P1, class P2, class P3, class P4, class P5, class P6> message_filters::Connection message_filters::Signal9<M0, M1, M2, M3, M4, M5, M6, M7, M8>::addCallback(void (*)(P0, P1, P2, P3, P4, P5, P6)) [with P0 = P0; P1 = P1; P2 = P2; P3 = P3; P4 = P4; P5 = P5; P6 = P6; M0 = sensor_msgs::msg::CompressedImage_<std::allocator<void> >; M1 = sensor_msgs::msg::Imu_<std::allocator<void> >; M2 = lgsvl_msgs::msg::Detection3DArray_<std::allocator<void> >; M3 = lgsvl_msgs::msg::SignalArray_<std::allocator<void> >; M4 = lgsvl_msgs::msg::CanBusData_<std::allocator<void> >; M5 = message_filters::NullType; M6 = message_filters::NullType; M7 = message_filters::NullType; M8 = message_filters::NullType][m[K’
[2.300s]   210 |   Connection [01;36m[KaddCallback[m[K(void(*callback)(P0, P1, P2, P3, P4, P5, P6))
[2.300s]       |              [01;36m[K^~~~~~~~~~~[m[K
[2.300s] [01m[K/opt/ros/foxy/include/message_filters/signal9.h:210:14:[m[K [01;36m[Knote: [m[K  template argument deduction/substitution failed:
[2.300s] In file included from [01m[K/opt/ros/foxy/include/message_filters/synchronizer.h:47[m[K,
[2.301s]                  from [01m[K/home/cl4y3r/VDS/autodriving/src/msg_subpub.cpp:6[m[K:
[2.301s] [01m[K/opt/ros/foxy/include/message_filters/signal9.h:280:267:[m[K [01;31m[Kerror: [m[Kwrong number of template arguments (9, should be 7)
[2.301s]   280 | ers::_4, std::placeholders::_5, std::placeholders::_6, std::placeholders::_7, std::placeholders::_8, std::placeholders::_9)[01;31m[K)[m[K;
[2.301s]       |                                                                                                                            [01;31m[K^[m[K
[2.301s] 
[2.301s] [01m[K/opt/ros/foxy/include/message_filters/signal9.h:216:14:[m[K [01;36m[Knote: [m[Kcandidate: ‘[01m[Ktemplate<class P0, class P1, class P2, class P3, class P4, class P5, class P6, class P7> message_filters::Connection message_filters::Signal9<M0, M1, M2, M3, M4, M5, M6, M7, M8>::addCallback(void (*)(P0, P1, P2, P3, P4, P5, P6, P7)) [with P0 = P0; P1 = P1; P2 = P2; P3 = P3; P4 = P4; P5 = P5; P6 = P6; P7 = P7; M0 = sensor_msgs::msg::CompressedImage_<std::allocator<void> >; M1 = sensor_msgs::msg::Imu_<std::allocator<void> >; M2 = lgsvl_msgs::msg::Detection3DArray_<std::allocator<void> >; M3 = lgsvl_msgs::msg::SignalArray_<std::allocator<void> >; M4 = lgsvl_msgs::msg::CanBusData_<std::allocator<void> >; M5 = message_filters::NullType; M6 = message_filters::NullType; M7 = message_filters::NullType; M8 = message_filters::NullType][m[K’
[2.301s]   216 |   Connection [01;36m[KaddCallback[m[K(void(*callback)(P0, P1, P2, P3, P4, P5, P6, P7))
[2.301s]       |              [01;36m[K^~~~~~~~~~~[m[K
[2.301s] [01m[K/opt/ros/foxy/include/message_filters/signal9.h:216:14:[m[K [01;36m[Knote: [m[K  template argument deduction/substitution failed:
[2.301s] [01m[K/opt/ros/foxy/include/message_filters/signal9.h:280:267:[m[K [01;31m[Kerror: [m[Kwrong number of template arguments (9, should be 8)
[2.301s]   280 | ers::_4, std::placeholders::_5, std::placeholders::_6, std::placeholders::_7, std::placeholders::_8, std::placeholders::_9)[01;31m[K)[m[K;
[2.302s]       |                                                                                                                            [01;31m[K^[m[K
[2.302s] 
[2.302s] [01m[K/opt/ros/foxy/include/message_filters/signal9.h:222:14:[m[K [01;36m[Knote: [m[Kcandidate: ‘[01m[Kmessage_filters::Connection message_filters::Signal9<M0, M1, M2, M3, M4, M5, M6, M7, M8>::addCallback(void (*)(P0, P1, P2, P3, P4, P5, P6, P7, P8)) [with P0 = const std::shared_ptr<const sensor_msgs::msg::CompressedImage_<std::allocator<void> > >&; P1 = const std::shared_ptr<const sensor_msgs::msg::Imu_<std::allocator<void> > >&; P2 = const std::shared_ptr<const lgsvl_msgs::msg::Detection3DArray_<std::allocator<void> > >&; P3 = const std::shared_ptr<const lgsvl_msgs::msg::SignalArray_<std::allocator<void> > >&; P4 = const std::shared_ptr<const lgsvl_msgs::msg::CanBusData_<std::allocator<void> > >&; P5 = const std::shared_ptr<const message_filters::NullType>&; P6 = const std::shared_ptr<const message_filters::NullType>&; P7 = const std::shared_ptr<const message_filters::NullType>&; P8 = const std::shared_ptr<const message_filters::NullType>&; M0 = sensor_msgs::msg::CompressedImage_<std::allocator<void> >; M1 = sensor_msgs::msg::Imu_<std::allocator<void> >; M2 = lgsvl_msgs::msg::Detection3DArray_<std::allocator<void> >; M3 = lgsvl_msgs::msg::SignalArray_<std::allocator<void> >; M4 = lgsvl_msgs::msg::CanBusData_<std::allocator<void> >; M5 = message_filters::NullType; M6 = message_filters::NullType; M7 = message_filters::NullType; M8 = message_filters::NullType][m[K’
[2.302s]   222 |   Connection [01;36m[KaddCallback[m[K(void(*callback)(P0, P1, P2, P3, P4, P5, P6, P7, P8))
[2.302s]       |              [01;36m[K^~~~~~~~~~~[m[K
[2.302s] [01m[K/opt/ros/foxy/include/message_filters/signal9.h:222:32:[m[K [01;36m[Knote: [m[K  no known conversion for argument 1 from ‘[01m[Kstd::_Bind_helper<false, const boost::_bi::bind_t<boost::_bi::unspecified, void (msgSubPub::*)(const std::shared_ptr<const sensor_msgs::msg::CompressedImage_<std::allocator<void> > >&, const std::shared_ptr<const sensor_msgs::msg::CompressedImage_<std::allocator<void> > >&, const std::shared_ptr<const lgsvl_msgs::msg::Detection3DArray_<std::allocator<void> > >&, const std::shared_ptr<const lgsvl_msgs::msg::SignalArray_<std::allocator<void> > >&, const std::shared_ptr<const lgsvl_msgs::msg::CanBusData_<std::allocator<void> > >&), boost::_bi::list5<boost::_bi::value<msgSubPub*>, boost::arg<1>, boost::arg<2>, boost::arg<3>, boost::arg<4> > >&, const std::_Placeholder<1>&, const std::_Placeholder<2>&, const std::_Placeholder<3>&, const std::_Placeholder<4>&, const std::_Placeholder<5>&, const std::_Placeholder<6>&, const std::_Placeholder<7>&, const std::_Placeholder<8>&, const std::_Placeholder<9>&>::type[m[K’ {aka ‘[01m[Kstd::_Bind<boost::_bi::bind_t<boost::_bi::unspecified, void (msgSubPub::*)(const std::shared_ptr<const sensor_msgs::msg::CompressedImage_<std::allocator<void> > >&, const std::shared_ptr<const sensor_msgs::msg::CompressedImage_<std::allocator<void> > >&, const std::shared_ptr<const lgsvl_msgs::msg::Detection3DArray_<std::allocator<void> > >&, const std::shared_ptr<const lgsvl_msgs::msg::SignalArray_<std::allocator<void> > >&, const std::shared_ptr<const lgsvl_msgs::msg::CanBusData_<std::allocator<void> > >&), boost::_bi::list5<boost::_bi::value<msgSubPub*>, boost::arg<1>, boost::arg<2>, boost::arg<3>, boost::arg<4> > >(std::_Placeholder<1>, std::_Placeholder<2>, std::_Placeholder<3>, std::_Placeholder<4>, std::_Placeholder<5>, std::_Placeholder<6>, std::_Placeholder<7>, std::_Placeholder<8>, std::_Placeholder<9>)>[m[K’} to ‘[01m[Kvoid (*)(const std::shared_ptr<const sensor_msgs::msg::CompressedImage_<std::allocator<void> > >&, const std::shared_ptr<const sensor_msgs::msg::Imu_<std::allocator<void> > >&, const std::shared_ptr<const lgsvl_msgs::msg::Detection3DArray_<std::allocator<void> > >&, const std::shared_ptr<const lgsvl_msgs::msg::SignalArray_<std::allocator<void> > >&, const std::shared_ptr<const lgsvl_msgs::msg::CanBusData_<std::allocator<void> > >&, const std::shared_ptr<const message_filters::NullType>&, const std::shared_ptr<const message_filters::NullType>&, const std::shared_ptr<const message_filters::NullType>&, const std::shared_ptr<const message_filters::NullType>&)[m[K’
[2.302s]   222 |   Connection addCallback([01;36m[Kvoid(*callback)(P0, P1, P2, P3, P4, P5, P6, P7, P8)[m[K)
[2.302s]       |                          [01;36m[K~~~~~~^~~~~~~~~~~~~~~~~~~~~~~~~~~~~~~~~~~~~~~~~~~~~[m[K
[2.302s] [01m[K/opt/ros/foxy/include/message_filters/signal9.h:228:14:[m[K [01;36m[Knote: [m[Kcandidate: ‘[01m[Ktemplate<class T, class P0, class P1> message_filters::Connection message_filters::Signal9<M0, M1, M2, M3, M4, M5, M6, M7, M8>::addCallback(void (T::*)(P0, P1), T*) [with T = T; P0 = P0; P1 = P1; M0 = sensor_msgs::msg::CompressedImage_<std::allocator<void> >; M1 = sensor_msgs::msg::Imu_<std::allocator<void> >; M2 = lgsvl_msgs::msg::Detection3DArray_<std::allocator<void> >; M3 = lgsvl_msgs::msg::SignalArray_<std::allocator<void> >; M4 = lgsvl_msgs::msg::CanBusData_<std::allocator<void> >; M5 = message_filters::NullType; M6 = message_filters::NullType; M7 = message_filters::NullType; M8 = message_filters::NullType][m[K’
[2.302s]   228 |   Connection [01;36m[KaddCallback[m[K(void(T::*callback)(P0, P1), T* t)
[2.303s]       |              [01;36m[K^~~~~~~~~~~[m[K
[2.303s] [01m[K/opt/ros/foxy/include/message_filters/signal9.h:228:14:[m[K [01;36m[Knote: [m[K  template argument deduction/substitution failed:
[2.303s] [01m[K/opt/ros/foxy/include/message_filters/signal9.h:280:267:[m[K [01;31m[Kerror: [m[Kwrong number of template arguments (9, should be 3)
[2.303s]   280 | ers::_4, std::placeholders::_5, std::placeholders::_6, std::placeholders::_7, std::placeholders::_8, std::placeholders::_9)[01;31m[K)[m[K;
[2.303s]       |                                                                                                                            [01;31m[K^[m[K
[2.303s] 
[2.303s] [01m[K/opt/ros/foxy/include/message_filters/signal9.h:234:14:[m[K [01;36m[Knote: [m[Kcandidate: ‘[01m[Ktemplate<class T, class P0, class P1, class P2> message_filters::Connection message_filters::Signal9<M0, M1, M2, M3, M4, M5, M6, M7, M8>::addCallback(void (T::*)(P0, P1, P2), T*) [with T = T; P0 = P0; P1 = P1; P2 = P2; M0 = sensor_msgs::msg::CompressedImage_<std::allocator<void> >; M1 = sensor_msgs::msg::Imu_<std::allocator<void> >; M2 = lgsvl_msgs::msg::Detection3DArray_<std::allocator<void> >; M3 = lgsvl_msgs::msg::SignalArray_<std::allocator<void> >; M4 = lgsvl_msgs::msg::CanBusData_<std::allocator<void> >; M5 = message_filters::NullType; M6 = message_filters::NullType; M7 = message_filters::NullType; M8 = message_filters::NullType][m[K’
[2.303s]   234 |   Connection [01;36m[KaddCallback[m[K(void(T::*callback)(P0, P1, P2), T* t)
[2.303s]       |              [01;36m[K^~~~~~~~~~~[m[K
[2.303s] [01m[K/opt/ros/foxy/include/message_filters/signal9.h:234:14:[m[K [01;36m[Knote: [m[K  template argument deduction/substitution failed:
[2.303s] [01m[K/opt/ros/foxy/include/message_filters/signal9.h:280:267:[m[K [01;31m[Kerror: [m[Kwrong number of template arguments (9, should be 4)
[2.304s]   280 | ers::_4, std::placeholders::_5, std::placeholders::_6, std::placeholders::_7, std::placeholders::_8, std::placeholders::_9)[01;31m[K)[m[K;
[2.304s]       |                                                                                                                            [01;31m[K^[m[K
[2.304s] 
[2.304s] [01m[K/opt/ros/foxy/include/message_filters/signal9.h:240:14:[m[K [01;36m[Knote: [m[Kcandidate: ‘[01m[Ktemplate<class T, class P0, class P1, class P2, class P3> message_filters::Connection message_filters::Signal9<M0, M1, M2, M3, M4, M5, M6, M7, M8>::addCallback(void (T::*)(P0, P1, P2, P3), T*) [with T = T; P0 = P0; P1 = P1; P2 = P2; P3 = P3; M0 = sensor_msgs::msg::CompressedImage_<std::allocator<void> >; M1 = sensor_msgs::msg::Imu_<std::allocator<void> >; M2 = lgsvl_msgs::msg::Detection3DArray_<std::allocator<void> >; M3 = lgsvl_msgs::msg::SignalArray_<std::allocator<void> >; M4 = lgsvl_msgs::msg::CanBusData_<std::allocator<void> >; M5 = message_filters::NullType; M6 = message_filters::NullType; M7 = message_filters::NullType; M8 = message_filters::NullType][m[K’
[2.304s]   240 |   Connection [01;36m[KaddCallback[m[K(void(T::*callback)(P0, P1, P2, P3), T* t)
[2.304s]       |              [01;36m[K^~~~~~~~~~~[m[K
[2.304s] [01m[K/opt/ros/foxy/include/message_filters/signal9.h:240:14:[m[K [01;36m[Knote: [m[K  template argument deduction/substitution failed:
[2.304s] [01m[K/opt/ros/foxy/include/message_filters/signal9.h:280:267:[m[K [01;31m[Kerror: [m[Kwrong number of template arguments (9, should be 5)
[2.304s]   280 | ers::_4, std::placeholders::_5, std::placeholders::_6, std::placeholders::_7, std::placeholders::_8, std::placeholders::_9)[01;31m[K)[m[K;
[2.304s]       |                                                                                                                            [01;31m[K^[m[K
[2.304s] 
[2.304s] [01m[K/opt/ros/foxy/include/message_filters/signal9.h:246:14:[m[K [01;36m[Knote: [m[Kcandidate: ‘[01m[Ktemplate<class T, class P0, class P1, class P2, class P3, class P4> message_filters::Connection message_filters::Signal9<M0, M1, M2, M3, M4, M5, M6, M7, M8>::addCallback(void (T::*)(P0, P1, P2, P3, P4), T*) [with T = T; P0 = P0; P1 = P1; P2 = P2; P3 = P3; P4 = P4; M0 = sensor_msgs::msg::CompressedImage_<std::allocator<void> >; M1 = sensor_msgs::msg::Imu_<std::allocator<void> >; M2 = lgsvl_msgs::msg::Detection3DArray_<std::allocator<void> >; M3 = lgsvl_msgs::msg::SignalArray_<std::allocator<void> >; M4 = lgsvl_msgs::msg::CanBusData_<std::allocator<void> >; M5 = message_filters::NullType; M6 = message_filters::NullType; M7 = message_filters::NullType; M8 = message_filters::NullType][m[K’
[2.304s]   246 |   Connection [01;36m[KaddCallback[m[K(void(T::*callback)(P0, P1, P2, P3, P4), T* t)
[2.305s]       |              [01;36m[K^~~~~~~~~~~[m[K
[2.305s] [01m[K/opt/ros/foxy/include/message_filters/signal9.h:246:14:[m[K [01;36m[Knote: [m[K  template argument deduction/substitution failed:
[2.305s] [01m[K/opt/ros/foxy/include/message_filters/signal9.h:280:267:[m[K [01;31m[Kerror: [m[Kwrong number of template arguments (9, should be 6)
[2.305s]   280 | ers::_4, std::placeholders::_5, std::placeholders::_6, std::placeholders::_7, std::placeholders::_8, std::placeholders::_9)[01;31m[K)[m[K;
[2.305s]       |                                                                                                                            [01;31m[K^[m[K
[2.305s] 
[2.305s] [01m[K/opt/ros/foxy/include/message_filters/signal9.h:252:14:[m[K [01;36m[Knote: [m[Kcandidate: ‘[01m[Ktemplate<class T, class P0, class P1, class P2, class P3, class P4, class P5> message_filters::Connection message_filters::Signal9<M0, M1, M2, M3, M4, M5, M6, M7, M8>::addCallback(void (T::*)(P0, P1, P2, P3, P4, P5), T*) [with T = T; P0 = P0; P1 = P1; P2 = P2; P3 = P3; P4 = P4; P5 = P5; M0 = sensor_msgs::msg::CompressedImage_<std::allocator<void> >; M1 = sensor_msgs::msg::Imu_<std::allocator<void> >; M2 = lgsvl_msgs::msg::Detection3DArray_<std::allocator<void> >; M3 = lgsvl_msgs::msg::SignalArray_<std::allocator<void> >; M4 = lgsvl_msgs::msg::CanBusData_<std::allocator<void> >; M5 = message_filters::NullType; M6 = message_filters::NullType; M7 = message_filters::NullType; M8 = message_filters::NullType][m[K’
[2.305s]   252 |   Connection [01;36m[KaddCallback[m[K(void(T::*callback)(P0, P1, P2, P3, P4, P5), T* t)
[2.305s]       |              [01;36m[K^~~~~~~~~~~[m[K
[2.305s] [01m[K/opt/ros/foxy/include/message_filters/signal9.h:252:14:[m[K [01;36m[Knote: [m[K  template argument deduction/substitution failed:
[2.305s] [01m[K/opt/ros/foxy/include/message_filters/signal9.h:280:267:[m[K [01;31m[Kerror: [m[Kwrong number of template arguments (9, should be 7)
[2.305s]   280 | ers::_4, std::placeholders::_5, std::placeholders::_6, std::placeholders::_7, std::placeholders::_8, std::placeholders::_9)[01;31m[K)[m[K;
[2.305s]       |                                                                                                                            [01;31m[K^[m[K
[2.306s] 
[2.306s] [01m[K/opt/ros/foxy/include/message_filters/signal9.h:258:14:[m[K [01;36m[Knote: [m[Kcandidate: ‘[01m[Ktemplate<class T, class P0, class P1, class P2, class P3, class P4, class P5, class P6> message_filters::Connection message_filters::Signal9<M0, M1, M2, M3, M4, M5, M6, M7, M8>::addCallback(void (T::*)(P0, P1, P2, P3, P4, P5, P6), T*) [with T = T; P0 = P0; P1 = P1; P2 = P2; P3 = P3; P4 = P4; P5 = P5; P6 = P6; M0 = sensor_msgs::msg::CompressedImage_<std::allocator<void> >; M1 = sensor_msgs::msg::Imu_<std::allocator<void> >; M2 = lgsvl_msgs::msg::Detection3DArray_<std::allocator<void> >; M3 = lgsvl_msgs::msg::SignalArray_<std::allocator<void> >; M4 = lgsvl_msgs::msg::CanBusData_<std::allocator<void> >; M5 = message_filters::NullType; M6 = message_filters::NullType; M7 = message_filters::NullType; M8 = message_filters::NullType][m[K’
[2.306s]   258 |   Connection [01;36m[KaddCallback[m[K(void(T::*callback)(P0, P1, P2, P3, P4, P5, P6), T* t)
[2.306s]       |              [01;36m[K^~~~~~~~~~~[m[K
[2.306s] [01m[K/opt/ros/foxy/include/message_filters/signal9.h:258:14:[m[K [01;36m[Knote: [m[K  template argument deduction/substitution failed:
[2.306s] [01m[K/opt/ros/foxy/include/message_filters/signal9.h:280:267:[m[K [01;31m[Kerror: [m[Kwrong number of template arguments (9, should be 8)
[2.306s]   280 | ers::_4, std::placeholders::_5, std::placeholders::_6, std::placeholders::_7, std::placeholders::_8, std::placeholders::_9)[01;31m[K)[m[K;
[2.306s]       |                                                                                                                            [01;31m[K^[m[K
[2.306s] 
[2.306s] [01m[K/opt/ros/foxy/include/message_filters/signal9.h:264:14:[m[K [01;36m[Knote: [m[Kcandidate: ‘[01m[Ktemplate<class T, class P0, class P1, class P2, class P3, class P4, class P5, class P6, class P7> message_filters::Connection message_filters::Signal9<M0, M1, M2, M3, M4, M5, M6, M7, M8>::addCallback(void (T::*)(P0, P1, P2, P3, P4, P5, P6, P7), T*) [with T = T; P0 = P0; P1 = P1; P2 = P2; P3 = P3; P4 = P4; P5 = P5; P6 = P6; P7 = P7; M0 = sensor_msgs::msg::CompressedImage_<std::allocator<void> >; M1 = sensor_msgs::msg::Imu_<std::allocator<void> >; M2 = lgsvl_msgs::msg::Detection3DArray_<std::allocator<void> >; M3 = lgsvl_msgs::msg::SignalArray_<std::allocator<void> >; M4 = lgsvl_msgs::msg::CanBusData_<std::allocator<void> >; M5 = message_filters::NullType; M6 = message_filters::NullType; M7 = message_filters::NullType; M8 = message_filters::NullType][m[K’
[2.307s]   264 |   Connection [01;36m[KaddCallback[m[K(void(T::*callback)(P0, P1, P2, P3, P4, P5, P6, P7), T* t)
[2.307s]       |              [01;36m[K^~~~~~~~~~~[m[K
[2.307s] [01m[K/opt/ros/foxy/include/message_filters/signal9.h:264:14:[m[K [01;36m[Knote: [m[K  template argument deduction/substitution failed:
[2.307s] /opt/ros/foxy/include/message_filters/signal9.h: In substitution of ‘[01m[Ktemplate<class T, class P0, class P1, class P2, class P3, class P4, class P5, class P6, class P7> message_filters::Connection message_filters::Signal9<sensor_msgs::msg::CompressedImage_<std::allocator<void> >, sensor_msgs::msg::Imu_<std::allocator<void> >, lgsvl_msgs::msg::Detection3DArray_<std::allocator<void> >, lgsvl_msgs::msg::SignalArray_<std::allocator<void> >, lgsvl_msgs::msg::CanBusData_<std::allocator<void> >, message_filters::NullType, message_filters::NullType, message_filters::NullType, message_filters::NullType>::addCallback<T, P0, P1, P2, P3, P4, P5, P6, P7>(void (T::*)(P0, P1, P2, P3, P4, P5, P6, P7), T*) [with T = const std::shared_ptr<const sensor_msgs::msg::CompressedImage_<std::allocator<void> > >&; P0 = const std::shared_ptr<const sensor_msgs::msg::Imu_<std::allocator<void> > >&; P1 = const std::shared_ptr<const lgsvl_msgs::msg::Detection3DArray_<std::allocator<void> > >&; P2 = const std::shared_ptr<const lgsvl_msgs::msg::SignalArray_<std::allocator<void> > >&; P3 = const std::shared_ptr<const lgsvl_msgs::msg::CanBusData_<std::allocator<void> > >&; P4 = const std::shared_ptr<const message_filters::NullType>&; P5 = const std::shared_ptr<const message_filters::NullType>&; P6 = const std::shared_ptr<const message_filters::NullType>&; P7 = const std::shared_ptr<const message_filters::NullType>&][m[K’:
[2.307s] [01m[K/opt/ros/foxy/include/message_filters/signal9.h:280:267:[m[K   required from ‘[01m[Kmessage_filters::Connection message_filters::Signal9<M0, M1, M2, M3, M4, M5, M6, M7, M8>::addCallback(C&) [with C = const boost::_bi::bind_t<boost::_bi::unspecified, void (msgSubPub::*)(const std::shared_ptr<const sensor_msgs::msg::CompressedImage_<std::allocator<void> > >&, const std::shared_ptr<const sensor_msgs::msg::CompressedImage_<std::allocator<void> > >&, const std::shared_ptr<const lgsvl_msgs::msg::Detection3DArray_<std::allocator<void> > >&, const std::shared_ptr<const lgsvl_msgs::msg::SignalArray_<std::allocator<void> > >&, const std::shared_ptr<const lgsvl_msgs::msg::CanBusData_<std::allocator<void> > >&), boost::_bi::list5<boost::_bi::value<msgSubPub*>, boost::arg<1>, boost::arg<2>, boost::arg<3>, boost::arg<4> > >; M0 = sensor_msgs::msg::CompressedImage_<std::allocator<void> >; M1 = sensor_msgs::msg::Imu_<std::allocator<void> >; M2 = lgsvl_msgs::msg::Detection3DArray_<std::allocator<void> >; M3 = lgsvl_msgs::msg::SignalArray_<std::allocator<void> >; M4 = lgsvl_msgs::msg::CanBusData_<std::allocator<void> >; M5 = message_filters::NullType; M6 = message_filters::NullType; M7 = message_filters::NullType; M8 = message_filters::NullType][m[K’
[2.307s] [01m[K/opt/ros/foxy/include/message_filters/synchronizer.h:298:40:[m[K   required from ‘[01m[Kmessage_filters::Connection message_filters::Synchronizer<Policy>::registerCallback(const C&) [with C = boost::_bi::bind_t<boost::_bi::unspecified, void (msgSubPub::*)(const std::shared_ptr<const sensor_msgs::msg::CompressedImage_<std::allocator<void> > >&, const std::shared_ptr<const sensor_msgs::msg::CompressedImage_<std::allocator<void> > >&, const std::shared_ptr<const lgsvl_msgs::msg::Detection3DArray_<std::allocator<void> > >&, const std::shared_ptr<const lgsvl_msgs::msg::SignalArray_<std::allocator<void> > >&, const std::shared_ptr<const lgsvl_msgs::msg::CanBusData_<std::allocator<void> > >&), boost::_bi::list5<boost::_bi::value<msgSubPub*>, boost::arg<1>, boost::arg<2>, boost::arg<3>, boost::arg<4> > >; Policy = message_filters::sync_policies::ApproximateTime<sensor_msgs::msg::CompressedImage_<std::allocator<void> >, sensor_msgs::msg::Imu_<std::allocator<void> >, lgsvl_msgs::msg::Detection3DArray_<std::allocator<void> >, lgsvl_msgs::msg::SignalArray_<std::allocator<void> >, lgsvl_msgs::msg::CanBusData_<std::allocator<void> > >][m[K’
[2.307s] [01m[K/home/cl4y3r/VDS/autodriving/src/msg_subpub.cpp:75:96:[m[K   required from here
[2.307s] [01m[K/opt/ros/foxy/include/message_filters/signal9.h:264:14:[m[K [01;31m[Kerror: [m[Kforming pointer to reference type ‘[01m[Kconst std::shared_ptr<const sensor_msgs::msg::CompressedImage_<std::allocator<void> > >&[m[K’
[2.307s] /opt/ros/foxy/include/message_filters/signal9.h: In instantiation of ‘[01m[Kmessage_filters::Connection message_filters::Signal9<M0, M1, M2, M3, M4, M5, M6, M7, M8>::addCallback(C&) [with C = const boost::_bi::bind_t<boost::_bi::unspecified, void (msgSubPub::*)(const std::shared_ptr<const sensor_msgs::msg::CompressedImage_<std::allocator<void> > >&, const std::shared_ptr<const sensor_msgs::msg::CompressedImage_<std::allocator<void> > >&, const std::shared_ptr<const lgsvl_msgs::msg::Detection3DArray_<std::allocator<void> > >&, const std::shared_ptr<const lgsvl_msgs::msg::SignalArray_<std::allocator<void> > >&, const std::shared_ptr<const lgsvl_msgs::msg::CanBusData_<std::allocator<void> > >&), boost::_bi::list5<boost::_bi::value<msgSubPub*>, boost::arg<1>, boost::arg<2>, boost::arg<3>, boost::arg<4> > >; M0 = sensor_msgs::msg::CompressedImage_<std::allocator<void> >; M1 = sensor_msgs::msg::Imu_<std::allocator<void> >; M2 = lgsvl_msgs::msg::Detection3DArray_<std::allocator<void> >; M3 = lgsvl_msgs::msg::SignalArray_<std::allocator<void> >; M4 = lgsvl_msgs::msg::CanBusData_<std::allocator<void> >; M5 = message_filters::NullType; M6 = message_filters::NullType; M7 = message_filters::NullType; M8 = message_filters::NullType][m[K’:
[2.307s] [01m[K/opt/ros/foxy/include/message_filters/synchronizer.h:298:40:[m[K   required from ‘[01m[Kmessage_filters::Connection message_filters::Synchronizer<Policy>::registerCallback(const C&) [with C = boost::_bi::bind_t<boost::_bi::unspecified, void (msgSubPub::*)(const std::shared_ptr<const sensor_msgs::msg::CompressedImage_<std::allocator<void> > >&, const std::shared_ptr<const sensor_msgs::msg::CompressedImage_<std::allocator<void> > >&, const std::shared_ptr<const lgsvl_msgs::msg::Detection3DArray_<std::allocator<void> > >&, const std::shared_ptr<const lgsvl_msgs::msg::SignalArray_<std::allocator<void> > >&, const std::shared_ptr<const lgsvl_msgs::msg::CanBusData_<std::allocator<void> > >&), boost::_bi::list5<boost::_bi::value<msgSubPub*>, boost::arg<1>, boost::arg<2>, boost::arg<3>, boost::arg<4> > >; Policy = message_filters::sync_policies::ApproximateTime<sensor_msgs::msg::CompressedImage_<std::allocator<void> >, sensor_msgs::msg::Imu_<std::allocator<void> >, lgsvl_msgs::msg::Detection3DArray_<std::allocator<void> >, lgsvl_msgs::msg::SignalArray_<std::allocator<void> >, lgsvl_msgs::msg::CanBusData_<std::allocator<void> > >][m[K’
[2.308s] [01m[K/home/cl4y3r/VDS/autodriving/src/msg_subpub.cpp:75:96:[m[K   required from here
[2.308s] [01m[K/opt/ros/foxy/include/message_filters/signal9.h:270:14:[m[K [01;36m[Knote: [m[Kcandidate: ‘[01m[Ktemplate<class C> message_filters::Connection message_filters::Signal9<M0, M1, M2, M3, M4, M5, M6, M7, M8>::addCallback(C&) [with C = C; M0 = sensor_msgs::msg::CompressedImage_<std::allocator<void> >; M1 = sensor_msgs::msg::Imu_<std::allocator<void> >; M2 = lgsvl_msgs::msg::Detection3DArray_<std::allocator<void> >; M3 = lgsvl_msgs::msg::SignalArray_<std::allocator<void> >; M4 = lgsvl_msgs::msg::CanBusData_<std::allocator<void> >; M5 = message_filters::NullType; M6 = message_filters::NullType; M7 = message_filters::NullType; M8 = message_filters::NullType][m[K’
[2.308s]   270 |   Connection [01;36m[KaddCallback[m[K( C& callback)
[2.308s]       |              [01;36m[K^~~~~~~~~~~[m[K
[2.308s] [01m[K/opt/ros/foxy/include/message_filters/signal9.h:270:14:[m[K [01;36m[Knote: [m[K  template argument deduction/substitution failed:
[2.308s] [01m[K/opt/ros/foxy/include/message_filters/signal9.h:280:267:[m[K [01;31m[Kerror: [m[Kwrong number of template arguments (9, should be 1)
[2.308s]   280 | ers::_4, std::placeholders::_5, std::placeholders::_6, std::placeholders::_7, std::placeholders::_8, std::placeholders::_9)[01;31m[K)[m[K;
[2.308s]       |                                                                                                                            [01;31m[K^[m[K
[2.308s] 
[5.729s] In file included from [01m[K/opt/ros/foxy/include/message_filters/simple_filter.h:43[m[K,
[5.730s]                  from [01m[K/opt/ros/foxy/include/message_filters/subscriber.h:41[m[K,
[5.730s]                  from [01m[K/home/cl4y3r/VDS/autodriving/src/msg_subpub.cpp:5[m[K:
[5.731s] /opt/ros/foxy/include/message_filters/signal1.h: In instantiation of ‘[01m[Kvoid message_filters::CallbackHelper1T<P, M>::call(const message_filters::MessageEvent<const M>&, bool) [with P = const message_filters::MessageEvent<const lgsvl_msgs::msg::SignalArray_<std::allocator<void> > >&; M = lgsvl_msgs::msg::CanBusData_<std::allocator<void> >][m[K’:
[5.731s] [01m[K/opt/ros/foxy/include/message_filters/signal1.h:71:16:[m[K   required from here
[5.731s] [01m[K/opt/ros/foxy/include/message_filters/signal1.h:73:11:[m[K [01;31m[Kerror: [m[Kno matching function for call to ‘[01m[Kmessage_filters::MessageEvent<const lgsvl_msgs::msg::SignalArray_<std::allocator<void> > >::MessageEvent(const message_filters::MessageEvent<const lgsvl_msgs::msg::CanBusData_<std::allocator<void> > >&, bool)[m[K’
[5.731s]    73 |     Event [01;31m[Kmy_event[m[K(event, nonconst_force_copy || event.nonConstWillCopy());
[5.731s]       |           [01;31m[K^~~~~~~~[m[K
[5.731s] In file included from [01m[K/opt/ros/foxy/include/message_filters/signal1.h:42[m[K,
[5.731s]                  from [01m[K/opt/ros/foxy/include/message_filters/simple_filter.h:43[m[K,
[5.731s]                  from [01m[K/opt/ros/foxy/include/message_filters/subscriber.h:41[m[K,
[5.731s]                  from [01m[K/home/cl4y3r/VDS/autodriving/src/msg_subpub.cpp:5[m[K:
[5.732s] [01m[K/opt/ros/foxy/include/message_filters/message_event.h:128:3:[m[K [01;36m[Knote: [m[Kcandidate: ‘[01m[Kmessage_filters::MessageEvent<M>::MessageEvent(const ConstMessagePtr&, rclcpp::Time, bool, const CreateFunction&) [with M = const lgsvl_msgs::msg::SignalArray_<std::allocator<void> >; message_filters::MessageEvent<M>::ConstMessagePtr = std::shared_ptr<const lgsvl_msgs::msg::SignalArray_<std::allocator<void> > >; typename std::add_const<M>::type = const lgsvl_msgs::msg::SignalArray_<std::allocator<void> >; message_filters::MessageEvent<M>::CreateFunction = std::function<std::shared_ptr<lgsvl_msgs::msg::SignalArray_<std::allocator<void> > >()>; typename std::remove_const<_Tp>::type = lgsvl_msgs::msg::SignalArray_<std::allocator<void> >][m[K’
[5.732s]   128 |   [01;36m[KMessageEvent[m[K(const ConstMessagePtr& message, rclcpp::Time receipt_time, bool nonconst_need_copy, const CreateFunction& create)
[5.732s]       |   [01;36m[K^~~~~~~~~~~~[m[K
[5.732s] [01m[K/opt/ros/foxy/include/message_filters/message_event.h:128:3:[m[K [01;36m[Knote: [m[K  candidate expects 4 arguments, 2 provided
[5.733s] [01m[K/opt/ros/foxy/include/message_filters/message_event.h:123:3:[m[K [01;36m[Knote: [m[Kcandidate: ‘[01m[Kmessage_filters::MessageEvent<M>::MessageEvent(const ConstMessagePtr&, rclcpp::Time) [with M = const lgsvl_msgs::msg::SignalArray_<std::allocator<void> >; message_filters::MessageEvent<M>::ConstMessagePtr = std::shared_ptr<const lgsvl_msgs::msg::SignalArray_<std::allocator<void> > >; typename std::add_const<M>::type = const lgsvl_msgs::msg::SignalArray_<std::allocator<void> >][m[K’
[5.733s]   123 |   [01;36m[KMessageEvent[m[K(const ConstMessagePtr& message, rclcpp::Time receipt_time)
[5.733s]       |   [01;36m[K^~~~~~~~~~~~[m[K
[5.733s] [01m[K/opt/ros/foxy/include/message_filters/message_event.h:123:39:[m[K [01;36m[Knote: [m[K  no known conversion for argument 1 from ‘[01m[Kconst message_filters::MessageEvent<const lgsvl_msgs::msg::CanBusData_<std::allocator<void> > >[m[K’ to ‘[01m[Kconst ConstMessagePtr&[m[K’ {aka ‘[01m[Kconst std::shared_ptr<const lgsvl_msgs::msg::SignalArray_<std::allocator<void> > >&[m[K’}
[5.734s]   123 |   MessageEvent([01;36m[Kconst ConstMessagePtr& message[m[K, rclcpp::Time receipt_time)
[5.734s]       |                [01;36m[K~~~~~~~~~~~~~~~~~~~~~~~^~~~~~~[m[K
[5.734s] [01m[K/opt/ros/foxy/include/message_filters/message_event.h:118:3:[m[K [01;36m[Knote: [m[Kcandidate: ‘[01m[Kmessage_filters::MessageEvent<M>::MessageEvent(const ConstMessagePtr&) [with M = const lgsvl_msgs::msg::SignalArray_<std::allocator<void> >; message_filters::MessageEvent<M>::ConstMessagePtr = std::shared_ptr<const lgsvl_msgs::msg::SignalArray_<std::allocator<void> > >; typename std::add_const<M>::type = const lgsvl_msgs::msg::SignalArray_<std::allocator<void> >][m[K’
[5.734s]   118 |   [01;36m[KMessageEvent[m[K(const ConstMessagePtr& message)
[5.734s]       |   [01;36m[K^~~~~~~~~~~~[m[K
[5.734s] [01m[K/opt/ros/foxy/include/message_filters/message_event.h:118:3:[m[K [01;36m[Knote: [m[K  candidate expects 1 argument, 2 provided
[5.734s] [01m[K/opt/ros/foxy/include/message_filters/message_event.h:110:3:[m[K [01;36m[Knote: [m[Kcandidate: ‘[01m[Kmessage_filters::MessageEvent<M>::MessageEvent(const message_filters::MessageEvent<const void>&, const CreateFunction&) [with M = const lgsvl_msgs::msg::SignalArray_<std::allocator<void> >; message_filters::MessageEvent<M>::CreateFunction = std::function<std::shared_ptr<lgsvl_msgs::msg::SignalArray_<std::allocator<void> > >()>; typename std::remove_const<_Tp>::type = lgsvl_msgs::msg::SignalArray_<std::allocator<void> >][m[K’
[5.734s]   110 |   [01;36m[KMessageEvent[m[K(const MessageEvent<void const>& rhs, const CreateFunction& create)
[5.734s]       |   [01;36m[K^~~~~~~~~~~~[m[K
[5.734s] [01m[K/opt/ros/foxy/include/message_filters/message_event.h:110:48:[m[K [01;36m[Knote: [m[K  no known conversion for argument 1 from ‘[01m[Kconst message_filters::MessageEvent<const lgsvl_msgs::msg::CanBusData_<std::allocator<void> > >[m[K’ to ‘[01m[Kconst message_filters::MessageEvent<const void>&[m[K’
[5.735s]   110 |   MessageEvent([01;36m[Kconst MessageEvent<void const>& rhs[m[K, const CreateFunction& create)
[5.735s]       |                [01;36m[K~~~~~~~~~~~~~~~~~~~~~~~~~~~~~~~~^~~[m[K
[5.735s] [01m[K/opt/ros/foxy/include/message_filters/message_event.h:104:3:[m[K [01;36m[Knote: [m[Kcandidate: ‘[01m[Kmessage_filters::MessageEvent<M>::MessageEvent(const message_filters::MessageEvent<typename std::add_const<M>::type>&, bool) [with M = const lgsvl_msgs::msg::SignalArray_<std::allocator<void> >; typename std::add_const<M>::type = const lgsvl_msgs::msg::SignalArray_<std::allocator<void> >][m[K’
[5.735s]   104 |   [01;36m[KMessageEvent[m[K(const MessageEvent<ConstMessage>& rhs, bool nonconst_need_copy)
[5.735s]       |   [01;36m[K^~~~~~~~~~~~[m[K
[5.735s] [01m[K/opt/ros/foxy/include/message_filters/message_event.h:104:50:[m[K [01;36m[Knote: [m[K  no known conversion for argument 1 from ‘[01m[Kconst message_filters::MessageEvent<const lgsvl_msgs::msg::CanBusData_<std::allocator<void> > >[m[K’ to ‘[01m[Kconst message_filters::MessageEvent<const lgsvl_msgs::msg::SignalArray_<std::allocator<void> > >&[m[K’
[5.735s]   104 |   MessageEvent([01;36m[Kconst MessageEvent<ConstMessage>& rhs[m[K, bool nonconst_need_copy)
[5.735s]       |                [01;36m[K~~~~~~~~~~~~~~~~~~~~~~~~~~~~~~~~~~^~~[m[K
[5.735s] [01m[K/opt/ros/foxy/include/message_filters/message_event.h:98:3:[m[K [01;36m[Knote: [m[Kcandidate: ‘[01m[Kmessage_filters::MessageEvent<M>::MessageEvent(const message_filters::MessageEvent<typename std::remove_const<_Tp>::type>&, bool) [with M = const lgsvl_msgs::msg::SignalArray_<std::allocator<void> >; typename std::remove_const<_Tp>::type = lgsvl_msgs::msg::SignalArray_<std::allocator<void> >][m[K’
[5.735s]    98 |   [01;36m[KMessageEvent[m[K(const MessageEvent<Message>& rhs, bool nonconst_need_copy)
[5.736s]       |   [01;36m[K^~~~~~~~~~~~[m[K
[5.736s] [01m[K/opt/ros/foxy/include/message_filters/message_event.h:98:45:[m[K [01;36m[Knote: [m[K  no known conversion for argument 1 from ‘[01m[Kconst message_filters::MessageEvent<const lgsvl_msgs::msg::CanBusData_<std::allocator<void> > >[m[K’ to ‘[01m[Kconst message_filters::MessageEvent<lgsvl_msgs::msg::SignalArray_<std::allocator<void> > >&[m[K’
[5.736s]    98 |   MessageEvent([01;36m[Kconst MessageEvent<Message>& rhs[m[K, bool nonconst_need_copy)
[5.736s]       |                [01;36m[K~~~~~~~~~~~~~~~~~~~~~~~~~~~~~^~~[m[K
[5.736s] [01m[K/opt/ros/foxy/include/message_filters/message_event.h:93:3:[m[K [01;36m[Knote: [m[Kcandidate: ‘[01m[Kmessage_filters::MessageEvent<M>::MessageEvent(const message_filters::MessageEvent<typename std::add_const<M>::type>&) [with M = const lgsvl_msgs::msg::SignalArray_<std::allocator<void> >; typename std::add_const<M>::type = const lgsvl_msgs::msg::SignalArray_<std::allocator<void> >][m[K’
[5.736s]    93 |   [01;36m[KMessageEvent[m[K(const MessageEvent<ConstMessage>& rhs)
[5.736s]       |   [01;36m[K^~~~~~~~~~~~[m[K
[5.736s] [01m[K/opt/ros/foxy/include/message_filters/message_event.h:93:3:[m[K [01;36m[Knote: [m[K  candidate expects 1 argument, 2 provided
[5.736s] [01m[K/opt/ros/foxy/include/message_filters/message_event.h:88:3:[m[K [01;36m[Knote: [m[Kcandidate: ‘[01m[Kmessage_filters::MessageEvent<M>::MessageEvent(const message_filters::MessageEvent<typename std::remove_const<_Tp>::type>&) [with M = const lgsvl_msgs::msg::SignalArray_<std::allocator<void> >; typename std::remove_const<_Tp>::type = lgsvl_msgs::msg::SignalArray_<std::allocator<void> >][m[K’
[5.736s]    88 |   [01;36m[KMessageEvent[m[K(const MessageEvent<Message>& rhs)
[5.736s]       |   [01;36m[K^~~~~~~~~~~~[m[K
[5.737s] [01m[K/opt/ros/foxy/include/message_filters/message_event.h:88:3:[m[K [01;36m[Knote: [m[K  candidate expects 1 argument, 2 provided
[5.737s] [01m[K/opt/ros/foxy/include/message_filters/message_event.h:84:3:[m[K [01;36m[Knote: [m[Kcandidate: ‘[01m[Kmessage_filters::MessageEvent<M>::MessageEvent() [with M = const lgsvl_msgs::msg::SignalArray_<std::allocator<void> >][m[K’
[5.737s]    84 |   [01;36m[KMessageEvent[m[K()
[5.737s]       |   [01;36m[K^~~~~~~~~~~~[m[K
[5.737s] [01m[K/opt/ros/foxy/include/message_filters/message_event.h:84:3:[m[K [01;36m[Knote: [m[K  candidate expects 0 arguments, 2 provided
[5.737s] In file included from [01m[K/opt/ros/foxy/include/message_filters/simple_filter.h:43[m[K,
[5.737s]                  from [01m[K/opt/ros/foxy/include/message_filters/subscriber.h:41[m[K,
[5.737s]                  from [01m[K/home/cl4y3r/VDS/autodriving/src/msg_subpub.cpp:5[m[K:
[5.737s] /opt/ros/foxy/include/message_filters/signal1.h: In instantiation of ‘[01m[Kvoid message_filters::CallbackHelper1T<P, M>::call(const message_filters::MessageEvent<const M>&, bool) [with P = const message_filters::MessageEvent<const lgsvl_msgs::msg::Detection3DArray_<std::allocator<void> > >&; M = lgsvl_msgs::msg::SignalArray_<std::allocator<void> >][m[K’:
[5.737s] [01m[K/opt/ros/foxy/include/message_filters/signal1.h:71:16:[m[K   required from here
[5.738s] [01m[K/opt/ros/foxy/include/message_filters/signal1.h:73:11:[m[K [01;31m[Kerror: [m[Kno matching function for call to ‘[01m[Kmessage_filters::MessageEvent<const lgsvl_msgs::msg::Detection3DArray_<std::allocator<void> > >::MessageEvent(const message_filters::MessageEvent<const lgsvl_msgs::msg::SignalArray_<std::allocator<void> > >&, bool)[m[K’
[5.738s]    73 |     Event [01;31m[Kmy_event[m[K(event, nonconst_force_copy || event.nonConstWillCopy());
[5.738s]       |           [01;31m[K^~~~~~~~[m[K
[5.738s] In file included from [01m[K/opt/ros/foxy/include/message_filters/signal1.h:42[m[K,
[5.738s]                  from [01m[K/opt/ros/foxy/include/message_filters/simple_filter.h:43[m[K,
[5.738s]                  from [01m[K/opt/ros/foxy/include/message_filters/subscriber.h:41[m[K,
[5.738s]                  from [01m[K/home/cl4y3r/VDS/autodriving/src/msg_subpub.cpp:5[m[K:
[5.738s] [01m[K/opt/ros/foxy/include/message_filters/message_event.h:128:3:[m[K [01;36m[Knote: [m[Kcandidate: ‘[01m[Kmessage_filters::MessageEvent<M>::MessageEvent(const ConstMessagePtr&, rclcpp::Time, bool, const CreateFunction&) [with M = const lgsvl_msgs::msg::Detection3DArray_<std::allocator<void> >; message_filters::MessageEvent<M>::ConstMessagePtr = std::shared_ptr<const lgsvl_msgs::msg::Detection3DArray_<std::allocator<void> > >; typename std::add_const<M>::type = const lgsvl_msgs::msg::Detection3DArray_<std::allocator<void> >; message_filters::MessageEvent<M>::CreateFunction = std::function<std::shared_ptr<lgsvl_msgs::msg::Detection3DArray_<std::allocator<void> > >()>; typename std::remove_const<_Tp>::type = lgsvl_msgs::msg::Detection3DArray_<std::allocator<void> >][m[K’
[5.738s]   128 |   [01;36m[KMessageEvent[m[K(const ConstMessagePtr& message, rclcpp::Time receipt_time, bool nonconst_need_copy, const CreateFunction& create)
[5.738s]       |   [01;36m[K^~~~~~~~~~~~[m[K
[5.738s] [01m[K/opt/ros/foxy/include/message_filters/message_event.h:128:3:[m[K [01;36m[Knote: [m[K  candidate expects 4 arguments, 2 provided
[5.739s] [01m[K/opt/ros/foxy/include/message_filters/message_event.h:123:3:[m[K [01;36m[Knote: [m[Kcandidate: ‘[01m[Kmessage_filters::MessageEvent<M>::MessageEvent(const ConstMessagePtr&, rclcpp::Time) [with M = const lgsvl_msgs::msg::Detection3DArray_<std::allocator<void> >; message_filters::MessageEvent<M>::ConstMessagePtr = std::shared_ptr<const lgsvl_msgs::msg::Detection3DArray_<std::allocator<void> > >; typename std::add_const<M>::type = const lgsvl_msgs::msg::Detection3DArray_<std::allocator<void> >][m[K’
[5.739s]   123 |   [01;36m[KMessageEvent[m[K(const ConstMessagePtr& message, rclcpp::Time receipt_time)
[5.739s]       |   [01;36m[K^~~~~~~~~~~~[m[K
[5.739s] [01m[K/opt/ros/foxy/include/message_filters/message_event.h:123:39:[m[K [01;36m[Knote: [m[K  no known conversion for argument 1 from ‘[01m[Kconst message_filters::MessageEvent<const lgsvl_msgs::msg::SignalArray_<std::allocator<void> > >[m[K’ to ‘[01m[Kconst ConstMessagePtr&[m[K’ {aka ‘[01m[Kconst std::shared_ptr<const lgsvl_msgs::msg::Detection3DArray_<std::allocator<void> > >&[m[K’}
[5.739s]   123 |   MessageEvent([01;36m[Kconst ConstMessagePtr& message[m[K, rclcpp::Time receipt_time)
[5.739s]       |                [01;36m[K~~~~~~~~~~~~~~~~~~~~~~~^~~~~~~[m[K
[5.739s] [01m[K/opt/ros/foxy/include/message_filters/message_event.h:118:3:[m[K [01;36m[Knote: [m[Kcandidate: ‘[01m[Kmessage_filters::MessageEvent<M>::MessageEvent(const ConstMessagePtr&) [with M = const lgsvl_msgs::msg::Detection3DArray_<std::allocator<void> >; message_filters::MessageEvent<M>::ConstMessagePtr = std::shared_ptr<const lgsvl_msgs::msg::Detection3DArray_<std::allocator<void> > >; typename std::add_const<M>::type = const lgsvl_msgs::msg::Detection3DArray_<std::allocator<void> >][m[K’
[5.739s]   118 |   [01;36m[KMessageEvent[m[K(const ConstMessagePtr& message)
[5.739s]       |   [01;36m[K^~~~~~~~~~~~[m[K
[5.740s] [01m[K/opt/ros/foxy/include/message_filters/message_event.h:118:3:[m[K [01;36m[Knote: [m[K  candidate expects 1 argument, 2 provided
[5.740s] [01m[K/opt/ros/foxy/include/message_filters/message_event.h:110:3:[m[K [01;36m[Knote: [m[Kcandidate: ‘[01m[Kmessage_filters::MessageEvent<M>::MessageEvent(const message_filters::MessageEvent<const void>&, const CreateFunction&) [with M = const lgsvl_msgs::msg::Detection3DArray_<std::allocator<void> >; message_filters::MessageEvent<M>::CreateFunction = std::function<std::shared_ptr<lgsvl_msgs::msg::Detection3DArray_<std::allocator<void> > >()>; typename std::remove_const<_Tp>::type = lgsvl_msgs::msg::Detection3DArray_<std::allocator<void> >][m[K’
[5.740s]   110 |   [01;36m[KMessageEvent[m[K(const MessageEvent<void const>& rhs, const CreateFunction& create)
[5.740s]       |   [01;36m[K^~~~~~~~~~~~[m[K
[5.740s] [01m[K/opt/ros/foxy/include/message_filters/message_event.h:110:48:[m[K [01;36m[Knote: [m[K  no known conversion for argument 1 from ‘[01m[Kconst message_filters::MessageEvent<const lgsvl_msgs::msg::SignalArray_<std::allocator<void> > >[m[K’ to ‘[01m[Kconst message_filters::MessageEvent<const void>&[m[K’
[5.740s]   110 |   MessageEvent([01;36m[Kconst MessageEvent<void const>& rhs[m[K, const CreateFunction& create)
[5.740s]       |                [01;36m[K~~~~~~~~~~~~~~~~~~~~~~~~~~~~~~~~^~~[m[K
[5.740s] [01m[K/opt/ros/foxy/include/message_filters/message_event.h:104:3:[m[K [01;36m[Knote: [m[Kcandidate: ‘[01m[Kmessage_filters::MessageEvent<M>::MessageEvent(const message_filters::MessageEvent<typename std::add_const<M>::type>&, bool) [with M = const lgsvl_msgs::msg::Detection3DArray_<std::allocator<void> >; typename std::add_const<M>::type = const lgsvl_msgs::msg::Detection3DArray_<std::allocator<void> >][m[K’
[5.740s]   104 |   [01;36m[KMessageEvent[m[K(const MessageEvent<ConstMessage>& rhs, bool nonconst_need_copy)
[5.740s]       |   [01;36m[K^~~~~~~~~~~~[m[K
[5.741s] [01m[K/opt/ros/foxy/include/message_filters/message_event.h:104:50:[m[K [01;36m[Knote: [m[K  no known conversion for argument 1 from ‘[01m[Kconst message_filters::MessageEvent<const lgsvl_msgs::msg::SignalArray_<std::allocator<void> > >[m[K’ to ‘[01m[Kconst message_filters::MessageEvent<const lgsvl_msgs::msg::Detection3DArray_<std::allocator<void> > >&[m[K’
[5.741s]   104 |   MessageEvent([01;36m[Kconst MessageEvent<ConstMessage>& rhs[m[K, bool nonconst_need_copy)
[5.741s]       |                [01;36m[K~~~~~~~~~~~~~~~~~~~~~~~~~~~~~~~~~~^~~[m[K
[5.741s] [01m[K/opt/ros/foxy/include/message_filters/message_event.h:98:3:[m[K [01;36m[Knote: [m[Kcandidate: ‘[01m[Kmessage_filters::MessageEvent<M>::MessageEvent(const message_filters::MessageEvent<typename std::remove_const<_Tp>::type>&, bool) [with M = const lgsvl_msgs::msg::Detection3DArray_<std::allocator<void> >; typename std::remove_const<_Tp>::type = lgsvl_msgs::msg::Detection3DArray_<std::allocator<void> >][m[K’
[5.741s]    98 |   [01;36m[KMessageEvent[m[K(const MessageEvent<Message>& rhs, bool nonconst_need_copy)
[5.741s]       |   [01;36m[K^~~~~~~~~~~~[m[K
[5.741s] [01m[K/opt/ros/foxy/include/message_filters/message_event.h:98:45:[m[K [01;36m[Knote: [m[K  no known conversion for argument 1 from ‘[01m[Kconst message_filters::MessageEvent<const lgsvl_msgs::msg::SignalArray_<std::allocator<void> > >[m[K’ to ‘[01m[Kconst message_filters::MessageEvent<lgsvl_msgs::msg::Detection3DArray_<std::allocator<void> > >&[m[K’
[5.741s]    98 |   MessageEvent([01;36m[Kconst MessageEvent<Message>& rhs[m[K, bool nonconst_need_copy)
[5.741s]       |                [01;36m[K~~~~~~~~~~~~~~~~~~~~~~~~~~~~~^~~[m[K
[5.741s] [01m[K/opt/ros/foxy/include/message_filters/message_event.h:93:3:[m[K [01;36m[Knote: [m[Kcandidate: ‘[01m[Kmessage_filters::MessageEvent<M>::MessageEvent(const message_filters::MessageEvent<typename std::add_const<M>::type>&) [with M = const lgsvl_msgs::msg::Detection3DArray_<std::allocator<void> >; typename std::add_const<M>::type = const lgsvl_msgs::msg::Detection3DArray_<std::allocator<void> >][m[K’
[5.741s]    93 |   [01;36m[KMessageEvent[m[K(const MessageEvent<ConstMessage>& rhs)
[5.742s]       |   [01;36m[K^~~~~~~~~~~~[m[K
[5.742s] [01m[K/opt/ros/foxy/include/message_filters/message_event.h:93:3:[m[K [01;36m[Knote: [m[K  candidate expects 1 argument, 2 provided
[5.742s] [01m[K/opt/ros/foxy/include/message_filters/message_event.h:88:3:[m[K [01;36m[Knote: [m[Kcandidate: ‘[01m[Kmessage_filters::MessageEvent<M>::MessageEvent(const message_filters::MessageEvent<typename std::remove_const<_Tp>::type>&) [with M = const lgsvl_msgs::msg::Detection3DArray_<std::allocator<void> >; typename std::remove_const<_Tp>::type = lgsvl_msgs::msg::Detection3DArray_<std::allocator<void> >][m[K’
[5.742s]    88 |   [01;36m[KMessageEvent[m[K(const MessageEvent<Message>& rhs)
[5.742s]       |   [01;36m[K^~~~~~~~~~~~[m[K
[5.742s] [01m[K/opt/ros/foxy/include/message_filters/message_event.h:88:3:[m[K [01;36m[Knote: [m[K  candidate expects 1 argument, 2 provided
[5.742s] [01m[K/opt/ros/foxy/include/message_filters/message_event.h:84:3:[m[K [01;36m[Knote: [m[Kcandidate: ‘[01m[Kmessage_filters::MessageEvent<M>::MessageEvent() [with M = const lgsvl_msgs::msg::Detection3DArray_<std::allocator<void> >][m[K’
[5.742s]    84 |   [01;36m[KMessageEvent[m[K()
[5.742s]       |   [01;36m[K^~~~~~~~~~~~[m[K
[5.742s] [01m[K/opt/ros/foxy/include/message_filters/message_event.h:84:3:[m[K [01;36m[Knote: [m[K  candidate expects 0 arguments, 2 provided
[5.742s] In file included from [01m[K/opt/ros/foxy/include/message_filters/simple_filter.h:43[m[K,
[5.742s]                  from [01m[K/opt/ros/foxy/include/message_filters/subscriber.h:41[m[K,
[5.742s]                  from [01m[K/home/cl4y3r/VDS/autodriving/src/msg_subpub.cpp:5[m[K:
[5.743s] /opt/ros/foxy/include/message_filters/signal1.h: In instantiation of ‘[01m[Kvoid message_filters::CallbackHelper1T<P, M>::call(const message_filters::MessageEvent<const M>&, bool) [with P = const message_filters::MessageEvent<const sensor_msgs::msg::Imu_<std::allocator<void> > >&; M = lgsvl_msgs::msg::Detection3DArray_<std::allocator<void> >][m[K’:
[5.743s] [01m[K/opt/ros/foxy/include/message_filters/signal1.h:71:16:[m[K   required from here
[5.743s] [01m[K/opt/ros/foxy/include/message_filters/signal1.h:73:11:[m[K [01;31m[Kerror: [m[Kno matching function for call to ‘[01m[Kmessage_filters::MessageEvent<const sensor_msgs::msg::Imu_<std::allocator<void> > >::MessageEvent(const message_filters::MessageEvent<const lgsvl_msgs::msg::Detection3DArray_<std::allocator<void> > >&, bool)[m[K’
[5.743s]    73 |     Event [01;31m[Kmy_event[m[K(event, nonconst_force_copy || event.nonConstWillCopy());
[5.743s]       |           [01;31m[K^~~~~~~~[m[K
[5.743s] In file included from [01m[K/opt/ros/foxy/include/message_filters/signal1.h:42[m[K,
[5.743s]                  from [01m[K/opt/ros/foxy/include/message_filters/simple_filter.h:43[m[K,
[5.743s]                  from [01m[K/opt/ros/foxy/include/message_filters/subscriber.h:41[m[K,
[5.743s]                  from [01m[K/home/cl4y3r/VDS/autodriving/src/msg_subpub.cpp:5[m[K:
[5.743s] [01m[K/opt/ros/foxy/include/message_filters/message_event.h:128:3:[m[K [01;36m[Knote: [m[Kcandidate: ‘[01m[Kmessage_filters::MessageEvent<M>::MessageEvent(const ConstMessagePtr&, rclcpp::Time, bool, const CreateFunction&) [with M = const sensor_msgs::msg::Imu_<std::allocator<void> >; message_filters::MessageEvent<M>::ConstMessagePtr = std::shared_ptr<const sensor_msgs::msg::Imu_<std::allocator<void> > >; typename std::add_const<M>::type = const sensor_msgs::msg::Imu_<std::allocator<void> >; message_filters::MessageEvent<M>::CreateFunction = std::function<std::shared_ptr<sensor_msgs::msg::Imu_<std::allocator<void> > >()>; typename std::remove_const<_Tp>::type = sensor_msgs::msg::Imu_<std::allocator<void> >][m[K’
[5.743s]   128 |   [01;36m[KMessageEvent[m[K(const ConstMessagePtr& message, rclcpp::Time receipt_time, bool nonconst_need_copy, const CreateFunction& create)
[5.744s]       |   [01;36m[K^~~~~~~~~~~~[m[K
[5.744s] [01m[K/opt/ros/foxy/include/message_filters/message_event.h:128:3:[m[K [01;36m[Knote: [m[K  candidate expects 4 arguments, 2 provided
[5.744s] [01m[K/opt/ros/foxy/include/message_filters/message_event.h:123:3:[m[K [01;36m[Knote: [m[Kcandidate: ‘[01m[Kmessage_filters::MessageEvent<M>::MessageEvent(const ConstMessagePtr&, rclcpp::Time) [with M = const sensor_msgs::msg::Imu_<std::allocator<void> >; message_filters::MessageEvent<M>::ConstMessagePtr = std::shared_ptr<const sensor_msgs::msg::Imu_<std::allocator<void> > >; typename std::add_const<M>::type = const sensor_msgs::msg::Imu_<std::allocator<void> >][m[K’
[5.744s]   123 |   [01;36m[KMessageEvent[m[K(const ConstMessagePtr& message, rclcpp::Time receipt_time)
[5.744s]       |   [01;36m[K^~~~~~~~~~~~[m[K
[5.744s] [01m[K/opt/ros/foxy/include/message_filters/message_event.h:123:39:[m[K [01;36m[Knote: [m[K  no known conversion for argument 1 from ‘[01m[Kconst message_filters::MessageEvent<const lgsvl_msgs::msg::Detection3DArray_<std::allocator<void> > >[m[K’ to ‘[01m[Kconst ConstMessagePtr&[m[K’ {aka ‘[01m[Kconst std::shared_ptr<const sensor_msgs::msg::Imu_<std::allocator<void> > >&[m[K’}
[5.744s]   123 |   MessageEvent([01;36m[Kconst ConstMessagePtr& message[m[K, rclcpp::Time receipt_time)
[5.744s]       |                [01;36m[K~~~~~~~~~~~~~~~~~~~~~~~^~~~~~~[m[K
[5.744s] [01m[K/opt/ros/foxy/include/message_filters/message_event.h:118:3:[m[K [01;36m[Knote: [m[Kcandidate: ‘[01m[Kmessage_filters::MessageEvent<M>::MessageEvent(const ConstMessagePtr&) [with M = const sensor_msgs::msg::Imu_<std::allocator<void> >; message_filters::MessageEvent<M>::ConstMessagePtr = std::shared_ptr<const sensor_msgs::msg::Imu_<std::allocator<void> > >; typename std::add_const<M>::type = const sensor_msgs::msg::Imu_<std::allocator<void> >][m[K’
[5.744s]   118 |   [01;36m[KMessageEvent[m[K(const ConstMessagePtr& message)
[5.744s]       |   [01;36m[K^~~~~~~~~~~~[m[K
[5.745s] [01m[K/opt/ros/foxy/include/message_filters/message_event.h:118:3:[m[K [01;36m[Knote: [m[K  candidate expects 1 argument, 2 provided
[5.745s] [01m[K/opt/ros/foxy/include/message_filters/message_event.h:110:3:[m[K [01;36m[Knote: [m[Kcandidate: ‘[01m[Kmessage_filters::MessageEvent<M>::MessageEvent(const message_filters::MessageEvent<const void>&, const CreateFunction&) [with M = const sensor_msgs::msg::Imu_<std::allocator<void> >; message_filters::MessageEvent<M>::CreateFunction = std::function<std::shared_ptr<sensor_msgs::msg::Imu_<std::allocator<void> > >()>; typename std::remove_const<_Tp>::type = sensor_msgs::msg::Imu_<std::allocator<void> >][m[K’
[5.745s]   110 |   [01;36m[KMessageEvent[m[K(const MessageEvent<void const>& rhs, const CreateFunction& create)
[5.745s]       |   [01;36m[K^~~~~~~~~~~~[m[K
[5.745s] [01m[K/opt/ros/foxy/include/message_filters/message_event.h:110:48:[m[K [01;36m[Knote: [m[K  no known conversion for argument 1 from ‘[01m[Kconst message_filters::MessageEvent<const lgsvl_msgs::msg::Detection3DArray_<std::allocator<void> > >[m[K’ to ‘[01m[Kconst message_filters::MessageEvent<const void>&[m[K’
[5.745s]   110 |   MessageEvent([01;36m[Kconst MessageEvent<void const>& rhs[m[K, const CreateFunction& create)
[5.745s]       |                [01;36m[K~~~~~~~~~~~~~~~~~~~~~~~~~~~~~~~~^~~[m[K
[5.745s] [01m[K/opt/ros/foxy/include/message_filters/message_event.h:104:3:[m[K [01;36m[Knote: [m[Kcandidate: ‘[01m[Kmessage_filters::MessageEvent<M>::MessageEvent(const message_filters::MessageEvent<typename std::add_const<M>::type>&, bool) [with M = const sensor_msgs::msg::Imu_<std::allocator<void> >; typename std::add_const<M>::type = const sensor_msgs::msg::Imu_<std::allocator<void> >][m[K’
[5.745s]   104 |   [01;36m[KMessageEvent[m[K(const MessageEvent<ConstMessage>& rhs, bool nonconst_need_copy)
[5.745s]       |   [01;36m[K^~~~~~~~~~~~[m[K
[5.745s] [01m[K/opt/ros/foxy/include/message_filters/message_event.h:104:50:[m[K [01;36m[Knote: [m[K  no known conversion for argument 1 from ‘[01m[Kconst message_filters::MessageEvent<const lgsvl_msgs::msg::Detection3DArray_<std::allocator<void> > >[m[K’ to ‘[01m[Kconst message_filters::MessageEvent<const sensor_msgs::msg::Imu_<std::allocator<void> > >&[m[K’
[5.745s]   104 |   MessageEvent([01;36m[Kconst MessageEvent<ConstMessage>& rhs[m[K, bool nonconst_need_copy)
[5.745s]       |                [01;36m[K~~~~~~~~~~~~~~~~~~~~~~~~~~~~~~~~~~^~~[m[K
[5.746s] [01m[K/opt/ros/foxy/include/message_filters/message_event.h:98:3:[m[K [01;36m[Knote: [m[Kcandidate: ‘[01m[Kmessage_filters::MessageEvent<M>::MessageEvent(const message_filters::MessageEvent<typename std::remove_const<_Tp>::type>&, bool) [with M = const sensor_msgs::msg::Imu_<std::allocator<void> >; typename std::remove_const<_Tp>::type = sensor_msgs::msg::Imu_<std::allocator<void> >][m[K’
[5.746s]    98 |   [01;36m[KMessageEvent[m[K(const MessageEvent<Message>& rhs, bool nonconst_need_copy)
[5.746s]       |   [01;36m[K^~~~~~~~~~~~[m[K
[5.746s] [01m[K/opt/ros/foxy/include/message_filters/message_event.h:98:45:[m[K [01;36m[Knote: [m[K  no known conversion for argument 1 from ‘[01m[Kconst message_filters::MessageEvent<const lgsvl_msgs::msg::Detection3DArray_<std::allocator<void> > >[m[K’ to ‘[01m[Kconst message_filters::MessageEvent<sensor_msgs::msg::Imu_<std::allocator<void> > >&[m[K’
[5.746s]    98 |   MessageEvent([01;36m[Kconst MessageEvent<Message>& rhs[m[K, bool nonconst_need_copy)
[5.746s]       |                [01;36m[K~~~~~~~~~~~~~~~~~~~~~~~~~~~~~^~~[m[K
[5.746s] [01m[K/opt/ros/foxy/include/message_filters/message_event.h:93:3:[m[K [01;36m[Knote: [m[Kcandidate: ‘[01m[Kmessage_filters::MessageEvent<M>::MessageEvent(const message_filters::MessageEvent<typename std::add_const<M>::type>&) [with M = const sensor_msgs::msg::Imu_<std::allocator<void> >; typename std::add_const<M>::type = const sensor_msgs::msg::Imu_<std::allocator<void> >][m[K’
[5.746s]    93 |   [01;36m[KMessageEvent[m[K(const MessageEvent<ConstMessage>& rhs)
[5.746s]       |   [01;36m[K^~~~~~~~~~~~[m[K
[5.746s] [01m[K/opt/ros/foxy/include/message_filters/message_event.h:93:3:[m[K [01;36m[Knote: [m[K  candidate expects 1 argument, 2 provided
[5.747s] [01m[K/opt/ros/foxy/include/message_filters/message_event.h:88:3:[m[K [01;36m[Knote: [m[Kcandidate: ‘[01m[Kmessage_filters::MessageEvent<M>::MessageEvent(const message_filters::MessageEvent<typename std::remove_const<_Tp>::type>&) [with M = const sensor_msgs::msg::Imu_<std::allocator<void> >; typename std::remove_const<_Tp>::type = sensor_msgs::msg::Imu_<std::allocator<void> >][m[K’
[5.747s]    88 |   [01;36m[KMessageEvent[m[K(const MessageEvent<Message>& rhs)
[5.747s]       |   [01;36m[K^~~~~~~~~~~~[m[K
[5.747s] [01m[K/opt/ros/foxy/include/message_filters/message_event.h:88:3:[m[K [01;36m[Knote: [m[K  candidate expects 1 argument, 2 provided
[5.747s] [01m[K/opt/ros/foxy/include/message_filters/message_event.h:84:3:[m[K [01;36m[Knote: [m[Kcandidate: ‘[01m[Kmessage_filters::MessageEvent<M>::MessageEvent() [with M = const sensor_msgs::msg::Imu_<std::allocator<void> >][m[K’
[5.747s]    84 |   [01;36m[KMessageEvent[m[K()
[5.747s]       |   [01;36m[K^~~~~~~~~~~~[m[K
[5.747s] [01m[K/opt/ros/foxy/include/message_filters/message_event.h:84:3:[m[K [01;36m[Knote: [m[K  candidate expects 0 arguments, 2 provided
[6.647s] make[2]: *** [CMakeFiles/main_msg.dir/build.make:63: CMakeFiles/main_msg.dir/src/msg_subpub.cpp.o] Error 1
[6.648s] make[1]: *** [CMakeFiles/Makefile2:78: CMakeFiles/main_msg.dir/all] Error 2
[6.648s] make: *** [Makefile:141: all] Error 2
[6.653s] Invoked command in '/home/cl4y3r/VDS/build/autodriving' returned '2': /usr/bin/cmake --build /home/cl4y3r/VDS/build/autodriving -- -j8 -l8
