[35m[1mScanning dependencies of target main_msg[0m
[ 50%] [32mBuilding CXX object CMakeFiles/main_msg.dir/src/msg_subpub.cpp.o[0m
[100%] [32m[1mLinking CXX executable main_msg[0m
[100%] Built target main_msg
-- Install configuration: ""
-- Installing: /home/cl4y3r/VDS/install/autodriving/lib/autodriving/main_msg
-- Set runtime path of "/home/cl4y3r/VDS/install/autodriving/lib/autodriving/main_msg" to ""
-- Up-to-date: /home/cl4y3r/VDS/install/autodriving/share/ament_index/resource_index/package_run_dependencies/autodriving
-- Up-to-date: /home/cl4y3r/VDS/install/autodriving/share/ament_index/resource_index/parent_prefix_path/autodriving
-- Up-to-date: /home/cl4y3r/VDS/install/autodriving/share/autodriving/environment/ament_prefix_path.sh
-- Up-to-date: /home/cl4y3r/VDS/install/autodriving/share/autodriving/environment/ament_prefix_path.dsv
-- Up-to-date: /home/cl4y3r/VDS/install/autodriving/share/autodriving/environment/path.sh
-- Up-to-date: /home/cl4y3r/VDS/install/autodriving/share/autodriving/environment/path.dsv
-- Up-to-date: /home/cl4y3r/VDS/install/autodriving/share/autodriving/local_setup.bash
-- Up-to-date: /home/cl4y3r/VDS/install/autodriving/share/autodriving/local_setup.sh
-- Up-to-date: /home/cl4y3r/VDS/install/autodriving/share/autodriving/local_setup.zsh
-- Up-to-date: /home/cl4y3r/VDS/install/autodriving/share/autodriving/local_setup.dsv
-- Installing: /home/cl4y3r/VDS/install/autodriving/share/autodriving/package.dsv
-- Up-to-date: /home/cl4y3r/VDS/install/autodriving/share/ament_index/resource_index/packages/autodriving
-- Up-to-date: /home/cl4y3r/VDS/install/autodriving/share/autodriving/cmake/autodrivingConfig.cmake
-- Up-to-date: /home/cl4y3r/VDS/install/autodriving/share/autodriving/cmake/autodrivingConfig-version.cmake
-- Up-to-date: /home/cl4y3r/VDS/install/autodriving/share/autodriving/package.xml
