[0.546s] DEBUG:colcon:Command line arguments: ['/usr/bin/colcon', 'build', '--packages-select', 'chassis_controller']
[0.546s] DEBUG:colcon:Parsed command line arguments: Namespace(ament_cmake_args=None, base_paths=['.'], build_base='build', catkin_cmake_args=None, catkin_skip_building_tests=False, cmake_args=None, cmake_clean_cache=False, cmake_clean_first=False, cmake_force_configure=False, cmake_target=None, cmake_target_skip_unavailable=False, continue_on_error=False, event_handlers=None, executor='parallel', ignore_user_meta=False, install_base='install', log_base=None, log_level=None, main=<bound method BuildVerb.main of <colcon_core.verb.build.BuildVerb object at 0x7facca35e460>>, merge_install=False, metas=['./colcon.meta'], packages_above=None, packages_above_and_dependencies=None, packages_above_depth=None, packages_end=None, packages_ignore=None, packages_ignore_regex=None, packages_select=['chassis_controller'], packages_select_build_failed=False, packages_select_by_dep=None, packages_select_regex=None, packages_select_test_failures=False, packages_skip=None, packages_skip_build_finished=False, packages_skip_by_dep=None, packages_skip_regex=None, packages_skip_test_passed=False, packages_skip_up_to=None, packages_start=None, packages_up_to=None, packages_up_to_regex=None, parallel_workers=8, paths=None, symlink_install=False, test_result_base=None, verb_extension=<colcon_core.verb.build.BuildVerb object at 0x7facca35e460>, verb_name='build', verb_parser=<colcon_defaults.argument_parser.defaults.DefaultArgumentsDecorator object at 0x7facca35e9a0>)
[0.550s] Level 1:colcon.colcon_core.package_discovery:discover_packages(colcon_meta) check parameters
[0.550s] Level 1:colcon.colcon_core.package_discovery:discover_packages(recursive) check parameters
[0.550s] Level 1:colcon.colcon_core.package_discovery:discover_packages(ignore) check parameters
[0.550s] Level 1:colcon.colcon_core.package_discovery:discover_packages(path) check parameters
[0.550s] Level 1:colcon.colcon_core.package_discovery:discover_packages(colcon_meta) discover
[0.550s] Level 1:colcon.colcon_core.package_discovery:discover_packages(recursive) discover
[0.550s] INFO:colcon.colcon_core.package_discovery:Crawling recursively for packages in '/home/cl4y3r/VDS'
[0.550s] Level 1:colcon.colcon_core.package_identification:_identify(.) by extensions ['ignore', 'ignore_ament_install']
[0.550s] Level 1:colcon.colcon_core.package_identification:_identify(.) by extension 'ignore'
[0.550s] Level 1:colcon.colcon_core.package_identification:_identify(.) by extension 'ignore_ament_install'
[0.550s] Level 1:colcon.colcon_core.package_identification:_identify(.) by extensions ['colcon_pkg']
[0.550s] Level 1:colcon.colcon_core.package_identification:_identify(.) by extension 'colcon_pkg'
[0.550s] Level 1:colcon.colcon_core.package_identification:_identify(.) by extensions ['colcon_meta']
[0.550s] Level 1:colcon.colcon_core.package_identification:_identify(.) by extension 'colcon_meta'
[0.550s] Level 1:colcon.colcon_core.package_identification:_identify(.) by extensions ['ros']
[0.550s] Level 1:colcon.colcon_core.package_identification:_identify(.) by extension 'ros'
[0.560s] Level 1:colcon.colcon_core.package_identification:_identify(.) by extensions ['cmake', 'python']
[0.560s] Level 1:colcon.colcon_core.package_identification:_identify(.) by extension 'cmake'
[0.560s] Level 1:colcon.colcon_core.package_identification:_identify(.) by extension 'python'
[0.560s] Level 1:colcon.colcon_core.package_identification:_identify(.) by extensions ['python_setup_py']
[0.560s] Level 1:colcon.colcon_core.package_identification:_identify(.) by extension 'python_setup_py'
[0.560s] Level 1:colcon.colcon_core.package_identification:_identify(Docs) by extensions ['ignore', 'ignore_ament_install']
[0.560s] Level 1:colcon.colcon_core.package_identification:_identify(Docs) by extension 'ignore'
[0.561s] Level 1:colcon.colcon_core.package_identification:_identify(Docs) by extension 'ignore_ament_install'
[0.561s] Level 1:colcon.colcon_core.package_identification:_identify(Docs) by extensions ['colcon_pkg']
[0.561s] Level 1:colcon.colcon_core.package_identification:_identify(Docs) by extension 'colcon_pkg'
[0.561s] Level 1:colcon.colcon_core.package_identification:_identify(Docs) by extensions ['colcon_meta']
[0.561s] Level 1:colcon.colcon_core.package_identification:_identify(Docs) by extension 'colcon_meta'
[0.561s] Level 1:colcon.colcon_core.package_identification:_identify(Docs) by extensions ['ros']
[0.561s] Level 1:colcon.colcon_core.package_identification:_identify(Docs) by extension 'ros'
[0.561s] Level 1:colcon.colcon_core.package_identification:_identify(Docs) by extensions ['cmake', 'python']
[0.561s] Level 1:colcon.colcon_core.package_identification:_identify(Docs) by extension 'cmake'
[0.561s] Level 1:colcon.colcon_core.package_identification:_identify(Docs) by extension 'python'
[0.561s] Level 1:colcon.colcon_core.package_identification:_identify(Docs) by extensions ['python_setup_py']
[0.561s] Level 1:colcon.colcon_core.package_identification:_identify(Docs) by extension 'python_setup_py'
[0.561s] Level 1:colcon.colcon_core.package_identification:_identify(autodriving) by extensions ['ignore', 'ignore_ament_install']
[0.561s] Level 1:colcon.colcon_core.package_identification:_identify(autodriving) by extension 'ignore'
[0.561s] Level 1:colcon.colcon_core.package_identification:_identify(autodriving) by extension 'ignore_ament_install'
[0.561s] Level 1:colcon.colcon_core.package_identification:_identify(autodriving) by extensions ['colcon_pkg']
[0.561s] Level 1:colcon.colcon_core.package_identification:_identify(autodriving) by extension 'colcon_pkg'
[0.561s] Level 1:colcon.colcon_core.package_identification:_identify(autodriving) by extensions ['colcon_meta']
[0.561s] Level 1:colcon.colcon_core.package_identification:_identify(autodriving) by extension 'colcon_meta'
[0.561s] Level 1:colcon.colcon_core.package_identification:_identify(autodriving) by extensions ['ros']
[0.561s] Level 1:colcon.colcon_core.package_identification:_identify(autodriving) by extension 'ros'
[0.563s] DEBUG:colcon.colcon_core.package_identification:Package 'autodriving' with type 'ros.ament_cmake' and name 'autodriving'
[0.563s] Level 1:colcon.colcon_core.package_identification:_identify(bag) by extensions ['ignore', 'ignore_ament_install']
[0.563s] Level 1:colcon.colcon_core.package_identification:_identify(bag) by extension 'ignore'
[0.564s] Level 1:colcon.colcon_core.package_identification:_identify(bag) by extension 'ignore_ament_install'
[0.564s] Level 1:colcon.colcon_core.package_identification:_identify(bag) by extensions ['colcon_pkg']
[0.564s] Level 1:colcon.colcon_core.package_identification:_identify(bag) by extension 'colcon_pkg'
[0.564s] Level 1:colcon.colcon_core.package_identification:_identify(bag) by extensions ['colcon_meta']
[0.564s] Level 1:colcon.colcon_core.package_identification:_identify(bag) by extension 'colcon_meta'
[0.564s] Level 1:colcon.colcon_core.package_identification:_identify(bag) by extensions ['ros']
[0.564s] Level 1:colcon.colcon_core.package_identification:_identify(bag) by extension 'ros'
[0.564s] Level 1:colcon.colcon_core.package_identification:_identify(bag) by extensions ['cmake', 'python']
[0.564s] Level 1:colcon.colcon_core.package_identification:_identify(bag) by extension 'cmake'
[0.564s] Level 1:colcon.colcon_core.package_identification:_identify(bag) by extension 'python'
[0.564s] Level 1:colcon.colcon_core.package_identification:_identify(bag) by extensions ['python_setup_py']
[0.564s] Level 1:colcon.colcon_core.package_identification:_identify(bag) by extension 'python_setup_py'
[0.564s] Level 1:colcon.colcon_core.package_identification:_identify(bag/rosbag2_2021_10_27-22_21_44) by extensions ['ignore', 'ignore_ament_install']
[0.564s] Level 1:colcon.colcon_core.package_identification:_identify(bag/rosbag2_2021_10_27-22_21_44) by extension 'ignore'
[0.564s] Level 1:colcon.colcon_core.package_identification:_identify(bag/rosbag2_2021_10_27-22_21_44) by extension 'ignore_ament_install'
[0.564s] Level 1:colcon.colcon_core.package_identification:_identify(bag/rosbag2_2021_10_27-22_21_44) by extensions ['colcon_pkg']
[0.564s] Level 1:colcon.colcon_core.package_identification:_identify(bag/rosbag2_2021_10_27-22_21_44) by extension 'colcon_pkg'
[0.564s] Level 1:colcon.colcon_core.package_identification:_identify(bag/rosbag2_2021_10_27-22_21_44) by extensions ['colcon_meta']
[0.564s] Level 1:colcon.colcon_core.package_identification:_identify(bag/rosbag2_2021_10_27-22_21_44) by extension 'colcon_meta'
[0.564s] Level 1:colcon.colcon_core.package_identification:_identify(bag/rosbag2_2021_10_27-22_21_44) by extensions ['ros']
[0.564s] Level 1:colcon.colcon_core.package_identification:_identify(bag/rosbag2_2021_10_27-22_21_44) by extension 'ros'
[0.564s] Level 1:colcon.colcon_core.package_identification:_identify(bag/rosbag2_2021_10_27-22_21_44) by extensions ['cmake', 'python']
[0.564s] Level 1:colcon.colcon_core.package_identification:_identify(bag/rosbag2_2021_10_27-22_21_44) by extension 'cmake'
[0.565s] Level 1:colcon.colcon_core.package_identification:_identify(bag/rosbag2_2021_10_27-22_21_44) by extension 'python'
[0.565s] Level 1:colcon.colcon_core.package_identification:_identify(bag/rosbag2_2021_10_27-22_21_44) by extensions ['python_setup_py']
[0.565s] Level 1:colcon.colcon_core.package_identification:_identify(bag/rosbag2_2021_10_27-22_21_44) by extension 'python_setup_py'
[0.565s] Level 1:colcon.colcon_core.package_identification:_identify(build) by extensions ['ignore', 'ignore_ament_install']
[0.565s] Level 1:colcon.colcon_core.package_identification:_identify(build) by extension 'ignore'
[0.565s] Level 1:colcon.colcon_core.package_identification:_identify(build) ignored
[0.565s] Level 1:colcon.colcon_core.package_identification:_identify(chassis_controller) by extensions ['ignore', 'ignore_ament_install']
[0.565s] Level 1:colcon.colcon_core.package_identification:_identify(chassis_controller) by extension 'ignore'
[0.565s] Level 1:colcon.colcon_core.package_identification:_identify(chassis_controller) by extension 'ignore_ament_install'
[0.565s] Level 1:colcon.colcon_core.package_identification:_identify(chassis_controller) by extensions ['colcon_pkg']
[0.565s] Level 1:colcon.colcon_core.package_identification:_identify(chassis_controller) by extension 'colcon_pkg'
[0.565s] Level 1:colcon.colcon_core.package_identification:_identify(chassis_controller) by extensions ['colcon_meta']
[0.565s] Level 1:colcon.colcon_core.package_identification:_identify(chassis_controller) by extension 'colcon_meta'
[0.565s] Level 1:colcon.colcon_core.package_identification:_identify(chassis_controller) by extensions ['ros']
[0.565s] Level 1:colcon.colcon_core.package_identification:_identify(chassis_controller) by extension 'ros'
[0.566s] DEBUG:colcon.colcon_core.package_identification:Package 'chassis_controller' with type 'ros.ament_cmake' and name 'chassis_controller'
[0.566s] Level 1:colcon.colcon_core.package_identification:_identify(eigen-3.4.0) by extensions ['ignore', 'ignore_ament_install']
[0.566s] Level 1:colcon.colcon_core.package_identification:_identify(eigen-3.4.0) by extension 'ignore'
[0.566s] Level 1:colcon.colcon_core.package_identification:_identify(eigen-3.4.0) by extension 'ignore_ament_install'
[0.566s] Level 1:colcon.colcon_core.package_identification:_identify(eigen-3.4.0) by extensions ['colcon_pkg']
[0.566s] Level 1:colcon.colcon_core.package_identification:_identify(eigen-3.4.0) by extension 'colcon_pkg'
[0.566s] Level 1:colcon.colcon_core.package_identification:_identify(eigen-3.4.0) by extensions ['colcon_meta']
[0.566s] Level 1:colcon.colcon_core.package_identification:_identify(eigen-3.4.0) by extension 'colcon_meta'
[0.566s] Level 1:colcon.colcon_core.package_identification:_identify(eigen-3.4.0) by extensions ['ros']
[0.566s] Level 1:colcon.colcon_core.package_identification:_identify(eigen-3.4.0) by extension 'ros'
[0.566s] Level 1:colcon.colcon_core.package_identification:_identify(eigen-3.4.0) by extensions ['cmake', 'python']
[0.566s] Level 1:colcon.colcon_core.package_identification:_identify(eigen-3.4.0) by extension 'cmake'
[0.596s] Level 1:colcon.colcon_core.package_identification:_identify(eigen-3.4.0) by extension 'python'
[0.596s] DEBUG:colcon.colcon_core.package_identification:Package 'eigen-3.4.0' with type 'cmake' and name 'Eigen3'
[0.596s] Level 1:colcon.colcon_core.package_identification:_identify(install) by extensions ['ignore', 'ignore_ament_install']
[0.596s] Level 1:colcon.colcon_core.package_identification:_identify(install) by extension 'ignore'
[0.596s] Level 1:colcon.colcon_core.package_identification:_identify(install) ignored
[0.597s] Level 1:colcon.colcon_core.package_identification:_identify(log) by extensions ['ignore', 'ignore_ament_install']
[0.597s] Level 1:colcon.colcon_core.package_identification:_identify(log) by extension 'ignore'
[0.597s] Level 1:colcon.colcon_core.package_identification:_identify(log) ignored
[0.597s] Level 1:colcon.colcon_core.package_identification:_identify(maps) by extensions ['ignore', 'ignore_ament_install']
[0.597s] Level 1:colcon.colcon_core.package_identification:_identify(maps) by extension 'ignore'
[0.597s] Level 1:colcon.colcon_core.package_identification:_identify(maps) by extension 'ignore_ament_install'
[0.597s] Level 1:colcon.colcon_core.package_identification:_identify(maps) by extensions ['colcon_pkg']
[0.597s] Level 1:colcon.colcon_core.package_identification:_identify(maps) by extension 'colcon_pkg'
[0.597s] Level 1:colcon.colcon_core.package_identification:_identify(maps) by extensions ['colcon_meta']
[0.597s] Level 1:colcon.colcon_core.package_identification:_identify(maps) by extension 'colcon_meta'
[0.597s] Level 1:colcon.colcon_core.package_identification:_identify(maps) by extensions ['ros']
[0.597s] Level 1:colcon.colcon_core.package_identification:_identify(maps) by extension 'ros'
[0.597s] Level 1:colcon.colcon_core.package_identification:_identify(maps) by extensions ['cmake', 'python']
[0.597s] Level 1:colcon.colcon_core.package_identification:_identify(maps) by extension 'cmake'
[0.597s] Level 1:colcon.colcon_core.package_identification:_identify(maps) by extension 'python'
[0.597s] Level 1:colcon.colcon_core.package_identification:_identify(maps) by extensions ['python_setup_py']
[0.597s] Level 1:colcon.colcon_core.package_identification:_identify(maps) by extension 'python_setup_py'
[0.597s] Level 1:colcon.colcon_core.package_identification:_identify(maps/opendrive) by extensions ['ignore', 'ignore_ament_install']
[0.597s] Level 1:colcon.colcon_core.package_identification:_identify(maps/opendrive) by extension 'ignore'
[0.597s] Level 1:colcon.colcon_core.package_identification:_identify(maps/opendrive) by extension 'ignore_ament_install'
[0.598s] Level 1:colcon.colcon_core.package_identification:_identify(maps/opendrive) by extensions ['colcon_pkg']
[0.598s] Level 1:colcon.colcon_core.package_identification:_identify(maps/opendrive) by extension 'colcon_pkg'
[0.598s] Level 1:colcon.colcon_core.package_identification:_identify(maps/opendrive) by extensions ['colcon_meta']
[0.598s] Level 1:colcon.colcon_core.package_identification:_identify(maps/opendrive) by extension 'colcon_meta'
[0.598s] Level 1:colcon.colcon_core.package_identification:_identify(maps/opendrive) by extensions ['ros']
[0.598s] Level 1:colcon.colcon_core.package_identification:_identify(maps/opendrive) by extension 'ros'
[0.598s] Level 1:colcon.colcon_core.package_identification:_identify(maps/opendrive) by extensions ['cmake', 'python']
[0.598s] Level 1:colcon.colcon_core.package_identification:_identify(maps/opendrive) by extension 'cmake'
[0.598s] Level 1:colcon.colcon_core.package_identification:_identify(maps/opendrive) by extension 'python'
[0.598s] Level 1:colcon.colcon_core.package_identification:_identify(maps/opendrive) by extensions ['python_setup_py']
[0.598s] Level 1:colcon.colcon_core.package_identification:_identify(maps/opendrive) by extension 'python_setup_py'
[0.598s] Level 1:colcon.colcon_core.package_identification:_identify(maps/pointmap) by extensions ['ignore', 'ignore_ament_install']
[0.598s] Level 1:colcon.colcon_core.package_identification:_identify(maps/pointmap) by extension 'ignore'
[0.598s] Level 1:colcon.colcon_core.package_identification:_identify(maps/pointmap) by extension 'ignore_ament_install'
[0.598s] Level 1:colcon.colcon_core.package_identification:_identify(maps/pointmap) by extensions ['colcon_pkg']
[0.598s] Level 1:colcon.colcon_core.package_identification:_identify(maps/pointmap) by extension 'colcon_pkg'
[0.598s] Level 1:colcon.colcon_core.package_identification:_identify(maps/pointmap) by extensions ['colcon_meta']
[0.598s] Level 1:colcon.colcon_core.package_identification:_identify(maps/pointmap) by extension 'colcon_meta'
[0.598s] Level 1:colcon.colcon_core.package_identification:_identify(maps/pointmap) by extensions ['ros']
[0.598s] Level 1:colcon.colcon_core.package_identification:_identify(maps/pointmap) by extension 'ros'
[0.598s] Level 1:colcon.colcon_core.package_identification:_identify(maps/pointmap) by extensions ['cmake', 'python']
[0.598s] Level 1:colcon.colcon_core.package_identification:_identify(maps/pointmap) by extension 'cmake'
[0.598s] Level 1:colcon.colcon_core.package_identification:_identify(maps/pointmap) by extension 'python'
[0.598s] Level 1:colcon.colcon_core.package_identification:_identify(maps/pointmap) by extensions ['python_setup_py']
[0.598s] Level 1:colcon.colcon_core.package_identification:_identify(maps/pointmap) by extension 'python_setup_py'
[0.599s] Level 1:colcon.colcon_core.package_identification:_identify(xcontrol) by extensions ['ignore', 'ignore_ament_install']
[0.599s] Level 1:colcon.colcon_core.package_identification:_identify(xcontrol) by extension 'ignore'
[0.599s] Level 1:colcon.colcon_core.package_identification:_identify(xcontrol) by extension 'ignore_ament_install'
[0.599s] Level 1:colcon.colcon_core.package_identification:_identify(xcontrol) by extensions ['colcon_pkg']
[0.599s] Level 1:colcon.colcon_core.package_identification:_identify(xcontrol) by extension 'colcon_pkg'
[0.599s] Level 1:colcon.colcon_core.package_identification:_identify(xcontrol) by extensions ['colcon_meta']
[0.599s] Level 1:colcon.colcon_core.package_identification:_identify(xcontrol) by extension 'colcon_meta'
[0.599s] Level 1:colcon.colcon_core.package_identification:_identify(xcontrol) by extensions ['ros']
[0.599s] Level 1:colcon.colcon_core.package_identification:_identify(xcontrol) by extension 'ros'
[0.599s] DEBUG:colcon.colcon_core.package_identification:Package 'xcontrol' with type 'ros.ament_cmake' and name 'xcontrol'
[0.599s] Level 1:colcon.colcon_core.package_discovery:discover_packages(recursive) using defaults
[0.599s] Level 1:colcon.colcon_core.package_discovery:discover_packages(ignore) discover
[0.599s] Level 1:colcon.colcon_core.package_discovery:discover_packages(ignore) using defaults
[0.599s] Level 1:colcon.colcon_core.package_discovery:discover_packages(path) discover
[0.599s] Level 1:colcon.colcon_core.package_discovery:discover_packages(path) using defaults
[0.613s] INFO:colcon.colcon_core.package_selection:Skipping not selected package 'Eigen3' in 'eigen-3.4.0'
[0.613s] INFO:colcon.colcon_core.package_selection:Skipping not selected package 'autodriving' in 'autodriving'
[0.613s] INFO:colcon.colcon_core.package_selection:Skipping not selected package 'xcontrol' in 'xcontrol'
[0.615s] Level 5:colcon.colcon_core.verb:set package 'chassis_controller' build argument 'cmake_args' from command line to 'None'
[0.615s] Level 5:colcon.colcon_core.verb:set package 'chassis_controller' build argument 'cmake_target' from command line to 'None'
[0.615s] Level 5:colcon.colcon_core.verb:set package 'chassis_controller' build argument 'cmake_target_skip_unavailable' from command line to 'False'
[0.615s] Level 5:colcon.colcon_core.verb:set package 'chassis_controller' build argument 'cmake_clean_cache' from command line to 'False'
[0.615s] Level 5:colcon.colcon_core.verb:set package 'chassis_controller' build argument 'cmake_clean_first' from command line to 'False'
[0.615s] Level 5:colcon.colcon_core.verb:set package 'chassis_controller' build argument 'cmake_force_configure' from command line to 'False'
[0.615s] Level 5:colcon.colcon_core.verb:set package 'chassis_controller' build argument 'ament_cmake_args' from command line to 'None'
[0.615s] Level 5:colcon.colcon_core.verb:set package 'chassis_controller' build argument 'catkin_cmake_args' from command line to 'None'
[0.615s] Level 5:colcon.colcon_core.verb:set package 'chassis_controller' build argument 'catkin_skip_building_tests' from command line to 'False'
[0.615s] DEBUG:colcon.colcon_core.verb:Building package 'chassis_controller' with the following arguments: {'ament_cmake_args': None, 'build_base': '/home/cl4y3r/VDS/build/chassis_controller', 'catkin_cmake_args': None, 'catkin_skip_building_tests': False, 'cmake_args': None, 'cmake_clean_cache': False, 'cmake_clean_first': False, 'cmake_force_configure': False, 'cmake_target': None, 'cmake_target_skip_unavailable': False, 'install_base': '/home/cl4y3r/VDS/install/chassis_controller', 'merge_install': False, 'path': '/home/cl4y3r/VDS/chassis_controller', 'symlink_install': False, 'test_result_base': None}
[0.616s] INFO:colcon.colcon_core.executor:Executing jobs using 'parallel' executor
[0.617s] DEBUG:colcon.colcon_parallel_executor.executor.parallel:run_until_complete
[0.617s] INFO:colcon.colcon_ros.task.ament_cmake.build:Building ROS package in '/home/cl4y3r/VDS/chassis_controller' with build type 'ament_cmake'
[0.617s] INFO:colcon.colcon_cmake.task.cmake.build:Building CMake package in '/home/cl4y3r/VDS/chassis_controller'
[0.620s] INFO:colcon.colcon_core.plugin_system:Skipping extension 'colcon_core.shell.bat': Not used on non-Windows systems
[0.621s] INFO:colcon.colcon_core.shell:Skip shell extension 'powershell' for command environment: Not usable outside of PowerShell
[0.621s] DEBUG:colcon.colcon_core.shell:Skip shell extension 'dsv' for command environment
[0.623s] DEBUG:colcon.colcon_core.shell:Ignoring prefix path '/opt/ros/foxy'
[0.645s] DEBUG:colcon.colcon_core.event_handler.log_command:Invoking command in '/home/cl4y3r/VDS/build/chassis_controller': CMAKE_PREFIX_PATH=${CMAKE_PREFIX_PATH}:/opt/ros/foxy /usr/bin/cmake --build /home/cl4y3r/VDS/build/chassis_controller -- -j8 -l8
[1.982s] DEBUG:colcon.colcon_core.event_handler.log_command:Invoked command in '/home/cl4y3r/VDS/build/chassis_controller' returned '2': CMAKE_PREFIX_PATH=${CMAKE_PREFIX_PATH}:/opt/ros/foxy /usr/bin/cmake --build /home/cl4y3r/VDS/build/chassis_controller -- -j8 -l8
[2.003s] Level 1:colcon.colcon_core.environment:create_environment_scripts_only(chassis_controller)
[2.007s] Level 1:colcon.colcon_core.environment:checking '/home/cl4y3r/VDS/install/chassis_controller' for CMake module files
[2.007s] Level 1:colcon.colcon_core.environment:checking '/home/cl4y3r/VDS/install/chassis_controller' for CMake config files
[2.007s] Level 1:colcon.colcon_core.shell:create_environment_hook('chassis_controller', 'cmake_prefix_path')
[2.008s] INFO:colcon.colcon_core.shell:Creating environment hook '/home/cl4y3r/VDS/install/chassis_controller/share/chassis_controller/hook/cmake_prefix_path.ps1'
[2.008s] INFO:colcon.colcon_core.shell:Creating environment descriptor '/home/cl4y3r/VDS/install/chassis_controller/share/chassis_controller/hook/cmake_prefix_path.dsv'
[2.009s] INFO:colcon.colcon_core.shell:Creating environment hook '/home/cl4y3r/VDS/install/chassis_controller/share/chassis_controller/hook/cmake_prefix_path.sh'
[2.010s] Level 1:colcon.colcon_core.environment:checking '/home/cl4y3r/VDS/install/chassis_controller/lib'
[2.010s] Level 1:colcon.colcon_core.environment:checking '/home/cl4y3r/VDS/install/chassis_controller/bin'
[2.010s] Level 1:colcon.colcon_core.environment:checking '/home/cl4y3r/VDS/install/chassis_controller/lib/pkgconfig/chassis_controller.pc'
[2.010s] Level 1:colcon.colcon_core.environment:checking '/home/cl4y3r/VDS/install/chassis_controller/lib/python3.8/site-packages'
[2.010s] INFO:colcon.colcon_core.shell:Creating package script '/home/cl4y3r/VDS/install/chassis_controller/share/chassis_controller/package.ps1'
[2.011s] INFO:colcon.colcon_core.shell:Creating package descriptor '/home/cl4y3r/VDS/install/chassis_controller/share/chassis_controller/package.dsv'
[2.012s] INFO:colcon.colcon_core.shell:Creating package script '/home/cl4y3r/VDS/install/chassis_controller/share/chassis_controller/package.sh'
[2.012s] INFO:colcon.colcon_core.shell:Creating package script '/home/cl4y3r/VDS/install/chassis_controller/share/chassis_controller/package.bash'
[2.013s] INFO:colcon.colcon_core.shell:Creating package script '/home/cl4y3r/VDS/install/chassis_controller/share/chassis_controller/package.zsh'
[2.014s] Level 1:colcon.colcon_core.environment:create_file_with_runtime_dependencies(/home/cl4y3r/VDS/install/chassis_controller/share/colcon-core/packages/chassis_controller)
[2.024s] DEBUG:colcon.colcon_parallel_executor.executor.parallel:closing loop
[2.024s] DEBUG:colcon.colcon_parallel_executor.executor.parallel:loop closed
[2.024s] DEBUG:colcon.colcon_parallel_executor.executor.parallel:run_until_complete finished with '2'
[2.024s] DEBUG:colcon.colcon_core.event_reactor:joining thread
[2.030s] INFO:colcon.colcon_core.plugin_system:Skipping extension 'colcon_notification.desktop_notification.terminal_notifier': Not used on non-Darwin systems
[2.030s] INFO:colcon.colcon_core.plugin_system:Skipping extension 'colcon_notification.desktop_notification.win32': Not used on non-Windows systems
[2.030s] INFO:colcon.colcon_notification.desktop_notification:Sending desktop notification using 'notify2'
[2.044s] DEBUG:colcon.colcon_core.event_reactor:joined thread
[2.044s] INFO:colcon.colcon_core.shell:Creating prefix script '/home/cl4y3r/VDS/install/local_setup.ps1'
[2.045s] INFO:colcon.colcon_core.shell:Creating prefix util module '/home/cl4y3r/VDS/install/_local_setup_util_ps1.py'
[2.046s] INFO:colcon.colcon_core.shell:Creating prefix chain script '/home/cl4y3r/VDS/install/setup.ps1'
[2.048s] INFO:colcon.colcon_core.shell:Creating prefix script '/home/cl4y3r/VDS/install/local_setup.sh'
[2.049s] INFO:colcon.colcon_core.shell:Creating prefix util module '/home/cl4y3r/VDS/install/_local_setup_util_sh.py'
[2.049s] INFO:colcon.colcon_core.shell:Creating prefix chain script '/home/cl4y3r/VDS/install/setup.sh'
[2.051s] INFO:colcon.colcon_core.shell:Creating prefix script '/home/cl4y3r/VDS/install/local_setup.bash'
[2.051s] INFO:colcon.colcon_core.shell:Creating prefix chain script '/home/cl4y3r/VDS/install/setup.bash'
[2.053s] INFO:colcon.colcon_core.shell:Creating prefix script '/home/cl4y3r/VDS/install/local_setup.zsh'
[2.054s] INFO:colcon.colcon_core.shell:Creating prefix chain script '/home/cl4y3r/VDS/install/setup.zsh'
