[01m[K/home/cl4y3r/VDS/chassis_controller/src/chassis_controller.cpp:[m[K In member function ‘[01m[Kdouble ChassisController::waypoint_loader(std::string)[m[K’:
[01m[K/home/cl4y3r/VDS/chassis_controller/src/chassis_controller.cpp:96:1:[m[K [01;35m[Kwarning: [m[Kno return statement in function returning non-void [[01;35m[K-Wreturn-type[m[K]
   96 | [01;35m[K}[m[K
      | [01;35m[K^[m[K
[01m[K/home/cl4y3r/VDS/chassis_controller/src/chassis_controller.cpp:[m[K In member function ‘[01m[Kdouble ChassisController::longitudinal_controller(double, double)[m[K’:
[01m[K/home/cl4y3r/VDS/chassis_controller/src/chassis_controller.cpp:98:58:[m[K [01;35m[Kwarning: [m[Kunused parameter ‘[01m[Kvelocity_x[m[K’ [[01;35m[K-Wunused-parameter[m[K]
   98 | double ChassisController::longitudinal_controller([01;35m[Kdouble velocity_x[m[K, double acc_x){
      |                                                   [01;35m[K~~~~~~~^~~~~~~~~~[m[K
[01m[K/home/cl4y3r/VDS/chassis_controller/src/chassis_controller.cpp:98:77:[m[K [01;35m[Kwarning: [m[Kunused parameter ‘[01m[Kacc_x[m[K’ [[01;35m[K-Wunused-parameter[m[K]
   98 | ontroller::longitudinal_controller(double velocity_x, [01;35m[Kdouble acc_x[m[K){
      |                                                       [01;35m[K~~~~~~~^~~~~[m[K

[01m[K/home/cl4y3r/VDS/chassis_controller/src/chassis_controller.cpp:[m[K In member function ‘[01m[Kdouble ChassisController::lateral_controller(double, double, double, double, double)[m[K’:
[01m[K/home/cl4y3r/VDS/chassis_controller/src/chassis_controller.cpp:102:53:[m[K [01;35m[Kwarning: [m[Kunused parameter ‘[01m[Kyaw[m[K’ [[01;35m[K-Wunused-parameter[m[K]
  102 | double ChassisController::lateral_controller([01;35m[Kdouble yaw[m[K, double yaw_rate, double pos_x, double pos_y, double velocity_x){
      |                                              [01;35m[K~~~~~~~^~~[m[K
[01m[K/home/cl4y3r/VDS/chassis_controller/src/chassis_controller.cpp:102:65:[m[K [01;35m[Kwarning: [m[Kunused parameter ‘[01m[Kyaw_rate[m[K’ [[01;35m[K-Wunused-parameter[m[K]
  102 | ble ChassisController::lateral_controller(double yaw, [01;35m[Kdouble yaw_rate[m[K, double pos_x, double pos_y, double velocity_x){
      |                                                       [01;35m[K~~~~~~~^~~~~~~~[m[K

[01m[K/home/cl4y3r/VDS/chassis_controller/src/chassis_controller.cpp:102:82:[m[K [01;35m[Kwarning: [m[Kunused parameter ‘[01m[Kpos_x[m[K’ [[01;35m[K-Wunused-parameter[m[K]
  102 | ller::lateral_controller(double yaw, double yaw_rate, [01;35m[Kdouble pos_x[m[K, double pos_y, double velocity_x){
      |                                                       [01;35m[K~~~~~~~^~~~~[m[K

[01m[K/home/cl4y3r/VDS/chassis_controller/src/chassis_controller.cpp:102:96:[m[K [01;35m[Kwarning: [m[Kunused parameter ‘[01m[Kpos_y[m[K’ [[01;35m[K-Wunused-parameter[m[K]
  102 | controller(double yaw, double yaw_rate, double pos_x, [01;35m[Kdouble pos_y[m[K, double velocity_x){
      |                                                       [01;35m[K~~~~~~~^~~~~[m[K

[01m[K/home/cl4y3r/VDS/chassis_controller/src/chassis_controller.cpp:102:110:[m[K [01;35m[Kwarning: [m[Kunused parameter ‘[01m[Kvelocity_x[m[K’ [[01;35m[K-Wunused-parameter[m[K]
  102 | er(double yaw, double yaw_rate, double pos_x, double pos_y, [01;35m[Kdouble velocity_x[m[K){
      |                                                             [01;35m[K~~~~~~~^~~~~~~~~~[m[K

