[0.013s] Invoking command in '/home/cl4y3r/VDS/build/chassis_controller': CMAKE_PREFIX_PATH=${CMAKE_PREFIX_PATH}:/opt/ros/foxy /usr/bin/cmake --build /home/cl4y3r/VDS/build/chassis_controller -- -j8 -l8
[0.060s] [ 50%] [32mBuilding CXX object CMakeFiles/chassis_controller.dir/src/chassis_controller.cpp.o[0m
[1.616s] [01m[K/home/cl4y3r/VDS/chassis_controller/src/chassis_controller.cpp:[m[K In function ‘[01m[Kvoid msg_subscriber(const ConstSharedPtr&, const ConstSharedPtr&, const ConstSharedPtr&, const ConstSharedPtr&, const ConstSharedPtr&)[m[K’:
[1.616s] [01m[K/home/cl4y3r/VDS/chassis_controller/src/chassis_controller.cpp:36:5:[m[K [01;31m[Kerror: [m[K‘[01m[Kvx[m[K’ was not declared in this scope
[1.616s]    36 |     [01;31m[Kvx[m[K = canbus_msg->speed_mps;
[1.616s]       |     [01;31m[K^~[m[K
[1.616s] [01m[K/home/cl4y3r/VDS/chassis_controller/src/chassis_controller.cpp:37:5:[m[K [01;31m[Kerror: [m[K‘[01m[Kvy[m[K’ was not declared in this scope
[1.617s]    37 |     [01;31m[Kvy[m[K = 0; //unused for now
[1.617s]       |     [01;31m[K^~[m[K
[1.618s] [01m[K/home/cl4y3r/VDS/chassis_controller/src/chassis_controller.cpp:38:5:[m[K [01;31m[Kerror: [m[K‘[01m[Kphi_p[m[K’ was not declared in this scope
[1.618s]    38 |     [01;31m[Kphi_p[m[K = imu_msg->angular_velocity.z;
[1.618s]       |     [01;31m[K^~~~~[m[K
[1.618s] [01m[K/home/cl4y3r/VDS/chassis_controller/src/chassis_controller.cpp:40:5:[m[K [01;31m[Kerror: [m[K‘[01m[Kphi[m[K’ was not declared in this scope
[1.619s]    40 |     [01;31m[Kphi[m[K = imu_msg->orientation.z; //wrong! need to calculate from quaternion!
[1.619s]       |     [01;31m[K^~~[m[K
[1.619s] [01m[K/home/cl4y3r/VDS/chassis_controller/src/chassis_controller.cpp:41:5:[m[K [01;31m[Kerror: [m[K‘[01m[Kx[m[K’ was not declared in this scope
[1.619s]    41 |     [01;31m[Kx[m[K = -gps_msg->pose.pose.position.y; //to be modified
[1.619s]       |     [01;31m[K^[m[K
[1.620s] [01m[K/home/cl4y3r/VDS/chassis_controller/src/chassis_controller.cpp:42:5:[m[K [01;31m[Kerror: [m[K‘[01m[Ky[m[K’ was not declared in this scope; did you mean ‘[01m[Kyn[m[K’?
[1.620s]    42 |     [01;31m[Ky[m[K = gps_msg->pose.pose.position.x; //to be modified
[1.620s]       |     [01;31m[K^[m[K
[1.620s]       |     [32m[Kyn[m[K
[1.621s] [01m[K/home/cl4y3r/VDS/chassis_controller/src/chassis_controller.cpp:43:5:[m[K [01;31m[Kerror: [m[K‘[01m[Kdelta[m[K’ was not declared in this scope
[1.621s]    43 |     [01;31m[Kdelta[m[K = odometry_msg->front_wheel_angle;
[1.621s]       |     [01;31m[K^~~~~[m[K
[1.622s] [01m[K/home/cl4y3r/VDS/chassis_controller/src/chassis_controller.cpp:44:5:[m[K [01;31m[Kerror: [m[K‘[01m[Kax[m[K’ was not declared in this scope
[1.622s]    44 |     [01;31m[Kax[m[K = imu_msg->linear_acceleration.x;
[1.622s]       |     [01;31m[K^~[m[K
[1.623s] [01m[K/home/cl4y3r/VDS/chassis_controller/src/chassis_controller.cpp:45:5:[m[K [01;31m[Kerror: [m[K‘[01m[Kay[m[K’ was not declared in this scope
[1.623s]    45 |     [01;31m[Kay[m[K = imu_msg->linear_acceleration.y;
[1.623s]       |     [01;31m[K^~[m[K
[1.625s] [01m[K/home/cl4y3r/VDS/chassis_controller/src/chassis_controller.cpp:46:5:[m[K [01;31m[Kerror: [m[K‘[01m[Ksteer_angle[m[K’ was not declared in this scope
[1.625s]    46 |     [01;31m[Ksteer_angle[m[K = odometry_msg->front_wheel_angle;
[1.625s]       |     [01;31m[K^~~~~~~~~~~[m[K
[1.625s] In file included from [01m[K/opt/ros/foxy/include/rclcpp/service.hpp:34[m[K,
[1.625s]                  from [01m[K/opt/ros/foxy/include/rclcpp/callback_group.hpp:25[m[K,
[1.626s]                  from [01m[K/opt/ros/foxy/include/rclcpp/any_executable.hpp:20[m[K,
[1.626s]                  from [01m[K/opt/ros/foxy/include/rclcpp/memory_strategy.hpp:24[m[K,
[1.626s]                  from [01m[K/opt/ros/foxy/include/rclcpp/memory_strategies.hpp:18[m[K,
[1.626s]                  from [01m[K/opt/ros/foxy/include/rclcpp/executor_options.hpp:20[m[K,
[1.626s]                  from [01m[K/opt/ros/foxy/include/rclcpp/executor.hpp:33[m[K,
[1.626s]                  from [01m[K/opt/ros/foxy/include/rclcpp/executors/multi_threaded_executor.hpp:26[m[K,
[1.626s]                  from [01m[K/opt/ros/foxy/include/rclcpp/executors.hpp:21[m[K,
[1.626s]                  from [01m[K/opt/ros/foxy/include/rclcpp/rclcpp.hpp:146[m[K,
[1.626s]                  from [01m[K/opt/ros/foxy/include/message_filters/subscriber.h:38[m[K,
[1.626s]                  from [01m[K/home/cl4y3r/VDS/chassis_controller/include/chassis_controller/chassis_controller.hpp:6[m[K,
[1.626s]                  from [01m[K/home/cl4y3r/VDS/chassis_controller/src/chassis_controller.cpp:1[m[K:
[1.626s] [01m[K/home/cl4y3r/VDS/chassis_controller/src/chassis_controller.cpp:50:17:[m[K [01;31m[Kerror: [m[Kinvalid use of ‘[01m[Kthis[m[K’ in non-member function
[1.626s]    50 |     RCLCPP_INFO([01;31m[Kthis[m[K->get_logger(), "PositionX: %f [m], PositionY: %f [m]", x, y);
[1.627s]       |                 [01;31m[K^~~~[m[K
[1.627s] [01m[K/home/cl4y3r/VDS/chassis_controller/src/chassis_controller.cpp:50:17:[m[K [01;31m[Kerror: [m[Kinvalid use of ‘[01m[Kthis[m[K’ in non-member function
[1.627s] [01m[K/home/cl4y3r/VDS/chassis_controller/src/chassis_controller.cpp:50:5:[m[K [01;31m[Kerror: [m[Ktemplate argument 1 is invalid
[1.627s]    50 |     [01;31m[KRCLCPP_INFO[m[K(this->get_logger(), "PositionX: %f [m], PositionY: %f [m]", x, y);
[1.627s]       |     [01;31m[K^~~~~~~~~~~[m[K
[1.627s] [01m[K/home/cl4y3r/VDS/chassis_controller/src/chassis_controller.cpp:50:5:[m[K [01;31m[Kerror: [m[Ktemplate argument 1 is invalid
[1.627s]    50 |     [01;31m[KRCLCPP_INFO[m[K(this->get_logger(), "PositionX: %f [m], PositionY: %f [m]", x, y);
[1.627s]       |     [01;31m[K^~~~~~~~~~~[m[K
[1.627s] [01m[K/home/cl4y3r/VDS/chassis_controller/src/chassis_controller.cpp:50:5:[m[K [01;31m[Kerror: [m[Ktemplate argument 1 is invalid
[1.627s]    50 |     [01;31m[KRCLCPP_INFO[m[K(this->get_logger(), "PositionX: %f [m], PositionY: %f [m]", x, y);
[1.627s]       |     [01;31m[K^~~~~~~~~~~[m[K
[1.627s] In file included from [01m[K/opt/ros/foxy/include/rclcpp/client.hpp:40[m[K,
[1.627s]                  from [01m[K/opt/ros/foxy/include/rclcpp/callback_group.hpp:23[m[K,
[1.627s]                  from [01m[K/opt/ros/foxy/include/rclcpp/any_executable.hpp:20[m[K,
[1.627s]                  from [01m[K/opt/ros/foxy/include/rclcpp/memory_strategy.hpp:24[m[K,
[1.627s]                  from [01m[K/opt/ros/foxy/include/rclcpp/memory_strategies.hpp:18[m[K,
[1.627s]                  from [01m[K/opt/ros/foxy/include/rclcpp/executor_options.hpp:20[m[K,
[1.628s]                  from [01m[K/opt/ros/foxy/include/rclcpp/executor.hpp:33[m[K,
[1.628s]                  from [01m[K/opt/ros/foxy/include/rclcpp/executors/multi_threaded_executor.hpp:26[m[K,
[1.628s]                  from [01m[K/opt/ros/foxy/include/rclcpp/executors.hpp:21[m[K,
[1.628s]                  from [01m[K/opt/ros/foxy/include/rclcpp/rclcpp.hpp:146[m[K,
[1.628s]                  from [01m[K/opt/ros/foxy/include/message_filters/subscriber.h:38[m[K,
[1.628s]                  from [01m[K/home/cl4y3r/VDS/chassis_controller/include/chassis_controller/chassis_controller.hpp:6[m[K,
[1.628s]                  from [01m[K/home/cl4y3r/VDS/chassis_controller/src/chassis_controller.cpp:1[m[K:
[1.628s] [01m[K/home/cl4y3r/VDS/chassis_controller/src/chassis_controller.cpp:50:17:[m[K [01;31m[Kerror: [m[Kinvalid use of ‘[01m[Kthis[m[K’ in non-member function
[1.628s]    50 |     RCLCPP_INFO([01;31m[Kthis[m[K->get_logger(), "PositionX: %f [m], PositionY: %f [m]", x, y);
[1.628s]       |                 [01;31m[K^~~~[m[K
[1.628s] [01m[K/home/cl4y3r/VDS/chassis_controller/src/chassis_controller.cpp:50:17:[m[K [01;31m[Kerror: [m[Kinvalid use of ‘[01m[Kthis[m[K’ in non-member function
[1.628s]    50 |     RCLCPP_INFO([01;31m[Kthis[m[K->get_logger(), "PositionX: %f [m], PositionY: %f [m]", x, y);
[1.628s]       |                 [01;31m[K^~~~[m[K
[1.628s] In file included from [01m[K/opt/ros/foxy/include/rclcpp/service.hpp:34[m[K,
[1.628s]                  from [01m[K/opt/ros/foxy/include/rclcpp/callback_group.hpp:25[m[K,
[1.628s]                  from [01m[K/opt/ros/foxy/include/rclcpp/any_executable.hpp:20[m[K,
[1.629s]                  from [01m[K/opt/ros/foxy/include/rclcpp/memory_strategy.hpp:24[m[K,
[1.629s]                  from [01m[K/opt/ros/foxy/include/rclcpp/memory_strategies.hpp:18[m[K,
[1.629s]                  from [01m[K/opt/ros/foxy/include/rclcpp/executor_options.hpp:20[m[K,
[1.629s]                  from [01m[K/opt/ros/foxy/include/rclcpp/executor.hpp:33[m[K,
[1.629s]                  from [01m[K/opt/ros/foxy/include/rclcpp/executors/multi_threaded_executor.hpp:26[m[K,
[1.629s]                  from [01m[K/opt/ros/foxy/include/rclcpp/executors.hpp:21[m[K,
[1.629s]                  from [01m[K/opt/ros/foxy/include/rclcpp/rclcpp.hpp:146[m[K,
[1.629s]                  from [01m[K/opt/ros/foxy/include/message_filters/subscriber.h:38[m[K,
[1.629s]                  from [01m[K/home/cl4y3r/VDS/chassis_controller/include/chassis_controller/chassis_controller.hpp:6[m[K,
[1.629s]                  from [01m[K/home/cl4y3r/VDS/chassis_controller/src/chassis_controller.cpp:1[m[K:
[1.629s] [01m[K/home/cl4y3r/VDS/chassis_controller/src/chassis_controller.cpp:51:17:[m[K [01;31m[Kerror: [m[Kinvalid use of ‘[01m[Kthis[m[K’ in non-member function
[1.629s]    51 |     RCLCPP_INFO([01;31m[Kthis[m[K->get_logger(), "PositionX: %f [m], PositionY: %f [m]", new_gps_msg->latitude, new_gps_msg->longitude);
[1.629s]       |                 [01;31m[K^~~~[m[K
[1.629s] [01m[K/home/cl4y3r/VDS/chassis_controller/src/chassis_controller.cpp:51:17:[m[K [01;31m[Kerror: [m[Kinvalid use of ‘[01m[Kthis[m[K’ in non-member function
[1.629s] [01m[K/home/cl4y3r/VDS/chassis_controller/src/chassis_controller.cpp:51:5:[m[K [01;31m[Kerror: [m[Ktemplate argument 1 is invalid
[1.629s]    51 |     [01;31m[KRCLCPP_INFO[m[K(this->get_logger(), "PositionX: %f [m], PositionY: %f [m]", new_gps_msg->latitude, new_gps_msg->longitude);
[1.629s]       |     [01;31m[K^~~~~~~~~~~[m[K
[1.630s] [01m[K/home/cl4y3r/VDS/chassis_controller/src/chassis_controller.cpp:51:5:[m[K [01;31m[Kerror: [m[Ktemplate argument 1 is invalid
[1.630s]    51 |     [01;31m[KRCLCPP_INFO[m[K(this->get_logger(), "PositionX: %f [m], PositionY: %f [m]", new_gps_msg->latitude, new_gps_msg->longitude);
[1.630s]       |     [01;31m[K^~~~~~~~~~~[m[K
[1.630s] [01m[K/home/cl4y3r/VDS/chassis_controller/src/chassis_controller.cpp:51:5:[m[K [01;31m[Kerror: [m[Ktemplate argument 1 is invalid
[1.630s]    51 |     [01;31m[KRCLCPP_INFO[m[K(this->get_logger(), "PositionX: %f [m], PositionY: %f [m]", new_gps_msg->latitude, new_gps_msg->longitude);
[1.630s]       |     [01;31m[K^~~~~~~~~~~[m[K
[1.630s] In file included from [01m[K/opt/ros/foxy/include/rclcpp/client.hpp:40[m[K,
[1.630s]                  from [01m[K/opt/ros/foxy/include/rclcpp/callback_group.hpp:23[m[K,
[1.630s]                  from [01m[K/opt/ros/foxy/include/rclcpp/any_executable.hpp:20[m[K,
[1.630s]                  from [01m[K/opt/ros/foxy/include/rclcpp/memory_strategy.hpp:24[m[K,
[1.630s]                  from [01m[K/opt/ros/foxy/include/rclcpp/memory_strategies.hpp:18[m[K,
[1.630s]                  from [01m[K/opt/ros/foxy/include/rclcpp/executor_options.hpp:20[m[K,
[1.630s]                  from [01m[K/opt/ros/foxy/include/rclcpp/executor.hpp:33[m[K,
[1.630s]                  from [01m[K/opt/ros/foxy/include/rclcpp/executors/multi_threaded_executor.hpp:26[m[K,
[1.630s]                  from [01m[K/opt/ros/foxy/include/rclcpp/executors.hpp:21[m[K,
[1.630s]                  from [01m[K/opt/ros/foxy/include/rclcpp/rclcpp.hpp:146[m[K,
[1.630s]                  from [01m[K/opt/ros/foxy/include/message_filters/subscriber.h:38[m[K,
[1.631s]                  from [01m[K/home/cl4y3r/VDS/chassis_controller/include/chassis_controller/chassis_controller.hpp:6[m[K,
[1.631s]                  from [01m[K/home/cl4y3r/VDS/chassis_controller/src/chassis_controller.cpp:1[m[K:
[1.631s] [01m[K/home/cl4y3r/VDS/chassis_controller/src/chassis_controller.cpp:51:17:[m[K [01;31m[Kerror: [m[Kinvalid use of ‘[01m[Kthis[m[K’ in non-member function
[1.631s]    51 |     RCLCPP_INFO([01;31m[Kthis[m[K->get_logger(), "PositionX: %f [m], PositionY: %f [m]", new_gps_msg->latitude, new_gps_msg->longitude);
[1.631s]       |                 [01;31m[K^~~~[m[K
[1.631s] [01m[K/home/cl4y3r/VDS/chassis_controller/src/chassis_controller.cpp:51:17:[m[K [01;31m[Kerror: [m[Kinvalid use of ‘[01m[Kthis[m[K’ in non-member function
[1.631s]    51 |     RCLCPP_INFO([01;31m[Kthis[m[K->get_logger(), "PositionX: %f [m], PositionY: %f [m]", new_gps_msg->latitude, new_gps_msg->longitude);
[1.631s]       |                 [01;31m[K^~~~[m[K
[1.640s] [01m[K/home/cl4y3r/VDS/chassis_controller/src/chassis_controller.cpp:[m[K In member function ‘[01m[Kdouble ChassisController::longitudinal_controller(double, double)[m[K’:
[1.640s] [01m[K/home/cl4y3r/VDS/chassis_controller/src/chassis_controller.cpp:70:58:[m[K [01;35m[Kwarning: [m[Kunused parameter ‘[01m[Kvelocity_x[m[K’ [[01;35m[K-Wunused-parameter[m[K]
[1.641s]    70 | double ChassisController::longitudinal_controller([01;35m[Kdouble velocity_x[m[K, double acc_x){
[1.641s]       |                                                   [01;35m[K~~~~~~~^~~~~~~~~~[m[K
[1.641s] [01m[K/home/cl4y3r/VDS/chassis_controller/src/chassis_controller.cpp:70:77:[m[K [01;35m[Kwarning: [m[Kunused parameter ‘[01m[Kacc_x[m[K’ [[01;35m[K-Wunused-parameter[m[K]
[1.641s]    70 | ontroller::longitudinal_controller(double velocity_x, [01;35m[Kdouble acc_x[m[K){
[1.641s]       |                                                       [01;35m[K~~~~~~~^~~~~[m[K
[1.641s] 
[1.641s] [01m[K/home/cl4y3r/VDS/chassis_controller/src/chassis_controller.cpp:[m[K In member function ‘[01m[Kdouble ChassisController::lateral_controller(double, double, double, double, double)[m[K’:
[1.641s] [01m[K/home/cl4y3r/VDS/chassis_controller/src/chassis_controller.cpp:74:53:[m[K [01;35m[Kwarning: [m[Kunused parameter ‘[01m[Kyaw[m[K’ [[01;35m[K-Wunused-parameter[m[K]
[1.641s]    74 | double ChassisController::lateral_controller([01;35m[Kdouble yaw[m[K, double yaw_rate, double pos_x, double pos_y, double velocity_x){
[1.641s]       |                                              [01;35m[K~~~~~~~^~~[m[K
[1.641s] [01m[K/home/cl4y3r/VDS/chassis_controller/src/chassis_controller.cpp:74:65:[m[K [01;35m[Kwarning: [m[Kunused parameter ‘[01m[Kyaw_rate[m[K’ [[01;35m[K-Wunused-parameter[m[K]
[1.641s]    74 | ble ChassisController::lateral_controller(double yaw, [01;35m[Kdouble yaw_rate[m[K, double pos_x, double pos_y, double velocity_x){
[1.641s]       |                                                       [01;35m[K~~~~~~~^~~~~~~~[m[K
[1.641s] 
[1.641s] [01m[K/home/cl4y3r/VDS/chassis_controller/src/chassis_controller.cpp:74:82:[m[K [01;35m[Kwarning: [m[Kunused parameter ‘[01m[Kpos_x[m[K’ [[01;35m[K-Wunused-parameter[m[K]
[1.642s]    74 | ller::lateral_controller(double yaw, double yaw_rate, [01;35m[Kdouble pos_x[m[K, double pos_y, double velocity_x){
[1.642s]       |                                                       [01;35m[K~~~~~~~^~~~~[m[K
[1.642s] 
[1.642s] [01m[K/home/cl4y3r/VDS/chassis_controller/src/chassis_controller.cpp:74:96:[m[K [01;35m[Kwarning: [m[Kunused parameter ‘[01m[Kpos_y[m[K’ [[01;35m[K-Wunused-parameter[m[K]
[1.642s]    74 | controller(double yaw, double yaw_rate, double pos_x, [01;35m[Kdouble pos_y[m[K, double velocity_x){
[1.642s]       |                                                       [01;35m[K~~~~~~~^~~~~[m[K
[1.642s] 
[1.642s] [01m[K/home/cl4y3r/VDS/chassis_controller/src/chassis_controller.cpp:74:110:[m[K [01;35m[Kwarning: [m[Kunused parameter ‘[01m[Kvelocity_x[m[K’ [[01;35m[K-Wunused-parameter[m[K]
[1.642s]    74 | er(double yaw, double yaw_rate, double pos_x, double pos_y, [01;35m[Kdouble velocity_x[m[K){
[1.642s]       |                                                             [01;35m[K~~~~~~~^~~~~~~~~~[m[K
[1.642s] 
[6.548s] make[2]: *** [CMakeFiles/chassis_controller.dir/build.make:63: CMakeFiles/chassis_controller.dir/src/chassis_controller.cpp.o] Error 1
[6.548s] make[1]: *** [CMakeFiles/Makefile2:78: CMakeFiles/chassis_controller.dir/all] Error 2
[6.548s] make: *** [Makefile:141: all] Error 2
[6.551s] Invoked command in '/home/cl4y3r/VDS/build/chassis_controller' returned '2': CMAKE_PREFIX_PATH=${CMAKE_PREFIX_PATH}:/opt/ros/foxy /usr/bin/cmake --build /home/cl4y3r/VDS/build/chassis_controller -- -j8 -l8
