[0.013s] Invoking command in '/home/cl4y3r/VDS/build/chassis_controller': CMAKE_PREFIX_PATH=${CMAKE_PREFIX_PATH}:/opt/ros/foxy /usr/bin/cmake --build /home/cl4y3r/VDS/build/chassis_controller -- -j8 -l8
[0.052s] [35m[1mScanning dependencies of target chassis_controller[0m
[0.076s] [ 50%] [32mBuilding CXX object CMakeFiles/chassis_controller.dir/src/chassis_controller.cpp.o[0m
[2.284s] [01m[K/home/cl4y3r/VDS/chassis_controller/src/chassis_controller.cpp:[m[K In member function ‘[01m[Kbool ChassisController::riccati_solver(Eigen::MatrixXd, Eigen::MatrixXd, Eigen::MatrixXd, Eigen::MatrixXd, Eigen::MatrixXd&, double, uint)[m[K’:
[2.284s] [01m[K/home/cl4y3r/VDS/chassis_controller/src/chassis_controller.cpp:143:12:[m[K [01;35m[Kwarning: [m[Kvariable ‘[01m[Kdiff[m[K’ set but not used [[01;35m[K-Wunused-but-set-variable[m[K]
[2.284s]   143 |     double [01;35m[Kdiff[m[K;
[2.284s]       |            [01;35m[K^~~~[m[K
[2.284s] [01m[K/home/cl4y3r/VDS/chassis_controller/src/chassis_controller.cpp:139:66:[m[K [01;35m[Kwarning: [m[Kunused parameter ‘[01m[Ktolerance[m[K’ [[01;35m[K-Wunused-parameter[m[K]
[2.284s]   139 |                             MatrixXd R, MatrixXd &P,[01;35m[Kconst double tolerance[m[K,
[2.284s]       |                                                     [01;35m[K~~~~~~~~~~~~~^~~~~~~~~[m[K
[2.284s] [01m[K/home/cl4y3r/VDS/chassis_controller/src/chassis_controller.cpp:[m[K In member function ‘[01m[Kdouble ChassisController::longitudinal_controller(double, double)[m[K’:
[2.284s] [01m[K/home/cl4y3r/VDS/chassis_controller/src/chassis_controller.cpp:153:58:[m[K [01;35m[Kwarning: [m[Kunused parameter ‘[01m[Kvelocity_x[m[K’ [[01;35m[K-Wunused-parameter[m[K]
[2.284s]   153 | double ChassisController::longitudinal_controller([01;35m[Kdouble velocity_x[m[K, double acc_x)
[2.284s]       |                                                   [01;35m[K~~~~~~~^~~~~~~~~~[m[K
[2.284s] [01m[K/home/cl4y3r/VDS/chassis_controller/src/chassis_controller.cpp:153:77:[m[K [01;35m[Kwarning: [m[Kunused parameter ‘[01m[Kacc_x[m[K’ [[01;35m[K-Wunused-parameter[m[K]
[2.284s]   153 | ontroller::longitudinal_controller(double velocity_x, [01;35m[Kdouble acc_x[m[K)
[2.285s]       |                                                       [01;35m[K~~~~~~~^~~~~[m[K
[2.285s] 
[2.393s] [01m[K/home/cl4y3r/VDS/chassis_controller/src/chassis_controller.cpp:[m[K In member function ‘[01m[Kdouble ChassisController::lateral_controller(double, double, double, double, double, double, double, double)[m[K’:
[2.393s] [01m[K/home/cl4y3r/VDS/chassis_controller/src/chassis_controller.cpp:240:40:[m[K [01;31m[Kerror: [m[Kcannot convert ‘[01m[KEigen::internal::enable_if<true, const Eigen::CwiseBinaryOp<Eigen::internal::scalar_product_op<double, double>, const Eigen::CwiseBinaryOp<Eigen::internal::scalar_product_op<double, double>, const Eigen::CwiseNullaryOp<Eigen::internal::scalar_constant_op<double>, const Eigen::Matrix<double, -1, -1> >, const Eigen::Matrix<double, -1, -1> >, const Eigen::CwiseNullaryOp<Eigen::internal::scalar_constant_op<double>, const Eigen::Matrix<double, -1, -1> > > >::type[m[K’ {aka ‘[01m[Kconst Eigen::CwiseBinaryOp<Eigen::internal::scalar_product_op<double, double>, const Eigen::CwiseBinaryOp<Eigen::internal::scalar_product_op<double, double>, const Eigen::CwiseNullaryOp<Eigen::internal::scalar_constant_op<double>, const Eigen::Matrix<double, -1, -1> >, const Eigen::Matrix<double, -1, -1> >, const Eigen::CwiseNullaryOp<Eigen::internal::scalar_constant_op<double>, const Eigen::Matrix<double, -1, -1> > >[m[K’} to ‘[01m[Kdouble[m[K’ in initialization
[2.393s]   240 |     double target_steer_angle = [01;31m[K-1 * K * err_state(0,0)[m[K;
[2.393s]       |                                 [01;31m[K~~~~~~~^~~~~~~~~~~~~~~~[m[K
[2.393s]       |                                        [01;31m[K|[m[K
[2.393s]       |                                        [01;31m[KEigen::internal::enable_if<true, const Eigen::CwiseBinaryOp<Eigen::internal::scalar_product_op<double, double>, const Eigen::CwiseBinaryOp<Eigen::internal::scalar_product_op<double, double>, const Eigen::CwiseNullaryOp<Eigen::internal::scalar_constant_op<double>, const Eigen::Matrix<double, -1, -1> >, const Eigen::Matrix<double, -1, -1> >, const Eigen::CwiseNullaryOp<Eigen::internal::scalar_constant_op<double>, const Eigen::Matrix<double, -1, -1> > > >::type {aka const Eigen::CwiseBinaryOp<Eigen::internal::scalar_product_op<double, double>, const Eigen::CwiseBinaryOp<Eigen::internal::scalar_product_op<double, double>, const Eigen::CwiseNullaryOp<Eigen::internal::scalar_constant_op<double>, const Eigen::Matrix<double, -1, -1> >, const Eigen::Matrix<double, -1, -1> >, const Eigen::CwiseNullaryOp<Eigen::internal::scalar_constant_op<double>, const Eigen::Matrix<double, -1, -1> > >}[m[K
[2.393s] [01m[K/home/cl4y3r/VDS/chassis_controller/src/chassis_controller.cpp:171:12:[m[K [01;35m[Kwarning: [m[Kunused variable ‘[01m[Kerr_s[m[K’ [[01;35m[K-Wunused-variable[m[K]
[2.393s]   171 |     double [01;35m[Kerr_s[m[K = (tor * distance)(0,0);
[2.393s]       |            [01;35m[K^~~~~[m[K
[8.051s] make[2]: *** [CMakeFiles/chassis_controller.dir/build.make:63: CMakeFiles/chassis_controller.dir/src/chassis_controller.cpp.o] Error 1
[8.051s] make[1]: *** [CMakeFiles/Makefile2:78: CMakeFiles/chassis_controller.dir/all] Error 2
[8.051s] make: *** [Makefile:141: all] Error 2
[8.053s] Invoked command in '/home/cl4y3r/VDS/build/chassis_controller' returned '2': CMAKE_PREFIX_PATH=${CMAKE_PREFIX_PATH}:/opt/ros/foxy /usr/bin/cmake --build /home/cl4y3r/VDS/build/chassis_controller -- -j8 -l8
