[0.012s] Invoking command in '/home/cl4y3r/VDS/build/chassis_controller': CMAKE_PREFIX_PATH=${CMAKE_PREFIX_PATH}:/opt/ros/foxy /usr/bin/cmake --build /home/cl4y3r/VDS/build/chassis_controller -- -j8 -l8
[0.051s] [35m[1mScanning dependencies of target chassis_controller[0m
[0.075s] [ 50%] [32mBuilding CXX object CMakeFiles/chassis_controller.dir/src/chassis_controller.cpp.o[0m
[2.273s] [01m[K/home/cl4y3r/VDS/chassis_controller/src/chassis_controller.cpp:[m[K In member function ‘[01m[Kdouble ChassisController::longitudinal_controller(double, double)[m[K’:
[2.273s] [01m[K/home/cl4y3r/VDS/chassis_controller/src/chassis_controller.cpp:143:58:[m[K [01;35m[Kwarning: [m[Kunused parameter ‘[01m[Kvelocity_x[m[K’ [[01;35m[K-Wunused-parameter[m[K]
[2.273s]   143 | double ChassisController::longitudinal_controller([01;35m[Kdouble velocity_x[m[K, double acc_x)
[2.273s]       |                                                   [01;35m[K~~~~~~~^~~~~~~~~~[m[K
[2.273s] [01m[K/home/cl4y3r/VDS/chassis_controller/src/chassis_controller.cpp:143:77:[m[K [01;35m[Kwarning: [m[Kunused parameter ‘[01m[Kacc_x[m[K’ [[01;35m[K-Wunused-parameter[m[K]
[2.273s]   143 | ontroller::longitudinal_controller(double velocity_x, [01;35m[Kdouble acc_x[m[K)
[2.273s]       |                                                       [01;35m[K~~~~~~~^~~~~[m[K
[2.273s] 
[2.281s] [01m[K/home/cl4y3r/VDS/chassis_controller/src/chassis_controller.cpp:[m[K In member function ‘[01m[Kdouble ChassisController::lateral_controller(double, double, double, double, double, double, double, double, double, double)[m[K’:
[2.282s] [01m[K/home/cl4y3r/VDS/chassis_controller/src/chassis_controller.cpp:160:12:[m[K [01;35m[Kwarning: [m[Kunused variable ‘[01m[Kerr_s[m[K’ [[01;35m[K-Wunused-variable[m[K]
[2.282s]   160 |     double [01;35m[Kerr_s[m[K = (tor * distance)(0,0);
[2.282s]       |            [01;35m[K^~~~~[m[K
[2.282s] [01m[K/home/cl4y3r/VDS/chassis_controller/src/chassis_controller.cpp:164:12:[m[K [01;35m[Kwarning: [m[Kunused variable ‘[01m[Kerr_d_p[m[K’ [[01;35m[K-Wunused-variable[m[K]
[2.282s]   164 |     double [01;35m[Kerr_d_p[m[K = velocity_y * cos(yaw - theta_ref) + velocity_x * sin(yaw - theta_ref);
[2.282s]       |            [01;35m[K^~~~~~~[m[K
[2.282s] [01m[K/home/cl4y3r/VDS/chassis_controller/src/chassis_controller.cpp:168:12:[m[K [01;35m[Kwarning: [m[Kunused variable ‘[01m[Kerr_phi[m[K’ [[01;35m[K-Wunused-variable[m[K]
[2.282s]   168 |     double [01;35m[Kerr_phi[m[K = sin(yaw_rate - theta_ref);
[2.282s]       |            [01;35m[K^~~~~~~[m[K
[2.282s] [01m[K/home/cl4y3r/VDS/chassis_controller/src/chassis_controller.cpp:171:12:[m[K [01;35m[Kwarning: [m[Kunused variable ‘[01m[Kerr_phi_p[m[K’ [[01;35m[K-Wunused-variable[m[K]
[2.282s]   171 |     double [01;35m[Kerr_phi_p[m[K = yaw_rate - kappa_ref * s_p;
[2.282s]       |            [01;35m[K^~~~~~~~~[m[K
[15.212s] [100%] [32m[1mLinking CXX executable chassis_controller[0m
[15.939s] [100%] Built target chassis_controller
[15.949s] Invoked command in '/home/cl4y3r/VDS/build/chassis_controller' returned '0': CMAKE_PREFIX_PATH=${CMAKE_PREFIX_PATH}:/opt/ros/foxy /usr/bin/cmake --build /home/cl4y3r/VDS/build/chassis_controller -- -j8 -l8
[15.979s] Invoking command in '/home/cl4y3r/VDS/build/chassis_controller': CMAKE_PREFIX_PATH=${CMAKE_PREFIX_PATH}:/opt/ros/foxy /usr/bin/cmake --install /home/cl4y3r/VDS/build/chassis_controller
[15.987s] -- Install configuration: ""
[15.987s] -- Installing: /home/cl4y3r/VDS/install/chassis_controller/lib/chassis_controller/chassis_controller
[15.993s] -- Set runtime path of "/home/cl4y3r/VDS/install/chassis_controller/lib/chassis_controller/chassis_controller" to ""
[15.994s] -- Up-to-date: /home/cl4y3r/VDS/install/chassis_controller/share/ament_index/resource_index/package_run_dependencies/chassis_controller
[15.994s] -- Up-to-date: /home/cl4y3r/VDS/install/chassis_controller/share/ament_index/resource_index/parent_prefix_path/chassis_controller
[15.994s] -- Up-to-date: /home/cl4y3r/VDS/install/chassis_controller/share/chassis_controller/environment/ament_prefix_path.sh
[15.994s] -- Up-to-date: /home/cl4y3r/VDS/install/chassis_controller/share/chassis_controller/environment/ament_prefix_path.dsv
[15.994s] -- Up-to-date: /home/cl4y3r/VDS/install/chassis_controller/share/chassis_controller/environment/path.sh
[15.994s] -- Up-to-date: /home/cl4y3r/VDS/install/chassis_controller/share/chassis_controller/environment/path.dsv
[15.994s] -- Up-to-date: /home/cl4y3r/VDS/install/chassis_controller/share/chassis_controller/local_setup.bash
[15.994s] -- Up-to-date: /home/cl4y3r/VDS/install/chassis_controller/share/chassis_controller/local_setup.sh
[15.994s] -- Up-to-date: /home/cl4y3r/VDS/install/chassis_controller/share/chassis_controller/local_setup.zsh
[15.994s] -- Up-to-date: /home/cl4y3r/VDS/install/chassis_controller/share/chassis_controller/local_setup.dsv
[15.995s] -- Installing: /home/cl4y3r/VDS/install/chassis_controller/share/chassis_controller/package.dsv
[15.995s] -- Up-to-date: /home/cl4y3r/VDS/install/chassis_controller/share/ament_index/resource_index/packages/chassis_controller
[15.995s] -- Up-to-date: /home/cl4y3r/VDS/install/chassis_controller/share/chassis_controller/cmake/chassis_controllerConfig.cmake
[15.995s] -- Up-to-date: /home/cl4y3r/VDS/install/chassis_controller/share/chassis_controller/cmake/chassis_controllerConfig-version.cmake
[15.995s] -- Up-to-date: /home/cl4y3r/VDS/install/chassis_controller/share/chassis_controller/package.xml
[15.996s] Invoked command in '/home/cl4y3r/VDS/build/chassis_controller' returned '0': CMAKE_PREFIX_PATH=${CMAKE_PREFIX_PATH}:/opt/ros/foxy /usr/bin/cmake --install /home/cl4y3r/VDS/build/chassis_controller
