[0.013s] Invoking command in '/home/cl4y3r/VDS/build/chassis_controller': /usr/bin/cmake --build /home/cl4y3r/VDS/build/chassis_controller -- -j8 -l8
[0.046s] [35m[1mScanning dependencies of target chassis_controller[0m
[0.070s] [ 50%] [32mBuilding CXX object CMakeFiles/chassis_controller.dir/src/chassis_controller.cpp.o[0m
[1.458s] [01m[K/home/cl4y3r/VDS/chassis_controller/src/chassis_controller.cpp:[m[K In member function ‘[01m[Kvoid ChassisController::msg_subscriber(const ConstSharedPtr&, const ConstSharedPtr&, const ConstSharedPtr&)[m[K’:
[1.458s] [01m[K/home/cl4y3r/VDS/chassis_controller/src/chassis_controller.cpp:28:86:[m[K [01;35m[Kwarning: [m[Kunused parameter ‘[01m[Kgroundturth_msg[m[K’ [[01;35m[K-Wunused-parameter[m[K]
[1.458s]    28 |       [01;35m[Kconst lgsvl_msgs::msg::Detection3DArray::ConstSharedPtr& groundturth_msg[m[K,
[1.458s]       |       [01;35m[K~~~~~~~~~~~~~~~~~~~~~~~~~~~~~~~~~~~~~~~~~~~~~~~~~~~~~~~~~^~~~~~~~~~~~~~~[m[K
[1.458s] 
[1.458s] [01m[K/home/cl4y3r/VDS/chassis_controller/src/chassis_controller.cpp:29:80:[m[K [01;35m[Kwarning: [m[Kunused parameter ‘[01m[Kcanbus_msg[m[K’ [[01;35m[K-Wunused-parameter[m[K]
[1.458s]    29 |                  [01;35m[Kconst lgsvl_msgs::msg::CanBusData::ConstSharedPtr& canbus_msg[m[K)
[1.459s]       |                  [01;35m[K~~~~~~~~~~~~~~~~~~~~~~~~~~~~~~~~~~~~~~~~~~~~~~~~~~~^~~~~~~~~~[m[K
[1.459s] 
[10.629s] [100%] [32m[1mLinking CXX executable chassis_controller[0m
[11.108s] [100%] Built target chassis_controller
[11.119s] Invoked command in '/home/cl4y3r/VDS/build/chassis_controller' returned '0': /usr/bin/cmake --build /home/cl4y3r/VDS/build/chassis_controller -- -j8 -l8
[11.146s] Invoking command in '/home/cl4y3r/VDS/build/chassis_controller': /usr/bin/cmake --install /home/cl4y3r/VDS/build/chassis_controller
[11.153s] -- Install configuration: ""
[11.154s] -- Installing: /home/cl4y3r/VDS/install/chassis_controller/lib/chassis_controller/chassis_controller
[11.158s] -- Set runtime path of "/home/cl4y3r/VDS/install/chassis_controller/lib/chassis_controller/chassis_controller" to ""
[11.158s] -- Up-to-date: /home/cl4y3r/VDS/install/chassis_controller/share/ament_index/resource_index/package_run_dependencies/chassis_controller
[11.158s] -- Up-to-date: /home/cl4y3r/VDS/install/chassis_controller/share/ament_index/resource_index/parent_prefix_path/chassis_controller
[11.158s] -- Up-to-date: /home/cl4y3r/VDS/install/chassis_controller/share/chassis_controller/environment/ament_prefix_path.sh
[11.159s] -- Up-to-date: /home/cl4y3r/VDS/install/chassis_controller/share/chassis_controller/environment/ament_prefix_path.dsv
[11.159s] -- Up-to-date: /home/cl4y3r/VDS/install/chassis_controller/share/chassis_controller/environment/path.sh
[11.159s] -- Up-to-date: /home/cl4y3r/VDS/install/chassis_controller/share/chassis_controller/environment/path.dsv
[11.159s] -- Up-to-date: /home/cl4y3r/VDS/install/chassis_controller/share/chassis_controller/local_setup.bash
[11.159s] -- Up-to-date: /home/cl4y3r/VDS/install/chassis_controller/share/chassis_controller/local_setup.sh
[11.159s] -- Up-to-date: /home/cl4y3r/VDS/install/chassis_controller/share/chassis_controller/local_setup.zsh
[11.159s] -- Up-to-date: /home/cl4y3r/VDS/install/chassis_controller/share/chassis_controller/local_setup.dsv
[11.159s] -- Installing: /home/cl4y3r/VDS/install/chassis_controller/share/chassis_controller/package.dsv
[11.159s] -- Up-to-date: /home/cl4y3r/VDS/install/chassis_controller/share/ament_index/resource_index/packages/chassis_controller
[11.159s] -- Up-to-date: /home/cl4y3r/VDS/install/chassis_controller/share/chassis_controller/cmake/chassis_controllerConfig.cmake
[11.159s] -- Up-to-date: /home/cl4y3r/VDS/install/chassis_controller/share/chassis_controller/cmake/chassis_controllerConfig-version.cmake
[11.159s] -- Up-to-date: /home/cl4y3r/VDS/install/chassis_controller/share/chassis_controller/package.xml
[11.161s] Invoked command in '/home/cl4y3r/VDS/build/chassis_controller' returned '0': /usr/bin/cmake --install /home/cl4y3r/VDS/build/chassis_controller
