-- Found ament_cmake: 0.9.9 (/opt/ros/foxy/share/ament_cmake/cmake)
-- Found PythonInterp: /usr/bin/python3 (found suitable version "3.8.10", minimum required is "3") 
-- Using PYTHON_EXECUTABLE: /usr/bin/python3
-- Found message_filters: 3.2.5 (/opt/ros/foxy/share/message_filters/cmake)
-- Found rclcpp: 2.4.0 (/opt/ros/foxy/share/rclcpp/cmake)
-- Using all available rosidl_typesupport_c: rosidl_typesupport_fastrtps_c;rosidl_typesupport_introspection_c
-- Found rosidl_adapter: 1.2.1 (/opt/ros/foxy/share/rosidl_adapter/cmake)
-- Found OpenSSL: /usr/lib/x86_64-linux-gnu/libcrypto.so (found version "1.1.1f")  
-- Found FastRTPS: /opt/ros/foxy/include  
-- Using all available rosidl_typesupport_cpp: rosidl_typesupport_fastrtps_cpp;rosidl_typesupport_introspection_cpp
-- Found rmw_implementation_cmake: 1.0.3 (/opt/ros/foxy/share/rmw_implementation_cmake/cmake)
-- Using RMW implementation 'rmw_fastrtps_cpp' as default
-- Looking for pthread.h
-- Looking for pthread.h - found
-- Performing Test CMAKE_HAVE_LIBC_PTHREAD
-- Performing Test CMAKE_HAVE_LIBC_PTHREAD - Failed
-- Looking for pthread_create in pthreads
-- Looking for pthread_create in pthreads - not found
-- Looking for pthread_create in pthread
-- Looking for pthread_create in pthread - found
-- Found Threads: TRUE  
-- Found sensor_msgs: 2.0.4 (/opt/ros/foxy/share/sensor_msgs/cmake)
-- Found lgsvl_msgs: 0.0.4 (/opt/ros/foxy/share/lgsvl_msgs/cmake)
-- Configuring done
-- Generating done
-- Build files have been written to: /home/cl4y3r/VDS/build/icc
[35m[1mScanning dependencies of target icc[0m
[ 50%] [32mBuilding CXX object CMakeFiles/icc.dir/src/icc.cpp.o[0m
[100%] [32m[1mLinking CXX executable icc[0m
[100%] Built target icc
-- Install configuration: ""
-- Installing: /home/cl4y3r/VDS/install/icc/lib/icc/icc
-- Set runtime path of "/home/cl4y3r/VDS/install/icc/lib/icc/icc" to ""
-- Installing: /home/cl4y3r/VDS/install/icc/share/ament_index/resource_index/package_run_dependencies/icc
-- Installing: /home/cl4y3r/VDS/install/icc/share/ament_index/resource_index/parent_prefix_path/icc
-- Installing: /home/cl4y3r/VDS/install/icc/share/icc/environment/ament_prefix_path.sh
-- Installing: /home/cl4y3r/VDS/install/icc/share/icc/environment/ament_prefix_path.dsv
-- Installing: /home/cl4y3r/VDS/install/icc/share/icc/environment/path.sh
-- Installing: /home/cl4y3r/VDS/install/icc/share/icc/environment/path.dsv
-- Installing: /home/cl4y3r/VDS/install/icc/share/icc/local_setup.bash
-- Installing: /home/cl4y3r/VDS/install/icc/share/icc/local_setup.sh
-- Installing: /home/cl4y3r/VDS/install/icc/share/icc/local_setup.zsh
-- Installing: /home/cl4y3r/VDS/install/icc/share/icc/local_setup.dsv
-- Installing: /home/cl4y3r/VDS/install/icc/share/icc/package.dsv
-- Installing: /home/cl4y3r/VDS/install/icc/share/ament_index/resource_index/packages/icc
-- Installing: /home/cl4y3r/VDS/install/icc/share/icc/cmake/iccConfig.cmake
-- Installing: /home/cl4y3r/VDS/install/icc/share/icc/cmake/iccConfig-version.cmake
-- Installing: /home/cl4y3r/VDS/install/icc/share/icc/package.xml
