[0.012s] Invoking command in '/home/cl4y3r/VDS/build/chassis_controller': CMAKE_PREFIX_PATH=${CMAKE_PREFIX_PATH}:/opt/ros/foxy /usr/bin/cmake --build /home/cl4y3r/VDS/build/chassis_controller -- -j8 -l8
[0.050s] [35m[1mScanning dependencies of target chassis_controller[0m
[0.074s] [ 50%] [32mBuilding CXX object CMakeFiles/chassis_controller.dir/src/chassis_controller.cpp.o[0m
[1.501s] In file included from [01m[K/usr/include/boost/bind.hpp:22[m[K,
[1.501s]                  from [01m[K/home/cl4y3r/VDS/chassis_controller/include/chassis_controller/chassis_controller.hpp:4[m[K,
[1.501s]                  from [01m[K/home/cl4y3r/VDS/chassis_controller/src/chassis_controller.cpp:1[m[K:
[1.501s] /usr/include/boost/bind/bind.hpp: In instantiation of ‘[01m[Kstruct boost::_bi::result_traits<boost::_bi::unspecified, void (ChassisController::*)(const std::shared_ptr<const sensor_msgs::msg::Imu_<std::allocator<void> > >&, const std::shared_ptr<const lgsvl_msgs::msg::VehicleOdometry_<std::allocator<void> > >&, const std::shared_ptr<const lgsvl_msgs::msg::CanBusData_<std::allocator<void> > >&, const std::shared_ptr<const nav_msgs::msg::Odometry_<std::allocator<void> > >&)>[m[K’:
[1.501s] [01m[K/usr/include/boost/bind/bind.hpp:1284:48:[m[K   required from ‘[01m[Kclass boost::_bi::bind_t<boost::_bi::unspecified, void (ChassisController::*)(const std::shared_ptr<const sensor_msgs::msg::Imu_<std::allocator<void> > >&, const std::shared_ptr<const lgsvl_msgs::msg::VehicleOdometry_<std::allocator<void> > >&, const std::shared_ptr<const lgsvl_msgs::msg::CanBusData_<std::allocator<void> > >&, const std::shared_ptr<const nav_msgs::msg::Odometry_<std::allocator<void> > >&), boost::_bi::list6<boost::_bi::value<ChassisController*>, boost::arg<1>, boost::arg<2>, boost::arg<3>, boost::arg<4>, boost::arg<5> > >[m[K’
[1.501s] [01m[K/home/cl4y3r/VDS/chassis_controller/src/chassis_controller.cpp:15:102:[m[K   required from here
[1.501s] [01m[K/usr/include/boost/bind/bind.hpp:75:37:[m[K [01;31m[Kerror: [m[K‘[01m[Kvoid (ChassisController::*)(const std::shared_ptr<const sensor_msgs::msg::Imu_<std::allocator<void> > >&, const std::shared_ptr<const lgsvl_msgs::msg::VehicleOdometry_<std::allocator<void> > >&, const std::shared_ptr<const lgsvl_msgs::msg::CanBusData_<std::allocator<void> > >&, const std::shared_ptr<const nav_msgs::msg::Odometry_<std::allocator<void> > >&)[m[K’ is not a class, struct, or union type
[1.501s]    75 |     typedef typename F::result_type [01;31m[Ktype[m[K;
[1.501s]       |                                     [01;31m[K^~~~[m[K
[1.698s] [01m[K/home/cl4y3r/VDS/chassis_controller/src/chassis_controller.cpp:[m[K In member function ‘[01m[Kdouble ChassisController::longitudinal_controller(double, double)[m[K’:
[1.698s] [01m[K/home/cl4y3r/VDS/chassis_controller/src/chassis_controller.cpp:68:58:[m[K [01;35m[Kwarning: [m[Kunused parameter ‘[01m[Kvelocity_x[m[K’ [[01;35m[K-Wunused-parameter[m[K]
[1.698s]    68 | double ChassisController::longitudinal_controller([01;35m[Kdouble velocity_x[m[K, double acc_x){
[1.698s]       |                                                   [01;35m[K~~~~~~~^~~~~~~~~~[m[K
[1.698s] [01m[K/home/cl4y3r/VDS/chassis_controller/src/chassis_controller.cpp:68:77:[m[K [01;35m[Kwarning: [m[Kunused parameter ‘[01m[Kacc_x[m[K’ [[01;35m[K-Wunused-parameter[m[K]
[1.699s]    68 | ontroller::longitudinal_controller(double velocity_x, [01;35m[Kdouble acc_x[m[K){
[1.699s]       |                                                       [01;35m[K~~~~~~~^~~~~[m[K
[1.699s] 
[1.699s] [01m[K/home/cl4y3r/VDS/chassis_controller/src/chassis_controller.cpp:[m[K In member function ‘[01m[Kdouble ChassisController::lateral_controller(double, double, double, double, double)[m[K’:
[1.699s] [01m[K/home/cl4y3r/VDS/chassis_controller/src/chassis_controller.cpp:72:53:[m[K [01;35m[Kwarning: [m[Kunused parameter ‘[01m[Kyaw[m[K’ [[01;35m[K-Wunused-parameter[m[K]
[1.699s]    72 | double ChassisController::lateral_controller([01;35m[Kdouble yaw[m[K, double yaw_rate, double pos_x, double pos_y, double velocity_x){
[1.699s]       |                                              [01;35m[K~~~~~~~^~~[m[K
[1.699s] [01m[K/home/cl4y3r/VDS/chassis_controller/src/chassis_controller.cpp:72:65:[m[K [01;35m[Kwarning: [m[Kunused parameter ‘[01m[Kyaw_rate[m[K’ [[01;35m[K-Wunused-parameter[m[K]
[1.699s]    72 | ble ChassisController::lateral_controller(double yaw, [01;35m[Kdouble yaw_rate[m[K, double pos_x, double pos_y, double velocity_x){
[1.699s]       |                                                       [01;35m[K~~~~~~~^~~~~~~~[m[K
[1.699s] 
[1.699s] [01m[K/home/cl4y3r/VDS/chassis_controller/src/chassis_controller.cpp:72:82:[m[K [01;35m[Kwarning: [m[Kunused parameter ‘[01m[Kpos_x[m[K’ [[01;35m[K-Wunused-parameter[m[K]
[1.699s]    72 | ller::lateral_controller(double yaw, double yaw_rate, [01;35m[Kdouble pos_x[m[K, double pos_y, double velocity_x){
[1.699s]       |                                                       [01;35m[K~~~~~~~^~~~~[m[K
[1.699s] 
[1.700s] [01m[K/home/cl4y3r/VDS/chassis_controller/src/chassis_controller.cpp:72:96:[m[K [01;35m[Kwarning: [m[Kunused parameter ‘[01m[Kpos_y[m[K’ [[01;35m[K-Wunused-parameter[m[K]
[1.700s]    72 | controller(double yaw, double yaw_rate, double pos_x, [01;35m[Kdouble pos_y[m[K, double velocity_x){
[1.700s]       |                                                       [01;35m[K~~~~~~~^~~~~[m[K
[1.700s] 
[1.700s] [01m[K/home/cl4y3r/VDS/chassis_controller/src/chassis_controller.cpp:72:110:[m[K [01;35m[Kwarning: [m[Kunused parameter ‘[01m[Kvelocity_x[m[K’ [[01;35m[K-Wunused-parameter[m[K]
[1.700s]    72 | er(double yaw, double yaw_rate, double pos_x, double pos_y, [01;35m[Kdouble velocity_x[m[K){
[1.700s]       |                                                             [01;35m[K~~~~~~~^~~~~~~~~~[m[K
[1.700s] 
[1.965s] In file included from [01m[K/opt/ros/foxy/include/message_filters/synchronizer.h:47[m[K,
[1.965s]                  from [01m[K/home/cl4y3r/VDS/chassis_controller/include/chassis_controller/chassis_controller.hpp:7[m[K,
[1.966s]                  from [01m[K/home/cl4y3r/VDS/chassis_controller/src/chassis_controller.cpp:1[m[K:
[1.968s] /opt/ros/foxy/include/message_filters/signal9.h: In instantiation of ‘[01m[Kmessage_filters::Connection message_filters::Signal9<M0, M1, M2, M3, M4, M5, M6, M7, M8>::addCallback(C&) [with C = const boost::_bi::bind_t<boost::_bi::unspecified, void (ChassisController::*)(const std::shared_ptr<const sensor_msgs::msg::Imu_<std::allocator<void> > >&, const std::shared_ptr<const lgsvl_msgs::msg::VehicleOdometry_<std::allocator<void> > >&, const std::shared_ptr<const lgsvl_msgs::msg::CanBusData_<std::allocator<void> > >&, const std::shared_ptr<const nav_msgs::msg::Odometry_<std::allocator<void> > >&), boost::_bi::list6<boost::_bi::value<ChassisController*>, boost::arg<1>, boost::arg<2>, boost::arg<3>, boost::arg<4>, boost::arg<5> > >; M0 = sensor_msgs::msg::Imu_<std::allocator<void> >; M1 = lgsvl_msgs::msg::VehicleOdometry_<std::allocator<void> >; M2 = lgsvl_msgs::msg::CanBusData_<std::allocator<void> >; M3 = nav_msgs::msg::Odometry_<std::allocator<void> >; M4 = sensor_msgs::msg::NavSatFix_<std::allocator<void> >; M5 = message_filters::NullType; M6 = message_filters::NullType; M7 = message_filters::NullType; M8 = message_filters::NullType][m[K’:
[1.968s] [01m[K/opt/ros/foxy/include/message_filters/synchronizer.h:298:40:[m[K   required from ‘[01m[Kmessage_filters::Connection message_filters::Synchronizer<Policy>::registerCallback(const C&) [with C = boost::_bi::bind_t<boost::_bi::unspecified, void (ChassisController::*)(const std::shared_ptr<const sensor_msgs::msg::Imu_<std::allocator<void> > >&, const std::shared_ptr<const lgsvl_msgs::msg::VehicleOdometry_<std::allocator<void> > >&, const std::shared_ptr<const lgsvl_msgs::msg::CanBusData_<std::allocator<void> > >&, const std::shared_ptr<const nav_msgs::msg::Odometry_<std::allocator<void> > >&), boost::_bi::list6<boost::_bi::value<ChassisController*>, boost::arg<1>, boost::arg<2>, boost::arg<3>, boost::arg<4>, boost::arg<5> > >; Policy = message_filters::sync_policies::ApproximateTime<sensor_msgs::msg::Imu_<std::allocator<void> >, lgsvl_msgs::msg::VehicleOdometry_<std::allocator<void> >, lgsvl_msgs::msg::CanBusData_<std::allocator<void> >, nav_msgs::msg::Odometry_<std::allocator<void> >, sensor_msgs::msg::NavSatFix_<std::allocator<void> > >][m[K’
[1.968s] [01m[K/home/cl4y3r/VDS/chassis_controller/src/chassis_controller.cpp:15:103:[m[K   required from here
[1.968s] [01m[K/opt/ros/foxy/include/message_filters/signal9.h:280:267:[m[K [01;31m[Kerror: [m[Kno matching function for call to ‘[01m[Kmessage_filters::Signal9<sensor_msgs::msg::Imu_<std::allocator<void> >, lgsvl_msgs::msg::VehicleOdometry_<std::allocator<void> >, lgsvl_msgs::msg::CanBusData_<std::allocator<void> >, nav_msgs::msg::Odometry_<std::allocator<void> >, sensor_msgs::msg::NavSatFix_<std::allocator<void> >, message_filters::NullType, message_filters::NullType, message_filters::NullType, message_filters::NullType>::addCallback<const M0ConstPtr&, const M1ConstPtr&, const M2ConstPtr&, const M3ConstPtr&, const M4ConstPtr&, const M5ConstPtr&, const M6ConstPtr&, const M7ConstPtr&, const M8ConstPtr&>(std::_Bind_helper<false, const boost::_bi::bind_t<boost::_bi::unspecified, void (ChassisController::*)(const std::shared_ptr<const sensor_msgs::msg::Imu_<std::allocator<void> > >&, const std::shared_ptr<const lgsvl_msgs::msg::VehicleOdometry_<std::allocator<void> > >&, const std::shared_ptr<const lgsvl_msgs::msg::CanBusData_<std::allocator<void> > >&, const std::shared_ptr<const nav_msgs::msg::Odometry_<std::allocator<void> > >&), boost::_bi::list6<boost::_bi::value<ChassisController*>, boost::arg<1>, boost::arg<2>, boost::arg<3>, boost::arg<4>, boost::arg<5> > >&, const std::_Placeholder<1>&, const std::_Placeholder<2>&, const std::_Placeholder<3>&, const std::_Placeholder<4>&, const std::_Placeholder<5>&, const std::_Placeholder<6>&, const std::_Placeholder<7>&, const std::_Placeholder<8>&, const std::_Placeholder<9>&>::type)[m[K’
[1.968s]   280 | aceholders::_7, std::placeholders::_8, std::placeholders::_9)[01;31m[K)[m[K;
[1.968s]       |                                                              [01;31m[K^[m[K
[1.968s] 
[1.968s] In file included from [01m[K/opt/ros/foxy/include/message_filters/synchronizer.h:47[m[K,
[1.968s]                  from [01m[K/home/cl4y3r/VDS/chassis_controller/include/chassis_controller/chassis_controller.hpp:7[m[K,
[1.968s]                  from [01m[K/home/cl4y3r/VDS/chassis_controller/src/chassis_controller.cpp:1[m[K:
[1.968s] [01m[K/opt/ros/foxy/include/message_filters/signal9.h:170:14:[m[K [01;36m[Knote: [m[Kcandidate: ‘[01m[Kmessage_filters::Connection message_filters::Signal9<M0, M1, M2, M3, M4, M5, M6, M7, M8>::addCallback(const std::function<void(P0, P1, P2, P3, P4, P5, P6, P7, P8)>&) [with P0 = const std::shared_ptr<const sensor_msgs::msg::Imu_<std::allocator<void> > >&; P1 = const std::shared_ptr<const lgsvl_msgs::msg::VehicleOdometry_<std::allocator<void> > >&; P2 = const std::shared_ptr<const lgsvl_msgs::msg::CanBusData_<std::allocator<void> > >&; P3 = const std::shared_ptr<const nav_msgs::msg::Odometry_<std::allocator<void> > >&; P4 = const std::shared_ptr<const sensor_msgs::msg::NavSatFix_<std::allocator<void> > >&; P5 = const std::shared_ptr<const message_filters::NullType>&; P6 = const std::shared_ptr<const message_filters::NullType>&; P7 = const std::shared_ptr<const message_filters::NullType>&; P8 = const std::shared_ptr<const message_filters::NullType>&; M0 = sensor_msgs::msg::Imu_<std::allocator<void> >; M1 = lgsvl_msgs::msg::VehicleOdometry_<std::allocator<void> >; M2 = lgsvl_msgs::msg::CanBusData_<std::allocator<void> >; M3 = nav_msgs::msg::Odometry_<std::allocator<void> >; M4 = sensor_msgs::msg::NavSatFix_<std::allocator<void> >; M5 = message_filters::NullType; M6 = message_filters::NullType; M7 = message_filters::NullType; M8 = message_filters::NullType][m[K’
[1.968s]   170 |   Connection [01;36m[KaddCallback[m[K(const std::function<void(P0, P1, P2, P3, P4, P5, P6, P7, P8)>& callback)
[1.968s]       |              [01;36m[K^~~~~~~~~~~[m[K
[1.968s] [01m[K/opt/ros/foxy/include/message_filters/signal9.h:170:89:[m[K [01;36m[Knote: [m[K  no known conversion for argument 1 from ‘[01m[Kstd::_Bind_helper<false, const boost::_bi::bind_t<boost::_bi::unspecified, void (ChassisController::*)(const std::shared_ptr<const sensor_msgs::msg::Imu_<std::allocator<void> > >&, const std::shared_ptr<const lgsvl_msgs::msg::VehicleOdometry_<std::allocator<void> > >&, const std::shared_ptr<const lgsvl_msgs::msg::CanBusData_<std::allocator<void> > >&, const std::shared_ptr<const nav_msgs::msg::Odometry_<std::allocator<void> > >&), boost::_bi::list6<boost::_bi::value<ChassisController*>, boost::arg<1>, boost::arg<2>, boost::arg<3>, boost::arg<4>, boost::arg<5> > >&, const std::_Placeholder<1>&, const std::_Placeholder<2>&, const std::_Placeholder<3>&, const std::_Placeholder<4>&, const std::_Placeholder<5>&, const std::_Placeholder<6>&, const std::_Placeholder<7>&, const std::_Placeholder<8>&, const std::_Placeholder<9>&>::type[m[K’ {aka ‘[01m[Kstd::_Bind<boost::_bi::bind_t<boost::_bi::unspecified, void (ChassisController::*)(const std::shared_ptr<const sensor_msgs::msg::Imu_<std::allocator<void> > >&, const std::shared_ptr<const lgsvl_msgs::msg::VehicleOdometry_<std::allocator<void> > >&, const std::shared_ptr<const lgsvl_msgs::msg::CanBusData_<std::allocator<void> > >&, const std::shared_ptr<const nav_msgs::msg::Odometry_<std::allocator<void> > >&), boost::_bi::list6<boost::_bi::value<ChassisController*>, boost::arg<1>, boost::arg<2>, boost::arg<3>, boost::arg<4>, boost::arg<5> > >(std::_Placeholder<1>, std::_Placeholder<2>, std::_Placeholder<3>, std::_Placeholder<4>, std::_Placeholder<5>, std::_Placeholder<6>, std::_Placeholder<7>, std::_Placeholder<8>, std::_Placeholder<9>)>[m[K’} to ‘[01m[Kconst std::function<void(const std::shared_ptr<const sensor_msgs::msg::Imu_<std::allocator<void> > >&, const std::shared_ptr<const lgsvl_msgs::msg::VehicleOdometry_<std::allocator<void> > >&, const std::shared_ptr<const lgsvl_msgs::msg::CanBusData_<std::allocator<void> > >&, const std::shared_ptr<const nav_msgs::msg::Odometry_<std::allocator<void> > >&, const std::shared_ptr<const sensor_msgs::msg::NavSatFix_<std::allocator<void> > >&, const std::shared_ptr<const message_filters::NullType>&, const std::shared_ptr<const message_filters::NullType>&, const std::shared_ptr<const message_filters::NullType>&, const std::shared_ptr<const message_filters::NullType>&)>&[m[K’
[1.969s]   170 | llback([01;36m[Kconst std::function<void(P0, P1, P2, P3, P4, P5, P6, P7, P8)>& callback[m[K)
[1.969s]       |        [01;36m[K~~~~~~~~~~~~~~~~~~~~~~~~~~~~~~~~~~~~~~~~~~~~~~~~~~~~~~~~~~~~~~~^~~~~~~~[m[K
[1.969s] 
[1.969s] [01m[K/opt/ros/foxy/include/message_filters/signal9.h:180:14:[m[K [01;36m[Knote: [m[Kcandidate: ‘[01m[Ktemplate<class P0, class P1> message_filters::Connection message_filters::Signal9<M0, M1, M2, M3, M4, M5, M6, M7, M8>::addCallback(void (*)(P0, P1)) [with P0 = P0; P1 = P1; M0 = sensor_msgs::msg::Imu_<std::allocator<void> >; M1 = lgsvl_msgs::msg::VehicleOdometry_<std::allocator<void> >; M2 = lgsvl_msgs::msg::CanBusData_<std::allocator<void> >; M3 = nav_msgs::msg::Odometry_<std::allocator<void> >; M4 = sensor_msgs::msg::NavSatFix_<std::allocator<void> >; M5 = message_filters::NullType; M6 = message_filters::NullType; M7 = message_filters::NullType; M8 = message_filters::NullType][m[K’
[1.969s]   180 |   Connection [01;36m[KaddCallback[m[K(void(*callback)(P0, P1))
[1.969s]       |              [01;36m[K^~~~~~~~~~~[m[K
[1.969s] [01m[K/opt/ros/foxy/include/message_filters/signal9.h:180:14:[m[K [01;36m[Knote: [m[K  template argument deduction/substitution failed:
[1.969s] In file included from [01m[K/opt/ros/foxy/include/message_filters/synchronizer.h:47[m[K,
[1.969s]                  from [01m[K/home/cl4y3r/VDS/chassis_controller/include/chassis_controller/chassis_controller.hpp:7[m[K,
[1.969s]                  from [01m[K/home/cl4y3r/VDS/chassis_controller/src/chassis_controller.cpp:1[m[K:
[1.969s] [01m[K/opt/ros/foxy/include/message_filters/signal9.h:280:267:[m[K [01;31m[Kerror: [m[Kwrong number of template arguments (9, should be 2)
[1.969s]   280 | aceholders::_7, std::placeholders::_8, std::placeholders::_9)[01;31m[K)[m[K;
[1.969s]       |                                                              [01;31m[K^[m[K
[1.969s] 
[1.969s] In file included from [01m[K/opt/ros/foxy/include/message_filters/synchronizer.h:47[m[K,
[1.969s]                  from [01m[K/home/cl4y3r/VDS/chassis_controller/include/chassis_controller/chassis_controller.hpp:7[m[K,
[1.970s]                  from [01m[K/home/cl4y3r/VDS/chassis_controller/src/chassis_controller.cpp:1[m[K:
[1.970s] [01m[K/opt/ros/foxy/include/message_filters/signal9.h:186:14:[m[K [01;36m[Knote: [m[Kcandidate: ‘[01m[Ktemplate<class P0, class P1, class P2> message_filters::Connection message_filters::Signal9<M0, M1, M2, M3, M4, M5, M6, M7, M8>::addCallback(void (*)(P0, P1, P2)) [with P0 = P0; P1 = P1; P2 = P2; M0 = sensor_msgs::msg::Imu_<std::allocator<void> >; M1 = lgsvl_msgs::msg::VehicleOdometry_<std::allocator<void> >; M2 = lgsvl_msgs::msg::CanBusData_<std::allocator<void> >; M3 = nav_msgs::msg::Odometry_<std::allocator<void> >; M4 = sensor_msgs::msg::NavSatFix_<std::allocator<void> >; M5 = message_filters::NullType; M6 = message_filters::NullType; M7 = message_filters::NullType; M8 = message_filters::NullType][m[K’
[1.970s]   186 |   Connection [01;36m[KaddCallback[m[K(void(*callback)(P0, P1, P2))
[1.970s]       |              [01;36m[K^~~~~~~~~~~[m[K
[1.970s] [01m[K/opt/ros/foxy/include/message_filters/signal9.h:186:14:[m[K [01;36m[Knote: [m[K  template argument deduction/substitution failed:
[1.970s] In file included from [01m[K/opt/ros/foxy/include/message_filters/synchronizer.h:47[m[K,
[1.970s]                  from [01m[K/home/cl4y3r/VDS/chassis_controller/include/chassis_controller/chassis_controller.hpp:7[m[K,
[1.970s]                  from [01m[K/home/cl4y3r/VDS/chassis_controller/src/chassis_controller.cpp:1[m[K:
[1.970s] [01m[K/opt/ros/foxy/include/message_filters/signal9.h:280:267:[m[K [01;31m[Kerror: [m[Kwrong number of template arguments (9, should be 3)
[1.970s]   280 | aceholders::_7, std::placeholders::_8, std::placeholders::_9)[01;31m[K)[m[K;
[1.970s]       |                                                              [01;31m[K^[m[K
[1.970s] 
[1.970s] In file included from [01m[K/opt/ros/foxy/include/message_filters/synchronizer.h:47[m[K,
[1.970s]                  from [01m[K/home/cl4y3r/VDS/chassis_controller/include/chassis_controller/chassis_controller.hpp:7[m[K,
[1.970s]                  from [01m[K/home/cl4y3r/VDS/chassis_controller/src/chassis_controller.cpp:1[m[K:
[1.970s] [01m[K/opt/ros/foxy/include/message_filters/signal9.h:192:14:[m[K [01;36m[Knote: [m[Kcandidate: ‘[01m[Ktemplate<class P0, class P1, class P2, class P3> message_filters::Connection message_filters::Signal9<M0, M1, M2, M3, M4, M5, M6, M7, M8>::addCallback(void (*)(P0, P1, P2, P3)) [with P0 = P0; P1 = P1; P2 = P2; P3 = P3; M0 = sensor_msgs::msg::Imu_<std::allocator<void> >; M1 = lgsvl_msgs::msg::VehicleOdometry_<std::allocator<void> >; M2 = lgsvl_msgs::msg::CanBusData_<std::allocator<void> >; M3 = nav_msgs::msg::Odometry_<std::allocator<void> >; M4 = sensor_msgs::msg::NavSatFix_<std::allocator<void> >; M5 = message_filters::NullType; M6 = message_filters::NullType; M7 = message_filters::NullType; M8 = message_filters::NullType][m[K’
[1.970s]   192 |   Connection [01;36m[KaddCallback[m[K(void(*callback)(P0, P1, P2, P3))
[1.971s]       |              [01;36m[K^~~~~~~~~~~[m[K
[1.971s] [01m[K/opt/ros/foxy/include/message_filters/signal9.h:192:14:[m[K [01;36m[Knote: [m[K  template argument deduction/substitution failed:
[1.971s] In file included from [01m[K/opt/ros/foxy/include/message_filters/synchronizer.h:47[m[K,
[1.971s]                  from [01m[K/home/cl4y3r/VDS/chassis_controller/include/chassis_controller/chassis_controller.hpp:7[m[K,
[1.971s]                  from [01m[K/home/cl4y3r/VDS/chassis_controller/src/chassis_controller.cpp:1[m[K:
[1.971s] [01m[K/opt/ros/foxy/include/message_filters/signal9.h:280:267:[m[K [01;31m[Kerror: [m[Kwrong number of template arguments (9, should be 4)
[1.971s]   280 | aceholders::_7, std::placeholders::_8, std::placeholders::_9)[01;31m[K)[m[K;
[1.971s]       |                                                              [01;31m[K^[m[K
[1.971s] 
[1.971s] In file included from [01m[K/opt/ros/foxy/include/message_filters/synchronizer.h:47[m[K,
[1.971s]                  from [01m[K/home/cl4y3r/VDS/chassis_controller/include/chassis_controller/chassis_controller.hpp:7[m[K,
[1.971s]                  from [01m[K/home/cl4y3r/VDS/chassis_controller/src/chassis_controller.cpp:1[m[K:
[1.971s] [01m[K/opt/ros/foxy/include/message_filters/signal9.h:198:14:[m[K [01;36m[Knote: [m[Kcandidate: ‘[01m[Ktemplate<class P0, class P1, class P2, class P3, class P4> message_filters::Connection message_filters::Signal9<M0, M1, M2, M3, M4, M5, M6, M7, M8>::addCallback(void (*)(P0, P1, P2, P3, P4)) [with P0 = P0; P1 = P1; P2 = P2; P3 = P3; P4 = P4; M0 = sensor_msgs::msg::Imu_<std::allocator<void> >; M1 = lgsvl_msgs::msg::VehicleOdometry_<std::allocator<void> >; M2 = lgsvl_msgs::msg::CanBusData_<std::allocator<void> >; M3 = nav_msgs::msg::Odometry_<std::allocator<void> >; M4 = sensor_msgs::msg::NavSatFix_<std::allocator<void> >; M5 = message_filters::NullType; M6 = message_filters::NullType; M7 = message_filters::NullType; M8 = message_filters::NullType][m[K’
[1.971s]   198 |   Connection [01;36m[KaddCallback[m[K(void(*callback)(P0, P1, P2, P3, P4))
[1.971s]       |              [01;36m[K^~~~~~~~~~~[m[K
[1.971s] [01m[K/opt/ros/foxy/include/message_filters/signal9.h:198:14:[m[K [01;36m[Knote: [m[K  template argument deduction/substitution failed:
[1.972s] In file included from [01m[K/opt/ros/foxy/include/message_filters/synchronizer.h:47[m[K,
[1.972s]                  from [01m[K/home/cl4y3r/VDS/chassis_controller/include/chassis_controller/chassis_controller.hpp:7[m[K,
[1.972s]                  from [01m[K/home/cl4y3r/VDS/chassis_controller/src/chassis_controller.cpp:1[m[K:
[1.972s] [01m[K/opt/ros/foxy/include/message_filters/signal9.h:280:267:[m[K [01;31m[Kerror: [m[Kwrong number of template arguments (9, should be 5)
[1.972s]   280 | aceholders::_7, std::placeholders::_8, std::placeholders::_9)[01;31m[K)[m[K;
[1.972s]       |                                                              [01;31m[K^[m[K
[1.972s] 
[1.972s] In file included from [01m[K/opt/ros/foxy/include/message_filters/synchronizer.h:47[m[K,
[1.972s]                  from [01m[K/home/cl4y3r/VDS/chassis_controller/include/chassis_controller/chassis_controller.hpp:7[m[K,
[1.972s]                  from [01m[K/home/cl4y3r/VDS/chassis_controller/src/chassis_controller.cpp:1[m[K:
[1.972s] [01m[K/opt/ros/foxy/include/message_filters/signal9.h:204:14:[m[K [01;36m[Knote: [m[Kcandidate: ‘[01m[Ktemplate<class P0, class P1, class P2, class P3, class P4, class P5> message_filters::Connection message_filters::Signal9<M0, M1, M2, M3, M4, M5, M6, M7, M8>::addCallback(void (*)(P0, P1, P2, P3, P4, P5)) [with P0 = P0; P1 = P1; P2 = P2; P3 = P3; P4 = P4; P5 = P5; M0 = sensor_msgs::msg::Imu_<std::allocator<void> >; M1 = lgsvl_msgs::msg::VehicleOdometry_<std::allocator<void> >; M2 = lgsvl_msgs::msg::CanBusData_<std::allocator<void> >; M3 = nav_msgs::msg::Odometry_<std::allocator<void> >; M4 = sensor_msgs::msg::NavSatFix_<std::allocator<void> >; M5 = message_filters::NullType; M6 = message_filters::NullType; M7 = message_filters::NullType; M8 = message_filters::NullType][m[K’
[1.972s]   204 |   Connection [01;36m[KaddCallback[m[K(void(*callback)(P0, P1, P2, P3, P4, P5))
[1.972s]       |              [01;36m[K^~~~~~~~~~~[m[K
[1.972s] [01m[K/opt/ros/foxy/include/message_filters/signal9.h:204:14:[m[K [01;36m[Knote: [m[K  template argument deduction/substitution failed:
[1.972s] In file included from [01m[K/opt/ros/foxy/include/message_filters/synchronizer.h:47[m[K,
[1.972s]                  from [01m[K/home/cl4y3r/VDS/chassis_controller/include/chassis_controller/chassis_controller.hpp:7[m[K,
[1.972s]                  from [01m[K/home/cl4y3r/VDS/chassis_controller/src/chassis_controller.cpp:1[m[K:
[1.973s] [01m[K/opt/ros/foxy/include/message_filters/signal9.h:280:267:[m[K [01;31m[Kerror: [m[Kwrong number of template arguments (9, should be 6)
[1.973s]   280 | aceholders::_7, std::placeholders::_8, std::placeholders::_9)[01;31m[K)[m[K;
[1.973s]       |                                                              [01;31m[K^[m[K
[1.973s] 
[1.973s] In file included from [01m[K/opt/ros/foxy/include/message_filters/synchronizer.h:47[m[K,
[1.973s]                  from [01m[K/home/cl4y3r/VDS/chassis_controller/include/chassis_controller/chassis_controller.hpp:7[m[K,
[1.973s]                  from [01m[K/home/cl4y3r/VDS/chassis_controller/src/chassis_controller.cpp:1[m[K:
[1.973s] [01m[K/opt/ros/foxy/include/message_filters/signal9.h:210:14:[m[K [01;36m[Knote: [m[Kcandidate: ‘[01m[Ktemplate<class P0, class P1, class P2, class P3, class P4, class P5, class P6> message_filters::Connection message_filters::Signal9<M0, M1, M2, M3, M4, M5, M6, M7, M8>::addCallback(void (*)(P0, P1, P2, P3, P4, P5, P6)) [with P0 = P0; P1 = P1; P2 = P2; P3 = P3; P4 = P4; P5 = P5; P6 = P6; M0 = sensor_msgs::msg::Imu_<std::allocator<void> >; M1 = lgsvl_msgs::msg::VehicleOdometry_<std::allocator<void> >; M2 = lgsvl_msgs::msg::CanBusData_<std::allocator<void> >; M3 = nav_msgs::msg::Odometry_<std::allocator<void> >; M4 = sensor_msgs::msg::NavSatFix_<std::allocator<void> >; M5 = message_filters::NullType; M6 = message_filters::NullType; M7 = message_filters::NullType; M8 = message_filters::NullType][m[K’
[1.973s]   210 |   Connection [01;36m[KaddCallback[m[K(void(*callback)(P0, P1, P2, P3, P4, P5, P6))
[1.973s]       |              [01;36m[K^~~~~~~~~~~[m[K
[1.973s] [01m[K/opt/ros/foxy/include/message_filters/signal9.h:210:14:[m[K [01;36m[Knote: [m[K  template argument deduction/substitution failed:
[1.973s] In file included from [01m[K/opt/ros/foxy/include/message_filters/synchronizer.h:47[m[K,
[1.973s]                  from [01m[K/home/cl4y3r/VDS/chassis_controller/include/chassis_controller/chassis_controller.hpp:7[m[K,
[1.973s]                  from [01m[K/home/cl4y3r/VDS/chassis_controller/src/chassis_controller.cpp:1[m[K:
[1.973s] [01m[K/opt/ros/foxy/include/message_filters/signal9.h:280:267:[m[K [01;31m[Kerror: [m[Kwrong number of template arguments (9, should be 7)
[1.973s]   280 | aceholders::_7, std::placeholders::_8, std::placeholders::_9)[01;31m[K)[m[K;
[1.973s]       |                                                              [01;31m[K^[m[K
[1.974s] 
[1.974s] [01m[K/opt/ros/foxy/include/message_filters/signal9.h:216:14:[m[K [01;36m[Knote: [m[Kcandidate: ‘[01m[Ktemplate<class P0, class P1, class P2, class P3, class P4, class P5, class P6, class P7> message_filters::Connection message_filters::Signal9<M0, M1, M2, M3, M4, M5, M6, M7, M8>::addCallback(void (*)(P0, P1, P2, P3, P4, P5, P6, P7)) [with P0 = P0; P1 = P1; P2 = P2; P3 = P3; P4 = P4; P5 = P5; P6 = P6; P7 = P7; M0 = sensor_msgs::msg::Imu_<std::allocator<void> >; M1 = lgsvl_msgs::msg::VehicleOdometry_<std::allocator<void> >; M2 = lgsvl_msgs::msg::CanBusData_<std::allocator<void> >; M3 = nav_msgs::msg::Odometry_<std::allocator<void> >; M4 = sensor_msgs::msg::NavSatFix_<std::allocator<void> >; M5 = message_filters::NullType; M6 = message_filters::NullType; M7 = message_filters::NullType; M8 = message_filters::NullType][m[K’
[1.974s]   216 |   Connection [01;36m[KaddCallback[m[K(void(*callback)(P0, P1, P2, P3, P4, P5, P6, P7))
[1.974s]       |              [01;36m[K^~~~~~~~~~~[m[K
[1.974s] [01m[K/opt/ros/foxy/include/message_filters/signal9.h:216:14:[m[K [01;36m[Knote: [m[K  template argument deduction/substitution failed:
[1.974s] [01m[K/opt/ros/foxy/include/message_filters/signal9.h:280:267:[m[K [01;31m[Kerror: [m[Kwrong number of template arguments (9, should be 8)
[1.974s]   280 | aceholders::_7, std::placeholders::_8, std::placeholders::_9)[01;31m[K)[m[K;
[1.974s]       |                                                              [01;31m[K^[m[K
[1.974s] 
[1.974s] [01m[K/opt/ros/foxy/include/message_filters/signal9.h:222:14:[m[K [01;36m[Knote: [m[Kcandidate: ‘[01m[Kmessage_filters::Connection message_filters::Signal9<M0, M1, M2, M3, M4, M5, M6, M7, M8>::addCallback(void (*)(P0, P1, P2, P3, P4, P5, P6, P7, P8)) [with P0 = const std::shared_ptr<const sensor_msgs::msg::Imu_<std::allocator<void> > >&; P1 = const std::shared_ptr<const lgsvl_msgs::msg::VehicleOdometry_<std::allocator<void> > >&; P2 = const std::shared_ptr<const lgsvl_msgs::msg::CanBusData_<std::allocator<void> > >&; P3 = const std::shared_ptr<const nav_msgs::msg::Odometry_<std::allocator<void> > >&; P4 = const std::shared_ptr<const sensor_msgs::msg::NavSatFix_<std::allocator<void> > >&; P5 = const std::shared_ptr<const message_filters::NullType>&; P6 = const std::shared_ptr<const message_filters::NullType>&; P7 = const std::shared_ptr<const message_filters::NullType>&; P8 = const std::shared_ptr<const message_filters::NullType>&; M0 = sensor_msgs::msg::Imu_<std::allocator<void> >; M1 = lgsvl_msgs::msg::VehicleOdometry_<std::allocator<void> >; M2 = lgsvl_msgs::msg::CanBusData_<std::allocator<void> >; M3 = nav_msgs::msg::Odometry_<std::allocator<void> >; M4 = sensor_msgs::msg::NavSatFix_<std::allocator<void> >; M5 = message_filters::NullType; M6 = message_filters::NullType; M7 = message_filters::NullType; M8 = message_filters::NullType][m[K’
[1.974s]   222 |   Connection [01;36m[KaddCallback[m[K(void(*callback)(P0, P1, P2, P3, P4, P5, P6, P7, P8))
[1.974s]       |              [01;36m[K^~~~~~~~~~~[m[K
[1.974s] [01m[K/opt/ros/foxy/include/message_filters/signal9.h:222:32:[m[K [01;36m[Knote: [m[K  no known conversion for argument 1 from ‘[01m[Kstd::_Bind_helper<false, const boost::_bi::bind_t<boost::_bi::unspecified, void (ChassisController::*)(const std::shared_ptr<const sensor_msgs::msg::Imu_<std::allocator<void> > >&, const std::shared_ptr<const lgsvl_msgs::msg::VehicleOdometry_<std::allocator<void> > >&, const std::shared_ptr<const lgsvl_msgs::msg::CanBusData_<std::allocator<void> > >&, const std::shared_ptr<const nav_msgs::msg::Odometry_<std::allocator<void> > >&), boost::_bi::list6<boost::_bi::value<ChassisController*>, boost::arg<1>, boost::arg<2>, boost::arg<3>, boost::arg<4>, boost::arg<5> > >&, const std::_Placeholder<1>&, const std::_Placeholder<2>&, const std::_Placeholder<3>&, const std::_Placeholder<4>&, const std::_Placeholder<5>&, const std::_Placeholder<6>&, const std::_Placeholder<7>&, const std::_Placeholder<8>&, const std::_Placeholder<9>&>::type[m[K’ {aka ‘[01m[Kstd::_Bind<boost::_bi::bind_t<boost::_bi::unspecified, void (ChassisController::*)(const std::shared_ptr<const sensor_msgs::msg::Imu_<std::allocator<void> > >&, const std::shared_ptr<const lgsvl_msgs::msg::VehicleOdometry_<std::allocator<void> > >&, const std::shared_ptr<const lgsvl_msgs::msg::CanBusData_<std::allocator<void> > >&, const std::shared_ptr<const nav_msgs::msg::Odometry_<std::allocator<void> > >&), boost::_bi::list6<boost::_bi::value<ChassisController*>, boost::arg<1>, boost::arg<2>, boost::arg<3>, boost::arg<4>, boost::arg<5> > >(std::_Placeholder<1>, std::_Placeholder<2>, std::_Placeholder<3>, std::_Placeholder<4>, std::_Placeholder<5>, std::_Placeholder<6>, std::_Placeholder<7>, std::_Placeholder<8>, std::_Placeholder<9>)>[m[K’} to ‘[01m[Kvoid (*)(const std::shared_ptr<const sensor_msgs::msg::Imu_<std::allocator<void> > >&, const std::shared_ptr<const lgsvl_msgs::msg::VehicleOdometry_<std::allocator<void> > >&, const std::shared_ptr<const lgsvl_msgs::msg::CanBusData_<std::allocator<void> > >&, const std::shared_ptr<const nav_msgs::msg::Odometry_<std::allocator<void> > >&, const std::shared_ptr<const sensor_msgs::msg::NavSatFix_<std::allocator<void> > >&, const std::shared_ptr<const message_filters::NullType>&, const std::shared_ptr<const message_filters::NullType>&, const std::shared_ptr<const message_filters::NullType>&, const std::shared_ptr<const message_filters::NullType>&)[m[K’
[1.974s]   222 |   Connection addCallback([01;36m[Kvoid(*callback)(P0, P1, P2, P3, P4, P5, P6, P7, P8)[m[K)
[1.974s]       |                          [01;36m[K~~~~~~^~~~~~~~~~~~~~~~~~~~~~~~~~~~~~~~~~~~~~~~~~~~~[m[K
[1.974s] [01m[K/opt/ros/foxy/include/message_filters/signal9.h:228:14:[m[K [01;36m[Knote: [m[Kcandidate: ‘[01m[Ktemplate<class T, class P0, class P1> message_filters::Connection message_filters::Signal9<M0, M1, M2, M3, M4, M5, M6, M7, M8>::addCallback(void (T::*)(P0, P1), T*) [with T = T; P0 = P0; P1 = P1; M0 = sensor_msgs::msg::Imu_<std::allocator<void> >; M1 = lgsvl_msgs::msg::VehicleOdometry_<std::allocator<void> >; M2 = lgsvl_msgs::msg::CanBusData_<std::allocator<void> >; M3 = nav_msgs::msg::Odometry_<std::allocator<void> >; M4 = sensor_msgs::msg::NavSatFix_<std::allocator<void> >; M5 = message_filters::NullType; M6 = message_filters::NullType; M7 = message_filters::NullType; M8 = message_filters::NullType][m[K’
[1.975s]   228 |   Connection [01;36m[KaddCallback[m[K(void(T::*callback)(P0, P1), T* t)
[1.975s]       |              [01;36m[K^~~~~~~~~~~[m[K
[1.975s] [01m[K/opt/ros/foxy/include/message_filters/signal9.h:228:14:[m[K [01;36m[Knote: [m[K  template argument deduction/substitution failed:
[1.975s] [01m[K/opt/ros/foxy/include/message_filters/signal9.h:280:267:[m[K [01;31m[Kerror: [m[Kwrong number of template arguments (9, should be 3)
[1.975s]   280 | aceholders::_7, std::placeholders::_8, std::placeholders::_9)[01;31m[K)[m[K;
[1.975s]       |                                                              [01;31m[K^[m[K
[1.975s] 
[1.975s] [01m[K/opt/ros/foxy/include/message_filters/signal9.h:234:14:[m[K [01;36m[Knote: [m[Kcandidate: ‘[01m[Ktemplate<class T, class P0, class P1, class P2> message_filters::Connection message_filters::Signal9<M0, M1, M2, M3, M4, M5, M6, M7, M8>::addCallback(void (T::*)(P0, P1, P2), T*) [with T = T; P0 = P0; P1 = P1; P2 = P2; M0 = sensor_msgs::msg::Imu_<std::allocator<void> >; M1 = lgsvl_msgs::msg::VehicleOdometry_<std::allocator<void> >; M2 = lgsvl_msgs::msg::CanBusData_<std::allocator<void> >; M3 = nav_msgs::msg::Odometry_<std::allocator<void> >; M4 = sensor_msgs::msg::NavSatFix_<std::allocator<void> >; M5 = message_filters::NullType; M6 = message_filters::NullType; M7 = message_filters::NullType; M8 = message_filters::NullType][m[K’
[1.975s]   234 |   Connection [01;36m[KaddCallback[m[K(void(T::*callback)(P0, P1, P2), T* t)
[1.975s]       |              [01;36m[K^~~~~~~~~~~[m[K
[1.975s] [01m[K/opt/ros/foxy/include/message_filters/signal9.h:234:14:[m[K [01;36m[Knote: [m[K  template argument deduction/substitution failed:
[1.975s] [01m[K/opt/ros/foxy/include/message_filters/signal9.h:280:267:[m[K [01;31m[Kerror: [m[Kwrong number of template arguments (9, should be 4)
[1.975s]   280 | aceholders::_7, std::placeholders::_8, std::placeholders::_9)[01;31m[K)[m[K;
[1.975s]       |                                                              [01;31m[K^[m[K
[1.975s] 
[1.975s] [01m[K/opt/ros/foxy/include/message_filters/signal9.h:240:14:[m[K [01;36m[Knote: [m[Kcandidate: ‘[01m[Ktemplate<class T, class P0, class P1, class P2, class P3> message_filters::Connection message_filters::Signal9<M0, M1, M2, M3, M4, M5, M6, M7, M8>::addCallback(void (T::*)(P0, P1, P2, P3), T*) [with T = T; P0 = P0; P1 = P1; P2 = P2; P3 = P3; M0 = sensor_msgs::msg::Imu_<std::allocator<void> >; M1 = lgsvl_msgs::msg::VehicleOdometry_<std::allocator<void> >; M2 = lgsvl_msgs::msg::CanBusData_<std::allocator<void> >; M3 = nav_msgs::msg::Odometry_<std::allocator<void> >; M4 = sensor_msgs::msg::NavSatFix_<std::allocator<void> >; M5 = message_filters::NullType; M6 = message_filters::NullType; M7 = message_filters::NullType; M8 = message_filters::NullType][m[K’
[1.975s]   240 |   Connection [01;36m[KaddCallback[m[K(void(T::*callback)(P0, P1, P2, P3), T* t)
[1.976s]       |              [01;36m[K^~~~~~~~~~~[m[K
[1.976s] [01m[K/opt/ros/foxy/include/message_filters/signal9.h:240:14:[m[K [01;36m[Knote: [m[K  template argument deduction/substitution failed:
[1.976s] [01m[K/opt/ros/foxy/include/message_filters/signal9.h:280:267:[m[K [01;31m[Kerror: [m[Kwrong number of template arguments (9, should be 5)
[1.976s]   280 | aceholders::_7, std::placeholders::_8, std::placeholders::_9)[01;31m[K)[m[K;
[1.976s]       |                                                              [01;31m[K^[m[K
[1.976s] 
[1.976s] [01m[K/opt/ros/foxy/include/message_filters/signal9.h:246:14:[m[K [01;36m[Knote: [m[Kcandidate: ‘[01m[Ktemplate<class T, class P0, class P1, class P2, class P3, class P4> message_filters::Connection message_filters::Signal9<M0, M1, M2, M3, M4, M5, M6, M7, M8>::addCallback(void (T::*)(P0, P1, P2, P3, P4), T*) [with T = T; P0 = P0; P1 = P1; P2 = P2; P3 = P3; P4 = P4; M0 = sensor_msgs::msg::Imu_<std::allocator<void> >; M1 = lgsvl_msgs::msg::VehicleOdometry_<std::allocator<void> >; M2 = lgsvl_msgs::msg::CanBusData_<std::allocator<void> >; M3 = nav_msgs::msg::Odometry_<std::allocator<void> >; M4 = sensor_msgs::msg::NavSatFix_<std::allocator<void> >; M5 = message_filters::NullType; M6 = message_filters::NullType; M7 = message_filters::NullType; M8 = message_filters::NullType][m[K’
[1.976s]   246 |   Connection [01;36m[KaddCallback[m[K(void(T::*callback)(P0, P1, P2, P3, P4), T* t)
[1.976s]       |              [01;36m[K^~~~~~~~~~~[m[K
[1.976s] [01m[K/opt/ros/foxy/include/message_filters/signal9.h:246:14:[m[K [01;36m[Knote: [m[K  template argument deduction/substitution failed:
[1.976s] [01m[K/opt/ros/foxy/include/message_filters/signal9.h:280:267:[m[K [01;31m[Kerror: [m[Kwrong number of template arguments (9, should be 6)
[1.976s]   280 | aceholders::_7, std::placeholders::_8, std::placeholders::_9)[01;31m[K)[m[K;
[1.976s]       |                                                              [01;31m[K^[m[K
[1.976s] 
[1.976s] [01m[K/opt/ros/foxy/include/message_filters/signal9.h:252:14:[m[K [01;36m[Knote: [m[Kcandidate: ‘[01m[Ktemplate<class T, class P0, class P1, class P2, class P3, class P4, class P5> message_filters::Connection message_filters::Signal9<M0, M1, M2, M3, M4, M5, M6, M7, M8>::addCallback(void (T::*)(P0, P1, P2, P3, P4, P5), T*) [with T = T; P0 = P0; P1 = P1; P2 = P2; P3 = P3; P4 = P4; P5 = P5; M0 = sensor_msgs::msg::Imu_<std::allocator<void> >; M1 = lgsvl_msgs::msg::VehicleOdometry_<std::allocator<void> >; M2 = lgsvl_msgs::msg::CanBusData_<std::allocator<void> >; M3 = nav_msgs::msg::Odometry_<std::allocator<void> >; M4 = sensor_msgs::msg::NavSatFix_<std::allocator<void> >; M5 = message_filters::NullType; M6 = message_filters::NullType; M7 = message_filters::NullType; M8 = message_filters::NullType][m[K’
[1.976s]   252 |   Connection [01;36m[KaddCallback[m[K(void(T::*callback)(P0, P1, P2, P3, P4, P5), T* t)
[1.976s]       |              [01;36m[K^~~~~~~~~~~[m[K
[1.977s] [01m[K/opt/ros/foxy/include/message_filters/signal9.h:252:14:[m[K [01;36m[Knote: [m[K  template argument deduction/substitution failed:
[1.977s] [01m[K/opt/ros/foxy/include/message_filters/signal9.h:280:267:[m[K [01;31m[Kerror: [m[Kwrong number of template arguments (9, should be 7)
[1.977s]   280 | aceholders::_7, std::placeholders::_8, std::placeholders::_9)[01;31m[K)[m[K;
[1.977s]       |                                                              [01;31m[K^[m[K
[1.977s] 
[1.977s] [01m[K/opt/ros/foxy/include/message_filters/signal9.h:258:14:[m[K [01;36m[Knote: [m[Kcandidate: ‘[01m[Ktemplate<class T, class P0, class P1, class P2, class P3, class P4, class P5, class P6> message_filters::Connection message_filters::Signal9<M0, M1, M2, M3, M4, M5, M6, M7, M8>::addCallback(void (T::*)(P0, P1, P2, P3, P4, P5, P6), T*) [with T = T; P0 = P0; P1 = P1; P2 = P2; P3 = P3; P4 = P4; P5 = P5; P6 = P6; M0 = sensor_msgs::msg::Imu_<std::allocator<void> >; M1 = lgsvl_msgs::msg::VehicleOdometry_<std::allocator<void> >; M2 = lgsvl_msgs::msg::CanBusData_<std::allocator<void> >; M3 = nav_msgs::msg::Odometry_<std::allocator<void> >; M4 = sensor_msgs::msg::NavSatFix_<std::allocator<void> >; M5 = message_filters::NullType; M6 = message_filters::NullType; M7 = message_filters::NullType; M8 = message_filters::NullType][m[K’
[1.977s]   258 |   Connection [01;36m[KaddCallback[m[K(void(T::*callback)(P0, P1, P2, P3, P4, P5, P6), T* t)
[1.977s]       |              [01;36m[K^~~~~~~~~~~[m[K
[1.977s] [01m[K/opt/ros/foxy/include/message_filters/signal9.h:258:14:[m[K [01;36m[Knote: [m[K  template argument deduction/substitution failed:
[1.977s] [01m[K/opt/ros/foxy/include/message_filters/signal9.h:280:267:[m[K [01;31m[Kerror: [m[Kwrong number of template arguments (9, should be 8)
[1.977s]   280 | aceholders::_7, std::placeholders::_8, std::placeholders::_9)[01;31m[K)[m[K;
[1.977s]       |                                                              [01;31m[K^[m[K
[1.977s] 
[1.977s] [01m[K/opt/ros/foxy/include/message_filters/signal9.h:264:14:[m[K [01;36m[Knote: [m[Kcandidate: ‘[01m[Ktemplate<class T, class P0, class P1, class P2, class P3, class P4, class P5, class P6, class P7> message_filters::Connection message_filters::Signal9<M0, M1, M2, M3, M4, M5, M6, M7, M8>::addCallback(void (T::*)(P0, P1, P2, P3, P4, P5, P6, P7), T*) [with T = T; P0 = P0; P1 = P1; P2 = P2; P3 = P3; P4 = P4; P5 = P5; P6 = P6; P7 = P7; M0 = sensor_msgs::msg::Imu_<std::allocator<void> >; M1 = lgsvl_msgs::msg::VehicleOdometry_<std::allocator<void> >; M2 = lgsvl_msgs::msg::CanBusData_<std::allocator<void> >; M3 = nav_msgs::msg::Odometry_<std::allocator<void> >; M4 = sensor_msgs::msg::NavSatFix_<std::allocator<void> >; M5 = message_filters::NullType; M6 = message_filters::NullType; M7 = message_filters::NullType; M8 = message_filters::NullType][m[K’
[1.977s]   264 |   Connection [01;36m[KaddCallback[m[K(void(T::*callback)(P0, P1, P2, P3, P4, P5, P6, P7), T* t)
[1.978s]       |              [01;36m[K^~~~~~~~~~~[m[K
[1.978s] [01m[K/opt/ros/foxy/include/message_filters/signal9.h:264:14:[m[K [01;36m[Knote: [m[K  template argument deduction/substitution failed:
[1.978s] /opt/ros/foxy/include/message_filters/signal9.h: In substitution of ‘[01m[Ktemplate<class T, class P0, class P1, class P2, class P3, class P4, class P5, class P6, class P7> message_filters::Connection message_filters::Signal9<sensor_msgs::msg::Imu_<std::allocator<void> >, lgsvl_msgs::msg::VehicleOdometry_<std::allocator<void> >, lgsvl_msgs::msg::CanBusData_<std::allocator<void> >, nav_msgs::msg::Odometry_<std::allocator<void> >, sensor_msgs::msg::NavSatFix_<std::allocator<void> >, message_filters::NullType, message_filters::NullType, message_filters::NullType, message_filters::NullType>::addCallback<T, P0, P1, P2, P3, P4, P5, P6, P7>(void (T::*)(P0, P1, P2, P3, P4, P5, P6, P7), T*) [with T = const std::shared_ptr<const sensor_msgs::msg::Imu_<std::allocator<void> > >&; P0 = const std::shared_ptr<const lgsvl_msgs::msg::VehicleOdometry_<std::allocator<void> > >&; P1 = const std::shared_ptr<const lgsvl_msgs::msg::CanBusData_<std::allocator<void> > >&; P2 = const std::shared_ptr<const nav_msgs::msg::Odometry_<std::allocator<void> > >&; P3 = const std::shared_ptr<const sensor_msgs::msg::NavSatFix_<std::allocator<void> > >&; P4 = const std::shared_ptr<const message_filters::NullType>&; P5 = const std::shared_ptr<const message_filters::NullType>&; P6 = const std::shared_ptr<const message_filters::NullType>&; P7 = const std::shared_ptr<const message_filters::NullType>&][m[K’:
[1.978s] [01m[K/opt/ros/foxy/include/message_filters/signal9.h:280:267:[m[K   required from ‘[01m[Kmessage_filters::Connection message_filters::Signal9<M0, M1, M2, M3, M4, M5, M6, M7, M8>::addCallback(C&) [with C = const boost::_bi::bind_t<boost::_bi::unspecified, void (ChassisController::*)(const std::shared_ptr<const sensor_msgs::msg::Imu_<std::allocator<void> > >&, const std::shared_ptr<const lgsvl_msgs::msg::VehicleOdometry_<std::allocator<void> > >&, const std::shared_ptr<const lgsvl_msgs::msg::CanBusData_<std::allocator<void> > >&, const std::shared_ptr<const nav_msgs::msg::Odometry_<std::allocator<void> > >&), boost::_bi::list6<boost::_bi::value<ChassisController*>, boost::arg<1>, boost::arg<2>, boost::arg<3>, boost::arg<4>, boost::arg<5> > >; M0 = sensor_msgs::msg::Imu_<std::allocator<void> >; M1 = lgsvl_msgs::msg::VehicleOdometry_<std::allocator<void> >; M2 = lgsvl_msgs::msg::CanBusData_<std::allocator<void> >; M3 = nav_msgs::msg::Odometry_<std::allocator<void> >; M4 = sensor_msgs::msg::NavSatFix_<std::allocator<void> >; M5 = message_filters::NullType; M6 = message_filters::NullType; M7 = message_filters::NullType; M8 = message_filters::NullType][m[K’
[1.978s] [01m[K/opt/ros/foxy/include/message_filters/synchronizer.h:298:40:[m[K   required from ‘[01m[Kmessage_filters::Connection message_filters::Synchronizer<Policy>::registerCallback(const C&) [with C = boost::_bi::bind_t<boost::_bi::unspecified, void (ChassisController::*)(const std::shared_ptr<const sensor_msgs::msg::Imu_<std::allocator<void> > >&, const std::shared_ptr<const lgsvl_msgs::msg::VehicleOdometry_<std::allocator<void> > >&, const std::shared_ptr<const lgsvl_msgs::msg::CanBusData_<std::allocator<void> > >&, const std::shared_ptr<const nav_msgs::msg::Odometry_<std::allocator<void> > >&), boost::_bi::list6<boost::_bi::value<ChassisController*>, boost::arg<1>, boost::arg<2>, boost::arg<3>, boost::arg<4>, boost::arg<5> > >; Policy = message_filters::sync_policies::ApproximateTime<sensor_msgs::msg::Imu_<std::allocator<void> >, lgsvl_msgs::msg::VehicleOdometry_<std::allocator<void> >, lgsvl_msgs::msg::CanBusData_<std::allocator<void> >, nav_msgs::msg::Odometry_<std::allocator<void> >, sensor_msgs::msg::NavSatFix_<std::allocator<void> > >][m[K’
[1.978s] [01m[K/home/cl4y3r/VDS/chassis_controller/src/chassis_controller.cpp:15:103:[m[K   required from here
[1.978s] [01m[K/opt/ros/foxy/include/message_filters/signal9.h:264:14:[m[K [01;31m[Kerror: [m[Kforming pointer to reference type ‘[01m[Kconst std::shared_ptr<const sensor_msgs::msg::Imu_<std::allocator<void> > >&[m[K’
[1.978s] /opt/ros/foxy/include/message_filters/signal9.h: In instantiation of ‘[01m[Kmessage_filters::Connection message_filters::Signal9<M0, M1, M2, M3, M4, M5, M6, M7, M8>::addCallback(C&) [with C = const boost::_bi::bind_t<boost::_bi::unspecified, void (ChassisController::*)(const std::shared_ptr<const sensor_msgs::msg::Imu_<std::allocator<void> > >&, const std::shared_ptr<const lgsvl_msgs::msg::VehicleOdometry_<std::allocator<void> > >&, const std::shared_ptr<const lgsvl_msgs::msg::CanBusData_<std::allocator<void> > >&, const std::shared_ptr<const nav_msgs::msg::Odometry_<std::allocator<void> > >&), boost::_bi::list6<boost::_bi::value<ChassisController*>, boost::arg<1>, boost::arg<2>, boost::arg<3>, boost::arg<4>, boost::arg<5> > >; M0 = sensor_msgs::msg::Imu_<std::allocator<void> >; M1 = lgsvl_msgs::msg::VehicleOdometry_<std::allocator<void> >; M2 = lgsvl_msgs::msg::CanBusData_<std::allocator<void> >; M3 = nav_msgs::msg::Odometry_<std::allocator<void> >; M4 = sensor_msgs::msg::NavSatFix_<std::allocator<void> >; M5 = message_filters::NullType; M6 = message_filters::NullType; M7 = message_filters::NullType; M8 = message_filters::NullType][m[K’:
[1.978s] [01m[K/opt/ros/foxy/include/message_filters/synchronizer.h:298:40:[m[K   required from ‘[01m[Kmessage_filters::Connection message_filters::Synchronizer<Policy>::registerCallback(const C&) [with C = boost::_bi::bind_t<boost::_bi::unspecified, void (ChassisController::*)(const std::shared_ptr<const sensor_msgs::msg::Imu_<std::allocator<void> > >&, const std::shared_ptr<const lgsvl_msgs::msg::VehicleOdometry_<std::allocator<void> > >&, const std::shared_ptr<const lgsvl_msgs::msg::CanBusData_<std::allocator<void> > >&, const std::shared_ptr<const nav_msgs::msg::Odometry_<std::allocator<void> > >&), boost::_bi::list6<boost::_bi::value<ChassisController*>, boost::arg<1>, boost::arg<2>, boost::arg<3>, boost::arg<4>, boost::arg<5> > >; Policy = message_filters::sync_policies::ApproximateTime<sensor_msgs::msg::Imu_<std::allocator<void> >, lgsvl_msgs::msg::VehicleOdometry_<std::allocator<void> >, lgsvl_msgs::msg::CanBusData_<std::allocator<void> >, nav_msgs::msg::Odometry_<std::allocator<void> >, sensor_msgs::msg::NavSatFix_<std::allocator<void> > >][m[K’
[1.978s] [01m[K/home/cl4y3r/VDS/chassis_controller/src/chassis_controller.cpp:15:103:[m[K   required from here
[1.978s] [01m[K/opt/ros/foxy/include/message_filters/signal9.h:270:14:[m[K [01;36m[Knote: [m[Kcandidate: ‘[01m[Ktemplate<class C> message_filters::Connection message_filters::Signal9<M0, M1, M2, M3, M4, M5, M6, M7, M8>::addCallback(C&) [with C = C; M0 = sensor_msgs::msg::Imu_<std::allocator<void> >; M1 = lgsvl_msgs::msg::VehicleOdometry_<std::allocator<void> >; M2 = lgsvl_msgs::msg::CanBusData_<std::allocator<void> >; M3 = nav_msgs::msg::Odometry_<std::allocator<void> >; M4 = sensor_msgs::msg::NavSatFix_<std::allocator<void> >; M5 = message_filters::NullType; M6 = message_filters::NullType; M7 = message_filters::NullType; M8 = message_filters::NullType][m[K’
[1.978s]   270 |   Connection [01;36m[KaddCallback[m[K( C& callback)
[1.978s]       |              [01;36m[K^~~~~~~~~~~[m[K
[1.978s] [01m[K/opt/ros/foxy/include/message_filters/signal9.h:270:14:[m[K [01;36m[Knote: [m[K  template argument deduction/substitution failed:
[1.978s] [01m[K/opt/ros/foxy/include/message_filters/signal9.h:280:267:[m[K [01;31m[Kerror: [m[Kwrong number of template arguments (9, should be 1)
[1.978s]   280 | aceholders::_7, std::placeholders::_8, std::placeholders::_9)[01;31m[K)[m[K;
[1.979s]       |                                                              [01;31m[K^[m[K
[1.979s] 
[6.575s] make[2]: *** [CMakeFiles/chassis_controller.dir/build.make:63: CMakeFiles/chassis_controller.dir/src/chassis_controller.cpp.o] Error 1
[6.575s] make[1]: *** [CMakeFiles/Makefile2:78: CMakeFiles/chassis_controller.dir/all] Error 2
[6.575s] make: *** [Makefile:141: all] Error 2
[6.577s] Invoked command in '/home/cl4y3r/VDS/build/chassis_controller' returned '2': CMAKE_PREFIX_PATH=${CMAKE_PREFIX_PATH}:/opt/ros/foxy /usr/bin/cmake --build /home/cl4y3r/VDS/build/chassis_controller -- -j8 -l8
